2028
1339
1588
2121
1754
1266
1172
1190
1429
1424
1111
1277
1488
1282
1171
1860
1060
602
1612
1034
1991
1463
1430
1665
520
1414
1086
1041
1610
2194
905
1204
2104
928
1234
2498
1500
1838
738
1546
1724
1616
1214
1616
1418
981
2135
676
943
1629
1893
1380
990
1371
932
1313
866
866
1984
1485
1582
410
1132
1263
1213
1472
1196
2180
1526
2016
1484
1301
1802
1669
1120
1126
1969
1433
1489
1754
1327
1337
1767
1038
1171
1673
1754
1608
935
1619
848
1318
1327
1541
1330
1618
1056
1502
1585
1222
1509
1565
1124
1169
1907
1404
1273
1601
1014
1437
2170
895
1918
925
1537
1370
1663
1442
1663
2089
1730
1564
2008
1562
1063
739
1193
3000
1599
1646
1187
1539
1083
1580
1163
1534
1681
1667
1498
1392
1999
755
1138
1218
2056
1060
1273
1139
1063
1567
1399
1200
987
1394
1649
1125
1045
1301
1640
1177
973
1295
1284
1291
1726
1484
1415
1397
1983
1623
1406
1325
1156
1384
1910
1109
1634
2007
778
1281
1576
1247
1130
1469
1457
1555
981
1949
1574
1532
1007
1758
947
1596
1200
1177
1553
1578
1752
1317
