2219190
2600908
1485473
2793647
1932353
2376881
2984767
2658358
2269878
1645505
2431960
2698396
2645615
2350743
1715305
2787523
3342872
3467564
2213285
1418063
2681418
2709110
2078591
1643821
2531176
1055518
2132638
2053478
1179161
2942127
2820914
1688941
2556029
2862673
2478388
831059
1173682
2510957
2789923
2642076
1845380
1965798
2100553
2479615
2030135
1661732
389284
1680541
2015092
1757732
2361290
2672038
2355743
2352545
2906733
1597190
2125065
2832644
2876216
2304717
2660372
2922807
1259896
2251793
1788417
2459561
2690917
2147080
2591321
2690575
2268891
2469262
1744379
1528960
2215659
1314308
2366075
2643774
1993525
2395102
1919041
1617866
2397789
1704339
2448820
2216105
2294413
2170592
1577450
2360804
77775
2659118
2777046
1219947
2643075
1259605
2580180
2948895
1505431
2045637
1239069
2733274
2428189
2701367
2236794
2943820
1321522
2069426
1872344
3388943
1422146
1377097
1666327
1367303
2678380
2505950
1648824
2747529
2686445
1741279
2175104
1775764
2730681
2038351
2736983
2306551
2260772
2059398
1841351
3022039
2597018
962053
2980322
2096406
2100782
930303
1007264
2619745
1929156
754340
1653907
2166740
1894982
2382588
2585888
2048851
1635506
2046509
2061461
3017357
2418925
3062410
1218224
2721468
1555238
1485029
1552488
1935416
2060215
2100634
1989739
2235115
2225119
2338597
3000682
2749211
1932993
1571138
2139345
2337635
2141087
2351655
2483988
2580961
1912861
2107735
2647471
1877041
2481940
2040752
1513157
2391484
2388344
2353305
2737436
1448366
2650837
2906574
1250109
1726636
2982110
3147254
2611371
2357246
1705191
2665527
2201958
1760758
2174318
1955947
3078906
2361087
1998658
1774647
2688432
1797775
2241027
1769691
2043169
2171956
2612076
2667654
1791289
3122211
1881090
2586703
882045
2599044
3151856
2619264
2751774
2522970
2367784
857490
1291888
3114004
3034629
2273043
2274511
1382562
2133451
2325222
2768634
2113173
1482401
2421375
1050075
2830387
2938078
2658226
2249608
1829097
2987801
3126225
1577094
1309226
2641068
1833362
2894734
1719752
2102574
2767629
1552926
2126720
2320299
2439665
1879990
1867297
3069200
1970255
2836917
2328722
1764577
2856063
2467203
2772582
2570168
3333952
2552387
3026813
2207257
2420210
1855936
1468388
1743666
2363723
2580377
3070315
2855760
1065231
1925092
2967212
2386332
1984601
1730514
2960383
2126704
1124588
2683216
2511923
2464957
1715168
2399356
1909748
2548201
2013802
2967609
2199408
1679758
2584023
2177912
1278820
2447533
2723639
2421972
1496672
2174808
2539307
1181658
956030
1568677
3291774
2844547
2124546
1320661
2919506
2202510
1814893
2143229
1960245
1927423
2754337
915829
506476
1341611
2371636
2888258
2293272
1685241
2542375
1617989
2757623
2585046
2099923
1491952
1517230
2456475
2800226
2635404
2817944
2667229
2417528
1070815
2148426
1534352
2709366
1637152
2203883
1906203
2329596
2808596
1648115
609376
1024713
2609690
2095265
1971383
2556380
2489183
2597523
1369152
2710443
2352666
2731209
2283766
2359726
2651756
1869406
2170900
1453528
1441965
2430416
2619562
2563362
2066915
2433348
1946172
2467921
3068256
2293440
2345765
1915102
2883359
1560781
2341433
2066723
1740099
1180318
2677905
2583760
2142498
1360225
2304135
2346032
2232456
2166762
2165328
2313410
2591351
2145593
2231494
2086226
3108251
1952631
3066586
2584428
1717209
2577746
2375998
1959850
2403237
2732200
2614325
2232935
1952773
2405545
1674185
2879287
1743605
2614201
1976057
3416190
1471516
2185405
2045950
2860351
2513916
1330198
1599433
1894997
2136275
2280215
2058426
2744030
1465649
1886519
2019884
3116631
2939165
2964007
3336406
2187815
1398004
1969650
2497741
2936662
1084781
1934820
2148583
2141751
3007694
2659975
1709534
1947397
2103310
2529003
2479665
2152205
3528071
1989398
2379019
1005781
3177732
2143301
1921618
1983387
2627337
1884418
2018630
2647838
2219753
2480039
2700757
1724205
2384959
2352489
2458845
3155581
2111317
2245196
1766795
2619025
2365772
2535684
2583293
1460276
2435738
2932566
2060164
764254
1841562
1938783
1566914
2366223
2510853
2303028
1358273
1996735
2199990
2318059
1405180
1210816
2091174
2249683
3188268
2221954
2791490
1933958
1673092
2550038
2647883
2116646
2401997
2288842
2550046
2231561
1610091
2280485
1933031
2107955
2657774
1596134
3294510
1421311
1806282
2004799
2387970
2420628
1654725
1156368
1853377
2422649
1690368
2407633
2991868
2099477
2795735
1531333
2826968
2034251
2584964
2229769
697873
2256175
2519143
2856552
2215159
1590890
1969927
3025632
1810864
2975190
2585310
2946978
1780740
1451715
2792499
3099361
1802724
1627353
2293224
2228459
1692916
2742047
3070575
1955264
1948564
1514725
2499963
1879537
2686683
1828921
1946005
1883573
1167683
2487228
2162592
2247282
790572
1285100
2215405
2317981
3363904
2348888
2254721
2821719
2748550
2498886
1910854
1658786
2408688
2782513
2406997
2293268
1891839
1059971
1826878
2963591
1714351
3125490
2102428
1504348
2994733
2501261
2839942
1205794
3004436
2133401
2601077
3154476
2885195
2564526
2590810
1626552
2472762
2508616
1714029
2140536
2331847
493525
2559395
2357509
2810042
1571644
2517585
2420960
2604363
2724930
2081628
2224546
2407929
1897126
2162794
1069289
2543608
2856542
2283394
2247176
1713620
1344294
3309552
1989918
2260471
1405929
2512699
1483100
1768178
1844893
1991504
1359765
2764469
3479733
1599585
1652969
2201046
2271887
1033186
2081585
925749
2679101
2763645
1510783
2207355
2256095
3307500
1727339
2816690
2244379
2147117
2819432
1900200
1724214
2560455
1744615
1018002
2510239
940040
2365321
1910423
1434826
1054293
2431887
1924868
2872908
2500651
2418145
2045083
2900591
2876837
2329461
1933280
2505073
2577900
2031554
2176662
2264168
3378633
3233836
1167847
2215842
1568024
2395202
2144029
1339882
1859296
2857751
2362937
1537160
1985523
1951311
1436655
2753987
2074375
1817081
1437065
1898383
1803241
1778404
1270907
2964389
2682338
2130846
2633695
2927899
2519173
1659954
2828942
1747359
3198417
2644092
1611326
2737652
2112566
2569900
2257401
2293670
2776471
2137665
1647469
950182
2213897
2228562
1838332
1927474
2411078
961015
2012559
1994667
2830463
2347892
3186993
2061277
1947660
2331830
1681539
3454725
2355739
2120997
2778236
2424285
2562586
2290766
1920640
2753361
2091063
2545958
2751776
2486590
2423487
1840228
2847420
2391660
1974623
2603893
2257747
2749556
2233172
1487834
2386414
1712940
1772918
2392383
1684769
2634102
3141239
2376706
1757056
2753014
2648484
1144250
2048215
2403218
2780040
2814699
1847018
2386099
2194716
1253766
2547809
2077095
1865808
2218376
1769285
2430439
1694866
2532311
2445272
1432518
1839962
3393141
1713361
2106232
1251126
2090867
1480312
1836299
2143450
2504249
2732646
2243075
2488368
1431656
1678935
2569447
915776
1826170
2130858
1271884
2605947
2314919
2726723
2299809
2272226
2348546
1472698
2041548
1749237
2286852
2850026
2391430
3326337
2117098
1465053
2410036
1585074
2863267
2631939
2380656
2641002
1905624
2331214
1844392
3432295
3217899
2225053
2509652
1897943
1811204
2267932
2128326
3151526
2277643
2277029
2712080
1545523
420519
2478858
2725249
2331493
2707507
1831459
2478389
1110097
2100053
1377736
3013818
2097644
2204242
1874657
2270561
2297124
2204700
2186765
1667066
870071
2055314
1897776
2551563
1616990
1981965
2108452
3068276
2483464
2643940
2940583
1352530
2653621
1773012
2538388
2734316
2772667
2232186
2584819
1740409
2980502
2290635
2192714
1183342
1553947
2828625
2289302
1244667
2217227
2520611
3050045
2027926
1869615
1437174
2639886
2528183
2549024
1523844
2382924
2202555
1995997
2997346
586698
2611693
2470572
3114488
2434777
2684096
2799462
3278394
2883902
1559064
1215556
2364159
1581078
1272619
2203815
2901573
706237
1781979
2484024
2065574
2223649
2224173
2144591
2080036
2610404
819103
720897
1709147
1603119
1764227
2045385
2412392
2387391
1417708
2958490
2498065
2823242
1481098
1757938
2259927
1874358
2140983
1822182
2378602
3443449
1961089
2220311
1882372
2697567
2861969
840445
1717672
2345173
2489449
1826907
2510040
2632239
2308086
2961649
1944917
2071463
2297325
1918569
2306168
1388943
1978057
1230563
3060907
1720824
3001307
2938280
2828833
3135773
2609382
2428858
1711221
1491232
1676743
2383809
2504527
2364523
1635082
2117627
3040718
2491580
2400176
1784953
2517566
2691531
1920995
1317005
2662921
2643983
2898073
1700319
2619052
2093619
1836678
2607292
2556520
2342971
1721141
2793383
1864586
1966292
855227
2510327
2952709
2433175
2324266
1599897
2963066
884274
2421908
3170712
1912053
1914848
1372049
2792119
1408403
2069016
2126561
2210431
1342497
2674284
2051834
3156755
2490587
2215396
3035024
2318970
2421843
1802426
2254473
1205403
2488907
3347558
2473065
2476199
958629
2115931
1988379
2683339
1605654
1698183
2104013
1695440
1475502
1499657
2632097
1979959
1825367
2947108
1282607
1981845
2370883
2429423
2566588
1239671
2313899
2154011
2870818
2212960
2771293
1128819
2584452
1966225
1202139
2535077
2112383
2280738
3176380
2489884
2480569
2256169
2636910
1930224
2361693
1622657
2734275
2186098
2731888
1248140
1346011
2411343
2180707
1614197
2398203
1701628
1215630
1941236
2500830
2542919
1757582
2061785
1933229
2058447
2227702
2624688
2148442
2503548
2743205
2567070
1993459
2251875
1713428
3257848
2513172
2247061
1843683
2384970
1211779
1595861
2340621
2800815
2083721
1379642
2339455
2248953
3062261
2914362
2120870
3006200
3457913
1893242
2365077
2668612
2174696
1413376
2720483
2586099
1517551
2515780
3112563
1085522
1970929
2585317
3275318
2033588
1388020
2190601
1173542
2360581
1690886
2326310
1723812
2459001
2896176
2404919
2970272
2112101
2347901
2768966
2666919
1853736
1980847
1290177
2862503
2289426
2560530
2101344
2226031
2082181
2754756
2101224
1311650
2435897
1520897
1416556
1779683
2755857
2664835
1429706
1922161
2427035
1877285
2718688
835896
2204980
2392872
2653681
3048259
2075037
2719269
2292457
1282064
2268372
1748658
2336245
1615155
3484824
2337386
1819228
2003313
1662469
2598500
2445425
2581104
2101007
1829808
1826655
1761690
1569758
1506958
2872070
3065911
2060706
2718712
2709271
2125536
2624247
2573571
2969843
2618700
2564593
2596839
1768097
2698058
2814343
3383545
1939413
2654974
3304362
1739193
2021447
2214440
2261038
2440262
2479252
3162933
2956250
2454082
1687086
1876345
2049616
1944152
1571252
2916666
1870813
2288029
2631668
3165072
2272484
2289666
2318650
1691140
2425954
2062823
2782638
3023995
669112
2568584
1122936
2459424
2778361
2872192
3106748
3048920
2109960
2134281
1143475
2547634
1681189
2300901
2387545
2835451
2894643
2342499
2214908
2677793
2498546
1424800
3120421
1937589
2743424
2083732
889924
1123945
2486608
3010497
2189905
2871141
2526019
2275760
2683175
1780089
1040962
1967137
1728924
2538511
1451319
1365106
2056679
2304054
2852335
1871496
1336448
2595927
1473864
2219872
2441379
1631205
1137448
1624996
2096100
2413492
2873079
1663986
1937823
1801552
1868050
1658053
1481803
2133867
2129370
3038959
3377392
1482935
2621329
2268591
2128758
1491695
2254067
2391300
1299728
2574474
2407915
2361568
2367712
2316455
3270973
810424
1351509
1397497
2050400
2461230
2005580
1688824
2138660
1850672
2500029
2276057
2473461
2177552
2320806
2608054
2030716
1804458
3349852
2674368
2480974
2332983
1559487
1740487
1844744
2271001
2982581
1910068
2472653
2944643
2841927
1851967
2003230
1988738
2382658
2588637
1604085
2275508
2597988
2370076
1644256
2777016
1139375
2494852
3490269
2247876
2737160
2857288
2282116
1911630
2373246
1575128
1713611
1686198
2664593
2732140
1022345
2237438
2761939
2134970
2076159
2943545
2458938
2701667
1751145
2889225
1460510
2051374
1628173
1205908
2363855
1912213
2465542
2333057
1396477
2438599
2606813
1810516
1988725
3234782
2429940
1986315
1942157
1465086
2234939
2248957
2038225
2054080
2721650
2732302
1934153
2406258
2298371
2796193
2292212
2245842
2685410
2214515
2705797
2559358
2652134
2018085
2853586
2559822
1306142
2508301
2520111
2041327
1522853
2707036
2702151
1951152
2389672
3019791
2120286
2959497
3114813
2482979
1528096
2694515
1459011
2056461
2173915
2554560
2089529
2163749
3007861
2851344
3171655
3233495
2959137
2427541
3061741
2058890
1936257
2039632
1215138
2604409
2218815
1554720
2137294
1520494
2838533
3045265
2056769
2667262
2204201
1719449
2640830
2485062
2996209
2277919
1945439
1386763
2102432
2581290
1759547
1526490
2086836
1508615
2344747
2532753
2577594
1693823
3100374
1871118
2151482
2165732
2215292
1386336
2377316
968508
2507884
2777691
1213460
2394240
2114152
2258666
3035479
2279758
3141503
1683139
2183218
1990701
2404564
2302087
1914561
1666048
1950673
2859282
2183137
3116583
2144496
1926115
1848827
2193247
2458824
2375431
2361102
2479358
1983837
2190836
1606764
2799235
2192970
3069763
1289591
1647883
1076225
2116071
2381091
2149137
2095148
1524587
2893596
1757024
2211971
3085304
1935764
2503256
1999492
2184979
2764258
2133943
2423773
2622857
2656668
2056255
1268702
2040238
2169334
2975302
1949532
1554290
2495075
1889283
3000790
2112081
2329084
2379276
3081752
1526019
1432408
2698483
2338945
1736054
1223979
3012331
2052816
2318898
3272133
2702944
2153249
2093840
2277167
2608818
1066275
1573834
2028483
1332003
1823518
1894671
2129148
2072089
2060628
2940098
2327860
2423316
2217094
2612466
1481470
2060688
2335954
2652575
2448101
1625623
855549
2089538
2010846
2747000
1128708
1322067
2501409
2312379
1900540
2062213
2633926
2375470
1768664
1777600
2787038
1504705
2182960
1542830
2595012
1834682
2194145
2130504
1534449
2634635
2827522
2434850
2713553
2293671
1979946
2515248
2685895
1720430
1383562
2699071
2286837
2265154
2713028
2324565
2213950
1285960
2606901
2394785
2205771
2311371
2113652
2621897
3658877
840057
2317703
2389579
1948744
1927782
1006103
2264608
1852300
2089854
2605701
2771879
2228158
960834
1821264
2496247
3025065
2585866
2864112
2429242
2548036
2552242
2155219
1215959
2603254
2077017
1748622
2641685
1460571
2528969
1783058
3172072
2105888
1282012
2804103
2548041
1287644
1342219
1836454
2934849
3139024
2327286
2741516
3396790
1672340
2911068
2334376
3471691
2703856
1426532
2248873
2030617
669416
1699977
2118427
2577469
3072894
2721995
2612638
3085807
2463475
2254590
3072789
1887481
2410607
2659189
2564467
3078549
1734934
2621157
1615629
2611773
2262162
2607513
2939444
2096732
2831991
826876
1500839
2429436
2174769
1589884
2236796
2652240
2381537
2356501
1368360
1895733
1613304
1339304
1470148
2490617
1880748
2762198
2343601
1433879
2461369
2610456
799695
2473538
1659523
1922721
1399931
2652094
2153154
2558969
1999520
2213688
2197604
1526612
2115573
2142550
1879718
2138964
2822947
2263361
2248470
2497020
934113
2137422
880738
2011672
2470385
2846998
2585233
1340366
2281996
1975525
1835432
1990496
3251133
2488344
2796074
2488414
1914127
1991300
3038859
1506832
2672281
2706764
2384856
2011138
1744326
2727284
2318249
1793100
1774710
1333769
1934192
2113211
2758435
2862153
2542888
2639058
2352822
2629260
1821651
2570330
2287178
1370920
2709306
1202688
2632262
3042669
2177876
2585588
2697193
2657482
3137891
2813958
2878417
1670339
3398925
3149596
1468477
1991435
3012523
1798242
2151308
2113069
3255128
2288948
2778458
2643073
2151277
1199770
1168878
2625676
1859885
1980342
2143991
2544313
2028894
1439909
1768045
1286815
1796037
972019
1915121
3120887
2035354
2449310
2647283
2599412
1980539
2446367
1875971
2536161
2057092
2244864
2528750
3114734
1340203
1573204
2268408
2974519
2859621
2985919
1658225
2114816
1278049
2057751
901055
2910529
1553692
1811694
2864696
1853035
1789097
1511541
948253
2530623
2234604
2731723
2270874
2671785
2222938
2310552
1880357
2192297
2364423
2565363
3431901
2222439
2267863
2213555
1556696
1896852
2621337
2271027
1351178
2112778
1957094
2608169
2815089
2837515
1224616
1543092
1854167
733354
2430511
2811898
1664580
2403095
2935844
3399334
2619051
2022626
2657884
637794
2347170
1472932
1664074
2541854
2077160
1882661
2030866
2683739
1359782
1710565
1793439
2208326
3330424
1937679
1397731
1722463
2338071
3142418
882130
2313630
1724294
1991527
1553882
2042618
2999678
2612394
3280098
2456536
1347895
1475411
2514715
1908520
2816430
3129151
2431651
2530857
2022567
1846594
983801
2956663
2400511
2142712
1759460
1604847
2683176
2436356
2774196
1271652
1227647
1725330
1972877
2938426
2487151
1168186
2162480
2355936
2029720
2788072
2202488
2589776
1644643
1809069
2624153
1040896
1770067
2068339
1709272
2192309
2823997
2105926
2857688
2576180
1759794
2993948
1982477
2104796
2354267
2055275
2024487
2881772
2709158
2578920
2723895
2601046
1996003
808549
2356974
1945574
2046035
2977322
1991691
2191908
2022746
1561713
2120808
3352078
2431693
2779100
2611445
3025751
1739737
2643838
2687932
1973884
1580007
2242206
1454149
2334591
1793657
2083111
1380475
3111874
893720
2563630
1881676
2905276
2610458
3221862
2027829
2642017
1772884
1944872
2011724
1701731
2507354
1352964
1830225
2568374
1643464
2138932
3128321
2090054
2614815
1351877
2469770
3120744
2962138
1825324
3066507
2812880
1652993
3106396
2599776
1909434
2587694
2032670
1549467
2289318
1767358
2405252
2543563
1845868
3216044
2054906
2452625
2125364
2166243
3011000
1217814
2746016
2502170
2280717
2549424
3182830
2778973
2792706
1622256
1561227
1542718
1978514
3055089
2910820
2815985
3327463
2520297
1819971
2525106
2225906
2152435
2588304
2935135
2686483
2822441
2980482
2460439
2799442
1825137
2566905
2615316
461425
2407620
3042184
2168020
2717146
2065803
2933014
1953819
1960547
1679494
2147039
1614492
1593070
1972902
2204782
2113649
1970166
2593645
1782427
2558532
2025795
1923169
1739422
1442559
2013199
1140838
1719993
2165781
2732694
3101508
1378719
2143924
2486361
1746119
2363893
2162604
2811164
2128953
2020432
1941007
2442930
1773625
2781727
1067383
2180664
2266169
792100
2432574
2841554
1584035
3174554
2753349
1508694
2921900
1576922
2904109
1945903
3010236
1405470
1329648
2153559
1715377
1823475
2223853
2338828
1697746
2454331
2192262
1480193
1644152
2235792
2332399
1774197
2232266
1452760
2086275
1152846
2363076
2207551
2408330
1496523
520238
2750134
1828088
1312221
1889787
2004655
1881918
1148011
2634099
2805546
2133712
1028239
1934621
2103968
2017750
3597976
2483147
2703770
3258382
3064436
1664213
2007898
2198407
1873671
1952564
2294011
2014735
1504959
2165680
1698402
2148668
2401081
2211434
1013659
1939311
2188447
2261478
2202756
2004803
1237568
1758216
2497881
2885450
2758750
1580563
2534402
1460592
1311367
1775825
2660320
1734699
1766695
2506434
2292025
2668733
1303933
1704653
2387897
2367797
2787147
2005196
1408818
3342052
2319647
2588212
1002242
2476797
1796731
2202879
2148940
3384355
2437668
1308429
2035992
1491492
1862931
2253371
1543725
2614005
921980
2622137
1236988
1602555
2221416
2113204
1888875
2580399
2683575
2220137
2186772
2216382
1259097
983226
2268254
2461147
2846842
1092659
1768429
1836995
2490164
3007846
2667809
978170
1999877
2205604
2286200
2397867
3102096
2504010
2772372
2364262
1887874
1858138
2293918
2108672
1749408
925942
1878678
979748
3222762
2312172
2650686
1849571
2880651
2041463
2196054
2577835
2036657
1429406
1591365
2728840
2002582
2770692
1169017
1721370
1901735
1416481
643012
2385707
2156219
1865269
1962188
2426182
1936756
663576
2273387
2576190
2074977
2606938
1823062
2084895
2606063
3042388
1936942
998796
2245913
3406547
1601160
2832801
2814642
1147365
2011331
1961845
2184946
2212993
2542764
1508209
1487053
2357862
1404389
1116052
2489699
2986601
1682434
2099788
2668434
2147375
2749962
2386854
2787433
1992120
1593203
2855660
1708425
2267200
2409863
3069267
2565111
1828943
2188280
1477972
1425718
2178251
1736903
1854671
1708486
2502058
2114478
823231
1867537
1337846
2293268
2307593
1826581
2629334
2197834
2743350
1409140
1133562
2383872
2164729
1962366
2580899
2321822
1765514
2591323
1935315
2608592
2638867
1601415
2293907
2616255
2969799
1504165
2384343
2474897
1917899
2156526
1845588
1765032
3005135
2588252
3091014
2719222
1751547
2148579
2141243
2690752
2118038
1628924
1204292
2982091
2236235
1724905
2557521
2999013
2556213
1916700
2843729
2956242
1811090
1539315
2017661
2046194
2081458
3397413
2459877
2443069
1899826
1594059
3077391
3033178
2027575
2094214
2277922
2840741
1807216
1951405
1921386
2746170
1692507
2619161
2147503
1475402
2444754
2321076
2239699
2769052
1474995
1756019
1230722
2879614
376638
2345456
1848152
2446926
2760899
2352748
2406380
1180232
1942198
1891443
2036707
2619259
1206953
1347006
2959192
2514893
1123400
2009317
1621054
2172011
2098385
1785119
1521558
892561
1375124
3036124
2348751
2486963
2073068
2125110
1482447
1931246
2613284
2655901
1215902
2815768
2292540
1682915
2632144
1367179
3241455
1473696
2629492
2742923
1012161
1330769
1745424
2002660
2356804
2444210
2633392
2920455
1330957
2269690
1430157
2276177
2428844
1221581
1924818
1399048
2021305
2458147
1904546
1796047
2363564
1599013
2640100
2380743
1885425
2598728
2771117
2288755
2497586
2118040
2394112
1463243
2669054
2350243
2207137
1885210
2022639
2088399
2267868
1900706
1915815
3114627
2772120
2367398
2823893
3015793
2597725
1583261
1776487
2334145
2406536
2680625
2387076
2042609
3345467
3189019
2814903
2273394
2224001
2176033
2883229
2048081
1739411
2384399
2753949
2206304
2580678
2388200
1379526
2437438
1865293
2144076
1448440
1407631
3270939
2147631
2858228
2133893
3061603
2319516
1724150
2105468
1552799
2264518
1993297
2758887
2033429
2282130
910297
2631465
2839965
2792668
2046336
2036569
2347790
2666875
1896717
1233997
2786264
1772981
2715417
2952267
2733960
3085490
3000379
2449384
2463228
2423830
951688
2162655
2320947
1671399
1924797
2777732
2283395
2929046
2845046
2081230
2303567
780064
1860045
3071737
1416985
1769093
1385726
833786
1515797
2263913
1574633
2360485
2206934
2748382
1716876
2735668
2226474
2227599
1837099
2392404
875306
2533388
2884493
1895529
2815404
2912433
1883226
946226
1989740
2388651
2375740
1501410
2992181
1212603
2586230
2153816
1827138
2096939
2247262
2142809
1545449
2337755
1965923
2553910
1618659
1180104
2460177
1946124
2967906
2623760
1540840
1970865
2916867
2966051
1605581
1919808
2001303
2672047
2266382
1654191
2967389
2435454
2811304
2024498
1417363
2705886
1678942
1746298
2024558
1807853
2269244
2743470
2806624
1430564
1979074
2021315
2472773
2346131
3197990
2736083
1359473
2358795
2274624
783554
994167
1784233
1744027
1684957
2116729
2554267
2749450
2489369
2285017
2164536
2732491
2067795
3338454
2090603
2494426
2007339
1831097
2295256
2694605
2112456
2829008
1986859
2080478
1992969
2508007
2892684
2770751
2719735
2416789
2478821
3023976
2660593
2083473
1992723
1072577
1346096
2540917
1880088
2061847
730589
1776033
2534089
2618246
2398748
2722965
2748936
2422477
2299249
1965908
1843992
1335754
2199564
1318604
2216800
2640761
2405031
1271214
1394509
2729356
2644556
2348948
2229516
2458792
2883961
2190343
2424470
2267328
2792084
634515
2236864
2103865
2640641
2262306
1695066
1109636
3295256
2157564
2379763
1141136
1294828
1102904
1557113
1621536
2781603
1618279
231455
1541805
1258011
2502047
2041213
2119655
2135901
2547507
2723061
1495600
1983545
1748316
1584329
1759614
1770288
2296025
2488059
1509551
2152587
1635349
2705952
2530725
2407959
2566461
1800079
1947349
2306206
2517537
2589624
2067695
2275113
3256362
2150299
2452336
2591487
1417204
2162457
3135273
2868973
1278728
2909315
1913873
2023604
1221530
2711129
1488289
1263081
1774254
1808309
2298350
2299692
1315583
2133927
2046641
2321693
1270869
1725914
1632363
899539
2473155
2105939
2646782
2049557
1219258
1769813
2426574
2623430
2390137
1594950
2419388
2492053
2301582
1666935
2944861
2732964
2227032
2610827
3194498
2444796
2111082
2725574
2268398
2164253
3089811
1898491
1633292
1177646
3169710
3004909
2667861
2234908
2283111
1856146
2834021
1856729
1745156
2201103
1149539
1542343
2804232
1920357
2238240
2826241
2782095
1232502
1771803
1921418
2234946
2189990
1934857
1566454
2300082
1931742
1852262
1507847
1915204
2401829
2884888
2008645
1895061
2348125
1307235
2325199
2459427
1239318
2537536
1939561
1950907
2438591
2170729
1677120
2684589
2472123
2472755
1855853
2051660
3112597
2517941
2345625
1627082
1669603
2221142
1870767
2257580
1977962
1800203
2817512
1389544
1917453
2540874
3026465
1522303
1915729
2229644
2415507
2247910
1734712
1789495
1613774
2839658
1419477
3175802
2104041
2274621
1005780
2421729
1283363
2947341
1537540
2985899
1784735
2870243
1648743
2006905
1986806
3208317
2384530
2231175
2913218
2827904
3093466
2422044
2642195
2361516
1652031
1578511
2306885
2564958
1781220
2316165
3162838
2600726
2511818
2621072
2323632
2519551
3318654
2553441
2368940
2496674
2570961
2435527
2270394
2174433
1917587
2002354
1485316
2360486
2514360
773904
2076318
2381705
2898989
2608061
2159199
1747533
1582755
2284450
2004789
2004630
2843037
2454298
1639004
2407100
2841081
2985010
1235736
2057298
2585604
2385888
3240615
2799737
1055759
1551629
3067215
1968980
2529082
1224246
1915972
2443382
2309954
2433262
2154000
975640
2042380
1712318
2605462
797987
1754004
2640214
2441724
1090128
2851149
1520462
1772582
2252688
1598601
1838900
2020982
2650337
1793362
2052122
2725699
2283389
1432907
2266288
1803147
2521617
2653845
2333897
2133438
3246035
3390936
1795075
2398514
2556673
1847345
1071023
2304478
2927598
1835129
1442333
1884932
1966665
1853043
2300688
2253380
3099613
1661735
2110536
2597812
2276878
2778203
2273153
2490157
1887171
2690525
2093547
2705206
2265473
1668193
2300454
2574673
2217717
2230097
3271872
2042230
2209143
1342053
1834722
2742533
2530758
2264552
1922969
1709370
2075998
2350797
1392103
3292151
1651745
2661965
2950009
1556870
2116072
2999604
1839432
1648000
2535221
2025948
2523075
2553858
2267018
1407610
2065039
1663895
1893731
2363449
2318241
2729085
3015581
1544920
2165231
971782
1874786
2541120
2333441
1923309
1717657
2151432
1715462
2636393
2591308
3251921
2692189
2723848
2657446
2983541
2665887
3001517
2610929
1403830
2707548
2654508
1967057
2789886
3216681
2385768
3011583
3134442
3198893
1664837
2121891
2514101
2413574
1571893
1981213
2173290
2851743
1407225
2885458
1039473
2907925
1423251
2904036
1685527
2268749
1929226
1454739
2288663
2422488
2215081
1961629
2442390
1908523
2499452
3262987
1455906
2295299
3445342
2893651
1308395
1960957
1310094
1701174
2303356
1080371
2001212
2022712
1433543
2125854
2695089
2370527
1342154
2264105
2176419
1467923
2180310
2640702
1924824
2334714
2851489
2305633
2662593
3306267
2285339
2278704
2446979
2497813
2200983
1963387
1673850
2803194
2192842
1784332
2019315
1011015
2431015
1904057
2447833
3122826
2256451
2851584
2718740
1609574
1852184
2420941
1273058
1540594
2640900
2587585
2058459
1841463
1642943
2811735
3193871
1541996
1637665
2528961
1918856
2374715
2341627
3292198
2404516
1384030
2027213
1935015
2709432
3101188
3111254
1655236
3051297
2723035
1574125
2633245
2475094
1225220
1586856
3052048
2354349
1123132
2031469
1660143
1853660
2342441
2193998
2985802
2445357
3099292
2047301
1820601
2475672
2553913
1619485
2737795
1946061
3029434
3259972
1892500
2658175
2053276
2264879
1976953
548522
2693995
2578481
2454662
810242
1449374
2249073
2573115
2486669
1459512
2483736
2360730
2637550
2072343
2044136
1855884
1612446
2706346
2504120
2505203
1231662
1691966
2366290
1959059
1995983
1957257
2676251
1859507
2203115
2647111
2111418
2082864
606257
1918413
1137025
2510165
1210880
2581972
952000
3125331
2029913
1479287
1862654
3216711
2223103
2076857
2687128
2365695
2978280
1967696
2131380
710996
2324095
2318289
2254025
2413494
2885989
2438503
2714423
1419861
1624693
2672990
2950619
2453171
1766195
2353183
2082593
2544877
2037575
2585999
1660137
1920882
2208831
1554285
1840997
417833
1961218
2842584
2228111
1459187
2135411
2258720
2550112
2516901
2825169
2385608
1656824
3069356
2046648
1487488
1966843
1499758
1897615
2618029
1903639
2235890
2360558
2749418
1814992
1618845
2010264
1875471
940318
2548861
1122512
2235558
1873965
1792325
2112029
1646956
2605339
2823043
1226826
1860795
2704801
1574357
1871098
2495323
2454756
2042640
2502869
2248545
2499841
2905243
2832901
2508247
1660320
2754821
2101837
2011416
1950550
2403867
2614897
2876235
2376927
1169852
2438708
2504704
1772960
2599097
2493014
1567873
1515995
3117624
2637680
2599574
2910651
2330347
2513166
2752389
952323
2283666
2225201
2425240
1972129
2684545
2687136
1524316
2367400
2643491
2697482
2640922
2051058
1685526
1751340
2453442
1983613
1858805
1931579
2665285
2531543
1644307
2531899
2468906
1409587
1471935
1918621
2134288
1217575
2857251
2906971
1210475
2031226
2020721
2302651
2331942
2071846
1349162
1517457
1123365
2818933
2349860
2469066
2372899
2458239
1409789
2341062
2673833
2760192
2388954
1370625
2056774
2152504
2059116
2559713
2737611
1519835
2895971
2368434
2136920
2619731
2187927
2156372
1801080
2286249
2416747
1145571
2525872
1480059
3038850
2279050
2195085
2526354
2270952
2268736
2378780
2137510
1723306
2881832
2006092
1322986
1628752
2893740
1345776
1627268
2606406
2106931
3102361
1359742
2717372
2495090
3193738
2909236
2292505
1981238
3212985
1724854
3026235
2272733
2345745
2050132
2675283
2906718
2619503
1553322
2293469
2222487
2659480
1687898
1574408
2532299
3133247
2399298
2179766
2856939
2552598
2286174
2604532
3164414
1975890
1379965
2580154
872231
1808929
2328839
3062096
2684662
1881664
2507850
894919
2516620
2578973
2837968
1853933
1328503
2991626
2816428
2885576
3157151
2049388
944188
1495807
2345119
1404887
920409
1210951
1733822
2244585
2253253
1924000
3191518
1604310
2692741
2398653
3196573
1420492
3182863
2050486
2407076
2953178
2355537
1790945
2865005
2040124
1866724
2720024
2438384
2077577
769965
1673655
2272358
2239157
2487558
1343904
1655007
3301682
1791184
2757308
976312
1408561
1901583
1889536
2577935
2178663
2610332
2214488
2226084
2250562
763512
870357
2724476
1589147
1731191
2210250
1740460
1727216
1863923
2752885
2610811
1963799
2873814
2671327
1270721
1108790
2765789
2344860
2525572
1564385
1767624
1964870
2419099
2566086
1939183
2474130
2771160
2448099
532109
2122266
1795135
2131927
3046466
1999782
2248794
1904779
1933799
1912291
2448546
2853357
2419639
1933259
2321843
1665987
1345543
1177379
1403998
2358971
2275802
2086715
2618790
1323216
1987083
2059897
2219454
2259398
2291410
2825332
2731386
1753831
2695204
1748178
2875594
1929670
1771184
2735293
2756951
2480548
1849927
2777470
2555942
2731973
1780447
2146021
1970272
1290249
2336822
1840073
2139693
2290409
1892630
1962208
2936509
2863781
696797
1971167
1853088
1939059
1490674
2397160
1753716
2048319
1397401
452789
1670279
973802
1911467
1993766
3112323
2202696
1442166
1928966
2242450
2436099
2429933
2577308
1818887
1797251
2487774
2043308
3047914
861779
2976627
1554615
1762784
2524831
1737498
2484001
3181505
1754080
2921914
2429511
3017487
2594428
3135115
2833168
1700405
1703588
2064379
3059164
1988454
1205727
3184371
1144343
3349891
2614662
2193414
2719099
3080133
2998592
1933362
1931654
2845204
2460405
2544171
2746577
2848240
2772177
2542722
2944968
1946433
434367
1919272
1853501
2046577
3113624
1880037
1476292
2239448
2880576
2181488
2877082
1401751
3066144
3285174
1854658
933859
2051576
1836569
2134300
3239022
1787019
3076207
2374403
1532967
2458117
2498920
2781781
1472140
1985480
2098226
2628344
2630493
1813173
2415748
2130782
2668209
2571688
1969734
2270759
1190854
1648865
1384031
2034921
1779630
2488443
1213991
3037668
2499618
1542680
2526028
2155219
1385384
852556
2231545
2713662
2488395
2032232
2566304
2505521
3132685
2567769
1843974
2537576
2544207
2131751
2157040
2607828
2582445
1847795
2868900
2111157
2194564
2352002
1972462
2008216
2663318
2476805
1795769
1787619
1784896
2725791
1926232
2358115
2282171
3382219
2656552
2485644
2956118
1916366
1630585
904540
3050959
3426530
2527534
3011921
2804268
2208350
1728921
2123164
2707766
2847506
1608560
2807878
2468901
2233462
2308794
2524853
2875694
2247145
1725163
2436178
2832836
1764186
1192728
2032406
2215547
2506946
2333055
1364162
2369306
2564638
2119001
2320554
1585780
2594702
2218873
2114492
1381726
2005475
1851856
2545007
2758989
1296135
1272774
1456867
2226477
1793593
1523085
2304518
2999909
1337743
1815203
2036923
2284835
2833323
2475191
1698152
1839465
2642789
2318586
1854052
2912700
3050922
2560648
2282546
1755096
2020311
2158353
2023179
1194598
2521906
1672599
1815575
2307951
2924770
1994354
1762722
2436615
2667684
3615031
1529001
1745969
1986163
2009157
1198128
1572309
2687413
2369882
2357829
2290668
2397842
1479382
1965833
2022013
1015815
2415382
2413878
1864800
1644483
2185636
2168255
2571432
3073599
2788281
2580886
1551214
1692139
2112667
1100395
1684643
2630866
1854804
2545836
3051996
2320332
2726130
1736371
1772137
2344948
2237410
3240364
2357128
2642082
2889417
2353247
2209273
1432874
2973463
2519927
869869
2000700
2694415
2259714
2319399
1534833
1929960
1926883
1850391
2456026
858876
1356589
2599438
2460801
2371106
1193681
2934335
1796139
2930627
2898879
1734108
2688005
2280987
2751242
2559033
2722826
3286135
1767360
2312044
2742116
2843941
1637893
1288116
1819670
2219752
2498774
2022276
3272709
2024089
1970168
1817926
2204350
1725417
3473637
2049476
3610510
2291970
1676304
2738348
2279750
1702677
3088956
2286419
2855360
2627216
2472932
1128495
2153217
1618406
1508458
2187602
2160696
1433541
2530888
1333963
2123136
2018213
2317837
2203418
2751125
2875472
2254079
2472086
2801556
2452975
2746427
1935570
2579164
2478496
1881900
1442432
2692312
2751277
2593746
1155148
1946015
3253302
1841556
2711683
3327598
1233054
3386146
2326631
1719214
2879324
1491417
2193036
1869311
2583106
2519902
1510733
1543265
2720420
2401943
1771652
2815860
2019097
1749395
2216938
2806267
1867466
2569322
2727441
2101654
2589975
2849668
2543414
2116796
2539107
2331069
1996223
1633348
2281361
2369309
1389323
1904333
2863093
3025732
1728637
1892956
2207055
2596221
2099161
2632808
1980344
2747662
454284
1822956
1711103
2336988
1802488
2707382
1468051
2122698
1890398
2819441
2171804
2335747
1946539
3447425
2298410
1261215
2452359
1951572
2317636
2016581
2076963
2217543
2368839
2004641
1806361
2063418
1515183
2485906
1876094
2859408
2340267
1820929
1418746
2523463
1589636
3210706
2473106
1341583
2758656
1120706
2367889
1758391
2335961
2140327
2130773
2659871
2721544
2332533
2327762
2573663
1704906
3031344
2741632
1566870
3085372
1343583
1914794
3128770
1208574
2252952
2152506
1164961
1693499
2413464
3079655
2098380
2145843
1162851
1709997
2254027
2976572
1789068
2435004
2721028
2455682
2012875
2847942
2102020
1451995
2012429
2416073
2626030
1784054
2959387
2243015
1461231
2591540
2665010
1828664
3429262
2824844
2409933
2133113
1707410
2362776
2760115
1302370
1820473
2119964
3265146
2092312
2365627
455534
2269804
2123009
2064889
1716391
1306016
547748
2091623
2967510
1631656
1337588
2001434
3057262
3169548
1977068
1419874
3621630
2389086
1495337
2027589
1967322
2085608
2990164
1466806
1078948
2795116
1651076
2178424
2246983
1767275
1494182
3422643
2085183
2112995
2712792
3145253
2030808
1914232
2923899
2500159
2033377
1513030
2173003
1847501
2500314
1176700
1711049
1603937
3196780
2765858
3239394
2177174
1060471
2608531
2130216
2925255
1521863
1459113
2058363
2437342
2437067
2196985
2333669
2408677
2169960
1874336
1893046
3307491
2094122
1321710
2596355
1398766
2696531
1464394
2645763
2173024
1661010
2347336
1957988
2262917
3068962
2034512
2564467
3179358
2655038
1270379
2216650
2917535
3126369
2292935
2577235
2709981
2139146
2961727
2580446
1875351
3348363
2935270
2935554
2783152
2533557
3368427
2953771
2549711
2070188
2978275
2636128
2768874
1748802
3222130
2640205
1731508
2587731
1527896
2969112
2714137
2221128
2669314
3098105
2571369
1803909
1763916
2457012
2987560
1027346
2560866
2700159
1776842
2346162
2911855
1931455
2616412
1917833
1983163
1989575
2586090
1742704
1131863
2515114
1860318
1071816
1962601
2199469
2373399
2659334
2414469
1721558
1553512
1799330
2317471
2713249
2572313
2084887
2181450
1785000
1301145
1824883
2584431
2778364
2252681
2466089
1931406
1828556
1296439
2771153
1824521
1737028
1444400
1853622
2652195
2012470
1969993
1430259
1535193
2267725
2587928
2201142
2207656
1449583
3111175
2256969
2688117
1099059
2015477
1676274
2105275
898556
2419095
2898750
3071261
2627199
2697815
2339311
1707818
2883400
1844906
2217886
2231061
2863125
2026620
2182280
2334218
3061614
2228952
2240436
1813604
2295394
2296994
1910995
2394426
2243142
2297814
1891497
2952256
2509886
2005753
2726751
1463414
2392911
618487
1944706
1913814
2005179
2416737
2520964
3078251
2427666
2061599
2234734
2772809
1108589
2091519
1943160
1726644
2050697
2347532
2196545
2707917
2791637
2258063
3135696
1950504
1260536
1565636
2834370
2221042
2334511
1936684
1666690
1887374
2370877
2451470
2068797
2191245
2314012
2302594
3126253
2991747
1842729
2622818
2001437
1909567
2726297
2433352
2424974
2177831
2157121
2549629
1304967
2009557
2270181
2860239
1704325
2537410
1865855
2306060
2248285
2364832
2550602
1602387
1649220
3197656
1909533
1303517
1738083
1632436
1743629
1088347
2285674
1228275
1819921
2379647
2747707
2594987
2201694
1592685
2621360
3108365
2302637
3192936
2260366
2429805
1497878
2164057
1619993
2283383
3069572
3386716
2510282
2877400
2184713
1723720
1548213
2592942
2519749
2820730
2571225
1564914
2964199
3172499
2569872
2670987
2562975
2096821
1423025
3298163
2651504
2079589
2917971
3046806
1132873
1825232
1405939
2219951
2877257
886837
1799223
2245511
1928145
3194651
3137531
2683506
1816658
2816596
2185151
1037673
2163672
2397252
2548051
1577372
1961051
3016879
1761695
2533670
1694981
2147575
2378470
1928886
3025566
1001841
2298783
1778096
3257416
1839581
1557189
1761175
1794934
2467454
2124286
787107
2302371
2004200
1947729
2781487
1614093
1907772
2093776
1746032
2157806
2464934
2328215
2029521
2161554
1942649
1647503
2495110
2865844
2766450
2268937
2555105
2514269
3067298
1930029
2243465
2480078
1754640
2729423
2246297
1596537
2656747
2450516
2609117
1566331
2597698
2584209
1741371
2269660
2298833
1957331
1851828
2022699
2486241
2795917
2515435
2439109
2745138
2936997
2348274
2546593
3220307
2036628
2711158
2366469
2737394
1137934
2432347
2796341
878129
2342905
2777583
1701468
1181660
2600757
2042637
2461970
3174834
2254070
2336370
1963068
2448939
1885811
951093
1958442
1832655
610236
3014794
1416124
2732012
2264653
1963603
2488475
1572842
2522771
2018470
2600016
1876224
3333624
2096534
2256122
2903346
1655142
2861329
1968559
3114067
3082252
1414855
938136
2864500
2006358
2936097
1291517
3107595
1018596
2090621
1514356
2370776
1272303
3087230
2565615
1786610
2158559
1987552
2541004
1949434
3296321
3119815
2544548
2439651
1923315
2541035
2463161
1528143
2589427
1971457
2998496
2322563
2922954
2419026
3200674
2696110
2645578
2438244
2578885
1946706
2246775
2591343
2954589
1663217
2345341
2167713
2336371
2285597
1914450
1221008
2695654
2770259
1960682
2862226
2305719
1583882
2659150
2396583
2287250
2928139
2276412
2222749
1438429
1425359
1973402
2299165
2157472
1893573
2215210
779458
1437460
1275168
1752022
1833620
2185752
2819984
2320526
2500195
3198140
2886509
1276770
2344932
3087626
2320067
2470445
2157466
1228553
2534074
2583933
2791395
1874254
2438231
1492588
2957675
2577393
2208311
2390525
2225829
2772481
1738129
1666893
1884283
2902360
2108331
2318238
1702952
1922839
3012282
2151711
3101450
2863840
1832310
2868314
1237562
1820950
1735467
1500656
1345878
2351836
2013585
2393026
1942417
2112658
2185318
1658902
1705360
2606612
1635165
1974541
1217013
2520326
1889202
1737483
1999136
2138330
2417801
1863891
3067886
2083812
883491
1715752
1204370
2210162
1683156
1702541
2781998
3263073
2560189
2430343
2383666
2686774
2541415
1652092
2379787
2023636
1273382
2540261
2657128
1671767
2493896
1886645
3120696
2111358
2138237
1936448
1589217
752489
3047998
2163406
2337456
2254673
2285231
1203760
1281654
1511801
2253487
3104462
3375431
2680448
2549355
2187295
2591896
2256686
2485312
3006233
424618
1592555
1654789
2481949
2991437
1663138
1153524
2358017
2261646
2645047
2332981
2830921
3600344
773974
2178960
1172115
2258172
2702711
2250528
2806750
2449552
2757151
2734254
2694872
1761500
2192771
2514789
2018376
2692082
2270210
2518313
2705914
1306906
2091411
2419446
1972948
2007173
1806929
1265648
2751569
1990931
2245640
1853366
1760587
1099451
2494228
2000542
2339106
697714
2504041
1948858
2464581
2964288
2128986
2038341
2323201
2914431
1762341
2343063
1897058
1972544
2625539
2047531
2467306
1322636
2473054
2168370
2420366
2742323
2886499
2580066
2611805
2371242
2162800
2185051
2075326
2211940
2088429
1527163
1474803
1965337
1700113
2119142
1778700
1608004
2168531
1265660
2389301
3092422
2652418
2648778
2775477
3616057
2051770
2119482
782449
1655490
2959269
2818765
1685992
1591613
2065365
2404452
1513661
1401596
2385657
2625339
1615186
2737874
2761342
1823766
659487
2382055
1968493
2444137
1638780
2059342
2094467
2509468
1741180
1903564
2935532
2623342
2107773
2044615
2199231
2411126
1810457
1938779
2265428
1888196
3051020
2326917
2210888
2528481
2751265
2894214
2335689
2927820
1670358
2557560
2732876
1985747
2402428
1788505
2288565
3143049
2461123
1964648
3289968
2578396
1428917
1473736
3062141
1982212
2577872
1361139
2588885
2684964
1467303
3216263
1638775
750081
2150349
2302005
1507836
2743523
2253387
1999986
2161872
2214588
3075452
2097453
2124456
1799891
1482200
1990284
2006636
2572779
2523580
2031900
3183433
2261031
2362328
935286
2195035
1976900
2191738
1810087
2390543
2305391
2290223
1872695
1178874
994371
2908263
2113057
1452173
2069038
1968142
1772995
2167700
2529861
1180842
2600084
1011967
3353874
2624280
2224123
1735110
468878
1803778
1872831
1641669
3143485
2938678
1598716
1832348
2854128
2610171
2466333
1763326
2046115
2519119
1065451
1050977
1800251
2345798
971817
1613547
1431092
2002016
2226630
2039816
2540856
2332199
2508656
2323988
2895006
3261310
1605391
2340420
2764501
3016372
1810491
34228
2051469
1361505
2606618
905692
2408448
1889556
2913475
2241490
2499377
2246567
2314398
2682609
1328415
2147966
1533774
2435396
2506493
2623275
3013569
2279360
2091431
2569995
2434530
1803933
2114042
755265
2520790
1787923
2211108
2261977
2151935
2760305
1669390
2331795
2669565
1895932
2308623
2619192
2790163
3106008
2316164
2634501
2353618
1646458
2225956
2015088
2333225
2007729
1396988
1707606
2793708
1992947
1966450
2654383
2545745
778575
2268420
1797984
1631741
1704563
1976648
1326882
2550238
2223875
2098127
1892644
2510181
1125204
2254292
2804248
1686171
1449844
2142977
2546334
1569068
2164187
1165477
2753410
2377535
2340841
2579838
1602728
2842716
2623452
1861712
2317604
2117080
1255151
2393353
2376807
2652197
2091323
2585912
2798537
2743569
2189331
2242655
2038867
1652405
3050589
2148015
1760164
2383445
1959413
2852697
1600444
2434166
1563714
1147471
2204224
2564757
2728637
3092935
1020481
2436775
1566284
2359617
2077915
2767280
2906765
2980346
2119362
2547568
2209323
3141020
2360962
1938728
2776730
1488467
2277780
2218516
2017336
2497369
3191431
1763174
1574487
2721660
2672246
2965051
1590997
1658089
472803
2488943
2661382
173135
2822727
1685256
2187488
1808547
3440965
2287540
521645
1751148
2067854
1730459
2579326
2955002
2767509
3349422
2404754
1644471
2534736
1222045
2701314
2000761
2198816
1749531
2646920
2656123
2175377
3093160
2759419
2207130
2152534
1293957
2997468
1753202
1945296
2489362
2622832
2004403
2499972
1028023
3507596
1773995
3225195
2539658
1990181
1855966
2219038
2376427
2112772
1947737
2107794
1245164
2206552
2477055
1744360
1986132
1569122
2618376
2336986
1393847
1874980
2388054
3065504
1042359
2320991
2268963
1994831
1793130
2874868
2018267
2579589
2102238
1219514
2188065
2469504
2733379
2347496
2703030
2323875
2442631
2136725
1836729
2167212
2587099
2229049
1965518
3074656
2665458
2307729
2145646
1842294
1863706
1821823
2164257
2320170
1884938
3049961
1686692
1443460
2661286
2680083
2639968
2671277
2101025
1421046
3037982
2010555
1746376
2326669
2174629
2356648
2294432
2378725
2989496
2225194
2649958
2793749
1650361
2737609
922600
1113819
2643357
1593118
1635801
2240598
964330
3478872
2432715
2173699
2259894
2177628
2746234
2919753
2176401
2621122
2487465
2118260
2606173
1971295
2151410
2078895
2694934
2144038
2792329
2086987
1983164
2025827
2277332
2465328
2577298
1802382
2356860
2650840
1561082
1012188
1176029
3022068
2806611
1670716
2050077
3149627
1618942
1662620
2295509
1815916
2158602
3031046
2249484
2571292
1203702
2900214
2532971
2267628
2250310
2377720
1884648
1283602
2462741
2364698
1296510
2307844
1046406
2287889
2504134
2341020
2190460
1580608
2066176
1932894
2725755
1831502
2574603
1442382
2522052
2810577
1638907
3142102
1935078
1579710
1567813
1980841
1846387
2132495
1732517
2648880
1904050
2152502
2800428
2328601
2357463
2327468
1546165
1821117
1961090
2576974
1521366
1342398
2289403
2228693
2663146
2081507
1647312
3068377
3100057
1822730
2292724
2490178
1992231
3085771
1548729
2313880
2064838
2012673
2632238
1711727
1980267
2073438
2683885
2950161
1005456
2490674
2325666
1921028
2393289
2092154
1857216
1946355
2116825
2909319
1292334
2420219
1859922
2646722
2982213
1914051
702251
1663022
1453595
1894206
2282269
1887092
2617244
1682640
2286823
1253165
1008267
1952894
1916772
1584091
2423850
1557543
1588072
2550680
2255918
2523103
1673021
2002898
1429155
2068866
2505645
2639750
2651160
1872306
2128831
2419329
3138924
3373849
2847449
1717681
824799
1406139
2910795
1847754
2173031
2868872
2099659
2844060
3044470
3001846
2676256
1820666
3148584
2279279
2377750
2066665
2095689
2525860
1514177
1635867
2750845
2698409
2972520
2900376
1648802
1214711
2022560
2333810
3143614
2999628
2736133
2817104
2127547
1690140
1304925
1996469
989838
2529812
2423237
2763602
2876800
2511662
1937568
1248093
2133673
1611008
2371051
3660897
1939977
2664659
2296563
2057882
2377295
1370446
1992807
2125337
1304764
1948682
2534685
2013300
2177360
1171184
2361488
2083391
1039238
1428608
2477131
1911313
2343863
2525566
2594841
2317175
2613708
1710215
3205699
1241273
2590533
1107837
2661959
2974942
2637459
2724434
1421327
3082146
1697173
2419337
2523458
2258903
3203329
2796606
1840832
2402209
2398024
2645444
2483710
1810227
1937171
2722266
1293370
1769073
1205782
2385269
2070900
2394050
3286348
945591
1914197
1734485
1688910
2398600
2007703
2225480
2327320
1946191
2862685
2329372
1059582
1566274
2849737
1765518
2936256
1825527
1614751
1932886
2429862
2666621
1291599
3052025
2367343
2368949
2830503
171795
2541549
964364
1973823
2730561
1897665
2177839
1882998
2059599
2717646
1932710
2325757
745970
2334936
1641469
1944097
3211005
1851953
1182095
2478815
2153737
1275713
1493243
2091212
2426083
2811812
1045260
1401792
1879138
2112555
2624590
1525067
2436192
3239037
2257937
2143366
2448100
2109319
1928711
1993598
3057323
1961419
2911129
2193556
2943855
1792268
2303799
2255434
2166899
1639884
2555299
2950374
2214194
2690184
2957517
2012683
2823611
2454874
2654307
2316912
3342920
2798204
1302657
2807902
2582291
2140506
2715584
2700795
317447
2129963
1669159
1196431
1757699
1846422
2467866
2563019
2189130
2402200
2343201
1517919
2818578
2140634
2288256
2839465
2413110
1338777
1849962
1868011
986622
1812382
1789538
2184917
1782975
2204183
906127
3180120
2213418
2757490
2765603
1752165
691596
1438715
2452536
1913395
2528088
2634814
1908772
1753696
1436226
2739214
3291539
1391141
2587812
1618587
1926390
1547459
2279116
1273044
2390518
1744393
2479913
1095970
2862318
3067793
2396221
1408520
2894352
1715452
2712763
1930559
2583429
2370101
1710073
2253326
2532158
2438733
2533476
2628957
3015940
2453436
1733449
3118885
2620740
2426575
2577083
3095656
1923271
2133756
1538681
1790010
3179427
1123787
2258786
2916705
2165361
1472236
2652863
2907048
2343694
1083915
2347032
889745
2124085
2112376
2565204
2070862
2137057
1861149
1266150
2181898
2563937
1949361
2111969
2102187
2073258
3095989
2762497
2976046
2950692
3058623
1913403
2056565
1992798
1692151
2333565
570875
3324960
1779803
2193993
2111313
2069844
2865279
2154121
2183819
2552159
1769037
2097427
2763144
1828327
1411366
1822486
2344619
3261164
2683304
2658867
2127964
1313732
2848517
2382208
2083047
3007508
2971361
1089316
2223990
1956720
1983772
2574359
2151095
1654242
2277250
2109353
1448446
1983278
2448124
3048240
1813389
2549153
2630645
3118312
2514189
2352627
2493315
3187584
2663479
1522561
2086537
1769972
3260324
1295460
1954250
2213764
2919936
2866530
2499333
1552747
1435638
2045606
2600050
2049585
2738787
1044847
1409867
2252883
1746993
1831377
2198898
1799115
2178198
2418179
1451719
1829143
2962665
2539233
1151274
2699933
1624886
2196230
2072722
2125107
2188489
1662995
1918237
1967715
2588089
1422158
2424951
2111145
2176291
3102115
2664991
1972766
2300026
1904457
1942789
2595465
1919347
2809075
2576709
2292590
2435745
1972382
1895780
2356570
2505603
1935458
1670453
2247866
1942030
2424139
2493876
1725210
2744186
2308331
1070949
2475348
2419968
1603728
2657099
3301112
1435810
1815149
2173847
2004405
1293050
3209567
2630468
1687982
2255968
900241
2177230
1438589
1784835
888270
2246040
1227051
526501
2964021
1705650
2481007
1699616
2061488
2921071
2457616
1880895
2809963
2132371
1366494
3485989
2662814
2387070
1753643
861932
1101395
2279991
2410039
2187412
1083167
1890657
1523309
2015392
2696974
1613790
2092222
2489507
1892949
2139754
1879190
248750
2660019
2249783
1578771
1940031
2521880
1081731
2343160
2047706
2587856
2370488
1826251
1466984
3073843
1826450
1392899
2750066
2387881
2001466
2539028
2133387
885594
2627325
1778096
2405625
1925279
1805844
2447543
2901678
3116912
1042002
2412102
2114817
1898053
2472454
2165234
2539802
2096204
2058525
1850150
2561168
2426120
2226030
1138660
2291345
2575110
2019712
1874639
2008312
2178821
1796672
2259418
1828486
2402199
2039688
2837654
3531858
2147184
1459567
1435287
3289800
2479842
2836754
2047069
2424985
2223404
1828359
2366842
2715421
2909530
708671
2320626
2160501
2449637
2101023
573666
2706395
2054279
2135044
2497840
3244066
1798078
2339252
2485797
1478802
2625913
2176249
3109203
2406207
1145317
2661978
2380600
1927642
2453080
2606548
3554918
1921168
1302230
1780815
2495424
2264531
1372476
2167264
863170
3137642
1776972
2975303
1174769
2658469
2780964
2768953
1656217
2049683
2452755
2159092
1814080
1512409
2233829
1466269
2879075
1395292
2318413
1570266
2713394
2016393
1435583
2269725
2781149
3344126
2792579
1944097
2924905
2727476
2041357
3226496
2284301
2535598
2976765
1791379
1624288
2017806
2030593
1850352
1729117
2524196
1930529
1624779
1694846
2671341
1847097
1964635
2545633
1887933
1218261
1878304
2383037
2266932
1744426
3130803
2168810
2294923
2014905
2557604
2378594
1929513
1984698
1907531
2528885
2302296
2492608
2865522
2817667
1837957
2242513
2337340
2653932
2659277
2261647
1152903
2602824
1648438
2017147
1850314
2720357
2845324
2310377
919748
2283718
2327908
2291425
1583253
1928540
2347787
2021399
2722950
1898669
1175438
2176769
2980780
1631211
1904948
1134104
2886123
2353648
1515485
2319672
1835974
1775692
1800515
2972575
2558873
1664296
2525883
2540997
2414301
2989047
2996919
2701668
1442001
1321828
2165377
1957329
2217647
1507495
2135680
1264307
2231283
1930949
1519565
2831015
2001080
2298314
3025788
2209915
2060705
2271011
2183376
2938402
2248836
2574317
2279684
2975264
2574050
2824788
2590034
1712817
2198182
1737363
2572949
1677701
1915667
2583790
1011158
2736751
1721342
1504603
2470591
2610289
1650351
1302443
2634918
1765541
1709579
1991181
3084813
1340214
2414589
3025345
1415779
2217021
2458444
1638542
1852302
2737143
2095186
2170672
2569162
1695661
1958130
2132039
2404357
2792195
1517063
1489968
2095861
2221151
2614748
2014236
2047419
2303438
1424633
1759028
2302874
2416570
2699827
2588376
2670064
2876769
2118651
2091014
2148359
1531080
2046115
1695381
2267424
2353311
3161260
1877950
1726069
2303799
1327139
2226816
2649881
2906491
2126644
2220426
1853006
2068785
2200054
1124065
2817682
2741681
1963330
2202323
2673004
2209801
2219278
2309849
1863790
2552690
2536545
1685405
2486826
2364383
2639988
2615218
2067836
2397626
1678640
1710889
2172206
2343294
2483302
2121096
2689425
2930487
785635
2227773
2447522
1880469
1085333
1400640
2021512
2552962
1216573
3240964
2077254
1626557
1967881
1759997
1680361
2129582
2747541
2362389
1656435
2770386
2989580
1813640
2404910
886729
1995263
2431731
1882957
3114708
2203318
2936558
2192493
1697756
1213976
2626091
1946273
2106254
2983587
1421124
2568928
2263314
2253785
3056409
1936324
1409747
2486595
1402003
2609855
2832378
1176426
1332142
2320483
2452458
1946562
1668139
1903322
2182056
2641459
3192213
2146594
2381781
1893610
2490671
1266088
1669255
1321320
2161462
1566926
3125935
2410141
1711140
2225101
3022480
1550227
2259839
1547243
756047
1803199
2120973
1668787
2326998
2641226
2553872
2585988
1984366
1684193
1179629
2037911
2118616
2365163
2480045
1881022
2565090
2083881
1416703
1830466
2931094
2037900
2035579
1215103
2641251
1664367
3430106
1916912
2574058
650846
1538830
2081915
3057827
2589460
2989627
2976397
2624695
2325683
2176991
2435184
1330919
2052129
2244261
2610916
3232546
2021526
2370138
2683937
1650003
2520266
2254069
1860421
1790989
3364457
2598234
1605493
2946626
2359183
1912533
2630283
2918840
2683403
2442716
2184029
1997682
1505528
2333404
3026796
2644210
2298392
1585593
2729972
2417245
2077323
1680648
2193662
1541717
1539721
2506604
1691645
1455577
1062826
2520281
2239786
1430775
1566907
3154741
2582357
3043481
3282776
2305503
2622021
2912165
2251090
2674388
2251557
2596334
2390423
1879172
2214427
2003077
2014198
3096967
2800677
2344779
2772389
2575105
2150748
975765
2004350
1773829
1917354
1864040
2806755
3568394
2720704
2511939
2236188
2806973
2610394
1973323
2406370
1417252
2697139
2252330
1911351
2563575
377568
3023359
1627107
2436406
2635990
1700006
1414838
2281863
1621041
2428644
1225825
3184162
1961961
1418941
2633879
1795759
2633276
2008398
2657342
1781001
2954195
2220410
1862805
2760823
874626
2099297
1298856
1917424
3405268
3215834
2150594
1711871
1922905
1471908
1605833
2117669
2464152
2897769
2216974
1411970
2265399
2318580
2460742
1884874
2603056
1804624
2553871
2336768
2625334
1610468
1884263
2538948
786810
1226474
2887992
2919980
1422055
2684786
2344609
1687427
2316595
2310973
2595004
1858427
2008572
2448456
2970196
1170238
2539046
2167346
1188671
1595298
1581280
1584073
1952084
3224258
1613452
1307264
1575052
1090513
3342037
2233094
2282027
2618757
2762295
2355068
2534945
2575987
2310995
2325496
2561606
2896222
1503893
2284877
2265797
2698673
2212185
2577776
1727692
1701810
1650567
1535518
2126109
2181388
1635964
2678665
2502805
3086548
2130248
2886715
1406792
2323854
1850331
2745551
2575679
1615118
536964
993518
2201526
2904700
1400430
2547653
1910158
1986006
2066762
1771947
2842459
1836302
1361003
2107347
2007257
1762825
2939666
2310712
2954955
1717063
3025828
2646121
2989994
2505271
3315895
1532618
1822770
2194302
2297708
2315016
2039581
3025823
1674176
918420
1921869
2605434
2582079
2382989
1935703
1002064
2983921
2929312
1091666
2727611
2648290
1873513
2894165
2571459
2059541
2070663
2345139
2520640
1645812
2201982
1051680
2286689
2017210
1957910
1910640
2779052
1475697
2705727
2098276
464354
2344856
2581695
442767
1498965
2874204
3157895
2204410
1263759
1589163
1824673
2971824
2825210
2405459
1987413
2621361
2771139
2123823
1780306
2290200
2748196
2760552
2684123
3229331
2509781
3005944
1828923
2869152
1662879
1251132
3021115
1096281
2329468
1948758
2019526
1736500
2027022
2662097
2684272
1372762
1326037
2980118
1924165
2607092
2304258
2448671
3336335
2345882
2145967
1383263
2532805
1428128
1945130
2278404
2783593
2101975
2661260
3229424
1374312
1875083
1674427
1811513
1648008
1882550
3209275
2970916
1900438
2684907
3217306
2274119
1312071
3354132
3589249
2013923
2043641
1871869
1142648
2375226
1671511
2553692
2005553
3048208
1425901
2638656
1614557
1932843
2507551
2178154
1954652
804233
1737277
2982341
2240234
1968152
965193
1683408
2307624
1115340
1577548
1753018
2707715
1630423
1906112
2916290
2042702
1346670
2909605
2201602
2421643
2619967
2085541
1285797
2257818
2646886
2279341
1653820
2566254
1266709
2287065
2002352
1891191
2495599
1742258
2175433
1751378
2306928
1635018
1538417
1432633
2465247
2076321
1857751
1592556
2021177
3227751
1496570
2077125
2554082
2367869
1403999
2137807
1600702
2739041
2125720
1535168
2493616
2331624
1053031
906952
1536138
2834406
2495778
2413929
679429
2373737
2449783
2547275
2242613
2181239
2295791
2271809
2253767
2009068
2578685
3685191
2007532
3136937
2408131
2163534
1970489
2614430
1280313
3011711
2596046
1986047
2064642
2380602
2114035
3554679
2206785
1527707
2875245
1452591
2799347
2245768
1559500
2216323
2596498
2448366
3019068
1958071
3173844
1890722
2959793
2000440
2460287
2510681
1470407
1965859
2999944
1514362
1963010
2924062
1962892
2934551
1661651
2707193
1949125
1440601
2484673
2142303
2255969
2399409
2398086
1183134
3163106
2276030
2641108
2478506
1595798
2434703
1765512
2544032
2664401
2542883
2873850
1744467
906198
3159208
2343775
2199659
1778285
2342694
1339172
2231030
3156328
2454445
1558017
2491657
2659560
2790461
1534699
3136646
1861059
2846690
2100356
1744087
2597616
1846134
1994286
3232925
2340276
2763297
2944218
2670500
2440862
1667068
1723226
2044701
1863054
3168436
652599
2410928
1955915
2575457
1979731
2510816
2525118
2816631
2360577
2490812
2041496
2661641
3474339
2747590
2133326
1841651
2619341
1945314
1709616
1497626
1717242
1789329
1933568
2506228
2400197
2307241
3048294
702055
2153902
2629797
2437531
822151
2255790
1537484
2241990
1727414
1461323
1735025
2831420
2132778
2358049
2178473
1468476
2545506
2373335
2238121
2495062
1854051
2130025
1646236
900683
2013289
2314952
1046243
2231210
1702716
1919233
2933042
1538798
1775962
1203581
2170937
3054974
1673890
2304049
2432505
2894634
1928322
1778669
2850709
1466549
2426796
894398
1159926
2892770
2048910
2326603
2429718
1254185
2342907
2350337
1989386
2909042
2609581
1483191
3012996
2564175
2704130
2051882
1737241
2687393
1490095
1613305
2710757
2517470
2771317
1948284
1892804
1949089
1833105
1811952
3052070
2255592
2829164
2515676
3230468
1944859
2466525
1998854
2788146
2340211
1815173
805956
1717797
3604037
1872127
2046838
1915514
2632657
2774464
2531991
1297354
1323742
1770282
2764794
1897246
1748470
2597187
1818084
1663495
3582820
1194918
1657981
2326936
1557998
2026202
1757663
3338525
1944870
1622965
2416978
2555003
1696255
2029160
2221892
1459760
2577652
2347982
2789196
2236468
1137246
1752487
1678541
1818413
1407055
2258907
1930494
2411963
2541091
3052416
2924324
2544975
2626810
2297060
1902042
2508195
2230917
1100358
2528975
3155424
2691359
1799217
2681438
2654893
1596244
3146374
2720649
2539511
2206801
1455826
2864824
1898017
3141999
1565057
1440756
2833194
2539450
2111855
2313982
2493071
1874137
2114703
2938473
2237026
3321548
2837057
2311881
2851023
1950411
1995216
1953953
2562444
2496512
1711573
1224388
2711898
3084583
2219911
1837028
2308728
1861762
2043632
2184484
1748338
2480369
2898166
703777
2015954
2737031
2289693
2308486
1908666
2171552
2200746
2480009
2425078
2490003
3214107
2818263
2485680
2612243
2724251
1486079
1998719
2121389
2121335
2133801
2411152
2535397
1669307
1607289
2938522
2859713
1450033
1398278
2725154
2575730
1939646
2492579
1955867
2621836
2222622
2131752
2249042
1314332
2670735
3104261
2790955
2536682
3284915
2461817
2956908
2520656
2742587
2342562
1255328
1761671
2693085
2612288
3370121
1106494
2931185
2300345
2265781
2583659
2273518
2050933
2795119
2541866
2927467
1653549
1844338
3236431
2613431
1239006
1427414
2021241
1808079
2272409
2996089
2469802
2627465
1241446
486545
1868334
1689877
2471950
1448616
3618005
3075475
2638083
2439016
2803137
814903
2161675
2777668
1851746
2245028
2785412
2230212
1246405
2444546
2317600
1496631
2259568
1528715
1753023
1447352
2008330
1689883
3372409
668452
2413215
2193454
2945435
2488532
2383523
1803712
1555498
3022436
1729115
2302785
2015802
1946233
2723828
2866896
2604195
2713087
1986437
3648514
2294094
1970782
1859813
2340103
1872623
1858119
2043667
2615957
2436913
2854666
1989009
2196056
2356891
2148047
2804093
2751727
2518816
1882518
1070176
1580364
2048038
2459682
816564
2306588
2510531
2332089
2488495
2380891
759132
1536086
2493931
1391475
1793048
1664005
2019696
1736394
2606647
1906929
2854616
2172924
3185435
2249326
2092647
1790369
1768805
2182661
2187551
2322486
2621924
2214505
2912975
2510193
2184333
3007733
2661273
1926844
3079283
2336718
2835167
2398007
1832291
2449399
1658169
1967060
1995655
2217145
2649685
1241779
2472237
2068968
2194091
2140420
2738689
2141499
2626140
2210654
2721021
3197886
1784260
2924933
2614684
2370058
1510460
1961901
2989575
1291802
1884110
3061794
2402319
2753602
1672952
2223649
2172459
2274238
2321923
1611998
2189892
2878191
1759131
1287620
1494503
2185701
2161861
2227699
2915983
2562714
957829
1941003
2890846
2422381
2857512
1027190
1390662
1099372
3306070
2417260
1033041
2036164
2900392
2963870
2616905
1727849
1380972
1410907
1739604
2435823
3304196
1887175
1711158
2492897
1967966
2701222
2581053
2695874
2036835
2468175
937366
1554565
2530899
2695687
1847684
1636041
3148981
2241732
3293544
1655396
1910995
2302091
1215505
3014121
3039366
2389587
1936470
2076304
2634323
2924470
1769937
2612410
3092280
1236288
3390785
1651085
1571025
1889126
1784937
1620933
2196768
1743541
2587768
2219261
2319470
2126016
2567333
2580358
2546346
1091488
1741992
1835439
1705303
2173336
2429103
2448247
1833229
1366836
2292768
1246892
3183062
2299254
2035322
1621415
1655315
1144020
2382494
2490459
2771996
2540052
3170149
3062880
2974302
2799701
2316536
2788408
2779301
2068238
1663739
1768967
950499
2471921
2807784
2685876
1942573
2436929
2150382
1995658
2564586
2402275
2107488
2834910
1707117
2494111
2675082
1576815
2816326
2263601
1924835
2802198
1922889
1917726
2960110
1587120
1882779
2642262
2166850
2170688
2640917
2467242
2128556
1671432
2501423
2162069
2073252
3013060
2012337
1779950
3109749
2043578
2581542
2187402
2741457
2632803
2034913
1476622
2683874
2447447
1263217
1910964
1121456
1650849
1948279
1605306
1577428
2280009
1373142
2694987
827287
1350974
2794192
1104802
2604244
1704457
2353087
2132325
2447889
2524845
1917012
2132343
2633911
1580813
1799627
989057
2269543
2390665
1732914
2287188
3063698
2482730
1836226
2490088
1621182
3055715
1713891
2691845
3007828
2912117
2593448
2141917
2980256
1394094
2931471
2092892
1926550
2065858
2261334
1545885
1406971
1888351
2392192
2650224
2101295
2839465
1057338
1988061
1707874
2826851
1990178
2662257
2193207
2359476
2587516
1469795
2118151
2352570
2331416
2368569
1973479
2415003
1488515
1802276
2333448
2808515
755810
2139433
1535051
1639528
2826990
2176492
2084315
2083478
2234342
1365163
1683891
2294564
2359623
2012253
3010363
2091103
2239510
1777014
2195664
2615216
2211556
2769480
1196347
2886408
2441966
1735425
2092470
2392430
2512863
2600705
2552090
3075080
1854114
1654981
1730782
2658889
2367639
1601469
2593047
2189740
2733555
1859310
1700357
1702750
2764295
2371043
2856216
2468107
1169013
2755469
1806849
1751905
1107382
1845735
2710461
2951983
1614151
2055103
2062884
2335269
2672710
2205210
2274950
2182874
2301321
1607071
2244459
2095519
1494630
1560573
3086908
832116
1970581
1763290
2483499
2306343
2165608
2297654
1340945
1761767
2380841
1998325
2660468
2260665
2061139
2411901
2729577
2505012
2886859
2894458
1810008
2290686
1164212
2761987
1918912
2328703
3112289
1396457
2573892
2671265
2415744
2994309
2978527
1472706
3015298
3008945
2270218
1731870
1365451
2505653
2819643
1443686
2699679
1955724
1285012
2579627
2986648
1862940
2202516
2565944
2514409
2004888
1959802
1816015
1922845
2253570
1892412
1877571
1975637
2284963
2423034
2165818
1961656
2925063
1700741
2725508
2219475
1639930
2937441
2840263
2904647
1419004
1677926
2744797
1973005
3140571
2301656
1691783
2136350
911612
2278700
2380411
1809423
1833319
2013208
1340623
1472616
2443988
2389153
1333604
2384749
1881863
2612425
1705527
2523120
2129867
2523367
2929364
2424942
2233500
3086077
2947992
2393947
2928982
2654856
1593967
2606733
1906102
1579632
2913549
1916034
1894400
2643749
1467041
2290298
2419854
1143042
893636
1759477
2802552
1945815
1569099
1917395
1899044
1615336
2034801
3291558
1625632
1558321
2025634
2957488
1748710
2733213
1767029
2173706
2878559
2663718
2740616
2730542
2883301
1825721
2466353
2489923
2227828
1181328
2410278
2045360
2247819
1939530
2902031
1593753
1993926
2272583
2980755
2289322
3413043
2454698
2747691
1930989
2306971
1765347
2110829
1973232
2238408
2915902
1825092
2735831
2647258
847859
2816559
2007811
2382402
2692058
1957766
2166713
928790
1401292
1548588
1587919
1858606
1735982
2484540
1988314
2337644
2067518
2643245
889161
1613055
2030591
2459253
1620593
2338154
2362818
2542349
2158234
2245232
2120551
2266869
1766290
2105092
2184409
2792349
2218333
2241489
2381137
2964198
1685597
2169410
2559410
1945536
1562775
1790328
1371664
3169941
2738312
2493010
2973700
1763227
2105314
3420214
1447620
2176306
1503033
2397711
1984699
1555841
3209010
2585522
1579974
2402685
1970547
2020649
2538601
2299900
2425602
903488
2122667
1818333
1514986
1599686
3084442
2011699
1725386
2282306
1872416
2135827
2338782
2617912
1067114
2080846
2637958
3318023
2251790
1896633
1330839
2999242
2057318
2545452
1332176
2759163
2748788
2053635
1620626
1619006
3219712
2362221
2671564
1941180
1754401
1589845
1157043
1657379
1598940
2791614
1828532
1992667
1982149
2343836
2523058
1904236
2241195
2751044
1357764
2328559
2624003
2280715
1439657
1853532
2155249
2138568
3219675
2867312
2447657
963735
2479575
2312314
1767397
2604855
2198676
2280717
1908626
1632384
2600166
2994934
2667396
2080599
2245704
2084688
1115948
2221078
3099739
2389694
2690821
1928023
1567888
1779316
2265239
2218168
1850721
2592611
2072684
2131673
2200503
2323102
3050685
3202249
2538299
2300034
1669787
2714445
1973269
274186
2615724
3171482
1935171
2460237
2206214
2315573
2089192
2277743
2208878
2329324
3078296
2008916
1805411
2257134
2072023
2240825
2264088
2394862
2528097
2982072
1811574
1906418
1920669
2977539
2400683
2784533
2941529
2385268
1852072
2187973
2665057
1695887
2194013
3290225
2281694
2152334
3492206
2156065
2012689
3105568
2499877
930388
1846307
2271942
2488340
1204171
1906478
2248156
2107842
1888273
1422969
1165434
2246834
2224480
2024918
2269008
2648687
1695358
2095558
2038812
3396715
2314657
1107958
2305016
2403851
1464696
2050785
1314784
2253504
2453336
1889374
2022045
2754790
2079159
2543207
2639800
1894414
1591718
2544314
2445725
2175216
2780624
2453475
1603651
1209679
2213874
1917898
1969762
1187342
2578468
2347489
2182823
2292077
1976409
2280822
1124588
1764345
1336040
2378672
2362978
2730228
2413129
2462593
1714840
3042480
2700828
2702053
2530741
1232935
3308534
2189186
2296426
1636180
2189873
2077679
1655370
1306355
289905
2344344
2947172
2865698
1697401
2408611
1619434
2408630
2730729
2696624
3505189
2674291
2800896
2389009
1666485
2304276
2458663
1828834
1389976
1485708
2338134
2391812
1761193
1751917
2442197
1694611
1702202
3066313
1283757
2117534
2408563
1523936
2753137
2205037
1413646
2675687
2823473
1797526
1192674
2381695
2958371
2204685
2220214
1524987
1586246
2420065
1976761
1818557
2036911
2473817
1940258
1991195
2793464
2104301
2901851
1837111
1552387
3085695
2389917
1061387
3017384
2077176
2190834
2501833
2257820
1185932
2531084
2494807
1432929
1915716
2617174
1936640
2100077
2263347
2667743
2090321
643427
2607872
3088201
2318032
2467442
2421241
3506180
2502080
2646905
2651820
1244187
2517318
2812621
1991130
2612792
2705612
1919377
2067380
1992847
1714966
1587031
2856468
1929535
2392242
3015150
2471871
1706323
968839
3029622
2286091
1677901
2045093
1575955
2470412
1973412
2397299
1440124
2820073
2684329
2362112
1978641
718802
2116194
2453073
1794698
2372128
2137699
2909184
2152967
2685414
2035530
2441112
1384217
1390313
2740398
2652505
1988006
1521046
1917058
2929085
1685895
960906
2394660
2158293
1231707
2679612
1479842
2570459
1013531
2169350
2339914
981665
1822259
1606041
2846867
1997795
2981070
1487311
2063043
2768815
2288508
2010616
1534268
2376349
973208
2222997
2623429
1828490
1655288
2397569
1800991
2096860
3395561
2350686
1348234
3071891
2698059
1075430
2349403
1368141
3572214
2584442
2380237
2596803
2187970
2614855
2179032
2745486
2234750
1909971
958923
2698365
2027494
2712517
3020147
2243814
2979385
3121101
1524776
1842750
2161598
1850186
1224190
2221356
2037937
2554389
1943627
2705979
2663061
2900390
1848540
1285029
2195967
1831745
2196887
2377470
2090739
2574232
2615628
2566531
2590743
2407202
2433530
1051274
1586777
1634719
1619418
2599399
346636
2234353
1620370
2939119
2183199
2005135
2308250
2777628
1982438
1878543
1561265
2284914
1605609
2983126
1718377
874585
2613471
1623829
1476945
2485386
2026436
2172892
1617360
2489925
1897911
2526133
2058194
1842812
2066913
2544466
2982793
1878851
2367614
1331023
2736677
1963500
2319600
1647381
1388332
2524202
2793585
2778300
1426852
1583213
1951884
1721584
1799461
2190690
2005842
2023444
2250464
2170697
2639946
2217806
1903358
2173855
2459884
2414963
2249698
2046590
2369053
2680701
1922905
2787889
2826959
2868794
3230989
2089235
1888450
2445197
2436209
2614471
1726849
2705333
2276278
2213813
1811560
2329833
2076323
2525410
2646532
3126469
2688238
2544458
2476213
2803322
2405346
2237901
2104231
3243649
2013085
2781662
2265887
2071323
2260783
2056519
670895
1540488
2482527
2359372
2004767
2429991
2994284
2451035
1705727
1513498
1843049
2433317
2782465
2123289
2776450
1729599
1402399
2575700
1106270
2167699
2708885
2990373
2815023
1643386
1948002
2187414
2547643
1792255
1896170
2080311
1746570
2384336
2229726
2778279
2466344
2867409
2086934
2616607
2033661
2939480
2612494
2413531
2516923
2099172
2431712
2269330
2712669
2830749
1650871
1992775
2187425
2746646
1343773
2780720
1876049
2154081
1907959
2310017
2772939
2356046
2162580
3303404
2146195
2515721
2008376
2845819
2143715
2657700
2041895
2177098
2999237
2648533
2931161
2482870
2265483
1210080
2708999
3029916
924158
2370659
3249297
2649159
2791826
2386722
2231577
2463984
2789213
2483672
2116692
2700462
2944602
2606541
393685
1136666
2601519
2172553
2940523
2256140
2102965
2396158
1593755
2046931
2252569
1361195
3206079
2684750
795521
2737774
2598744
2124328
2067224
1947127
2367676
3043495
1996832
1987431
1834256
2391014
1786552
2465464
1631677
2772559
2038267
2012932
2411312
1641120
1322345
2217962
2914258
2337014
2395117
2285745
2291638
2705229
2960156
1850775
3016932
2806880
2715535
2715057
3003336
2722172
2808205
2097259
2638028
2267206
1882690
2513960
1978966
1419666
1632865
1334103
2271818
1956927
2800888
2258692
1917190
1987026
2361811
2218955
2430602
2896047
922833
2017222
2444554
2308079
1775754
2529678
1431469
1801187
2502150
2606215
2598017
1867412
2434266
3476375
1419355
2940580
2474769
3044227
2038691
2278251
2872870
1501229
2057386
3028147
2992320
1919303
1664767
1867057
2246185
2296193
2641712
1506076
2284956
1932307
2087913
2512988
1979720
2661025
1033681
2318905
2531172
2509371
2764114
2283141
2603469
2685663
2911474
1960516
2566225
2430836
2343314
2580014
2219080
1245135
2990858
2520281
2960176
2217044
2191905
3008236
2043072
1661178
2149343
1267519
1030549
1648019
1641531
2281678
2816023
2710335
2364734
2032603
2675784
1463251
2422260
2515427
2505254
2679225
2866630
1525080
1436789
1958387
1532062
2413291
2187356
2417075
914437
2216101
2280045
1650998
2096414
2580476
2280144
2905629
2336814
2951633
2636805
2507415
2359912
2321177
1292229
1746724
2984839
2466648
2035006
1419165
3201861
3362684
2235986
2012357
2173906
2587252
1340099
1953949
1773084
1877698
2930613
2393765
1443891
2907444
2179540
1886502
2416454
1649633
1273093
2167691
1499649
1876966
2880487
1857193
1746811
1552733
656344
2133505
1809923
1917880
2325458
2100461
3331744
2601761
1790456
413767
1598019
2099544
2743328
2210027
3052226
2291184
3181998
1654670
2685482
1886057
2441379
1739652
2237884
2659420
2022767
2203460
1449719
2908079
1794239
1886498
2111064
2268062
2082026
927152
2569360
2133968
1218695
2863470
1325000
2635532
3042427
1782883
2659850
2504663
2947712
1631005
3212003
1291533
2782278
1948916
1969379
2276036
2188285
2572359
2127422
2696040
2632123
2418882
1616739
2917200
2344850
2072731
1588026
2588715
2520081
1417595
1709821
446038
2526025
1616569
2810778
1946720
1889975
2286753
1656127
2175022
1908841
2136795
1921606
1619458
1901113
2225686
2031148
2253579
3566126
1119467
1146097
2228314
2528235
2324782
2446436
2344821
2092501
2621071
1344402
2146758
2424063
2378727
1898720
1974090
2596388
2055362
2084525
2628015
1069420
947572
2719895
1562913
2224121
2378635
2700687
1206068
2246582
2547610
2164545
2618547
1665166
2700665
2666827
1741642
2441641
2990391
2086980
1542428
1654332
1476174
1044760
2316506
2053629
2316889
2565715
2770859
2166502
2056758
3208304
973989
1059912
1524081
1664260
1898450
1328564
2727436
2763111
1577371
2096629
1742397
2558536
3275749
884483
1815651
2515155
1787689
2392714
1326802
2478975
2086780
1620729
2621844
2513223
1831672
2247237
2400512
2239956
2700028
1962125
2537537
2002376
2096187
2797781
2909967
2662190
2299070
2480575
2997165
1544771
2624656
1785101
2722306
2895088
1188442
1823312
1910307
2247391
3527147
1866056
2602150
2214564
2452644
2496729
2592902
1466428
2991797
3283017
2914701
2310866
2314781
2353526
1901339
2316593
2211641
1776889
2956778
2358680
1919675
1720833
889395
3181140
2148156
2730240
2902591
2792546
2649203
2266038
3596957
2200301
1653023
1836507
1459910
2174127
2296482
2514533
2400361
2794101
2668098
1609851
1673670
2579677
2502149
2501854
2080644
2162547
2577237
3334552
2470046
2075906
1144340
2439148
2416004
1707967
1300618
1336736
1277569
1442949
1850178
1942831
2919067
2373928
2566553
2132251
2354529
2981071
1972667
1920240
2176047
2393666
2571827
2467023
2468954
1595106
2661555
2891211
3002667
1646443
2732245
2844039
912702
1846110
2716574
2924528
1132724
1658953
1503918
2638477
2874313
1858300
2508520
2790173
917310
2589280
2291719
1201324
2743258
2190714
1882310
2069611
1813566
2905266
2583239
1958157
1949662
1591580
1956268
2457118
2476195
1962223
2053617
2205999
2774805
2916028
2521748
2541076
1321927
2675301
269097
1370099
2410564
1958810
1583000
1214759
2145538
1999967
1711258
3175486
2578416
2135022
2923999
1954641
2374584
1771762
1216348
2259723
2928136
2018339
2332836
2322288
1687951
1001548
3030782
1496028
2695840
2851870
2273945
2338954
1687117
2195759
2265887
2968792
2167625
2218349
2389283
2184161
1095126
2878522
2154941
2574462
3399516
1339823
1780998
1993372
1737493
2209798
2524972
3015354
2201229
1756269
1883966
2185361
3054949
2440918
1956294
1782471
1981486
2620456
1557418
3092524
1876820
1973188
1729584
2786656
2122349
2245286
1885991
2079457
2218121
2616115
2381615
2876531
3022599
2469178
2179568
2758537
2200452
2395395
1956986
1288904
2198853
2664873
1604669
3475687
1688226
2348549
1063084
3042319
2857428
1104775
1941392
1092698
2518716
2685058
2899926
1767669
2961723
1834056
2238551
2894124
2607827
2046169
2123307
3033873
1783095
2242621
1941145
2669059
2285238
2624434
2416144
1071138
2833972
2635730
2061440
2097766
3001112
3437403
1873110
1356481
1856405
2345365
1848240
2752913
1928887
2025352
2518702
1854206
1307908
3069931
1219774
2690553
2583052
2811519
3129298
1951184
2059003
2577132
2300581
2428376
2891193
1799820
1842818
2597376
2196594
1793530
2782571
1945111
2025455
1810097
1433263
2215298
2031833
1957550
2103063
1841057
1627318
1611602
2812755
2630619
1937046
1934719
2357020
1566946
1979949
553755
1497592
2321550
1233550
2178095
1926837
719751
2846825
1962271
3083810
2346838
2056474
1803747
3526437
2159481
1651893
2806380
2367095
1830065
1547433
1053137
1202662
1286510
1815290
1893827
1984584
1914387
1774780
2001189
1969115
2150942
1133304
1558672
3231523
3201413
2875440
2530642
2002547
3052563
1156365
1853203
2281759
2873623
2730252
2269752
2994846
1417392
2401290
2236787
3032279
852561
2063036
2319960
1133677
2652169
2206207
2182060
2033093
1514523
2568424
1966643
2225516
1788361
2198726
1679856
1949264
2508008
770166
1590903
2107727
2047587
1954240
2137183
2002137
2175696
2358920
2465283
1858782
2353856
2602556
2217392
2537552
2863304
3479619
2343845
1366681
2068417
2655802
2745645
2640978
2533275
2273395
2694838
2337934
1562879
1883693
2329221
3222301
2189144
2288246
2448689
2312736
2066442
805698
2039905
2267316
2979708
2684024
2797214
1943232
1995571
1598351
2120240
1951396
1818413
2805581
1116634
2201897
2337558
2455346
1572338
785718
2348537
2143170
1744332
2438167
1286139
1214489
2192594
1273529
3158267
2350266
1872918
2558101
1981160
2411335
2144447
3652765
2676345
1120612
2642248
1908894
1263410
2284750
2419289
2531565
2657096
2588384
3160607
2883551
2258649
1327648
1677851
2363113
1972742
2526095
2650672
1820069
2135639
2151745
2791856
2209942
2427103
703507
2988028
1436682
2295741
2341232
2671678
2471890
3323706
1923005
3031100
2145202
1668404
2165451
2192881
2326190
2028432
1298566
2939137
2239304
1637026
1918534
1465284
2011907
2577567
2520300
2722378
1832526
2177492
2629165
3291900
1482393
1361416
2502272
1903214
2409708
1920426
2231374
2130254
2585433
1705411
1794820
2172244
1884964
2854586
1231833
3116591
2834869
2319592
3388597
877804
1986396
3174780
2083431
1705955
1904259
2246488
1911495
2142998
2085955
1713403
2528090
2288893
2205109
2344100
1923867
2816924
2104578
2773350
2048928
2468482
2423993
2819022
2802157
2406067
1950022
1306663
2174692
3364098
2294558
2315458
2631924
1243719
2267913
1384909
1477080
1872368
1662628
3431480
2536868
2216950
3429866
2662994
1948898
2607058
1322607
2984244
2004463
2284038
3648339
2874421
1890472
2558535
1546642
1149205
2380770
2645497
2644551
2290471
2102549
2881752
2951974
1797747
2397089
2818584
2467241
2230057
2263397
2018932
2654669
1994575
1619888
2174229
2009268
1595418
3053510
2369385
1575026
1835817
2513960
1806453
1633715
2229200
1724077
709093
2692848
3008449
2299812
2291743
2770784
1985519
2788910
2372307
1853131
2131751
2548860
1276620
1845086
2688019
1937148
1689876
2165764
1844039
2652853
1732722
2651235
2127048
1283633
2849472
2468767
3099349
2991777
2999499
2025695
1919224
1633906
2335318
2612625
1694393
1526137
1675930
2050404
1750298
2299350
1568088
2013430
1731228
2145461
3020519
2436143
1694105
2432416
2686719
2572928
2468504
1798198
1940126
1991569
3228998
1280732
2663434
2518857
2840996
2376755
2590417
2618615
1689755
1415388
2274454
1216325
2071376
1780649
2464277
2186210
2901756
1973436
3171891
989475
2411187
1754546
1671384
1874438
2322355
2566197
2525249
2548293
2481274
1912036
2010097
1647255
1555522
2484058
3165904
1065319
2087382
2455442
2499417
790702
3224853
1944160
2753044
2353273
2328034
2624800
2903427
803254
2249727
106301
1699398
3181399
2521835
2730330
2234231
2984209
1312362
3045138
2965229
2229418
2721342
2655550
2458001
3092051
2421964
2322402
2187683
2257032
2104888
2786257
1925857
1909819
2157242
2364322
2275518
885394
2350917
2254855
2723784
2810305
2985460
2485253
1697504
1348758
2032267
2497972
1333309
1938183
2332600
1397847
1415671
1375114
2352825
2583354
1351810
1264539
2784730
1569645
3036812
2133894
1824623
2920424
2152440
2555429
1407853
1441960
3051819
963886
2515050
1967730
2327681
2579091
2247117
2712691
2272107
2207437
2583276
2507538
2397657
2710504
2483055
2322016
2805114
2199021
2240108
3202128
2054500
2307047
2431284
1795709
2355114
2314078
2684263
1863497
2012880
2029345
2682673
3237049
2334437
2117935
2397378
3064498
1684431
2030700
2601602
2326069
2406183
2340082
2351059
1890707
2267743
2091938
2514691
2252324
2476891
2035016
2091187
2729471
2587447
1903980
1846285
2020415
2536033
2506316
1848300
1880329
2133313
1479107
2075434
2397758
2590606
2166602
2036396
1612288
2026981
1169515
2458163
2551662
2647711
2438965
1650291
2132911
3341705
1593830
2758863
3239265
1861016
2847825
1344482
2334963
2111503
860990
1585601
1860195
1675918
2001436
2137565
2257481
2644270
2415639
1559120
2183361
2503982
2990737
768469
2474381
1603335
1352721
1671190
2938070
1608015
1633723
1746397
2003853
1920310
2851608
2415292
834789
1475581
2912693
2156508
2030619
3169285
2108481
1886598
1223478
1212980
2389940
1691043
2169321
2114899
1565785
1779815
938923
2637216
2120667
2931069
2666208
3062548
2901991
2172637
262787
1849456
2909049
1823575
2124268
1526977
1630224
2884319
2914233
2628800
2897951
2456984
1825942
2863470
2806278
2810992
2640119
2622501
2390338
1759608
2176303
2177892
2911393
1463015
1820038
2669867
2089100
2033079
2633720
2614897
2401379
2862095
2555316
1807283
1204004
1748316
935498
1970259
1256510
2242254
1562231
2731022
1714841
2422990
2135026
1694904
2343428
2436338
950612
1524312
2327922
1191111
2233157
1624908
