12627
11539
11050
10205
10343
11448
10924
9885
13053
10830
7928
11295
11199
10875
9709
11794
10794
10035
11102
9467
10063
12395
12062
11054
11363
7308
14399
12172
11561
11391
11343
11940
8497
10890
8474
10255
10564
11581
11446
9762
10495
13275
10413
14432
9477
10897
11124
10640
9718
12162
9174
9691
9296
9874
13001
9738
10813
10554
10652
11471
12217
9654
11589
13171
11754
10318
9114
10699
8981
10469
10501
11297
8097
11012
8828
10796
10964
10491
10712
12243
10192
10864
11574
10382
11240
10537
10661
10910
10789
10003
10274
9426
10518
10954
8727
9064
9975
8763
7549
11853
10876
9609
9358
12010
9488
11930
11921
10832
9680
11587
10374
9079
9150
11238
9106
8730
9560
7966
11943
11045
8936
11546
11506
10771
11099
10864
10809
10056
10340
11221
9507
9231
7844
12242
9068
11536
8925
12398
11440
11740
10072
10334
10669
9950
13356
8565
9684
7612
11728
8059
9977
9636
9092
8146
10972
10450
9664
10057
9066
9293
9776
11372
11055
10704
8906
10305
11561
9845
9684
11979
8611
8565
9002
8560
11356
13280
10905
10039
10097
9851
11247
14000
10990
11936
10213
12323
10726
14085
10377
11269
11349
10746
10851
10828
8806
10480
12974
10382
9529
11096
9071
8472
10349
10152
6861
11602
11976
11021
9800
13057
9051
10756
11200
10985
11767
12075
9837
9837
10770
10953
10542
8251
9676
10410
11230
8755
11986
11121
8720
12039
9783
9526
12221
9674
10701
8797
9700
9239
12095
10735
12093
10548
10433
13027
11237
10275
10761
9741
12682
9729
10914
9723
9669
9070
10223
9619
9358
10755
10825
10560
9189
8878
10755
11333
10626
9799
11569
9022
11009
9933
10621
10912
10359
11414
10164
11883
12056
10242
12581
10221
8109
12737
8724
10127
10513
11379
9118
12108
11137
11972
10050
11988
10100
9593
10323
11016
11425
10250
9004
9889
12211
8363
11443
11151
10046
9913
10995
8890
13297
10801
11543
12423
12026
10874
11241
9117
11720
13103
10135
10360
11025
9901
8039
10931
7545
11181
9704
10098
12469
9008
12334
10861
11066
11389
11395
9936
11118
11399
9794
10524
10346
12290
10027
11219
8810
10435
8573
10560
9583
8564
10736
11322
10034
12951
11167
10691
11699
11117
10841
11276
10410
11866
10534
11792
11569
13138
6865
10257
13258
9229
13358
11927
11395
12010
11392
9436
11321
12662
9265
10564
11212
8610
10964
10152
10956
9836
11412
10147
9851
10490
11606
12509
11542
12345
9490
11742
11487
11334
10202
9892
9759
10813
10159
10710
10802
11724
11344
10223
11314
11567
9371
9890
11892
9185
10270
10517
10432
9980
11192
11071
11163
8938
10485
13289
10240
12259
10078
9727
8243
10437
12698
10041
11469
9074
9604
7889
11951
10763
10256
10513
10738
11474
9098
11094
6361
11450
9516
11205
9778
9995
10479
10514
10397
9668
10259
11008
10404
9442
10397
11835
10313
10124
10995
9951
10607
11032
10757
11138
12311
8674
10201
11001
12174
11039
12616
12737
10010
9910
9300
10861
9804
10049
10336
10803
11492
14839
11940
7618
8600
10468
10010
11531
9578
10511
5812
10863
10914
10373
10613
10462
11148
12412
9113
8879
10193
9924
12552
12244
9857
9922
10386
13249
12721
10199
11226
11887
12358
9572
8934
10586
8033
11013
11386
10186
10703
11157
9294
10526
11241
11355
11223
12459
12031
7724
10577
10698
11889
11370
10883
12384
10668
9477
9407
8595
12344
11393
12549
11311
12961
12742
11100
9502
11067
11045
11903
12114
11908
10250
9094
8379
11252
10436
10729
6823
11821
9599
8489
8370
10029
11606
10985
9925
11302
11115
10423
11327
10289
10405
10873
8015
10410
11482
9654
7776
10479
10747
9296
10032
13164
9669
10494
12095
12091
10400
12870
10677
10552
10044
8787
9576
10618
12214
10105
9247
11964
10111
8938
9057
11714
11430
8557
13023
9905
11884
11578
12371
10569
10126
7960
10184
11665
11768
7364
10863
11442
8038
10075
10378
10662
13406
10243
9526
9704
9787
11120
9670
9317
10251
9189
12157
9941
10212
12380
9532
14340
10858
10988
12312
12027
8935
8340
10771
8953
8816
8355
11017
9438
9991
10395
7679
9602
10528
12616
9648
10345
10174
10866
10411
9557
9209
12112
13150
11420
12867
9455
11015
10230
12351
11093
11151
9992
8708
11862
10827
9587
9826
10978
10029
11621
11498
12779
9899
10600
12505
11929
11683
12580
11467
11060
9883
10417
9896
6415
9684
8191
11087
12404
9782
11174
11409
12532
10687
8110
12854
8440
12176
8951
10994
9379
11133
9296
11291
11348
10460
9965
10041
10447
10048
9129
10345
11478
11148
10213
9313
11701
10145
10505
11124
11544
11452
13314
10981
11745
13157
10926
11476
11804
12463
12567
9687
9504
9844
9373
10773
9278
9496
10561
10832
12139
11540
11612
9618
9710
11515
9152
11966
9991
10664
11166
10170
13425
10637
10864
10658
9984
8151
12818
9489
7950
8361
10121
12010
14602
9216
11365
10780
11391
11225
9015
8511
9951
8725
11175
10912
11067
10833
9182
11550
10522
13250
9324
10485
11030
10320
10776
10930
9868
10212
9690
11486
11197
10282
11256
11370
11010
11356
11041
12881
9562
10727
10957
13182
9223
11610
10237
9199
10251
9945
9540
8782
12831
6984
10154
11947
10945
9637
12688
7135
12699
9792
12980
10402
10331
11252
9698
12116
9911
11703
12540
9770
10603
10954
9337
10325
9493
10377
10704
10435
11974
10503
10640
10145
10315
11105
11200
13001
7676
11260
11639
11030
7248
11138
10163
10429
12754
10585
11112
11034
10958
11071
8857
10273
11115
12907
11651
10358
12047
11134
10202
9722
9471
12010
9921
11175
9264
9031
10288
12075
11575
9776
12952
11317
10121
10543
12454
10043
11352
11989
11561
13384
9854
10883
9007
11303
10729
8132
8795
10884
10459
10615
11123
11046
11467
11520
10959
10708
11319
12333
10874
11080
9207
13905
11250
11995
7929
11323
10387
11491
10824
11404
12183
11582
12606
6594
9780
12552
12332
9945
10385
11335
13199
11064
11083
13410
11973
10001
11083
8334
11305
12837
11460
9816
10374
11945
10370
9481
8753
10152
10170
9785
9516
9685
10782
10733
12504
10049
10717
10619
11279
11347
11774
10210
11616
9887
11720
10450
11947
10802
11270
11770
9302
11628
12165
13382
13460
9062
11690
10665
10030
9695
11985
13229
12623
12609
9079
9385
10813
9777
11480
10653
9449
10257
13661
10485
10854
7929
9783
8514
9915
11910
10107
9817
11370
10025
11770
10437
10624
11073
9754
9837
12084
9773
10554
12636
10732
10880
10179
9504
8285
11263
12873
11370
10258
11966
10198
11813
10530
10986
11024
12408
11409
7859
11145
11304
9632
8926
12313
12345
10361
8597
12749
11461
11113
12640
11372
10194
10450
12348
10409
10610
10405
11872
9970
8995
12088
8086
8952
8683
10053
11251
8402
11932
12569
11682
10681
10681
11265
11323
11178
10521
10298
9526
11882
10260
11694
10117
8741
9004
12722
12028
8002
10141
9349
11885
9677
9051
12961
13527
9079
13179
10527
10686
9921
11199
11282
10080
10028
11141
11988
9326
11338
11223
8818
10456
9232
11624
10460
11614
11326
11873
9810
10856
6967
12053
9600
10517
12278
12913
11316
10028
11120
9670
9156
12473
9998
10686
12034
11350
9212
11090
12931
9248
11253
11564
12871
12141
12119
12810
11621
12157
9693
10113
9752
13003
9596
11337
9394
11266
10774
9231
10935
11579
10297
11736
10870
9485
10014
9389
10782
11317
11303
9481
9620
9508
9550
11849
11001
9606
10521
10107
12449
12755
11711
12645
10077
9182
10462
10024
11314
9917
8230
7814
11239
11523
11517
11136
10250
9818
11557
10137
11001
9896
12455
11036
9915
10382
10161
10484
11863
9333
8486
12414
9010
11982
10257
11148
11477
11613
12238
10228
9637
8174
9327
10424
11274
11511
9004
11326
11123
10085
10030
8886
8462
12139
10678
11463
10407
10699
10718
11322
11614
11380
10527
11127
12641
9927
7722
10517
10450
8808
8941
9141
12957
13339
7829
10831
7717
9429
8308
11479
11779
12312
11972
9510
10157
9340
10657
8800
11714
10930
8104
10900
11039
11922
10391
10931
12334
10503
12618
8227
9367
12275
8371
9082
8885
12492
8119
11064
10813
10804
11088
9805
14503
12205
10772
12045
11047
13372
10441
11238
7720
9646
10784
10869
8382
12326
13123
11869
12395
9026
11651
11603
8733
11837
10889
11466
10961
10348
10277
12417
10563
10784
11283
12277
10361
11032
12144
9835
11377
12276
9846
11792
9055
9721
8338
11175
9790
9513
8895
9075
11280
10184
9020
11170
7786
9171
8145
10115
11998
9808
12218
11056
8222
8408
13877
11901
12161
7148
11127
11389
10380
7230
10074
11183
10033
10048
11197
10574
10164
9970
9774
10937
12305
9444
10199
12245
12183
11269
10372
12076
9961
10142
8893
12052
10559
11027
10334
10470
8888
10898
9291
11738
8570
11214
9168
9606
11024
10090
11644
12318
9141
12077
10433
11004
10739
9999
10849
10665
11191
11977
11709
10136
9198
12768
9117
9643
12333
11104
11806
11358
10087
10456
11609
10371
9203
10895
13158
10033
9908
9092
10093
9015
11224
8267
10170
8347
8097
9952
12146
10110
9882
8544
11936
11614
10435
10348
10288
9971
11286
9025
8312
13839
10266
8551
14115
10604
10296
9927
11806
10430
10290
10484
10025
10583
11057
10299
9871
9867
8538
11895
10643
9674
12367
10931
10941
11871
9457
11048
9858
9223
10383
9474
7233
12130
10949
10456
8506
10932
10813
11152
8907
10591
9542
11689
12153
9933
10092
11986
10747
9857
10643
8858
9617
9120
8926
11379
11089
10472
8034
10401
9218
10897
7918
13023
11571
12296
9228
11325
10948
9941
10949
12177
10834
10949
8522
6051
10771
9471
8901
11720
10704
11232
13413
10078
10145
10684
11958
11464
9776
10257
7801
13856
10766
10628
11245
10360
11161
9649
11760
9246
9731
12680
9827
12180
8649
9273
11448
10191
10324
8371
10756
10858
10925
12450
9592
9261
11683
10994
10228
10472
9924
11575
8687
10397
11819
10397
11120
7693
10816
7831
10803
11481
12058
12651
10459
10219
11210
11888
11113
11731
9893
11394
10901
11123
10650
10809
10434
8841
8725
9272
10093
10424
12861
11353
9722
9479
9765
13015
12434
13754
11269
9808
10273
12957
10597
11406
12207
11259
10604
11393
10795
8343
10174
11347
11214
12542
11955
11095
10057
9819
13027
12663
10681
10804
11542
11819
9535
11511
9663
9905
7833
8335
11532
10085
10244
12230
8718
10037
10079
11125
14025
8819
11809
11894
11544
8876
8999
11975
11061
8975
11580
9480
11420
8422
11867
10012
13051
9165
11946
11008
9999
9505
8819
9872
10708
11637
10235
11168
12147
9068
11655
9634
8481
11679
11356
8064
10304
12451
11809
11611
9137
9858
11806
10961
11290
11932
12888
10390
9663
13785
9413
10938
9858
9657
11411
12014
9703
10155
11245
11396
10458
7684
10798
7217
9724
12554
11627
9113
13453
8408
9998
11487
9375
10896
10043
9167
9726
11229
13462
11359
12428
11739
10866
9296
9997
11558
9828
11370
9915
9603
11117
8365
10096
10632
10211
9340
8268
10307
10023
9120
12246
10525
9186
11698
10351
9376
10513
8547
10721
10052
11687
10534
9996
14346
10369
10143
12339
8578
10256
10447
12305
9899
10778
9445
10218
10067
11793
11986
8978
11928
10841
10773
10484
10466
9692
10837
10626
10344
10752
9629
11753
9112
11621
8205
12258
10711
11796
11028
8995
8496
10717
10331
9540
12255
11066
13456
11534
11890
10118
11677
10278
11113
12760
13138
12077
6377
11345
9551
11165
13071
11422
11880
9590
12620
11840
9002
9625
11368
11301
7023
8925
11012
12167
12259
11372
9812
12700
9010
12066
11065
7931
8972
11411
10086
12183
13170
9809
10414
12552
12166
9641
11126
10823
9828
8808
11164
10737
10566
11093
11229
9797
10936
10480
11077
7856
10731
9936
11743
11766
10792
10243
10599
10627
11589
11321
12545
9125
10723
9565
8290
11698
12093
11812
11884
11599
9751
9731
11784
7549
10920
12312
11757
9745
8737
10107
13559
12381
11260
10193
9790
7560
9868
11678
10295
13389
12714
12534
10386
11002
11922
12588
11868
13496
10153
12715
11316
9392
8384
9073
10572
10657
11931
9095
8874
11499
10757
7748
9224
11021
10514
13261
9411
10652
12093
9616
10684
10131
10628
7603
9999
11471
13594
9456
12653
9693
12263
12808
7970
10903
12487
9898
11721
10511
11326
8960
11193
10549
10231
10813
9993
11562
13106
11249
10850
6959
11418
10383
11453
9018
11703
8611
10273
12124
9260
11056
10509
11248
12436
10078
9563
10939
12039
10467
10846
9456
8913
10385
9792
8077
10592
12705
10732
10724
8258
11899
11845
9963
10549
11220
10229
9564
9120
12303
10510
10128
12141
9563
10691
11487
11153
11179
11259
11061
11464
8807
10856
12495
9297
11932
10374
11243
11394
9917
9523
11511
9788
11472
10990
11188
9327
12566
10725
11872
12229
9282
11197
11204
12482
9557
9828
9304
9775
10504
10132
12322
9468
12954
11014
13266
10910
13130
10742
11193
10483
11857
10117
10043
12256
9198
7458
11594
10722
12224
10163
12435
10625
10778
9646
10354
14672
9798
7317
11487
10831
11120
8893
10250
8638
10057
12279
8271
9966
11529
9839
11777
11793
10922
11361
10150
11623
13148
11275
12538
11764
11868
11061
11364
8986
9492
11218
6856
12085
10377
9487
13001
10066
10475
11191
10738
13988
11246
10200
6824
10031
11250
11110
10495
10071
10746
9104
10343
10459
10979
11328
9815
12003
11330
12218
10053
13283
11793
9808
5864
8658
11170
9971
11865
10676
12120
12641
9837
9102
13042
10556
11721
11383
10752
12422
10507
10596
9698
5972
10549
10358
10127
10299
9138
11531
11774
9005
11373
9860
10989
10086
10330
10702
11802
10064
10790
12105
11603
12778
11085
10084
13778
10284
10828
9886
10426
11353
11315
11504
10769
8184
12080
10908
10070
9796
10014
14008
11817
9346
11137
12146
10323
12189
8721
9876
12003
10265
10250
10722
10548
12885
10042
12487
10054
10540
11090
13075
10128
11013
11018
11246
8975
11191
9303
9730
8323
7669
13442
12049
11454
10127
9636
11542
9940
15392
11044
12061
8632
10327
11082
9464
9410
11218
11163
12484
9332
11955
10908
11958
10748
10657
10170
9428
11279
12739
9490
11164
10376
9854
10768
10562
9729
10234
12324
10285
10468
9782
9413
9946
9872
10610
11009
9199
12342
10212
11380
11609
10227
9856
9442
11599
10811
11011
11235
11718
10732
11149
9636
10484
11812
10753
11314
8588
9819
11110
12529
11822
11332
9723
11534
8823
8914
10404
12398
10759
10858
13203
11228
13453
9479
10361
7892
9911
7819
11642
9970
10779
12546
10932
9493
11441
12401
10926
9196
11367
10463
10802
10086
10228
9527
9226
11040
9189
8399
10179
10127
11041
9013
12732
10246
10102
7478
8663
11259
14547
10386
11424
10989
10784
11782
8259
9696
9125
10601
8942
9927
11439
11081
9900
9700
10328
11338
10591
11892
11846
11544
8749
8654
12400
10550
11335
8253
11008
10322
9370
9376
10468
7010
10319
9293
9458
9533
11212
9697
10858
9948
11042
10800
9017
11234
9680
10916
10301
11364
9657
9691
10550
9100
10428
9742
10450
10020
9342
11375
11888
10899
10324
9925
10661
9731
11215
11324
11133
10949
8880
10768
9450
11014
10481
8371
11283
11693
9679
9708
12257
10348
12235
12148
11818
10457
9216
9491
12002
8169
11620
9471
9789
12344
10832
9013
9584
10119
8541
10495
10232
10366
9697
9940
11129
13443
11638
11870
10804
11128
10933
11223
9978
10159
12357
13568
11565
10519
9121
11798
11087
9525
7761
11894
10462
8875
10413
10284
11697
11221
11495
12285
11147
9784
10348
10627
9247
13518
7217
9222
11175
9624
10291
7639
11656
11679
9780
10510
10861
11396
11340
12435
11684
