277
522
84
545
133
203
609
963
536
303
452
250
674
918
464
167
853
848
91
699
451
493
596
466
531
730
158
144
483
317
112
188
291
273
582
310
263
93
485
60
124
46
33
812
228
547
678
587
832
425
233
168
541
774
187
488
948
880
989
162
432
513
976
636
444
478
405
160
237
171
482
912
772
87
670
248
241
888
51
839
154
243
535
229
288
117
328
710
643
521
509
595
319
498
688
3
470
592
512
404
962
96
557
486
110
156
511
191
781
111
367
69
436
309
906
881
426
566
368
198
8
729
43
363
585
370
794
333
580
544
608
196
474
975
907
312
782
836
35
966
94
570
384
546
552
721
358
624
4
428
430
398
366
31
283
210
965
939
829
418
754
925
186
362
216
707
459
355
931
6
161
589
743
481
476
422
99
289
59
779
27
437
553
543
127
487
215
796
269
364
465
295
129
264
469
412
390
613
246
852
136
44
851
490
894
654
616
974
479
820
416
555
383
308
138
104
706
621
227
858
733
668
413
395
448
866
385
184
324
538
337
200
683
491
1
652
244
396
113
579
379
549
232
40
240
666
408
75
126
378
407
173
761
382
703
296
224
575
270
101
14
193
82
64
959
902
271
327
463
100
360
350
166
281
605
560
651
90
145
86
74
340
409
287
157
766
209
256
755
647
15
352
507
604
705
280
201
610
475
988
659
334
259
72
662
434
441
123
896
372
505
115
353
297
249
70
440
365
47
135
411
857
152
646
311
45
39
630
155
114
941
783
748
943
195
406
180
222
714
278
342
701
197
242
359
915
530
121
32
501
798
169
163
471
262
673
19
279
341
811
252
174
205
285
23
292
949
78
528
388
998
675
392
150
131
266
22
597
149
245
346
510
899
58
771
386
68
57
128
401
780
179
745
181
790
942
454
573
540
208
300
105
746
495
864
25
347
856
141
740
846
467
996
218
520
561
12
506
928
221
322
944
95
219
373
351
929
568
920
825
102
354
254
993
691
950
529
709
658
936
526
914
635
901
581
577
194
361
298
677
106
276
945
627
267
54
518
331
77
496
274
146
316
52
67
629
734
420
622
374
97
564
443
855
226
867
325
477
323
202
874
119
345
967
619
517
634
299
143
519
153
445
282
18
801
41
834
756
183
523
