3163
18736
34813
49420
7464
37960
29571
33499
23877
32540
27334
36465
5072
10183
15016
32099
15386
5769
25509
15978
49750
49056
16358
17177
18902
5801
9398
33984
5816
47293
890
38240
3752
42548
479
13468
907
4397
19207
25081
21948
2192
16127
27102
29797
33042
7676
31476
18097
21813
6003
38862
34007
47318
19002
8487
7282
14597
10089
21467
42127
28114
16228
39304
24395
41728
19897
31899
22048
20082
6104
25804
33756
49107
15723
1014
11873
45912
21260
27084
6248
4241
9081
15756
12402
9242
23498
3978
46190
33470
18535
17465
15913
28668
6386
12686
31721
46365
5535
17804
18718
6131
36238
31254
160
2743
2355
25814
6571
15372
29616
25256
5604
309
14350
89
13335
12951
1635
35699
49661
29478
16790
38793
26357
12099
18893
29813
38635
36384
9609
24984
40217
20152
2803
2766
10518
27050
2011
10858
19333
24611
17839
14142
16118
1890
1323
15383
22743
13385
4808
15990
49459
41433
11760
32037
3306
12500
14457
49032
18683
3514
33878
37836
1942
8430
7469
28126
19844
25109
28649
16681
18419
19369
49384
10549
1376
5986
1079
20671
25747
16972
20122
13312
25360
7549
31496
7068
22180
20677
10985
3117
7509
39585
26014
2607
37059
25677
23390
48304
43873
26151
1742
22560
18460
4976
8370
23649
27924
5746
6374
6797
5989
9635
4165
9238
14795
9158
1453
12647
15915
34920
29664
11205
5407
24857
7659
10737
19929
14325
29104
14478
3829
8408
18371
14738
37410
8859
6257
28
15758
4475
10381
40814
593
30498
29724
14463
38405
36836
17084
3162
46576
2964
14978
48642
8135
29251
31281
8352
19569
32780
11324
3217
33094
18490
7933
19979
4225
8463
13029
9409
20621
34754
26668
24265
5938
5521
29197
10223
7815
24287
12819
15334
10873
37972
19636
10654
6697
11530
37910
38354
1765
28331
6484
37100
17261
2289
12840
26713
21285
28477
32824
9487
8316
2087
2849
1834
27562
32113
8643
2927
324
32571
12029
6502
2938
22487
23677
23850
2479
28385
13974
26700
35464
22234
35160
18225
22146
9312
34435
14480
14031
48438
44374
14335
18533
2701
9287
6875
14469
3283
49591
22073
3517
5077
6799
32239
22065
14906
10864
24236
8653
30696
5056
33191
15054
3201
4742
789
8400
3422
31077
29761
8985
34818
9901
10202
31018
468
7907
7590
3309
19702
1918
13096
3296
356
21121
8810
48962
17241
6288
16304
12277
21862
14951
8311
5468
40933
3548
18020
2601
29325
9526
12977
17059
15443
12489
12671
6459
32499
16093
9222
38332
30643
28834
39613
6917
12659
32908
31559
7961
15581
17748
3149
3297
35037
23278
35115
32538
39073
20469
4974
35165
33548
17349
18224
20066
26523
36439
16698
11092
30718
28840
10537
43874
5142
19734
11613
36243
19340
39769
38659
7254
34029
13551
3039
10543
5542
8459
23139
15761
49467
29443
45000
49920
35770
31967
1735
11280
34816
31601
8558
9113
23412
4576
10117
2324
4139
38181
35579
12672
32952
10016
3233
16312
6349
18630
39327
35959
23671
23009
24104
12675
49587
33510
18111
26427
18223
14379
30804
21230
1882
24741
17401
5226
7781
27227
16254
13975
36709
39974
26158
15773
13159
18968
14719
854
30589
24347
47641
24534
1704
2239
21023
10314
16350
37669
17897
10107
9522
12042
6008
1441
7193
15900
4269
18826
11428
13139
6786
24302
49922
6
35996
27679
18229
16276
28725
8250
22223
11068
11470
4926
14196
10130
12218
30164
5641
8247
5441
38771
8328
14096
6988
13260
26589
33098
46886
4679
23683
14162
23189
15784
49448
3431
12970
30252
30079
6129
1691
34230
20037
45766
27828
17857
9188
12585
31138
9800
10176
13238
15140
28858
11456
5141
19092
33637
31112
12310
16245
8315
9870
2532
14990
4793
39858
40033
4286
26463
30802
10268
18424
8326
5444
2529
6121
22748
24045
15475
7022
8635
967
12617
38935
30358
44049
9459
32584
43461
19036
20271
1947
721
5037
27743
648
24668
3867
14015
5600
17966
13696
7892
37457
18955
49385
3535
10293
38777
31096
18427
24889
4900
10893
11138
11970
4567
28002
17527
238
33575
1841
49851
21496
49025
1288
32712
32885
8381
47901
33624
17608
9714
20939
25040
12357
7964
18410
36780
49109
17055
34238
5052
13947
81
29552
977
6372
9748
35735
6105
39365
2492
5862
11741
27529
7701
2024
31940
12462
16091
46895
27490
14199
6651
12745
14805
17891
25172
40083
40128
3379
289
48014
45705
12341
10501
16979
2138
24920
16546
1565
38227
18937
19329
35529
49052
26903
27204
2593
37049
7822
9347
14948
49183
28229
14837
24740
3464
46187
9418
31311
18414
4736
42462
16109
2615
1240
32878
4895
6048
7960
26725
49804
1463
37750
37363
7220
15425
18695
20742
46980
2303
27400
1621
3930
32276
12542
14373
10012
19396
38938
2134
25492
19073
6174
35195
363
34578
19905
6378
30453
49798
20748
16031
7460
38596
13635
6469
18805
29318
29796
23148
45273
28271
16149
47374
31945
31026
23019
14008
3212
19655
14804
4891
1029
19185
35553
24226
16258
7978
28736
976
35886
8454
34234
22957
13651
17575
6190
34276
2620
284
22999
13176
27877
23367
18744
27269
30759
2558
16618
8011
19690
24799
14234
2923
7773
7365
32191
30192
2265
5796
15274
16225
31307
3610
49934
19114
49624
11228
8534
12938
23566
45493
36262
3490
20139
26606
115
15343
14655
36251
22103
11616
11156
557
27682
38942
989
6163
38456
17863
40563
29288
28802
24172
6332
10109
1794
33849
268
36253
1245
24982
17968
11343
18999
8782
17844
26346
2936
15590
14417
14037
2364
27205
33750
17061
774
12444
32739
14163
10482
16501
14519
27066
27676
22689
48998
30287
1486
1799
15118
35279
35866
37394
11314
9834
13555
7977
11248
7533
6423
1711
19913
750
36358
13604
12558
8192
5192
9968
13882
25248
6157
9464
30379
48572
44545
15433
6935
29980
22527
3832
21170
22248
24417
10483
15322
37201
17869
13667
35117
604
10958
4437
8157
43878
37882
36425
12129
20010
567
2199
874
7105
7831
20388
8028
34019
35775
17330
42448
491
23676
38706
14813
21448
1595
9119
2726
15001
8021
17378
47723
20207
14646
4642
3279
10419
23473
25078
4265
23949
13300
327
46372
466
31886
13943
29337
42685
16788
8233
13422
11960
22315
19980
36810
9076
36686
5412
34874
18932
19424
10948
15949
19521
25114
17709
16479
49012
32919
19966
5556
19642
4271
559
19323
1062
17597
20105
48815
820
46968
9145
21835
18914
11334
36540
3194
38918
20919
40796
8399
15347
18675
7733
4552
23639
32408
8397
1395
12812
4615
31883
21587
20928
32574
23848
15922
8258
35417
15930
4266
35299
48279
35059
18927
12327
41525
3237
22597
17088
15690
3000
13290
18667
9796
16738
38193
7385
8418
27342
42363
49480
17014
34950
12503
32364
48561
4855
44133
7879
25545
8393
16269
27840
8513
12076
9059
7369
7462
42469
36090
15234
3249
17370
4588
25729
1067
9578
15889
40268
26253
21039
15587
972
11022
16802
22585
38260
2182
28449
38639
49299
6776
32551
21420
1190
18127
1314
3999
45570
45612
4864
14032
25356
13134
31383
22242
16424
10086
38344
8747
4073
35585
35076
16238
29529
38825
18263
14624
8851
15427
28991
20047
34673
32825
8036
6399
18351
7258
8396
18195
24263
33161
30801
23593
12305
10049
47888
32301
24433
30030
30898
30242
21052
19813
18355
38551
10605
38169
11186
18531
4374
49437
1354
49948
10327
5643
13726
26731
10008
29924
14475
33367
13636
26988
2777
6070
19203
14883
14154
2349
7982
5815
6107
2899
26455
5843
20727
8268
1702
13358
16886
154
294
25693
19438
8056
13612
2799
21325
22855
6161
4442
45800
16644
22932
45044
28434
4860
28926
7038
26504
7703
5415
1683
36032
7540
2801
34004
37619
38200
18160
11891
33312
1283
2006
200
7077
24412
39779
15271
32143
4830
7778
13907
24727
5802
2408
3914
27504
2985
38404
17912
11396
26708
14328
5819
17808
29700
39629
24986
8051
19218
7207
5055
47474
14406
2910
2485
16733
17940
22686
18798
12988
6541
15728
30630
176
11828
18288
13747
15273
30504
14113
12803
36354
23522
5890
16938
21246
42523
11906
12025
25655
17947
1579
38580
20531
25032
9706
26274
31839
12502
5424
22461
6461
15294
25996
15410
30952
17087
19379
29754
12791
11730
27738
35744
33280
22039
23606
36631
34691
6279
10416
32496
12631
596
22478
24498
49312
18860
49310
19060
36501
41798
9660
25030
16455
18008
49504
4347
5559
11670
7593
24371
9033
37124
22959
4491
26435
10030
3468
23555
15268
34549
6878
14073
8989
16666
16024
20436
19910
14717
10775
27681
11409
12154
19590
27583
2314
1610
27919
4741
13327
13802
49362
3814
24211
26388
38916
7246
49707
2326
11489
31309
6000
23275
35180
38460
13780
25767
1104
21180
11946
29380
33792
21700
9390
32222
35549
17738
3874
19694
18982
4480
36724
17548
31910
36996
6655
8691
24363
32152
14587
36287
29736
9791
7681
727
2504
29366
13829
7547
4699
11379
25187
20350
809
31299
6761
9506
2184
49806
6410
14662
39955
12140
30588
27469
22576
16408
1506
28219
20209
2986
13533
21370
36002
16126
17882
36309
29926
29180
5326
21269
49988
995
19111
14467
30347
5189
22107
5348
34095
38508
11833
30943
2708
8686
12722
15195
25553
23360
5509
36112
2706
11258
20856
27601
10340
13099
18598
5888
28404
29901
28468
12211
34921
49245
18923
32851
28758
3988
11217
15654
1997
16218
48960
6572
16821
28629
2683
15585
30336
14900
2232
15471
9984
26040
37511
4177
31692
1684
33951
36947
16451
5400
22063
35472
38854
1189
8017
15460
8604
23443
33874
17443
7666
23446
8651
1925
3167
9489
15582
18794
12105
22696
3650
47195
45013
28909
7470
3777
18527
19839
49043
768
14517
23995
31713
5508
16555
25434
26088
2823
724
27669
17227
46174
24776
30000
37931
9523
19286
24547
3254
24297
4233
13316
14285
32195
9086
550
25977
13653
23988
35070
36746
36768
638
12417
11366
18548
9883
36226
37911
11410
27237
14477
1869
29430
16634
14671
8037
5375
12043
2005
26259
787
33508
33114
40845
3266
15082
22658
4534
21683
49533
15659
11657
33448
5851
15375
28163
23750
1140
15041
20865
36785
10478
38571
28012
15953
13346
7856
32121
22406
26079
10506
5834
2591
37377
30425
4988
17143
5053
13585
14056
19514
10425
971
26444
28305
7177
49377
47972
19834
21366
37446
12897
40211
49164
7527
17488
2007
11589
31791
28807
10931
5168
172
9385
33444
12151
32925
15061
17985
5313
48210
17705
6087
12544
15285
6896
254
24427
30794
7244
15822
18188
2514
17419
29831
8560
11071
14115
15699
32249
7318
27549
7349
8937
5831
6659
18005
29877
9024
3395
3315
17832
34852
39281
9723
7786
19985
6721
19015
13598
3695
8666
48276
38591
49305
12061
22149
7725
36045
28556
34113
23749
17243
8566
2602
17861
9761
6111
84
33834
23320
31175
16675
5087
26567
49666
1427
30622
13772
17388
9873
8769
40246
10064
7216
25651
17267
43369
9805
24705
15811
23781
17778
13715
17544
29548
36157
3004
7935
3981
30262
31102
38320
8277
26535
31362
40414
7131
2473
1011
11968
33423
27999
9405
9052
7803
20157
36239
31554
4840
37285
18319
36020
10723
6425
31912
40620
7848
1284
4949
33456
25969
7650
10685
20917
36421
43854
3150
49641
19168
3904
22645
2987
16013
41947
9850
10150
37165
49905
26774
18644
31549
37816
9253
3229
23710
24081
10783
25048
19633
16899
33072
36242
24820
7479
13711
29667
18254
18652
12377
11634
29221
15073
49231
11254
6669
14934
4441
27530
25565
4179
11650
29247
3690
35275
49766
17682
12981
18383
3326
20042
34846
1087
45738
31343
21244
191
3211
18384
39117
42537
3492
28711
18774
33586
29382
19774
548
5645
4264
19022
19892
15405
23987
11375
21896
28429
370
10348
6273
16473
11927
17361
38669
528
9597
7151
11774
18172
790
26093
16857
7740
37199
26604
31938
10856
32229
2971
36406
42051
9100
39339
4568
1778
15452
26089
35651
5680
7671
7183
36271
10256
37114
30136
8435
1203
36004
35022
19041
19312
22580
25455
3702
2635
15677
7056
1263
31007
7999
8481
5615
5017
23295
49181
4802
26497
19603
11745
17180
36581
21012
11034
2200
15038
38670
16457
32002
19755
34911
37009
14749
10650
9731
19084
2586
9270
2487
2356
16912
7418
13369
8432
15672
3459
2147
33076
32774
30627
24102
15572
6740
12879
8933
7260
46776
35861
304
6650
16528
32751
12052
9362
33183
903
36665
13993
17250
14893
38714
33262
18295
16213
12612
4014
