15096
78701
75315
70572
97174
6272
29754
55364
97915
81616
74804
57
68459
63889
51481
7400
30536
86989
90900
65064
44329
22217
47465
99999
44932
8121
13000
20238
37634
93896
53066
13250
52065
33120
99483
16274
75176
70289
6397
69132
68045
54921
82752
73018
41996
82941
5142
65810
90432
40932
97524
24821
45691
34128
82774
42518
25807
37115
59234
83033
46598
57106
87158
55992
58301
520
45597
24122
78904
75379
71088
81307
90458
51041
96799
68289
70288
34193
99091
26060
70054
85207
18154
94743
32032
38338
84473
65462
38576
37788
63825
85300
43423
90850
59936
74618
96018
94660
16194
65354
32165
59815
63772
8881
71189
7892
95835
92005
87538
52059
90134
75101
20552
79456
72248
30538
45443
146
88206
64425
53313
51591
9397
90574
86971
60513
25368
74418
94998
84988
87519
81705
95355
56188
89948
81372
16831
79588
71128
84349
19601
15409
58986
61169
62975
1226
76104
63586
66264
69006
90775
9999
70370
95808
64664
61128
71309
80531
77694
5270
69685
71464
44980
55578
97961
52972
40409
85374
58278
18650
17500
75970
99279
70387
51217
14568
81813
94750
91510
60218
20598
3013
68997
82699
47950
80203
58281
48432
84879
88045
53540
27114
71668
65407
63264
73015
96508
83893
73526
76053
69733
56120
41237
25982
62964
56440
96174
62694
86552
93554
96682
5601
73468
52255
27133
24311
32346
67435
65294
58562
95671
18231
69910
22210
90867
49597
6693
9732
28502
95859
6367
9647
57550
65411
77442
45502
36128
22856
1988
83836
76445
32749
84245
99170
1805
13358
89759
77202
73501
80698
21053
66067
90563
51027
9056
40509
47853
90694
89329
75362
63347
76369
51317
55431
81621
98453
92182
99058
48578
34298
12004
4803
45714
26180
74770
32443
8092
39173
89192
69787
7623
90151
63495
99628
42703
61847
19950
60693
71157
43836
66654
26246
30744
90553
13230
681
57961
28402
37266
95260
58947
78284
29302
92826
27414
35025
2084
62285
75108
72513
58235
84259
76095
67061
80452
17770
5325
22724
3130
47054
71317
35013
73349
38797
8966
6561
82780
19637
80344
48134
14545
64758
11205
99359
24894
8355
61595
94035
33708
15076
7165
11132
49267
85077
82095
6170
81928
52176
14098
68572
34908
84454
26309
13840
63031
83121
97952
89732
96550
73639
76957
65994
64969
87963
19633
36145
91063
50540
9839
67429
87942
89847
98995
97188
85203
80929
45243
96124
60101
51091
38468
27697
83116
98217
3239
80923
13998
91329
83316
60546
73603
69002
10590
84569
19004
74989
50339
75259
75449
90399
99210
71485
7159
88460
61715
87153
43713
92154
49566
88517
68206
35412
76121
91474
64259
15525
84906
16238
15399
67692
91906
95819
97412
61924
75786
74504
73874
91966
94217
38873
81171
18328
32239
55544
37304
12938
69723
91513
70425
94895
88238
16000
30783
12671
84799
81503
6271
17109
70916
43188
92232
59914
62092
57174
26406
30563
92648
33964
50373
95386
74800
90366
83103
57460
58024
35265
14007
66785
8805
53821
36422
94442
97229
71076
78872
86626
57786
77165
31301
42756
86404
74881
58500
69084
18375
82678
57051
24119
69832
64204
47352
95965
77877
25603
91227
46461
45200
35199
20495
89722
92519
50838
99996
82485
91588
32554
71323
84616
94425
78991
10525
87370
37039
5365
20291
71364
6918
78635
68538
56681
18568
90663
46895
42796
96591
18477
80570
65938
90336
78288
81233
40879
60757
37812
69792
5170
57207
48408
46232
68288
92223
73282
76538
94599
31381
90787
64378
80801
66753
78664
56932
80580
16644
71194
41639
58618
42278
99703
90550
21074
60411
91431
62688
73681
98241
46039
61258
70231
92778
21334
90203
44744
82703
5726
95497
94367
92036
12810
19038
95978
16011
81984
54769
2145
64347
6598
50148
69918
83594
35408
40124
45689
49445
39397
77121
32011
59112
71921
67094
37716
66965
70168
24170
58789
36038
77426
69731
28940
78305
10947
29474
63876
84985
70963
87284
56831
98592
45220
75014
65923
87525
44907
18020
18963
3070
49693
91941
63216
97256
39760
69785
72691
99282
21522
36769
66958
31532
69060
56871
10342
83297
96640
66029
19221
63928
51758
3136
23609
86196
21461
58558
90060
63752
51637
14047
64823
588
31380
28868
32485
7251
93880
96313
6386
14077
77062
14185
18935
70283
52303
28033
92935
78188
80660
74362
14322
99293
96522
52543
98819
11992
91158
95439
66162
27203
28125
24954
55056
25174
77807
89212
87064
61757
83697
76621
17140
37307
6218
83659
40613
75919
80230
9306
15316
5773
41636
80952
21525
63872
49950
52885
64606
84385
11998
91053
80175
43788
83797
20887
74734
15469
25802
22034
86679
91001
16241
17181
81830
47098
16570
26846
85724
51668
94029
84482
20988
1901
43594
21693
42690
45778
22353
73083
43212
66976
91597
44237
89553
67698
83585
95632
83481
87076
81367
62693
91312
86149
93088
56297
48541
85817
28602
49675
2661
59611
4801
28827
66209
54294
87457
64935
79928
88905
82331
87279
97403
64498
99861
38496
16579
73352
69139
81938
73817
67507
16730
30661
35898
34927
80447
44057
46700
73973
94752
84847
85017
40172
99062
89578
96052
13758
58365
2634
66995
98432
1895
25210
63576
8552
72724
66564
72460
64380
33447
40217
90068
48532
51655
44620
30567
62483
73262
20481
74114
99172
47316
19428
78328
38757
7867
71990
35601
11918
42465
60013
78106
71629
85640
78257
95781
6835
51179
94973
68082
63520
49490
78704
610
73322
12633
36265
47742
80912
65725
63677
24777
10396
68715
95265
94622
3349
5552
24278
87232
62642
85918
8851
39716
97221
96517
57296
6960
23070
77857
12348
71315
93286
66482
77475
124
21607
5299
89624
31260
6589
74291
30492
67552
25268
16923
28349
16231
78998
65139
23871
33946
28981
26088
49780
90809
10088
27202
82119
70195
43498
78920
82664
61041
86669
88236
96975
37338
33688
53111
12215
62374
76805
55891
33358
71129
56034
96292
63410
92396
77424
99155
82011
50960
3757
88666
51965
21017
72672
96959
6854
30893
2494
80846
80398
53109
92225
47115
78869
75266
69066
89737
20394
18562
79094
82876
56632
71769
13345
31730
2717
32691
62520
9900
66931
34855
4547
66771
53171
99943
8228
72116
57649
52035
60924
76325
73491
92521
58590
94179
45321
53287
85911
49794
4474
74786
62383
91732
87731
51476
91883
82370
18232
31202
88551
7170
21215
17879
6696
47369
4996
71388
84555
4495
93467
49210
62348
91801
19597
20030
69666
82779
29466
78885
77619
85702
12601
10927
6154
50341
62861
70202
42374
44060
60839
47410
4233
97404
8936
79948
73452
81850
68121
12896
83291
48606
27540
66873
74997
110
72619
77278
33972
98082
97683
70221
74358
42918
20755
97880
91827
33956
90309
30019
38142
45654
35528
91176
20778
2465
61766
48224
16583
6626
46358
11468
62431
82717
41565
64376
11152
29412
83617
45423
55949
64905
8328
78006
52112
48945
35860
15340
76711
64583
83623
7547
95249
70372
65825
40078
37251
34067
81285
86198
94822
79389
61071
78693
50504
23054
92975
50599
48188
28399
84373
46206
96704
20085
99352
80247
17306
83099
90397
96391
82059
75415
70215
46456
68047
94066
85365
99341
27916
81567
70553
28480
37170
90463
78715
52104
87356
92368
25333
39209
96881
87109
35349
94603
77613
67438
7167
3417
69508
34916
39750
58878
76897
67262
80050
75240
73616
26768
50767
78750
15234
67926
65837
79715
73279
73547
50501
77417
17544
95992
96549
76984
50170
22564
21773
45302
25199
48481
1511
65201
80622
70905
52743
32364
76195
75628
1079
90722
81083
47346
49098
64118
34046
66458
62407
97637
47657
16311
71182
77435
75398
92444
92531
88907
64453
83551
51802
76510
75471
2602
70817
46458
94464
97358
49190
9762
11650
14805
79274
49638
62552
8534
32927
53260
92029
96546
66358
38452
1724
58758
39174
1228
39904
9648
18453
53501
98632
30410
28356
29229
73213
16905
9756
42640
59387
91892
79829
2659
90525
65998
14908
30290
9488
29662
44444
84781
17648
15777
83124
93156
55718
28451
63487
76783
10315
79827
32348
70853
17116
87096
81748
32039
65915
55546
89344
2741
16833
12949
21829
98202
29348
22460
1015
20619
68970
63511
66192
90896
94981
80781
42423
67518
71335
53771
50511
1244
49054
82705
54453
81480
74144
58957
66510
72591
88306
64058
66885
45219
59822
35938
83994
88116
97846
74974
78579
91349
45284
20151
74108
94837
81906
89696
39565
53832
67979
30038
27878
66588
75009
38776
71257
67006
10726
16995
61034
26140
5211
46766
61360
97263
78051
89507
58956
10099
71798
74333
95833
37857
81330
83183
76051
30075
96647
43461
29145
43359
80263
87524
3931
66543
8665
42620
98180
71384
97606
68549
91769
54134
70634
59836
40460
23005
65713
61222
81228
88390
84052
65641
13909
90188
81007
87888
41598
99707
59350
88692
62621
7863
40987
1687
73724
6894
11876
11110
95283
83778
96197
61706
45988
75250
74795
2548
19761
58388
73097
24516
60763
89293
18969
63697
43256
17016
43720
29602
57940
4215
16293
95390
93862
62943
85543
98499
70048
18661
37663
78238
95589
57405
4442
30367
58240
56678
83570
4242
28947
41656
5689
98696
58753
9828
58577
61389
97429
86294
50706
54318
18794
85661
28141
32888
81963
75255
43683
64404
87204
82781
64655
4350
63625
88067
57441
22537
66015
9845
95038
76667
69307
4591
43543
19036
82390
94032
75475
90199
33849
64696
73466
52252
95105
70788
26194
34076
82608
56159
25310
70720
71455
39479
85085
42626
83584
72363
92292
77780
98114
60224
75953
42812
61383
76089
27234
89128
61755
14419
55168
46734
80751
68054
12118
17681
82607
83979
12108
43208
61617
92434
97296
7912
88173
30372
7608
61584
33409
56604
92779
43275
3784
74573
35188
74799
91188
88808
76506
88370
45042
54525
91427
45441
58810
88921
57210
82853
56536
1146
21487
15724
62783
54244
83831
4010
88455
51580
80045
84720
92909
10624
79687
25138
66409
91034
84764
5943
93573
63498
84005
45865
24577
65862
9747
82807
57541
80114
31577
38457
6187
29066
61625
99913
87835
65958
51096
79590
90230
24295
57646
42262
77664
74875
51339
39
53352
9256
61922
33153
67988
84221
4664
76689
20745
82536
15321
70663
94373
55594
99807
17057
75094
38112
35889
85281
82072
17534
35238
27049
62201
1945
34233
91949
63645
53132
60829
25535
99035
84250
51282
31083
96054
47636
97509
62125
33465
52701
26623
48459
38911
2251
67419
77646
44770
65563
50448
91657
56128
60040
92911
56019
42473
86623
4585
10921
66655
66652
2198
16319
63713
75391
59403
12907
26640
63167
80958
22999
86394
33343
46005
35789
25614
67876
16307
93975
84866
35319
50273
95368
73396
3443
29505
39099
86058
74979
20162
78686
63947
68729
99434
91554
73941
86352
63591
93226
69374
1686
58499
60615
1796
97496
50546
70969
37536
49014
60913
14560
52923
88743
59202
95637
89403
74322
47096
79818
28000
60225
6574
47436
41445
94909
80056
36294
41357
62585
82413
35685
93028
93371
86747
85172
20338
58479
71502
79941
35499
77416
986
32218
43261
87752
36478
59783
84663
67492
45519
97348
17382
71575
17476
8517
68590
76603
17038
47424
64362
65808
16024
34849
49289
68443
40731
40516
54837
73610
51475
88158
67060
13449
30669
7274
97680
96562
79000
82873
17781
70033
45299
39473
87962
82824
25498
11928
73021
27731
78437
67192
1621
46399
64273
28583
83763
26562
43025
34209
88379
5339
19565
58865
68397
24148
54041
27142
65286
59913
57838
42944
29975
97982
94309
57065
70364
27894
93215
33226
42633
95258
80053
16114
64825
13872
85224
82134
32376
7083
79738
89142
83247
18192
80860
72092
11051
47659
60371
85843
5374
5639
63406
50704
16705
91380
67178
75971
88942
84372
25348
12375
87183
27367
91927
54650
86184
60405
75787
61819
35604
53064
13817
73362
92536
37933
4076
89967
46422
64557
31585
84812
81731
54646
99206
31284
7309
58167
48792
87303
2860
77297
31340
33867
20483
47672
93106
72193
55817
66550
39442
29326
2733
50426
93002
18252
80262
22374
9684
4376
64048
77420
12772
49012
84063
95223
78601
54080
70903
58333
37395
97498
96822
10106
55640
57856
3730
545
47344
56707
77183
92087
94706
62135
11667
76800
40897
18978
64769
87822
97197
68133
36498
27511
39323
89285
98599
47451
20259
8139
45495
15224
73047
82503
1361
18895
65742
89896
70327
13589
32920
18054
48297
86207
92743
87854
83283
55572
9355
93597
80842
7506
22409
73100
49540
75907
70858
52406
27360
39220
33307
70347
89291
62005
45973
81837
31546
89824
71849
5419
48772
58313
89980
78340
14881
88875
24164
89399
97479
67528
25262
5531
47796
34119
76981
25253
85487
68830
66044
12248
72888
85673
87708
92659
2803
69218
93092
99612
94924
72884
72324
91004
91341
26592
2
75432
83579
31512
47348
76055
43274
87757
28626
49504
10913
71459
15963
11767
5174
71274
15481
95863
8628
30420
75208
64637
61607
39179
50415
25034
72130
11473
69767
7975
19235
62945
93748
86952
43181
84484
18484
28643
67994
77982
95661
94283
17750
44923
78882
71431
57665
7675
72421
62059
96002
24962
58196
82641
17166
14651
49400
89303
63255
78266
57238
98981
5528
73219
64155
98903
8720
31823
72787
91029
83735
47134
90783
8608
39556
40439
89606
63763
55113
73989
81207
34171
87719
96967
6911
73230
46573
92968
61996
47962
8096
54885
93618
49298
95212
86557
27722
80241
38209
48300
29511
25637
47258
85705
96123
53229
13929
46307
96782
13220
86827
34142
5116
21636
75683
81172
64833
15133
11884
83155
83928
23464
26630
74608
58463
17890
74653
60896
13753
68465
71326
69463
57653
95905
21745
95561
25564
68316
77879
72797
69329
79841
43247
72848
82202
48369
75926
65082
88717
60055
61444
76676
70497
2340
94081
69346
84526
49458
37676
87418
82055
80426
77406
14894
1013
92910
9057
3262
8056
95575
44116
16963
28873
21003
15835
18389
51489
2943
10112
5727
50996
5916
77123
95912
28679
69625
66280
42993
62371
18659
66896
71443
39900
65395
92322
44762
97853
23938
24441
36895
60626
65505
96979
78914
29200
83439
70891
60051
97718
46824
40428
86251
76587
70482
90735
36079
45583
75352
69554
29862
43093
40928
53550
8659
47880
51675
11191
92143
11685
22130
64976
96417
61867
94356
40683
17951
71839
64725
85927
39531
68585
81751
52791
49567
64410
12178
40158
64349
98219
56430
15576
98539
15357
93010
25017
43675
78161
41587
44000
26312
89113
3332
50186
59844
27757
85392
47948
18944
34496
49633
41289
73160
71438
69784
98247
63151
29963
92075
72176
76443
61534
99884
5980
86190
11975
35179
1324
5565
2769
89006
49606
89561
93802
94294
32213
18543
43798
92346
94886
76855
57197
98225
81303
9225
92906
2638
41588
13278
16389
54968
49127
48149
49026
80579
62468
63989
46404
7318
51978
37915
26509
88269
49160
39989
92484
74755
78699
57392
36624
88119
90310
72568
73380
25487
78456
68298
25849
84053
66614
79660
21620
62286
77591
64095
87097
39763
13741
91251
83879
51169
30346
76001
68660
92114
29256
65305
93400
92705
77742
84779
87809
42795
73431
54947
2884
53019
5242
80641
13749
67378
5702
9834
6931
72744
94854
26275
41234
44999
17287
58882
70947
38189
53896
43062
9607
75097
28676
75570
68919
95240
79421
46879
96080
15567
42637
66872
35096
20749
81388
28912
78863
62794
52824
78399
56693
23170
56383
80893
5486
71091
78138
85853
86386
38448
38687
62197
79990
80631
37105
4478
97836
2618
35586
71964
92614
91344
59076
78846
38742
24273
9405
7907
83812
68526
62718
8063
94903
86466
97566
90370
66515
18012
75572
45364
69972
9001
48588
76854
50932
16273
78563
14830
36828
22650
46564
94643
83331
13791
52338
4941
99064
4060
85588
55179
49901
83128
79601
99423
61241
35692
91643
10857
85386
51844
2422
54806
43140
1117
65855
58348
71709
92672
62310
96960
6151
11292
84289
70185
27955
82247
99313
36975
55990
81859
95190
70801
87905
12659
94421
80761
60998
26563
38774
56864
94580
80415
75797
32440
22953
77131
85157
92938
92024
74515
54790
96903
80191
6526
69798
90129
60293
31358
23678
64938
64257
96828
1565
46528
41145
48409
90670
63884
67940
14191
1864
70225
88063
67213
77285
2654
60987
31311
96227
80612
70315
20858
51470
17337
92604
61509
75107
27305
75254
80787
36719
84104
69737
86640
93102
65627
43488
68786
96196
27144
6344
83370
2000
86085
48511
22188
74599
49942
49984
18493
86128
14304
15105
56262
51956
47033
86066
13855
89460
48648
51766
13561
84724
79839
98426
27842
23885
85033
94055
74588
97894
71982
38097
76888
25400
45432
33759
92619
10444
86110
39480
70702
12522
68374
95494
88431
68980
69708
85751
88628
72173
74601
95816
94613
72086
74130
94312
26787
95076
16040
23147
94199
91085
91907
85942
81770
66403
24864
18306
64396
40753
72912
89835
54075
68739
24427
96099
2327
54812
37734
76838
98530
5610
81313
40463
96853
83449
55649
37386
60150
21998
76300
63708
75728
82886
54338
60141
9069
13133
51902
75290
89793
71441
33604
94305
50837
93384
69920
98998
66391
36190
65391
15274
12049
79429
38437
60721
93199
91172
94010
89487
51147
44958
20648
11252
23162
68876
19154
26643
68911
83230
82133
28314
51787
99666
95057
61818
73520
4949
72608
88648
12608
43708
80041
68229
94591
86024
23810
84582
61099
80445
76183
59303
70575
2125
51428
12616
76130
69275
95933
4794
18962
64034
94468
80101
35678
61558
40946
74584
94759
56615
3677
16725
83618
39351
96428
9028
25239
12057
19458
53296
25068
12097
19505
70721
16069
9772
95216
42545
51738
28078
98317
75974
44075
98607
81066
67615
38494
72465
98986
82669
63136
52364
60642
54312
66170
46673
98518
57200
61275
58109
43897
45624
60049
70943
26505
1527
26369
7731
51416
24055
72155
79392
75766
99258
81381
80031
17645
62505
65993
79824
91777
81422
85001
94419
95867
75780
53319
61035
68965
14456
8876
6034
86457
83287
22153
82525
80057
22985
38554
98850
88496
2911
75620
888
22521
29012
84272
82422
10130
79476
39567
34608
78182
40985
93869
61392
86570
78662
24726
43550
69705
70487
15523
71355
67121
22318
63984
37810
55692
44845
41962
95918
75637
94079
19237
5369
93005
83021
20758
91169
97773
69623
63461
2891
13965
86873
66407
44266
78402
36186
53881
28894
96474
69396
19473
2575
69899
28892
24920
47289
21076
59291
51554
28208
77455
89033
87695
7209
93704
24650
16650
64007
10438
85216
82977
65751
61091
78264
94723
89180
8510
30116
58344
50810
72063
2879
13301
4377
32924
8765
83102
67897
39364
61678
72714
12621
23313
47705
15812
79885
5989
16834
73441
92295
41279
26751
809
39430
21597
89267
89894
49687
60039
87522
83869
29778
24798
28122
65894
53800
950
51749
25397
75294
25428
51048
4504
75429
98388
37407
72935
99546
58782
55750
83602
32292
38912
8075
44073
74886
17370
79940
70197
10297
8407
52519
75530
38894
88253
35292
99507
73801
75759
81043
93502
49089
81992
56190
65979
15109
3387
87080
58191
75227
21307
79238
35404
98104
85625
67079
9606
93844
69772
79200
73054
38745
54248
79998
88823
60436
76754
33288
69987
73447
24881
6990
23709
83458
98099
15906
72344
89663
54906
31259
10355
1157
93608
21741
93517
28088
97338
42489
60733
22154
53244
6463
99466
30005
78551
47635
30944
42808
19276
30208
80561
85391
30393
19690
93915
35930
12311
63649
62835
67866
14484
22265
73589
38886
20754
83506
53179
73366
77333
82073
7234
80871
3142
99471
27397
33734
70919
95682
17009
59426
40988
98948
557
27690
89603
42404
97780
98137
71495
37212
63049
2230
99250
11029
95822
52313
32410
40539
64575
73650
29525
97882
52569
91483
33858
64393
89545
59258
41821
38368
31635
95796
57976
64799
86565
45753
43974
75722
41850
98869
44640
86328
73662
87498
20421
83730
55499
49056
82585
32652
26518
6709
76900
11625
95347
43295
28845
76132
4120
22991
71722
64201
43912
68663
31810
48280
82871
83477
6451
33515
88827
72236
25096
61066
38355
33755
77447
95773
95812
7765
63349
50030
27935
13001
45875
61521
61606
91187
66398
85772
14599
57968
16754
95420
54234
67910
87691
79083
93184
91538
97816
26429
40209
70325
44684
20641
51021
31878
93566
59828
59080
83682
29397
58208
13297
90687
31174
7514
69806
34214
48662
87534
11208
79156
39714
98054
92150
31052
9450
11835
22298
53406
91394
80806
63852
54314
60918
79265
5942
82187
54590
87133
75931
65302
63726
65399
13992
69827
71618
48616
54405
14958
87621
14729
98115
47358
82483
41401
237
27662
63760
41844
68529
69510
86008
34123
7509
37712
42172
75261
85304
14034
12837
72365
28926
5268
33829
18274
1683
83658
58435
39375
88539
54889
77938
82097
851
81686
60440
94724
99308
97118
35994
9871
90090
85530
93541
24316
36439
14762
11216
72894
80901
73752
99840
83620
16519
55935
77488
27989
81592
73358
65866
90167
93052
52084
72298
59062
79748
93020
51014
24653
78418
66520
48159
79012
58040
68688
343
24509
45069
8802
49259
59543
60855
60172
93624
1058
14849
34470
67131
66085
59601
80518
57116
85529
26849
75602
62464
29140
96341
95877
123
80997
81807
74187
97316
75847
31354
79048
72343
43784
67439
39016
81191
99475
5315
64686
42538
37671
11531
27354
30237
74961
77087
31999
83171
53366
28956
76666
84829
86498
68782
82151
72822
64559
81232
40347
72734
72435
95981
9395
13382
87449
3621
94699
85371
97743
77835
72232
33739
27711
64417
16377
71523
83866
17986
53567
88831
14743
58082
32099
85482
68503
87564
32863
96690
7593
89388
57898
73061
95276
88192
93354
9224
63160
74538
91257
69563
9367
9796
35442
75839
77478
93426
48354
71951
69751
88240
85668
37349
82833
79872
15285
98717
58366
33241
97858
87100
23234
93345
35998
1976
10141
48101
36371
99077
36926
85418
43606
91539
59956
77494
85231
89965
95558
57567
62029
29195
60200
34727
13064
45208
58881
204
45383
81998
41098
45637
85779
54872
89541
72079
27747
78751
77739
38701
83627
39274
56323
40335
43320
63359
98926
50412
42697
68312
91834
71673
65760
72425
29895
73070
78989
54979
89695
68633
21385
40637
29694
78156
70548
38412
64409
71235
16266
90520
45793
89030
37611
54561
34078
95926
96126
25294
68350
68086
69856
36824
2892
83748
29386
91012
66715
91592
92299
79694
20782
89784
10279
23908
68495
93479
5063
49413
29102
97304
74677
93214
69247
64359
96441
64570
85610
61060
75642
36119
78073
87441
51602
47458
35489
98513
29741
15973
53667
61713
71954
86324
61753
28246
9164
59277
79271
87400
53174
47418
98212
85174
75017
65843
63260
56256
84251
42543
54776
46510
6103
40502
67248
24801
29727
85596
51424
351
7903
15997
87649
44325
30503
48795
37116
33985
26248
70870
70680
81320
93665
64357
78233
13492
25022
94012
81018
76027
95054
92947
77661
22862
56492
72489
62624
80296
65709
50212
74052
28674
55205
42572
94534
34492
69187
75306
94275
71437
71156
80617
25263
31178
34163
16823
74736
67383
25980
87773
32275
96777
79011
78423
47394
39501
87494
59753
70910
14924
92194
41597
81125
43155
99410
25437
78050
3415
98226
78334
57875
24655
48699
62451
73687
22749
49759
15513
41363
59970
73561
50169
23393
79170
26214
96730
83845
55221
91407
94900
58567
33014
92565
88021
66847
71667
56649
95610
68284
34161
46099
32341
39296
1559
73017
17821
73494
64865
51090
78191
28007
20017
85377
2968
9086
81177
66980
89550
76915
95039
90380
62818
20232
23546
80527
31762
6826
43712
650
1581
2189
84574
3079
97283
67882
30854
83910
8732
13236
30376
91898
95026
86945
62650
56625
73718
96893
76191
25094
36287
89111
87821
25401
25016
48294
46501
58027
14639
93925
17013
69557
5866
19125
63300
97887
57378
63964
41559
92823
28389
36705
94178
72147
84236
65712
64088
13234
1043
88622
7619
82186
12253
59065
66385
53917
71193
76962
79041
69922
27389
42852
5521
43198
88470
86713
59951
44458
88246
47412
63446
21323
83756
32238
87166
74809
30789
9409
5940
82802
16664
76318
61828
63614
98185
34682
80472
79121
61198
60790
86711
36866
26128
62928
8568
75716
85844
26724
84412
40889
76029
41669
43139
68273
99402
71176
2703
23512
71976
43592
80441
34573
27677
27579
56957
77308
84178
13441
43131
84199
89041
41529
22730
11264
76504
95555
86976
45293
24172
14575
47802
51862
86274
38430
39102
86892
81290
89831
58545
75930
38259
60563
65900
25241
17977
32316
22980
3636
54917
96062
60123
98693
38299
70398
80155
20741
84188
27115
77888
58400
37238
61582
40357
40320
91635
74015
38738
59609
72974
63279
96198
44748
87734
23507
35899
35683
93450
66611
68104
88346
23504
64774
65140
67721
53705
40026
24044
7564
60479
85225
12361
75050
54698
4937
24753
36129
89187
49692
20040
49747
7703
8955
30111
32366
59220
6982
11715
9429
5505
65313
59019
7073
821
36316
7587
37471
59945
53404
42777
60290
10097
29821
37875
84570
91331
32426
92795
66444
80625
61747
42661
13081
39929
98342
70779
95677
93495
34448
62969
42842
17914
67305
79327
77963
87585
90725
77571
83028
8862
78594
89146
37151
31273
64174
49685
40136
77701
96531
32344
67942
18047
49051
85029
72955
67888
96314
98093
37727
29719
31654
39436
41976
90074
87119
54578
77600
85495
62886
8224
92105
70519
34437
99217
99113
78636
8820
88786
95044
74490
72929
85868
91537
51443
97159
90272
70777
70137
2495
42390
16124
22741
64964
66181
30684
89909
12781
92880
86631
29291
24644
53683
4958
66357
49934
86347
66869
80852
95883
24464
76741
99638
11063
64529
25795
84161
37491
87572
89622
60600
91757
90153
66273
77557
81068
67162
58423
64728
28757
37172
16217
99589
30207
55417
48674
90334
99109
61651
80591
46657
81881
41895
72870
3476
80390
58646
19421
61886
84755
67165
34593
14373
64884
27231
20387
6000
79931
69081
73761
64691
54573
37090
3935
89854
58834
81326
89531
82291
27736
94276
24597
82396
38892
74002
14967
85376
35820
78102
5586
7713
9749
98984
15590
25580
73042
97875
37452
49586
30455
67970
97665
12568
21028
44798
34717
76738
34336
56374
27023
14715
38006
95266
77461
33770
65647
75614
37078
93390
73231
77675
81012
59058
5997
79394
37565
67831
6195
69155
41652
86448
99371
68864
77371
95951
59784
86687
23011
9118
38451
94352
28042
43347
10065
36800
24092
1033
22903
73234
97368
86234
86642
93798
58075
92107
96189
53937
38367
4210
45350
73372
50849
81374
20581
70216
88256
76336
20949
11634
29174
38247
65051
8855
87239
21216
35977
69823
4239
67377
85279
12721
77855
22097
24869
63421
15713
79102
53830
15852
77089
57267
82107
55153
68533
75755
98608
93994
26217
57112
33601
23948
92320
79044
2454
26337
43406
13761
67177
88482
17494
48273
91634
33059
40923
68881
79570
15627
92011
12625
98954
95134
56970
61116
67868
57240
42528
52643
70971
80778
1081
52020
94833
55425
75411
55177
16097
52488
46033
3445
21799
78367
80009
52339
731
25233
23601
27981
1473
98408
35585
96116
6431
95275
25012
66593
71230
46363
9359
88429
75191
55114
65342
70102
71125
72069
6566
22493
46653
8271
38501
15871
13814
42457
65452
9557
53092
80718
1410
93522
97451
29772
98117
15196
11168
39862
39097
28586
34240
11357
46698
34599
50922
91382
76317
55774
252
93599
29456
16391
40302
11392
37968
69231
28491
88283
26221
97956
51377
17190
37249
96222
82039
66308
88224
94498
70153
22740
32235
24964
86666
24332
10225
66372
21255
72024
30226
51150
14792
70155
37365
22192
70834
87556
61955
81293
33290
56718
95636
85314
17462
39232
81687
36176
8492
88066
71084
76376
13636
15114
82875
36204
59697
34685
46215
27794
48691
94274
78107
99398
20655
99576
56022
61426
46234
22420
9721
95574
19619
94838
34884
21219
84363
60900
62705
81703
84100
98548
58906
25540
25356
58411
72131
41954
61836
69395
96656
57249
74455
66503
42839
3299
27820
23782
1287
86661
83808
24212
74203
73038
77606
7941
88556
94291
29857
40571
22575
11787
54585
42387
19692
21094
95510
35071
25804
95652
92951
9213
82568
33942
16209
51656
34223
51937
62935
66462
55847
69984
72487
37244
38426
8100
65315
10274
92558
2181
66923
81990
77323
52095
82566
80096
10769
63968
77336
12628
9875
81360
24351
99291
93903
92479
83543
86913
8631
645
83774
96902
95159
39073
54106
60555
15599
81572
59015
31096
25574
82143
76822
22109
70867
98654
24618
91606
3329
73804
58018
27077
58800
9658
78152
78023
34822
13806
8339
21989
40699
78232
93456
47023
39090
52037
79254
16416
28549
12011
24424
79756
46907
20416
90613
19686
86143
80735
85230
15157
62685
85397
30635
39570
95072
69278
79912
65108
28521
50437
33938
56866
52352
42258
79927
93406
99610
49520
83632
37534
31378
94520
79062
49200
47769
75078
97931
58675
91384
9165
2225
97563
5526
30775
54959
87389
91099
96846
58431
65254
62232
20422
65263
49384
47735
98051
39548
86807
60541
23574
99547
82675
80845
2443
66855
61306
93084
95765
72616
23100
13105
55555
8818
94137
31299
1692
86371
94056
10064
25896
36048
25730
74863
27487
58226
59896
55629
81823
80704
20184
91646
89184
50292
15027
51094
71109
19071
71637
64533
11284
78583
43895
77527
76326
65997
40175
78209
64293
12213
85460
16861
91087
58304
60006
32236
96586
86035
83616
79361
2815
22846
30068
78005
74628
19590
68292
79337
83469
19589
16168
36540
24159
28961
39547
3246
66609
13047
93294
16386
45697
98609
2611
24717
15290
85502
20261
41854
32166
32003
18725
76247
72863
72992
70731
92431
77264
20626
44186
55012
96232
62902
4119
25515
77000
15920
13053
83263
27002
86009
34661
74965
84676
61255
35108
283
11552
43
52974
96976
96662
46618
2949
75004
69249
88392
78632
53038
52261
65980
53864
84301
52160
56601
58989
23081
8934
53134
90997
93791
17795
83482
62756
18825
57452
82145
12354
42189
94810
55336
97613
24372
10685
52139
13781
63719
32499
40679
8867
15199
99647
82997
35696
98572
50708
39788
45437
19464
90247
56367
46915
47066
69389
33140
68510
50274
57266
46831
51017
52272
49945
21453
39471
50910
46958
92970
23887
64255
98171
60937
10946
83520
68302
17496
45585
59954
54798
98123
8166
99555
80550
97621
69450
56435
11536
65658
88561
3234
73864
4482
94410
25345
15313
62948
92318
79467
78427
8116
77834
76228
80275
31350
8186
30659
94744
40884
87633
25025
53325
68957
55913
94042
81092
84861
4711
36200
60432
15051
35020
97534
72052
99028
99221
51172
98165
14803
91957
16869
18809
93059
22329
50940
99621
96387
47477
7503
46567
76450
85181
72515
71341
89101
64692
31498
78955
72139
43809
76737
2104
71958
77153
34527
54145
1602
92296
51451
29277
91023
90552
59713
93553
9668
87393
17447
65636
40887
58697
83489
89378
73535
73508
55126
54398
2420
83334
2833
69028
71148
54015
20914
94638
69955
79471
74898
94646
30646
59742
41005
58042
40309
53583
29427
54464
41477
74969
77255
95911
61931
60696
74558
30522
91793
13534
80944
55152
95777
63877
56631
65022
99566
80186
92308
71292
29824
37210
99769
96017
37853
1132
10600
65945
26293
98896
77348
47051
17350
73461
67680
76644
18203
27737
50851
21642
11570
73470
13410
84353
44567
83350
61603
30443
23391
38384
25688
71145
98061
16008
52769
62941
76579
61125
8491
17896
91339
72127
58889
96379
93074
14241
93162
65472
4031
71649
98756
62968
89717
29069
81354
67792
3390
59237
69608
73670
56800
60283
35256
12388
92401
72644
74607
6443
51040
66251
88500
22494
64189
37797
10703
45392
85947
81879
72192
35684
67556
28555
14275
79519
55008
88784
81828
11435
57846
1449
32449
90373
59385
63636
56223
79275
95572
44261
79609
61690
25594
18582
91899
38947
95674
65827
11455
2745
36597
149
56068
36189
75574
10203
9044
46864
89410
17426
59088
15562
95993
78468
47825
81384
44667
82290
93809
82720
23752
43441
87937
8678
46937
8391
92895
83109
62156
99745
51113
79117
