64544
25345
46704
39428
38151
16270
91604
1731
41244
62509
27827
89749
95645
10367
8714
47370
65319
58854
34671
13611
77769
95451
60369
29763
29247
80135
45194
9634
76715
51676
41796
33225
66822
26945
5021
80289
63595
26547
21844
69047
32634
58361
53520
90968
81871
83215
47731
60466
26089
26809
53177
63214
93818
40976
80708
41596
83046
95763
30363
90036
83067
12766
4396
49025
61312
54041
42108
45361
62721
77827
86528
38727
66264
51890
2769
13124
11367
96844
10546
64422
15066
49989
5873
3888
65268
87762
95529
29004
66136
63550
32563
47666
62850
21204
62562
77425
55672
57622
93147
51560
96555
84401
78673
87069
98681
4983
91415
58383
51662
76297
94958
92429
81847
47003
35485
53264
16683
91742
72880
5864
40652
32949
11147
92574
88234
55070
23732
78197
35993
56480
87526
75929
89202
62945
82196
20822
89527
97572
74417
83985
9161
89216
70511
36310
10870
98437
82809
70967
58072
58642
22342
73290
43220
79038
50949
38721
43972
63361
86979
92390
41363
55243
66605
70344
28241
21344
87678
89959
9542
58183
91189
61023
32344
10591
31424
7193
44824
52387
82282
59355
64570
61796
81208
14741
59331
74215
96289
2675
88542
70420
77676
91909
82548
44588
75488
68944
5225
18136
44958
96794
3966
74498
13621
46450
52847
13235
88688
16211
21407
64056
93522
13345
65445
58696
78469
10763
27726
78386
97120
64458
86111
2195
5579
24550
34373
36891
70704
46990
93108
39946
14891
93762
89222
74946
19670
28495
90755
10269
52269
8203
65304
71799
16409
98825
30851
92711
54071
54668
16238
72091
50592
86098
68453
32649
80555
38417
25352
27968
42724
29559
7043
5250
13164
43988
5504
65992
84810
69926
37884
34809
30101
80396
72121
41673
17804
89475
4907
9385
40344
80469
44235
78159
73653
77922
44722
19889
71886
46322
78204
9221
78587
56499
21790
12723
25633
45983
13719
91207
90936
63897
20201
57036
97318
81458
14247
95146
66016
33035
67809
63035
59016
85013
65353
38343
1877
6518
62034
80465
25779
85781
1293
51549
55156
86719
44729
95766
83748
26710
48729
30447
63728
28064
90205
81035
77262
91740
26549
62747
39591
48169
35000
90280
12051
30426
1094
98806
75732
79305
48615
89209
99565
51078
91511
11996
84091
79960
3273
79746
95819
74705
85167
6888
30752
28454
1841
96964
74373
22364
56547
87264
40409
36988
87738
76355
45827
6765
92472
62985
75078
26934
78411
88552
6462
51255
19002
94505
88361
11509
32558
50718
41599
27579
24783
85564
19674
10641
77126
28761
59283
26236
91698
47552
49041
14974
97133
7174
18492
46262
68032
8071
41981
72010
97753
37234
99239
85702
86756
16377
56609
17103
1559
62578
86595
81469
99619
25558
33921
11967
69430
65453
82971
48598
45551
4559
15252
29040
34567
33950
96261
61003
78542
83619
60570
74253
84115
2295
50027
79076
61171
27071
11243
94544
30639
71632
79931
17754
40172
54683
28102
97531
83181
27371
41236
18424
29707
95534
79432
31625
26376
73882
81011
63238
61618
44165
98226
95222
43063
86702
44514
2740
10601
56622
61472
50400
77920
3999
10516
48299
24431
44376
39853
11252
21649
39661
86499
6351
18038
15430
36064
66398
17125
5698
94798
80767
25859
76336
24318
45208
39965
61602
13300
57459
42040
85417
3485
43191
21781
36146
51196
14504
35872
32209
44809
2517
68356
94453
22447
92425
21786
54851
22848
23128
45871
34861
16430
74747
26910
21269
3494
94133
41501
27488
46240
47574
20358
4328
43049
94741
21322
47041
99699
94149
39558
78569
17308
88718
82982
77098
19324
23354
94290
42417
14944
46290
48916
65956
2417
4963
78002
16997
5090
27311
544
44076
9231
59966
13255
9945
85442
34067
48148
48915
30403
27372
57354
88300
89705
66769
88965
69290
67417
57082
4120
57612
13214
67784
52331
98155
79920
39225
29599
3052
27154
3196
89213
3390
97202
21292
88556
66595
45654
45759
88860
33778
77934
22284
18808
19471
95461
79328
28527
85992
18846
93038
36517
38188
48220
54199
90731
94566
99258
14879
77522
6416
69085
98655
34242
29228
51920
81116
49980
46092
19334
19739
37106
32095
17230
8209
68075
75823
95551
48292
22354
47716
51154
76962
68723
64659
25527
67829
67505
5826
8425
12014
30102
51357
20110
95370
58232
91894
88248
28874
28170
7745
90195
55683
21862
42099
35825
24681
7919
4171
81882
83413
72457
81346
54392
68573
77384
44771
93200
82774
52963
98622
68389
10174
64769
40971
93924
6587
48713
90582
69263
90259
14214
86700
38192
41702
51431
55586
72060
20545
10050
44846
45124
83818
3587
36387
91543
32384
66550
31610
64928
55422
24463
13701
1270
59851
3041
39573
20406
36834
65812
27655
73904
45712
3514
14130
8597
90354
92191
16433
1446
84983
58152
32226
83844
30803
91681
11746
69967
2394
12389
41397
83016
79660
73678
78075
87686
17140
87655
15057
64073
75739
49689
59148
13372
72188
96603
32232
23407
53093
70716
24132
17460
82483
27393
55799
49270
38675
54657
16037
77275
9107
46510
27191
68545
91873
41149
81780
54906
2046
33579
82288
1609
72298
92138
34471
85255
47768
22087
90239
6086
42114
20472
10125
63627
53610
57863
48914
22072
21873
85896
72931
31702
17949
46534
60482
15065
29044
71196
56306
550
30575
33030
81652
99716
57563
74484
83362
55342
78768
96371
94087
1105
85888
57822
81200
11401
76103
94567
44491
51434
22971
94837
42353
40868
27163
33966
79293
14815
81281
46480
52060
82066
72299
29753
77453
94977
16446
67711
96506
46028
22854
35002
6054
17281
91243
55910
9270
5969
8416
75844
67160
51735
99829
79380
33308
75023
44487
12043
75461
60743
97668
86374
57098
42412
25838
52935
53244
6782
8759
60922
40843
70411
37555
77161
5020
93012
22252
81203
70203
76618
89060
36582
64455
6247
21988
82075
41309
50013
93939
35743
8445
61141
57856
47353
57818
13450
89948
48668
7828
91484
1752
29767
45176
47991
26491
44252
80282
90706
25872
95861
28854
34890
68701
54200
58323
39467
78620
52496
13239
29986
76685
29256
55664
17406
64381
99691
16891
73583
39631
6870
60677
10200
40594
95840
83079
66712
31808
81120
36418
97072
22599
93068
16774
39884
85088
89152
71842
98649
82828
65951
77094
42193
23676
45546
98473
8003
84415
71613
12254
7101
71342
77459
12842
81486
74024
71811
6289
51878
59730
74135
70180
56176
70949
60504
99451
60909
90531
35724
24584
12657
93494
43626
32051
26759
72104
31123
14770
16317
69549
17396
89334
12385
6987
78829
27703
170
28382
91532
23697
92387
68702
77258
16320
3293
75959
85558
41678
11473
38426
17487
25384
19429
95300
8635
76642
97374
89016
58475
23145
10729
75644
95818
30408
59902
38110
91954
24862
6252
60464
47199
77976
33453
17934
40618
41948
39128
83275
35736
89997
42328
57804
93912
80359
68611
54671
5932
57249
2056
6889
84495
73351
87625
56052
70768
10012
20502
30299
52033
75333
42452
36961
31124
90279
15890
98207
20394
154
33009
66847
29468
23138
51347
55465
28656
89496
77956
56890
11321
68312
42373
4591
18462
272
49670
57338
21117
56719
52359
88672
34755
67158
16459
57104
25071
62568
9237
20833
41201
6151
3326
67328
10917
42211
11505
4879
8450
7407
84567
84010
90504
62384
94933
23609
69104
24079
38999
72150
43665
99367
77039
46964
20543
35392
23462
89955
40027
56706
15387
37661
32010
415
51366
16823
97433
14219
39221
74673
41195
70638
24554
19228
2877
73248
24754
45500
78606
34141
82665
93940
86711
54986
66436
5822
79847
64170
81184
50206
30626
91879
74840
75885
30077
4911
56766
7568
23607
76305
97414
6456
75324
22588
35527
7970
11521
94305
9111
93712
83346
65632
6266
34732
80235
51598
88478
79189
53273
47801
83671
90670
27190
43147
439
81582
51427
12607
41825
64452
7339
38827
3348
69445
3745
74048
8752
52159
9888
21980
85893
3351
48027
96863
81844
46407
3993
73694
7806
98889
42123
70652
1802
97220
96807
4946
41076
50612
98163
45709
1128
57593
12621
15118
51239
90629
46279
36736
146
93526
66153
88719
53053
31908
19673
92248
70405
51331
10597
83750
4156
77055
59645
55387
81970
99251
51197
44134
22501
67310
59410
50582
67325
21995
75431
90127
70172
37375
30214
59653
39072
85850
65747
28270
20157
69213
26839
52686
92737
15103
9284
20837
93205
26475
47235
91494
97228
42034
28073
89381
50769
91139
61133
54116
43231
76735
94335
6845
53946
66814
68757
19619
16715
90340
92275
42779
88232
23376
29156
97551
35966
49224
60334
41988
65041
15863
42976
44143
72743
10143
59514
86566
42036
41403
42988
35200
79360
9556
84792
54547
61057
20815
88679
84271
67657
79286
52647
84914
26669
30048
24484
56015
2807
54277
95060
48849
22337
32552
66081
16170
66479
20496
75069
84930
11637
8444
63140
38998
23735
11712
1197
38438
48742
26248
71026
66962
11962
51783
99336
63691
4127
28658
99583
28758
27751
55363
35304
97811
7485
85594
62987
96243
43122
18717
97164
77616
50593
29246
78518
47283
62556
5047
14682
91295
18221
77199
81738
92169
90066
46475
4117
56477
40413
20705
31976
21019
2970
62770
65264
15663
97700
20281
31382
21270
2775
62262
93661
77525
66826
41628
77393
74183
44079
69320
29113
43163
4010
17686
57050
58436
5756
99855
42183
5331
91549
71249
16408
67810
86158
18191
16257
83172
25854
97510
48165
24761
22505
1171
40965
45065
27099
6661
62608
90555
75148
69875
16153
23164
8607
22159
42567
72433
20639
45037
15265
58791
24097
87614
73136
97135
15528
59561
61562
91126
2058
52961
13467
14211
55511
11915
6498
53116
16973
10737
41065
12026
78070
98018
46694
49507
23452
29792
9014
24839
87399
20282
51488
92384
66248
76449
18917
41455
64213
96258
74015
36759
68661
99725
89090
20621
63881
35067
28883
23436
19825
91279
97086
36446
97518
78436
190
64109
37950
95973
22017
6008
88637
32580
36923
46498
87531
63622
73784
39485
79337
5658
80682
35289
67994
63534
6762
27954
85023
34134
16117
52010
82421
89666
84537
97724
34632
26754
93242
97226
25791
76249
74848
10072
10514
600
4084
77962
45469
38790
88588
94810
96515
38498
79444
72276
84879
73806
88694
11328
25926
23863
96823
11423
63617
12034
1159
69900
83881
77809
32134
87410
5707
12365
92643
7011
82029
19051
48239
87108
99227
4575
98420
30806
11131
18043
12700
68161
40623
96278
31447
91059
92111
12770
87562
9994
90022
65007
70324
53917
88194
95153
58828
59205
4808
94412
54887
77574
21215
93043
68806
51988
59753
8499
615
18003
42965
82373
96475
86137
55548
56153
52862
43635
7624
40274
23294
40007
29025
8443
75971
21557
71201
48644
60383
22207
2073
95804
50930
72079
93002
68482
31243
91745
10014
46432
27239
93337
51088
28295
53496
66263
53132
92640
1709
68410
68996
1336
23963
86170
62147
7169
11695
57618
63099
87024
86106
63914
95427
80429
86105
33903
64754
5313
91882
26713
48925
92796
24767
20165
53837
13005
24927
95045
66727
30671
40499
34140
90965
67228
9323
51658
71024
91058
55029
7462
33194
42918
66005
42835
31696
24408
13075
61412
62528
13094
73639
28025
61273
53054
41692
41061
35533
71810
42137
35095
6992
8396
96091
37218
81111
34322
91048
2329
75123
81255
14756
40744
96696
33583
57304
60891
81879
47425
3533
85259
83976
91461
78763
8636
82318
21648
8120
24769
26040
87982
46920
79033
72806
59128
68255
81034
72641
41468
47526
57495
85741
55627
61632
34382
28106
53518
27993
3851
98653
40125
49183
87504
56529
14326
67647
26889
25880
38324
71790
11199
85763
58144
96173
19357
71313
44061
4715
48461
51834
25579
45679
48772
91875
34260
28766
37508
25271
16926
89834
16650
11641
12883
93591
69145
79224
20738
44647
23666
23759
82419
38054
94763
54466
19232
40062
64517
71569
15719
68235
59113
6433
38758
45835
57896
31548
55720
46604
35948
72907
77035
18427
43188
65251
59367
48967
35480
61812
24989
25268
87492
40168
54335
27733
41765
13408
52332
20233
64369
64413
53630
12497
17970
90344
66143
1167
2966
96734
47872
9535
99356
96111
16154
39612
21478
51773
41560
51661
62871
80491
29122
10096
51651
94640
69437
83945
52243
64301
23456
38135
16635
57808
25072
6909
99785
53873
44432
39930
68392
11484
4070
39751
43293
67465
49973
79180
38332
31903
81443
91236
21335
71537
44912
32160
44875
68301
16
9234
72321
29380
82422
72851
2157
97463
4696
43834
62472
46085
97643
69826
91251
96712
68892
48985
42747
22634
34769
95623
31706
85316
67592
25041
8712
33853
96690
86565
30825
26449
49455
23100
28123
561
26409
19708
33662
56674
15732
61464
90365
21319
63658
11129
67032
86731
3405
34065
71304
90393
52213
79367
79953
43392
24263
49904
13093
33627
85276
47052
43879
31609
20001
19975
73033
12172
28198
85031
48607
80862
15164
92126
89932
72593
62264
70019
49180
25812
87969
32974
82931
28711
68578
10105
94532
25927
92955
29682
63450
40565
80595
75790
23321
86826
10948
12608
10673
24533
11311
48861
88509
79484
13687
81134
24045
44979
33899
40767
59487
36377
72111
68273
24559
46207
3751
37807
5497
46277
16452
69284
97727
64995
89059
29342
64682
53754
43795
12943
22197
48468
25514
87047
75889
15861
27904
34673
85875
21077
67848
33402
94111
75395
43141
55035
33661
25274
24606
54170
55668
57657
18020
31116
66390
77551
61252
1516
79918
15069
89571
79522
74963
66701
50287
95346
20024
33713
49327
69618
38366
28792
43347
71039
99553
78570
7538
15369
99529
98768
24407
57190
38458
94491
51287
12882
55754
65689
97250
58815
44
64144
14822
51211
50774
57176
20404
16590
77742
44141
22438
28842
31126
78516
533
11987
58222
2733
66215
59381
15820
13725
5845
13505
68060
60702
54196
98062
23769
93060
15574
51462
30320
20335
63716
3223
23734
19667
27747
2629
31392
73242
62416
56919
19570
63342
27560
83184
4552
15910
79515
65655
81948
66042
50301
64826
11082
1398
47833
90959
68082
18092
9042
48887
13477
52909
19768
75636
70722
74820
27402
22160
57077
52616
53872
1084
97033
37291
28663
12615
27634
14015
61855
97064
96082
54281
63916
50369
17801
62557
83112
50151
94170
12826
34071
52705
16356
23865
53000
52943
11170
92963
57342
81083
26344
52844
26404
88638
66157
75270
63286
31854
62082
34946
74670
51192
57913
97449
55358
95847
3303
47902
42730
55180
64189
95606
79032
15612
31940
97077
96871
36292
94439
42833
74707
21107
40464
15656
1632
65652
75829
44965
47088
22231
65644
85935
94621
60707
1517
67787
43076
93722
6319
87871
28047
72987
62597
416
91995
94722
57780
28488
16974
53667
29068
63465
68421
14344
4784
34421
42287
15321
906
6727
62015
47785
87409
27336
86183
11220
80085
76845
24446
85964
61478
36693
78144
66204
14986
78809
78532
77108
22681
48236
34016
77312
97631
89383
93843
97890
78512
47798
43326
8129
70633
38928
22662
15545
63406
78840
93688
52037
84368
6060
40742
96977
96975
79018
73988
54563
27003
41504
27698
64471
60578
7122
13102
66373
99733
78556
85604
177
37557
80495
18074
11870
18961
20315
7252
75189
48435
39406
72599
67683
75871
29698
51004
22604
62663
91425
25763
49296
57956
66085
72627
30500
84090
18467
87021
34339
28968
85480
87272
53293
32269
4618
40679
41412
20659
45647
3414
87731
10955
85306
23853
37387
9496
18029
57524
735
34469
88488
11436
99922
48198
69161
90717
65111
17043
66256
79904
66089
8121
24326
44424
62699
29102
3976
77195
75503
31381
38367
2518
32769
1151
37284
93784
49312
17282
27249
64129
68843
60582
55801
21858
56100
89556
71442
1206
89534
90699
54960
4020
68362
67060
24464
16754
70523
36976
91383
87808
39729
11088
65154
27108
2187
64372
13979
12397
76625
42540
24625
80685
45097
47301
70313
22658
31335
55373
89248
55452
1712
37210
37885
96341
89117
81093
6493
51219
30685
79971
77703
60819
17523
82098
12662
99232
90438
50576
55974
74482
21066
96534
44081
11497
23671
58021
87965
39445
40327
98738
5692
59364
23067
23878
8053
48574
60139
39800
54027
67765
38520
99816
70632
56811
83905
6943
40328
14121
63150
50213
6698
29322
60669
6781
92135
87151
75972
68680
47237
60689
19967
54634
18786
89262
69665
70560
99126
75427
66855
43736
66669
49082
26497
75535
99858
61803
9566
90812
26253
84281
9374
94587
59178
37257
32706
64957
27901
32391
43113
7387
15073
8490
80416
1976
71801
64583
47386
40387
39748
87598
65262
7418
11974
40436
68088
74912
55472
5253
10635
89073
98948
79569
44949
32214
68026
62119
93795
15948
61938
83846
29393
95037
99575
15105
36850
18205
52015
97182
34207
34770
10278
26060
37019
53138
27158
27900
91451
67821
25530
69200
47520
33236
18741
79163
37386
21923
61709
32341
49065
69649
62577
16872
87263
15499
33478
70069
77278
56550
69923
34806
97383
53499
66267
44602
63146
66761
18992
89835
14671
88681
36279
97784
53234
67367
83364
63973
18803
33741
68179
230
67434
55952
33386
24113
38516
49253
20123
64603
24170
71425
79115
67494
28441
90185
17641
90611
42810
13123
24634
4113
79947
43186
94163
89519
86750
12885
10329
96495
83402
23369
37273
67798
18976
23392
99062
36814
68520
34283
45952
87125
19576
95990
96437
49597
74816
52735
5928
47546
98797
12838
78
41330
93525
15882
8988
57946
29386
85790
20793
14451
45528
67378
11900
50409
51563
81386
99609
58300
30656
92322
72953
97022
14140
16807
77441
71870
2672
24746
46787
856
134
56234
7128
47475
35360
247
39089
24691
59885
30937
72645
69919
69433
88258
84647
9852
71232
39178
7466
50503
66838
93779
83627
21394
43017
41084
76461
6306
23431
62544
30233
98130
7026
46231
46148
91100
5468
92922
18263
12482
8768
73229
12637
96663
77634
42288
19913
3809
76065
1842
16357
54743
24756
70700
53851
78030
95788
18762
54192
29453
16567
73328
45148
80702
11292
28404
90241
79183
26329
45687
54920
46972
3916
67658
65661
30297
69266
13529
78248
54143
97552
27714
93963
10196
253
44942
12971
6447
51745
51615
16969
97976
78711
70129
95834
33444
15371
21220
20885
45588
7116
49627
19472
36049
13273
19808
57644
56664
7946
76260
66877
11866
88320
87948
53233
79719
74174
23058
63783
86063
4082
85902
17962
93372
4999
11371
83245
22303
45651
68379
93620
78320
75923
91027
76575
54865
60443
34712
52741
10028
3398
40216
61352
58776
62679
71486
21906
78302
54304
29258
96198
69890
53015
54418
21233
95866
42496
9493
6823
28723
12190
20305
45491
24176
86780
10289
23097
50880
43643
7963
22208
22763
95716
28687
27337
35085
28710
74797
89233
45542
70382
5990
39866
98846
5048
93272
76252
91587
37100
46863
41071
48712
4705
52000
80654
88642
74146
96727
90439
91861
16532
81405
94138
96887
81644
18557
28614
12240
70095
79112
48277
91887
33323
75197
55813
33732
61479
62816
51452
52055
36862
46743
89065
87353
28344
1574
96168
66939
69311
23319
95941
65916
92978
75166
37024
61134
90730
66063
99741
37176
46012
67856
70993
25407
6597
35066
50057
40515
20695
4701
29184
8901
77200
7892
32581
25312
35554
30291
77267
40938
66385
79695
88277
55249
7932
88446
34927
41342
88494
14418
3808
98406
4503
3188
64402
62929
7689
61511
28742
17390
18013
93133
340
71583
50198
81904
97656
14871
49372
68603
17771
11356
87449
33800
29939
43056
8915
54650
41233
95524
74636
81434
76611
72163
31469
58790
71837
2550
76583
4849
47179
13766
87835
75398
63846
15842
86145
22597
13794
21891
65424
10874
32270
28491
26978
51181
1071
38446
58427
33762
2347
83302
89596
20755
93664
10103
23084
72952
27010
71031
29205
65659
38811
38197
57195
98962
9063
61278
40804
35787
60791
48248
29419
25718
36849
25776
901
69831
91576
3278
88044
48417
18457
60413
57336
34169
58738
37200
55824
2670
56257
80736
18586
48666
72614
26644
55147
33412
29575
59268
19773
83264
34190
98411
38973
924
4291
26545
10868
22084
64715
28084
99250
59700
99463
51009
7674
90333
93418
82831
88436
23458
28424
72725
19215
28698
67194
69369
99457
43691
42548
71339
4411
92474
33845
25831
89442
60409
47120
63614
63708
1135
7543
92194
59409
62768
45448
67600
83140
91699
1106
95787
91951
71194
2470
32460
67721
68569
12059
25958
23220
97327
93041
33620
94670
77438
41112
49901
19237
61205
73764
19784
31288
42188
63158
47642
86660
20948
56802
33546
15275
58140
14884
24685
51069
13275
50373
87117
5499
23266
90799
35561
86093
30326
90206
12788
90696
75884
83867
61838
75898
38307
66924
81568
45818
64211
90686
99901
47079
11379
57621
66090
83588
5722
94855
14868
67720
62020
41240
86191
86139
25179
64459
85621
5731
77374
70679
61942
30053
61882
76041
42290
83188
80837
64132
73228
61501
95029
82817
58533
3113
57317
83814
90875
65741
94261
54988
3170
94230
83043
9128
73755
98355
48567
30988
93096
67876
35932
88934
43027
14607
64300
32356
27453
97095
80867
41016
85707
77427
78610
90712
74880
76404
67452
74427
62706
48721
32995
54516
13802
55523
79382
8016
35231
49477
15147
52708
92155
60519
61423
20337
76209
79867
46314
16821
80290
40187
73550
98481
59466
81919
26899
52026
65329
32276
47099
11689
72709
64962
95074
8586
58097
33633
44275
23391
98009
71595
30313
21105
64401
23443
84752
95096
90907
78693
14809
32797
83798
7762
4391
96619
53526
33878
2348
29445
36426
7427
31818
5343
77880
50292
14591
3477
40286
54293
1964
93862
7483
69608
85163
15469
36307
36129
40460
63855
77314
97687
22904
47682
37984
90484
39582
20593
69695
12795
28988
44278
12625
74203
79618
95734
4712
58068
44513
66685
54641
14797
63515
4710
81786
31356
88235
19104
77980
97162
49880
3498
50883
25513
57943
67920
64585
79533
67226
97063
53968
57222
41069
22994
79795
11983
62161
91831
43600
97283
67343
71328
77620
87695
92119
52587
24784
19517
27535
85523
62760
70654
41604
20265
36261
83805
69157
24254
31524
82134
44795
26828
7572
6407
17817
85169
6761
74959
20234
47913
80632
64954
96107
94264
98807
4698
13199
32595
77454
13545
30712
95152
79790
58391
20295
5874
35585
2806
50955
91527
95041
47652
13521
75497
99097
36416
35842
73676
97809
17045
55430
92591
85862
11608
75920
90886
11554
11779
29430
99893
50935
95232
1320
30644
91005
56842
27001
67783
9931
87855
79463
13039
92780
87795
71741
53431
68881
98892
41170
36653
20455
81690
45969
30407
12287
14050
104
64891
89163
22561
20750
44105
9306
63073
48135
36609
98974
37196
28209
73418
49257
64654
93305
37541
42655
10199
2608
73145
28640
63418
84124
46196
45231
78375
854
8541
88657
35368
7469
9844
64658
74629
7844
68176
23768
77263
63547
23615
79981
77828
2069
63510
35120
65548
1657
54666
30147
39777
99645
65889
98921
25364
51397
93314
16399
72170
57572
57365
18819
37896
47174
2086
9919
20453
22127
36220
1024
44916
53785
87553
97862
31314
23155
74309
6931
74938
39321
94562
60325
71515
52433
45172
40347
99008
86156
39303
65763
31534
52356
71723
57519
22380
81066
66172
28780
29835
94136
47347
41443
85029
54276
31201
13697
10504
72082
51545
4647
21577
87188
48597
68011
28146
53217
97148
99387
32870
70927
49198
55848
91085
92115
6684
10037
32895
16428
80701
70445
76424
89423
73875
88131
82608
2412
24427
9320
26322
45447
84348
54947
48472
77123
87390
84437
67365
54994
85891
42957
37166
94987
99409
35271
12061
78506
87375
61022
2414
6562
30958
50319
72597
5481
94645
87852
57293
58587
88135
71010
33162
60407
29702
63246
17612
54419
15609
56862
82287
60427
2099
10551
79041
90469
18870
84455
59170
23610
1287
73586
1691
35870
72040
18681
4635
24131
48751
15287
41862
42576
77056
21925
57205
98838
5824
64390
88775
69429
20891
79298
66707
5796
34884
25250
76453
46035
59072
68331
39917
96837
83664
74949
34203
35850
524
2651
32537
86584
13998
35597
2286
40599
95798
36116
28274
59780
56973
9586
55519
92052
62433
33677
66990
54016
44641
2059
32869
69568
15623
17368
63392
89033
15488
19056
42362
84671
40295
61228
5624
2000
85410
57656
39414
61610
84660
88490
53195
61690
57169
24502
11764
24143
54002
53242
14029
47513
733
3812
77411
96093
82926
24228
96453
20977
26143
64156
18365
92020
48643
18945
89280
21225
17672
60714
66387
86945
46190
88736
25529
69258
24553
31224
93363
98453
73460
99190
56765
70055
74577
36525
16694
49154
31068
74572
29220
86385
23940
21913
62127
30650
19590
58017
69518
74213
2985
79780
92976
33657
81892
67339
41442
8849
39058
9647
34910
3073
45959
99114
25790
25335
73567
69163
38058
23641
55823
56948
89575
78381
89974
96050
5528
8713
72200
54632
62606
18990
271
73599
77797
15491
76329
14372
49042
3156
94377
4744
61295
96123
39913
45922
85374
57105
14262
52258
32218
27100
15288
5734
11910
69159
23724
90144
25029
30707
46888
22529
9489
24649
15675
88709
45382
2482
14377
78207
66120
43217
23955
24386
51067
10104
22294
64790
42549
12086
7264
70563
43381
74678
17383
94588
75374
97379
78439
33033
56619
96845
39983
22664
50384
38253
28266
58547
69127
69451
27400
34131
979
65454
12227
32559
46615
14272
93149
24627
87239
651
95220
53003
70187
62426
61350
91817
9017
43094
84346
43492
88465
8633
68821
88280
95241
91109
31345
40822
4353
68798
2948
83839
40350
29932
7349
83373
94224
69731
83720
47273
51507
94731
48758
25933
45843
79700
4555
7661
46215
74640
44043
26210
76220
27996
72545
77878
57256
28350
7744
51755
47228
76357
41135
36051
73762
1213
70888
66636
25556
75328
91198
93150
99310
24322
92646
22875
33738
68947
43086
20681
4360
7631
46791
30939
23038
49497
67459
55412
24585
25106
16068
56548
70402
34689
83136
18812
21670
49033
87383
70689
84645
41564
36744
15569
5580
88128
15824
84167
46054
47970
71844
67368
69837
77153
59639
52778
78137
92325
58911
76612
29617
83383
4538
52848
50134
36187
58748
42646
94986
58562
87276
66037
64854
54188
40382
85466
69007
1803
27141
84210
95978
58352
18421
49125
40791
83915
14841
18189
68347
11550
92467
85803
68509
673
9691
98183
5870
36981
92400
32551
53162
45193
92489
75773
2320
3430
39336
43822
85455
69241
77178
86726
22595
92477
75849
79233
79490
95639
53485
68258
55046
61741
58603
62409
86602
83304
20081
46319
53819
92915
52377
27720
27975
45848
3921
71641
25726
72586
55982
77388
82603
58421
53199
97107
55350
84439
20951
21405
1282
71909
6526
54793
95887
62943
81401
46839
16070
80917
52505
28735
96053
54077
18530
68533
3750
51711
38641
38289
80608
47389
84677
14030
88701
99982
70625
25234
26186
49219
60360
53462
95106
73254
56196
95121
31236
37128
47296
65522
51344
36895
25655
10194
93855
53831
59506
83695
28392
37837
29294
94667
1798
91204
7718
93546
44107
85749
31300
65748
9183
7740
23032
16716
8630
52832
23208
71192
785
434
9109
24503
24221
72280
46708
13382
52934
1127
52174
88150
96385
98818
82221
56074
71133
5400
19452
8642
39860
93072
13348
53463
11758
58590
7671
31121
30749
10016
80662
30520
4057
95372
43340
42449
47000
54356
14297
94498
44044
7306
96591
58645
45784
41753
57084
4664
96578
99456
10950
23961
63045
40461
26277
79886
79461
31841
98017
51712
95354
86383
12525
1975
26188
35233
74099
71829
32938
32953
4443
24330
89297
12841
39173
31354
56698
3866
25553
93102
14348
89776
58700
67871
19048
89175
47075
53073
97366
22307
45805
82586
14846
43064
78382
22375
50302
55733
81419
22670
47135
47188
91170
62248
91315
29743
23994
68524
40524
81835
99467
12834
17688
18584
28992
17206
46161
3413
33283
87784
81697
93127
29226
26112
40759
80753
57008
43678
22466
81603
75728
94824
575
66296
91070
16311
81985
93333
80227
38683
82819
99408
32333
74936
560
30838
32817
97685
67147
76219
30314
18367
8319
20570
78752
88435
48639
42692
80187
46227
87315
94630
66038
77101
48667
49771
23806
71754
41242
83078
83310
76503
89976
94309
48905
81909
88507
87750
33295
59183
28627
37570
17839
56137
8066
13679
92230
35158
1195
85772
40980
28525
99615
77624
47875
54097
53538
73173
9897
80389
20462
81005
76464
10984
40774
71784
19057
79151
36162
96958
46292
73249
30389
36910
59601
50482
99794
49761
57054
42143
74981
66194
58713
59141
83875
66111
42055
72733
96176
39347
38836
3747
93370
28503
5681
72378
53404
32541
33400
51686
5251
51984
61998
38433
22482
86403
26301
93485
56676
39165
27907
28206
39614
16092
92760
86040
11653
1368
18971
13808
95114
77685
1392
20016
61156
17579
26173
52637
59469
64314
92462
9561
50326
18972
44604
14239
72584
84541
19231
48423
56729
75179
95831
19771
20304
45880
4564
8179
77490
19559
23809
14080
20456
66981
21851
76858
15372
12476
78513
24710
44030
90041
42772
82372
14010
48850
12078
53599
33156
59916
30732
50382
24163
54448
92730
94898
88033
94187
40732
55276
23214
36929
65969
48418
41754
1502
15250
43487
31231
72784
56533
81958
43597
56515
98030
86812
38835
6386
94414
32153
64252
8723
82640
5883
29365
48744
8258
16829
88122
9516
10640
35715
86304
58939
4638
95333
79114
11847
77623
39010
86972
66625
10696
3686
21329
27119
49491
24068
813
86848
16100
71243
70383
52419
90236
52064
58647
30357
6022
93362
86298
98447
53019
44078
43833
2297
10073
9656
26391
83623
90209
12405
98144
1806
18556
79661
32976
99016
31453
10091
11736
36946
4422
6819
72661
35661
67043
79564
38360
9965
19927
8673
34933
83690
41096
71325
82347
96182
19988
90007
81333
31357
83699
70489
67186
51402
73625
21333
94757
5362
16692
7186
51767
17139
93723
10562
28401
91507
84778
8137
79246
5828
47815
66454
81807
50710
5555
71759
40884
36854
5342
90820
55338
17778
82022
5289
39240
17513
46021
65284
37670
31435
30904
85861
67723
7778
53040
87072
55977
55145
94292
61209
68288
39053
26337
60204
61073
43251
80952
27784
19883
21587
35629
87150
31039
58578
46956
44849
20709
95197
51350
7062
72087
98320
61439
11433
95453
4688
3889
41478
85996
71497
50365
76505
63717
9202
71530
7175
67150
78820
20105
5723
13451
34289
693
91969
18498
17822
34613
95486
82502
79193
27430
14804
74158
69537
9338
62798
65786
52260
45138
57551
91116
59424
53553
84615
88686
22460
1314
41841
27258
23272
70940
87076
99138
60712
7153
38397
80669
96680
44690
25369
21295
17215
73910
572
56986
50703
50307
39424
45439
61684
39856
56172
56146
61328
86569
99214
67004
58363
38862
38345
5254
74064
86054
26815
43315
1823
56083
54725
42980
41063
59764
75439
2784
80794
86389
923
48101
24105
83659
76295
65180
33495
56256
79721
33601
8096
75286
50860
21501
65591
39590
60206
18825
85820
97132
18686
2351
78652
42426
32893
38337
42050
96116
6941
23541
10919
1145
92613
97263
89730
81912
18246
32318
93044
30715
28063
74557
38019
317
59597
56459
15921
22099
3507
53302
76457
65393
4453
57880
45307
24462
37531
40756
65038
38389
3333
29972
10371
11363
91460
72901
52575
92693
23549
53822
3715
6786
66213
22373
63549
66265
60728
48953
11212
92752
78905
59661
71465
14266
89279
66561
18002
32426
9768
99799
7473
22691
78253
24150
46255
43416
39416
1141
57183
47045
54202
89949
76120
92895
87372
50494
52199
39788
98897
85153
12536
33160
57902
94934
69577
19067
85576
63928
80792
54338
44704
57989
23474
23659
73241
28618
21773
80408
29985
27022
82039
42314
97406
63180
60000
32678
10198
70502
84997
60153
27429
46367
25652
55885
46433
75536
31517
9624
95718
84357
12015
7212
74439
44662
3754
9462
73495
27768
19024
96034
78681
66656
73799
14668
17813
2741
45671
13620
89068
81574
8503
50987
51627
14428
29884
52602
19863
79555
63837
7254
70691
53048
10806
46660
20702
16597
83055
14598
10842
23990
67335
58122
23417
