588707
-1
-1
-1
-1
-1
588707
188285
-1
935312
588707
-1
12627
-1
257796
-1
-1
12627
-1
575145
-1
257796
-1
184925
337744
588707
-1
-1
248893
399295
248893
-1
703940
-1
588707
273413
588707
12627
588707
-1
-1
594525
981850
630858
-1
715633
425035
423859
425035
-1
989630
-1
342949
425035
715633
141305
-1
380486
12627
-1
248893
-1
588707
908215
588707
-1
588707
779191
248893
-1
257796
-1
365901
-1
337744
895148
337744
-1
-1
916823
588707
-1
-1
188285
691827
380486
248893
423859
425035
715633
895148
337744
-1
623892
576428
588707
248893
425035
141305
715633
-1
469597
-1
423859
425035
208805
425035
715633
-1
905087
-1
257796
-1
-1
234999
-1
506724
12627
128797
-1
630858
600448
342822
600448
630858
981850
129010
564161
292534
564161
230385
-1
575145
-1
-1
-1
796143
-1
-1
-1
588707
652362
-1
398741
895148
615621
425035
-1
-1
774283
796143
465472
-1
-1
588707
-1
337744
925342
213514
703940
337744
560527
703940
-1
755669
927546
-1
588707
425035
230385
564161
129010
564161
755669
403783
682570
403783
586584
403783
973163
588707
506724
337744
141305
715633
83940
70000
798194
141305
600448
630858
981850
594525
554336
594525
75811
248893
977720
248893
925342
588707
-1
-1
588707
-1
423859
425035
337744
337744
184925
-1
594525
674347
594525
678904
600448
329057
912232
390886
912232
230385
259923
230385
564161
230385
564161
-1
980091
12627
879600
677060
868921
677060
935312
365083
823602
403783
383033
403783
297510
403783
755669
380486
349576
638286
-1
598051
-1
791463
212894
402635
930338
895148
337744
184925
816137
677060
879600
12627
-1
564161
706970
-1
137438
-1
251842
843185
-1
423859
-1
141305
-1
-1
564161
808014
564161
-1
75811
-1
65000
-1
248893
193154
549961
856894
594525
292534
564161
-1
715633
-1
455813
-1
895148
593451
895148
337744
184925
-1
215318
410115
499046
585532
791463
719247
362578
719247
791463
967223
465984
123757
-1
141305
856894
549961
193154
252106
-1
-1
727195
715633
-1
-1
425035
709431
425035
715633
763454
191911
292534
269761
292534
564161
181309
847786
300387
371349
200292
895148
799490
895148
139980
895148
480398
895148
243852
895148
337744
184925
-1
947286
-1
594525
380486
-1
908215
-1
292534
564161
129010
981850
588707
-1
652362
564161
164286
240913
562930
812342
562930
240913
292534
841416
292534
425035
865962
275687
12627
-1
803530
880550
803530
345876
803530
-1
588707
833121
588707
-1
455813
-1
292534
27816
141305
715633
12627
-1
533097
337744
917552
894977
607836
894977
917552
459692
12627
396558
362578
719247
791463
583419
465984
176982
465984
967223
275687
-1
423859
-1
329057
193154
248893
-1
628575
408912
628575
-1
715633
908215
-1
-1
484099
-1
125605
761974
194973
672484
194973
761974
700078
895148
337744
683877
337744
700279
337744
530024
245404
-1
75811
450503
75811
133250
895148
403783
755669
-1
-1
857720
715633
123757
229787
51226
455813
-1
465984
215318
399977
215318
213514
379474
67242
379474
208805
541964
204657
541964
977720
715633
-1
248893
-1
493925
-1
562930
240913
164286
564161
129010
981850
855815
981850
202752
776918
737961
940022
498581
694821
193154
773346
247878
623892
-1
-1
32022
-1
588707
-1
540545
-1
208805
506347
816137
425035
588707
-1
724042
-1
715633
923688
674347
594525
816137
184925
895148
337744
87841
-1
598051
965212
598051
-1
447776
-1
419939
-1
683824
403783
472924
403783
19582
215525
715633
-1
715633
824810
403783
739654
403783
541964
592439
164286
373623
164286
834493
852771
-1
843351
833121
961439
833121
588707
-1
506724
-1
423859
425035
182950
216473
196946
304119
196946
977720
248893
465984
967223
855815
981850
594525
44683
594525
-1
942260
-1
217021
402635
724042
431226
724042
678904
594525
755669
-1
337744
184925
322337
773414
322337
700078
158418
700078
617030
191911
531371
191911
107091
44683
285591
380486
-1
323695
-1
208805
164286
564161
129010
380486
564161
72273
362530
72273
564161
129010
662825
877938
372282
729145
632542
729145
564161
811066
564161
44796
564161
564161
644315
465984
588707
981850
594525
364100
594525
-1
869696
921919
588707
-1
967223
791463
803530
-1
618346
479030
823602
564161
129010
981850
719247
701356
374448
740235
-1
791463
673379
727871
432571
803530
-1
715633
-1
792248
176982
465984
12627
907892
506724
-1
973280
-1
533583
19702
72273
564161
236576
564161
277940
230385
-1
234891
267757
234891
843351
-1
325922
598051
98241
588707
855815
898221
152258
985050
152258
564161
740843
967223
219360
719374
-1
-1
429440
-1
967223
415647
729145
380486
373032
200863
373032
423859
459692
917552
51226
674347
-1
337744
967223
791463
-1
699024
-1
711201
403783
213514
347595
213514
506347
208805
425035
715633
823602
365083
152258
898221
-1
914140
700078
792443
455813
706122
-1
564161
460186
365901
264729
-1
100629
702511
100629
-1
227919
-1
128963
-1
732987
582465
379474
669969
-1
716974
-1
275687
638685
939312
647287
939312
403783
755669
359185
271606
359185
755669
588078
-1
337744
461957
215318
-1
843351
192126
843351
-1
-1
-1
425035
403783
444745
151152
444745
413405
645110
413405
-1
380486
-1
-1
987961
-1
712308
890043
197307
403783
757334
425035
895148
-1
919464
-1
827867
-1
797666
857720
-1
738334
851893
-1
366631
337744
587786
337744
184925
981850
594525
459160
571826
560527
779191
373654
783732
19702
533583
834514
533583
764299
425035
955671
425035
975437
-1
597866
733156
337744
184925
575145
574197
575145
-1
281246
365981
719247
783732
373654
622303
586584
403783
461730
307782
402635
-1
678418
345977
-1
-1
51226
229787
980950
175805
980950
229787
269886
403783
191995
255715
184925
100629
528936
427882
232547
990287
232547
427882
208805
166301
425035
715633
-1
275647
184925
599042
184925
-1
469872
425035
230385
564161
240913
164286
213514
425035
564161
397713
236576
694202
-1
964372
12627
-1
757377
-1
133250
889533
672484
397713
564161
4524
733156
597866
-1
310810
-1
981850
594525
630858
981850
419939
191995
755669
-1
541964
694202
236576
564161
133250
196946
184925
632542
729145
-1
-1
460520
382160
460520
209455
513850
134681
513850
998602
572335
-1
594525
-1
239013
396397
337744
403783
755669
770805
-1
-1
576426
-1
846997
973280
-1
735898
976051
735898
888800
735898
815028
735898
-1
191867
190480
-1
541964
978562
588707
-1
632542
479030
288624
479030
618346
287606
779191
-1
865962
987244
865962
425035
715633
455813
-1
935312
-1
129010
184925
354006
184925
-1
857655
-1
100592
374448
588078
44683
594525
-1
476231
935312
-1
791463
322337
613441
322337
552311
638286
349576
325697
197307
-1
816137
673618
208281
184401
429440
-1
749145
-1
51226
229787
123757
-1
33772
-1
928499
-1
761974
248893
423859
403783
-1
180460
-1
898221
855815
719374
-1
588707
528936
731242
432571
75811
594525
-1
973280
-1
791908
919154
12627
-1
465984
46033
373405
-1
599189
-1
38104
193154
546910
651957
717256
575247
717256
367155
564161
499249
14267
964372
640518
-1
977720
865962
425035
273107
425035
715633
-1
141305
749145
551080
749145
-1
513839
42602
874856
42602
529019
42602
513839
193154
887108
700078
247504
700078
827413
173963
827413
683824
-1
598051
577935
673381
956080
419021
956080
757334
284343
757334
607505
29929
90843
617030
917552
-1
568721
724042
-1
574197
575145
-1
981850
191911
213514
-1
407810
-1
184925
-1
700078
761974
301407
761974
125605
155086
747999
763454
715633
-1
344725
91512
-1
523879
856894
652790
967223
838067
958963
838067
967223
-1
43798
179061
180643
179061
838067
479372
912937
479372
838067
-1
416385
373405
873672
373405
370872
479030
618346
977720
-1
987244
841899
394643
761974
125605
436976
150224
436976
125605
779191
588707
-1
615621
895148
337744
184925
-1
173706
889493
173706
713562
390485
713562
634617
713562
725658
713562
173706
455813
594525
275537
588707
-1
949144
419939
2853
419939
-1
694202
236576
575145
-1
464210
-1
565491
-1
551479
191911
468410
191911
763454
564161
129010
981850
594525
931929
553096
583148
460520
193154
248893
-1
792248
32493
792248
209455
752826
403783
925163
671495
953819
630858
413405
129010
981850
564161
594525
-1
838067
939131
838067
584969
398734
964258
484632
100891
899086
100891
724042
971513
143974
240913
-1
843351
-1
566196
-1
621216
215318
41880
648685
41880
127303
41880
292534
972731
621216
688068
621216
105805
284167
105805
621216
362582
917552
248893
-1
-1
540545
463063
547092
668291
977720
865962
425035
360966
310943
249802
310943
360966
425035
715633
465984
248368
129010
337744
184925
-1
403783
964372
564161
147295
564161
-1
180643
627682
264071
895148
622642
895148
-1
924613
-1
427882
813319
427882
127303
41880
981850
594525
-1
917920
694202
541964
245071
541964
696070
541964
-1
75811
337744
895148
396397
239013
-1
437005
326490
-1
141495
993193
365083
32493
761974
-1
-1
973280
73882
638286
409774
495521
193154
14463
533900
605889
715633
431490
715633
957068
715633
771807
143348
771807
912937
479372
838067
967223
791463
621216
575145
-1
602652
570525
602652
688861
602652
636703
602652
-1
-1
230385
664505
290623
446151
100891
484632
189688
396397
465358
529019
319283
757448
584324
162782
504275
162782
902558
715633
-1
365901
541964
772998
541964
479038
541964
308190
243852
529901
-1
412593
-1
-1
499046
410115
204455
275687
865962
504275
609327
48669
227919
582949
967223
791463
-1
983004
413405
444745
676353
444745
403783
273107
425035
715633
739654
403783
755669
65454
771807
204657
541964
598051
915594
157420
915594
598051
11962
715281
569623
12627
369149
425875
369149
196946
231159
742962
231159
513839
-1
184401
208281
932123
234088
355064
234088
70345
234088
777747
768464
403783
755669
347692
564161
715633
-1
838067
574197
575145
-1
234088
932123
617030
43125
60525
93665
768988
17873
719374
564161
588078
928499
916262
928499
312221
-1
137098
323695
981850
460945
934868
888388
929368
888388
934868
839690
366631
531355
366631
399355
123939
399355
366631
838067
12627
73785
12627
-1
797666
-1
270052
617030
700078
761974
376612
551280
376612
761974
731242
413405
444745
403783
947385
538270
101647
538270
947385
592888
947385
508588
564161
656306
775396
656306
564161
14304
959376
14304
-1
719933
-1
143251
-1
212894
14304
564161
588707
72273
796143
660723
796143
-1
588707
-1
100758
-1
-1
563213
269761
292534
330310
273259
330310
108515
234088
977720
715633
276348
715633
583349
210128
583349
227919
-1
-1
193154
229892
804543
349795
-1
508588
380978
382020
564161
129010
403783
919464
-1
425035
715633
703782
3897
423859
584324
208805
978007
208805
425035
715633
953131
594525
564161
9808
184925
963653
184925
543421
184925
-1
43798
432169
286117
-1
157295
-1
815028
57225
224989
325741
761974
269761
292534
814354
51770
477629
-1
459262
-1
789264
367602
234088
895356
403783
809680
594525
977720
285587
977720
371349
4524
564161
129010
234088
761974
588707
189881
288432
147295
439721
245404
403783
-1
636122
713916
905343
316484
905343
713916
361008
713916
615585
819867
14267
499249
137453
494866
137453
164286
564161
626052
312101
626052
564161
129010
895148
337744
184925
-1
713916
636122
137661
676353
51226
715633
273107
342315
830660
183897
369149
12627
-1
529019
438226
-1
585618
592888
947385
215318
977720
945175
977720
128276
-1
912769
294956
183897
830660
212073
803530
126737
686658
390886
814422
956609
488400
956609
814422
183562
928017
183562
249910
399661
587786
38104
269088
53190
-1
337287
967223
791463
337744
408912
628575
403783
928752
359120
365901
286117
362578
802675
362578
300869
14304
267757
234891
11962
248893
345876
290384
345876
-1
162633
-1
369149
215157
372282
564161
862529
551479
553285
583150
973280
-1
751195
-1
980950
229787
123757
465984
967223
290720
967223
719396
372282
172514
372282
877938
652362
583439
652362
588707
-1
290720
426380
290720
967223
791463
703940
588707
-1
569623
-1
967223
-1
245404
947385
403783
630436
267328
630436
292534
575145
-1
100758
674347
743735
715633
-1
300558
892246
117791
465984
97366
686171
97366
822034
97366
465984
173706
-1
575145
-1
337744
92962
337744
393520
129010
715633
117150
-1
891932
-1
713966
1052
25411
886725
25411
541887
25411
940783
380486
147659
652362
7838
715633
-1
12627
-1
564161
717256
374731
717256
916494
903247
916494
445134
617030
621216
936015
621216
879633
117150
4985
213514
460520
-1
-1
80545
708135
612356
600448
630858
26491
630858
857652
248893
-1
652790
856894
-1
-1
57188
-1
574520
207236
20958
533583
147659
380486
12627
196946
216473
334272
77512
907612
165931
399710
150301
345876
756424
325313
756424
345876
803530
38212
290266
330751
234088
932123
997797
130195
997797
12627
247878
773346
193477
773346
230385
749635
230385
564161
129010
439100
191911
763454
6006
763454
853795
763454
715633
-1
443255
-1
619124
311941
619124
337744
-1
993004
-1
365083
935312
706970
455813
-1
100891
497505
357375
825286
-1
105235
940336
-1
577935
451396
577935
967223
791463
-1
743691
129010
521572
129010
435693
374731
717256
674333
-1
178587
-1
262858
565491
316767
239013
622642
128582
652362
588707
617634
583349
893904
588707
444745
763454
746674
763454
715633
-1
904664
-1
221431
-1
564161
129010
981850
850101
408775
830591
460520
337744
309158
137125
934232
137125
337744
791929
934232
127303
231656
458304
-1
564161
129010
939496
640746
939496
58704
65872
58704
939496
670460
939496
129010
981850
894977
886507
373880
763454
429440
654406
429440
-1
55360
-1
530441
-1
12627
983345
191911
763454
72375
722348
72375
763454
715633
-1
914924
-1
761974
12627
409774
554336
763454
234088
932123
141015
588078
-1
595413
615585
713916
143848
129010
401000
129010
981850
594525
820181
342396
110519
656748
417118
888540
760632
965259
760632
77024
760632
761974
125605
867374
244624
892246
981999
892246
-1
184925
436888
784399
363089
75811
594525
958079
719374
910304
719374
396397
239013
380175
312221
928499
-1
411378
-1
620442
-1
413405
444745
567122
444745
403783
755669
364100
594525
930045
746674
230385
51401
175805
924244
890043
101208
890043
712308
-1
46099
-1
312221
928499
-1
-1
723623
-1
478252
736475
478252
-1
564161
715633
-1
838303
292534
278212
357003
148080
357003
557561
114542
816177
114542
557561
357003
805098
57895
660723
796143
437407
796143
594525
865962
263589
865962
136944
141305
944262
141305
715633
-1
638685
275687
865962
-1
743735
127303
715633
-1
754529
248893
360599
921271
360599
381885
451396
5357
540137
595914
848673
196946
216473
46033
9808
295898
379474
213514
688861
333986
931974
771807
861196
270902
404696
270902
516963
270902
381403
462432
80545
-1
129010
415009
255659
872431
755669
193154
731242
337287
-1
444657
144186
710018
144186
207009
287062
207009
248893
967223
791463
476231
-1
178266
-1
588707
-1
981850
816207
981850
152258
230385
507100
353430
507100
230385
47587
971575
-1
909376
877217
713916
636122
981850
-1
152258
-1
634936
251621
634936
912232
165547
142940
165547
630867
165547
764507
856894
549961
977720
479038
541964
403783
812342
510644
257796
158418
820181
306599
541964
792248
479372
173706
-1
999844
-1
20413
527206
311698
527206
338695
787412
338695
527206
51401
230385
126525
269744
588707
99580
744121
337744
635009
107854
782190
177453
958963
838067
856773
336397
799371
336397
191867
-1
359185
755669
746674
308827
746674
641852
333986
936669
333986
88081
333986
952950
756024
952950
333986
688861
455813
828200
455813
588707
365901
594413
365901
-1
786696
258803
859841
258803
947922
656236
-1
743300
208805
425035
127303
41880
215318
-1
275369
-1
573196
208805
425035
144186
444657
-1
820484
597866
166426
981008
984819
981008
166426
803569
843351
-1
340855
172254
269616
403783
479372
838067
311295
91512
857526
310250
92709
682570
178491
715633
330310
292534
564161
276348
287062
208805
425035
715633
-1
492249
173706
987961
588707
-1
841433
173909
841433
310554
895530
542702
426899
81237
644584
81237
337500
311941
619124
983345
-1
656306
634936
583522
373880
886507
894977
143974
885487
564161
681630
376612
761974
778717
660703
778717
46531
778717
343382
778717
377858
778717
477733
995384
638431
60791
972731
776496
342815
776496
972731
436401
972731
264729
365901
715633
487697
715633
455813
865962
375313
865962
713162
865962
425035
715633
-1
667779
51104
621216
-1
921919
12627
760949
117345
419339
117345
853689
117345
760949
52338
125605
-1
90959
746982
90959
594525
-1
715633
432169
43798
696558
337744
838067
588707
-1
560527
53190
423859
425035
715633
316767
-1
618497
573560
429440
129010
928752
403783
786696
-1
479030
618346
563213
-1
3491
332876
516155
332876
3491
316482
96675
936500
419939
948449
419939
564161
739636
174382
564161
129010
943223
-1
175763
-1
423859
54323
423859
667350
840935
91271
840935
68987
619124
582919
843262
582919
619124
822649
619124
-1
125920
67242
469222
67242
379474
213514
236576
-1
44683
594525
385706
448602
385706
594525
-1
11334
137371
715633
-1
715633
-1
507181
357003
652540
638065
652540
-1
893904
583349
763454
129010
981850
535543
981850
594525
691531
470871
470249
470871
691531
304990
332383
304990
700078
490135
537925
490135
345387
490135
700078
551536
458304
588707
389637
588707
-1
893904
616821
12627
-1
172128
297510
-1
-1
843351
-1
713403
-1
513399
-1
346354
699024
330751
290266
962174
174382
739636
564161
416385
-1
149329
148080
821674
148080
-1
-1
175235
638685
275687
602343
455813
674347
594525
655911
793855
5061
439227
-1
504275
162782
584324
757448
816207
981850
860341
981850
292534
328350
292534
750902
790095
750902
292534
929483
778717
761974
644350
225122
761974
340855
911800
340855
-1
897052
-1
598428
231159
379924
4524
715633
657936
-1
235538
856773
838067
551931
811857
551931
723657
290266
353651
967223
129010
30985
129010
630858
291391
630858
673276
568441
801382
136912
915636
65454
755669
-1
148232
-1
137125
309158
896055
309158
337744
611951
59140
611951
337744
611951
673935
630858
774283
-1
147908
582919
889861
582919
619124
-1
670626
403783
811383
850782
914140
-1
675042
857501
97366
12627
-1
657067
269761
934165
-1
900094
-1
675133
508588
371349
760949
439152
628575
912512
864881
182950
599236
143348
912232
947385
-1
-1
474981
-1
7492
-1
622260
-1
928499
16738
-1
803530
44796
564161
373623
715633
430313
963069
774283
-1
560545
-1
621216
986870
621216
597866
-1
215157
-1
-1
785702
337744
688861
332433
41880
215318
-1
760949
785314
760949
772184
715633
760949
971115
191048
971115
332835
744121
219088
886507
217768
52284
715633
-1
686545
799490
895148
925183
44796
763454
715633
34744
98077
199851
518821
977720
191911
181919
191911
838345
191911
460520
-1
955419
928868
12627
366421
-1
371270
39737
371270
-1
290375
718170
328557
718170
290375
204205
290375
-1
725120
292365
193477
773346
193154
248893
-1
642551
-1
129010
173765
129010
981850
469888
365083
176497
653833
196946
-1
92196
-1
728497
652790
-1
838067
329057
372282
877938
202765
755669
821205
755669
991391
14480
492960
-1
213991
462432
381403
270902
117345
760949
160063
760949
954542
760949
12627
-1
311298
895148
454146
895148
468626
594525
-1
-1
358997
126525
230385
480257
230385
774283
-1
667350
423859
425035
345876
803530
14463
184925
713966
307218
713966
-1
442988
-1
318337
782896
728296
425035
715633
-1
904957
619124
92962
337744
184925
594525
-1
715633
448630
790799
904957
490135
700078
761974
-1
359185
231092
359185
755669
44053
334838
44053
745221
717590
745221
337744
273413
588707
-1
819222
410412
819222
178587
740843
461710
455813
-1
193154
513839
-1
472514
67242
379474
213514
112262
715633
515201
812342
870941
812342
337853
-1
-1
582717
955557
582717
969216
425035
715633
997797
203797
172845
329947
172845
422863
172845
191911
763454
715633
746683
901660
746683
715633
541964
-1
9998
-1
92838
-1
91271
727195
505514
771872
83152
771872
505514
976950
125605
898221
855815
978562
938872
257796
-1
191867
54866
191867
420807
715633
-1
320379
-1
981850
594525
928499
828626
435792
209038
435792
520888
331253
636703
602652
253096
588078
755669
231544
794292
107985
-1
700078
523879
337744
-1
373294
728491
127303
41880
636703
328350
292534
760949
564161
925342
476997
925342
612271
804619
985852
715633
-1
292534
933938
230385
166301
80416
240913
164286
588707
-1
271606
359185
419721
141305
63429
180643
290192
180643
564161
798096
644870
366515
-1
337744
290266
973163
540545
91271
621216
641663
621216
-1
823602
292534
564161
804619
374731
763454
515937
763454
715633
122003
667395
822644
667395
122003
454280
122003
715633
198254
893669
939002
919154
91670
919154
375476
919154
184925
-1
564161
504275
162782
584324
757448
367602
181521
248893
-1
857532
-1
949265
559527
949265
-1
131142
-1
590520
544406
590520
364797
865962
425035
-1
41880
215318
32493
944262
141305
715633
506347
365901
142887
38711
142887
507181
87353
921626
87353
132008
87353
427882
922387
427882
563213
330747
476231
544614
184925
681783
184925
236846
91670
379474
729145
372282
126054
372282
992042
403499
200103
236521
300730
404996
935845
707332
935845
516155
332876
138887
332876
895148
337744
794283
710294
208805
669693
208805
236521
590520
27816
292534
481288
981850
594525
423149
594525
43798
-1
238399
-1
822640
588707
961000
267975
773988
267975
966575
129010
113363
469222
67242
594525
337744
329947
541964
57025
541964
396017
337287
-1
715633
981850
594525
322006
594525
-1
612931
755782
984819
896451
619124
-1
-1
602652
27816
292534
564161
129010
634936
-1
399710
733156
597866
-1
352200
414720
352200
688069
352200
425035
172128
5689
172128
-1
774283
141188
774283
12627
-1
147659
760632
637817
760632
888540
803530
718170
290375
365083
890043
594525
-1
924210
843351
856894
860934
856894
549961
715527
549961
588707
-1
744337
717725
235538
357003
278212
687168
379474
213514
990336
213514
925342
337744
143348
403783
533583
-1
31909
-1
264729
869674
264729
365901
-1
208281
673618
966191
743896
547775
743896
966191
-1
372282
298850
919723
298850
372282
712215
619934
712215
5960
342866
421931
342866
-1
-1
251223
742964
251223
41814
855815
138887
602652
-1
931929
257796
-1
350583
771872
865962
715633
-1
594413
426248
82626
513071
82626
426248
294209
979679
256545
979679
294209
571003
738334
-1
204617
-1
733156
138255
956287
935845
404996
372105
838067
12627
-1
972291
-1
228837
870994
316482
915594
103667
588707
330310
967130
330310
292534
855815
786195
136519
786195
257625
786195
855815
993246
855815
648404
634936
91512
96543
981008
712239
981008
166426
97366
457119
594525
986771
100083
986771
18899
836350
18899
575247
967223
791463
251223
180715
360279
275687
865962
425035
715633
-1
970829
928499
-1
-1
679888
-1
594525
606580
757334
-1
41535
396159
564161
463320
564161
129010
651281
4920
651281
564161
362760
715633
322511
283738
981850
888540
687542
594101
687542
888540
118897
888540
916494
990701
-1
505514
727195
743129
727195
588707
-1
-1
799147
761974
125605
335907
987961
455813
-1
213514
925342
769179
925342
337744
295075
625
295075
104521
295075
337744
20275
11962
87011
11962
675042
-1
921005
179061
952914
-1
337744
184925
109521
694202
236576
152137
214392
533583
-1
844999
-1
426380
290720
419339
787176
419339
771807
715633
538270
217859
156879
217859
-1
978003
723657
139354
723657
984353
723657
561400
635088
561400
723657
425035
96073
426164
96073
425035
-1
399661
760949
200591
871516
200591
760949
57587
564161
129010
129010
-1
447330
12627
-1
847786
724806
847786
949144
-1
161401
528936
823602
365083
935312
-1
108515
330310
292534
564161
427375
127303
41880
634936
564161
129010
981850
19702
638286
574520
541964
637079
303113
107985
651281
129010
981850
242400
981850
594525
785702
181661
667600
181661
785702
803530
-1
221129
455813
-1
-1
803529
594525
-1
879815
47103
879815
231055
958613
231055
879815
-1
425035
-1
816105
-1
989309
838067
270902
839817
270902
465984
803530
469597
407149
127495
393520
723279
393520
337744
476062
857532
-1
833121
588707
-1
541964
715633
-1
306547
-1
820181
594525
-1
58100
498271
700078
250741
700078
2013
658711
2013
594376
296209
594376
30985
877938
662825
12627
776496
-1
371349
229787
619124
-1
501455
-1
25981
594101
687542
889533
133250
75811
594525
668667
594525
715633
-1
843351
594848
235795
881278
213514
667395
51226
229787
771151
229787
257384
571734
99691
571734
768358
345876
803530
-1
908215
883185
210615
883185
981850
838067
-1
834825
458304
306803
458304
406494
65872
551536
700078
761974
66756
761974
952374
831208
952374
913849
980854
719094
599004
213514
925342
487915
777747
138887
332876
3491
236824
581340
236824
3491
-1
944262
124716
639923
124716
894977
917552
181657
708101
83671
65279
479030
308608
623502
32493
786195
197700
786195
245080
786195
855815
981850
594525
396271
594525
-1
940783
332876
195055
612931
498713
612931
657936
844789
657936
758009
657936
310943
210164
572816
210164
334838
184925
634423
184925
915062
184925
-1
328350
117536
16738
309149
533583
-1
279137
-1
403783
333986
786195
855815
162760
107985
164230
107985
865616
-1
168690
368282
777323
950769
777323
-1
273259
330310
700078
761974
-1
-1
436976
457232
436976
630858
981850
143348
-1
695339
14529
367519
127303
801382
75811
594525
439152
204349
541780
51401
40990
51401
227572
988441
234891
516155
-1
283263
905967
-1
438226
774816
55865
132008
87353
507181
-1
816105
-1
976876
778429
976876
-1
103553
-1
967223
791463
419939
-1
564161
108628
564161
129010
594525
981395
359997
981395
-1
630867
444745
231159
196946
12627
958963
378097
67066
-1
332614
-1
230304
166730
609355
166730
230304
699024
913849
332433
688861
602652
-1
700279
-1
419939
251113
299177
251113
612931
930086
612931
930045
393132
668809
393132
822206
404083
383841
404083
822206
208805
612931
637697
286978
637697
612931
245404
33359
300965
267098
37839
410412
75811
594525
589251
378231
398741
301540
179061
44683
760949
175732
156673
175732
884330
175732
667780
-1
404337
-1
-1
334327
157420
967223
288624
479030
715633
439852
151832
277940
733156
597866
743735
248893
370539
236576
936667
236576
564161
299177
479372
564161
830591
408775
-1
790824
682035
569623
495614
686233
495614
569623
-1
