2693
7349
6527
1449
5189
4926
2343
5556
3443
5888
4916
3380
4270
3068
4111
8569
4146
7466
5208
2982
4281
1793
598
237
3678
1506
2150
1793
6853
6900
1081
6557
1245
7432
3897
4921
1157
8262
3055
6847
9061
565
1697
5091
2555
6260
730
595
8916
6578
8424
1728
3112
2284
1838
5635
4668
8106
9307
851
2161
1526
6253
2693
5818
7611
5713
1318
7896
202
4496
1983
3733
4864
6457
1163
3938
7564
2341
9535
2993
1926
2391
1223
6840
2664
2693
8287
1498
4374
4926
7253
4902
5339
2710
1600
8689
4760
384
4463
599
928
6998
5668
3610
9200
4228
9200
8855
7117
3627
9377
5806
707
3304
1117
3229
7750
707
4027
3596
4944
1471
2482
3019
2625
3926
8767
851
5171
7445
58
2161
1449
6870
2012
4668
2622
8803
5792
7235
7910
1468
7893
1579
591
8733
8891
8979
8916
6850
5179
4937
9485
1583
3353
532
4775
7943
270
4348
5888
3933
1930
1250
2682
1905
1468
2582
240
7087
3933
6984
7142
7893
97
6289
6438
6505
6366
5054
1930
8375
7548
6780
5026
8284
238
929
576
8497
2098
8884
5977
574
1157
8106
1526
1562
3829
5529
5185
6259
1123
7733
471
4348
6479
3044
3112
2372
7432
565
8247
8253
591
773
7443
4726
5865
81
8979
2631
1142
2720
602
7910
1318
6457
7445
6998
97
8284
2622
6762
2202
6449
4536
5244
1523
5900
4608
5071
5681
8553
5742
3795
6391
8519
2584
5028
2077
6891
3526
7292
1510
3690
4109
1148
9501
710
1614
5805
8141
7025
6422
1480
8601
9454
1437
8333
7888
8066
1373
4109
204
4912
9524
5872
4276
2867
4161
5969
5930
674
474
7994
2194
8279
2584
1903
731
7277
6182
6695
3366
7550
7648
7004
3259
4551
7314
660
1157
6550
6953
9286
8016
6537
8919
7611
2977
6289
9027
5300
1448
3631
5563
6148
1930
6148
1974
345
6020
6506
8170
8102
6404
8424
6226
3540
7570
654
2011
5010
4107
7726
9249
7388
7829
4296
4361
3046
8601
4437
8219
1547
6921
5304
4718
8601
7792
4281
6404
4494
9464
4237
5179
1582
7585
3808
4714
5344
1845
5179
4744
1049
4095
5769
7324
5598
4578
1709
1098
6124
5344
4513
2295
4295
395
6811
1442
4107
1897
3002
176
923
2019
5762
6040
5600
3560
7948
3342
1044
1582
3342
1192
6213
451
7432
689
1002
1476
7727
3933
2651
6780
3111
4111
9068
1171
2783
5304
5206
6378
5937
6253
9179
962
1058
2905
5667
4937
3112
5033
8689
7235
387
3652
8595
9205
7098
554
272
5877
7726
8413
1250
9029
3889
1925
1317
869
624
7622
5339
5888
7694
5516
5881
4335
4952
4053
1582
7172
6331
1065
3101
7650
451
465
2710
5874
7303
345
7733
8566
7878
451
4463
6537
7943
1250
6966
6251
3645
6785
7482
2806
8115
7388
7345
2127
7555
6966
730
7910
5871
2127
9343
3794
4257
5611
4921
5086
7245
6327
5598
3628
3194
8247
3560
8196
8617
8511
2383
5512
3682
8497
2587
4927
200
196
2783
4432
3495
1157
1804
4916
5363
8373
4176
270
7388
8424
3111
3459
794
2988
302
2525
2045
2205
7412
3770
3386
2961
799
9495
5505
9177
650
293
3234
3621
2951
1872
99
1881
1241
5751
6816
9237
4136
5850
6863
6398
2912
9252
5310
9042
2340
831
979
7572
7412
1272
7340
8510
2061
2705
1994
3138
165
5090
1990
7068
8445
1919
4720
3252
4538
6313
1900
1272
6014
4282
3979
2943
2943
6518
1360
8896
1301
1036
600
1872
1397
2029
2837
3979
1990
2819
9094
6153
3989
656
7108
9459
4579
8836
6451
3571
2812
219
2045
7274
4408
4504
4883
6816
8038
8250
2298
477
8208
418
9120
9311
2131
5922
2346
7265
8218
7685
2891
7436
4209
8711
2159
4965
3254
7406
1177
1990
1522
5607
9326
1729
4390
4483
952
7978
8138
1553
8664
8915
6408
2626
4671
2915
1096
3105
3894
435
1525
91
4284
6046
584
2620
4715
1136
4638
7721
7514
5479
1066
9326
3738
5791
4360
4708
4164
3739
7662
8778
7954
2912
7613
4558
8072
7274
997
531
6976
6613
4341
6835
8896
4932
8718
8222
8929
838
3989
3037
8763
7037
3664
2360
2131
6755
9495
783
4870
8160
88
2408
2891
5634
5234
9522
2095
7882
1816
2471
6727
7968
3286
4266
156
7316
2690
1994
8276
2800
7340
7037
293
3051
4481
3849
3875
2695
6802
2814
3065
6915
7071
2718
4298
2045
3838
4200
5909
6712
3834
9294
2199
2522
656
8182
7340
2490
1814
3133
4278
6019
6725
1525
4589
6035
3755
2408
3804
6727
9202
5803
5634
6644
8381
8060
3127
8703
1018
8997
8164
336
1359
7624
1525
7240
9198
4004
2509
4491
9042
7646
7289
8072
6208
4866
8493
107
3579
2497
8935
4220
5196
7268
280
722
1798
9086
5721
2810
2810
2230
31
98
6865
9337
1877
7709
3310
3348
1928
638
1568
3845
3864
3128
1812
1928
5821
9316
1069
7181
4195
4695
5965
430
6833
4630
7995
546
7677
1798
8994
4925
7132
5821
1048
8146
6818
8727
3579
7168
6209
7810
4949
8978
578
9211
9106
7692
4812
3928
8125
5961
4628
2888
3107
3928
5952
7234
1403
2849
6628
7168
3688
6653
8608
9279
691
2329
5290
3617
4950
3082
4417
7268
8366
7234
3296
2250
2373
3348
2097
3107
3952
4739
5187
1652
971
5187
9436
7955
3707
2840
7497
8273
3426
7268
9502
7077
3178
7854
8325
6278
2065
4428
1899
1456
5368
9005
4301
2769
9222
3651
-1
8154
-1
8338
7060
3959
2531
1338
2835
1260
-1
7791
4486
-1
-1
6614
5080
2085
5719
7060
-1
1165
9388
6328
7049
5983
7405
-1
1209
6940
-1
6529
-1
6529
895
-1
3673
-1
-1
9336
3398
1746
439
6370
2508
1890
-1
3326
8946
-1
5296
-1
-1
-1
-1
825
-1
3231
3266
5256
7106
7046
2451
-1
9128
-1
-1
4453
