13249
-1
6270
14736
7619
18567
9934
9934
-1
3238
-1
12860
8217
-1
18567
14592
6270
-1
6030
17336
9406
17336
17336
18052
7535
14274
12361
-1
12242
6270
18567
-1
7619
18567
809
-1
-1
-1
-1
19905
18973
3051
12525
14053
-1
17054
18973
-1
-1
3051
19009
19009
3051
16058
5904
18807
11245
16058
5904
18807
-1
6411
16323
-1
10885
4103
-1
-1
-1
-1
18567
-1
19426
14592
809
3999
4501
19220
3999
19220
2505
-1
18464
-1
19283
19283
-1
17911
-1
18464
1774
1774
-1
14062
12056
19582
19582
-1
14062
4501
3632
-1
6457
6457
15431
-1
19220
4501
18464
18464
-1
19220
-1
6336
18009
5073
-1
18009
9978
5073
-1
-1
-1
10536
10029
5073
10817
18776
18009
9632
4038
18603
-1
15137
-1
7885
18603
4038
6841
-1
6841
4368
4368
-1
-1
16080
-1
-1
809
5138
9934
-1
11278
11278
6270
18567
18567
11192
14592
17681
13249
9934
13095
18567
9998
18567
18567
-1
6270
7830
13557
6416
6416
5152
-1
11961
17963
2629
-1
13191
-1
-1
17073
8854
2629
2629
13557
17963
524
-1
-1
4424
19267
-1
-1
18907
11103
-1
9383
-1
14435
-1
17963
524
9656
-1
-1
2629
7830
1927
1098
-1
8282
8886
2714
-1
-1
-1
2061
127
3461
16006
11934
15220
1158
5691
3156
3617
9443
9443
19678
16018
11940
-1
-1
7577
6973
17851
-1
19618
12107
-1
4302
4302
16385
-1
-1
17963
-1
6416
7095
-1
-1
-1
9656
9656
17963
9934
16201
15708
13111
12032
15489
15708
-1
16201
-1
17982
17982
16201
9783
2764
2764
8907
8907
8907
-1
-1
-1
4181
3400
15600
19337
4181
14140
-1
11436
1783
2180
1931
-1
828
2764
19527
13464
18253
13892
12032
16201
-1
-1
8068
-1
8505
1499
18992
-1
-1
-1
-1
683
-1
19840
-1
9579
10874
2010
2010
-1
2010
17415
11427
683
-1
8505
-1
5566
5566
-1
11923
7967
5510
-1
11923
18567
13993
-1
-1
14751
19270
18078
-1
-1
-1
-1
13957
15203
280
12473
-1
-1
-1
18880
2078
18880
16890
-1
18935
13249
-1
-1
5830
-1
-1
14736
6664
12697
-1
13249
-1
-1
6796
18567
13270
2611
8437
8101
19490
-1
19490
8963
13831
2818
18069
-1
6270
-1
1738
14102
-1
14592
19705
14359
9942
13381
4046
-1
18548
9942
14359
2125
8170
6563
9511
8515
-1
9853
-1
10952
14359
-1
-1
-1
-1
3300
3300
13992
6254
9942
-1
10353
3569
18225
13381
1690
8958
14949
4046
8979
9942
15460
9106
4046
15778
12724
16432
-1
16432
8538
8538
3577
15778
3577
-1
7931
-1
4124
16432
10756
3577
14069
12724
12724
5000
13838
13838
3771
4154
16706
5227
-1
4046
12176
-1
5698
14952
11568
11137
-1
4046
7969
9942
15544
3109
4046
19715
13381
7417
14359
-1
-1
17005
13401
-1
4453
-1
-1
10690
-1
-1
8414
17005
15676
4453
17005
13401
4453
1075
3973
-1
10964
-1
-1
6056
16409
19779
5581
2899
2899
18056
-1
13340
19182
13475
18682
-1
13401
5581
19182
19363
17005
17005
5571
2545
14753
-1
2545
-1
17995
-1
5571
-1
1347
-1
8153
-1
14155
3953
2518
2545
14753
17506
15753
15753
9684
4609
-1
-1
12503
3313
2283
-1
-1
19511
15814
15814
2001
12401
2001
11304
-1
-1
-1
-1
13381
4046
19511
13381
8298
9985
7272
-1
2932
-1
-1
-1
11561
-1
4147
2502
-1
-1
-1
-1
-1
4046
-1
17275
7288
6344
7288
3274
17063
6344
-1
4306
-1
18181
2576
780
14808
-1
11289
2576
18181
-1
4539
7288
18181
13811
-1
-1
7391
7391
4258
13313
18115
6419
95
18449
9233
-1
17514
-1
6822
-1
12357
12357
15009
17063
17063
6344
13811
17063
-1
18923
14893
3589
-1
3815
17597
14893
4332
14893
-1
6063
-1
13734
12827
-1
-1
9298
12346
12346
-1
3550
3550
12662
-1
24
14393
5118
9582
3550
9582
-1
8352
883
-1
17063
-1
7288
6344
43
2913
18181
-1
17718
18181
-1
-1
19552
-1
15009
9934
-1
-1
1851
4436
5774
-1
-1
4436
5774
4443
4443
569
19144
-1
19144
-1
-1
4691
5774
17672
3807
11639
-1
-1
11639
9064
3807
-1
19377
12749
6054
3811
6881
-1
3811
18637
18604
3811
17462
15581
17672
16535
4691
773
-1
4691
10768
-1
-1
4142
9573
18610
-1
18610
12423
7049
11683
4984
2846
19033
8393
8393
6137
1978
11550
14528
17860
19360
5089
-1
5280
14528
18567
-1
-1
571
10769
19186
18462
19186
-1
2235
9460
2343
13779
19186
571
-1
14436
-1
441
13249
17210
7962
-1
5965
2818
4252
19304
19608
-1
4252
9934
14880
5811
-1
14880
13914
18077
7692
1787
1787
13249
-1
-1
8084
-1
5526
13513
-1
11157
-1
6589
6589
-1
-1
8660
-1
13743
-1
19856
-1
4049
8474
7956
16025
-1
-1
16311
-1
14592
1928
-1
16281
-1
-1
16281
13249
-1
19632
18748
18820
-1
8373
8373
5866
-1
5893
5625
809
-1
-1
4655
16243
7755
1095
1095
-1
-1
-1
2818
162
17172
17172
17172
6631
162
2160
2160
19174
1852
6081
-1
-1
19058
19058
16213
4977
16213
16213
16213
4133
4133
4379
4133
19617
-1
4133
-1
3289
-1
9563
9563
18220
9563
9934
4976
8745
-1
18853
6775
8053
15731
5767
-1
18679
16384
5087
10843
12087
4976
6292
8072
8072
128
5094
10055
8922
989
989
9784
19340
-1
19970
-1
15731
-1
-1
13334
12087
-1
18853
5767
-1
4976
-1
-1
7419
10020
18893
9492
8115
-1
6059
10020
-1
12413
12413
10402
2942
-1
-1
18535
10965
2942
14003
14003
-1
-1
-1
10333
16455
15340
12301
16455
-1
-1
8042
2918
19440
-1
6330
-1
18792
19184
12945
-1
2527
-1
4976
12087
5767
-1
18853
3690
-1
-1
12396
12396
2040
2802
-1
-1
9103
16082
-1
-1
17440
18268
11531
14491
8758
3690
11106
11106
-1
7855
-1
-1
18434
19437
-1
-1
9117
-1
2003
4799
2003
5373
3690
-1
-1
6185
-1
12571
3690
13824
1144
5362
-1
-1
1144
13708
5362
14114
9786
13708
-1
-1
-1
19347
13094
-1
6426
-1
1144
9786
1089
6232
817
817
6813
8809
6232
-1
8809
6232
6232
4976
17653
-1
-1
2851
-1
12087
3448
19416
-1
12087
-1
14559
13775
4976
-1
6350
-1
18163
-1
10123
-1
15731
6016
18792
749
5767
15731
-1
-1
-1
6901
8489
-1
12087
18792
12087
16625
-1
16625
1364
16625
16634
1121
19553
14573
-1
-1
-1
-1
-1
17040
14573
4115
2291
12280
12592
12592
-1
11762
11864
10747
5241
10747
13918
-1
-1
1691
3753
11864
-1
-1
3741
-1
18758
-1
8029
12857
-1
12857
12592
-1
-1
16625
-1
12146
4713
10811
12146
4356
2
761
12851
8929
4713
10365
1045
-1
-1
-1
-1
-1
-1
8929
-1
-1
8929
4713
10811
13888
13888
6843
5358
13888
12872
13888
4248
16730
13888
13473
-1
5358
5358
12592
425
16553
-1
12857
2317
3869
898
12857
15055
14573
12592
12592
-1
16196
1425
12592
17382
3745
18295
-1
-1
12265
17016
12857
16625
10816
10816
14938
-1
-1
-1
17798
4291
9167
17596
1419
-1
16225
11784
13887
-1
3158
12461
-1
18966
10743
9187
-1
19725
7937
14281
-1
6794
8321
13202
1860
14324
1860
1855
18238
10931
12400
12400
14938
19383
-1
14938
4291
18792
7812
9338
18122
10182
-1
-1
1369
-1
7373
15350
-1
-1
-1
18580
10646
9246
9246
9311
1246
-1
15350
16305
-1
7373
14502
1993
490
-1
5518
1773
1773
9658
-1
1465
1465
14502
17578
4319
8237
2481
19752
6711
12212
5213
-1
-1
11883
16977
13639
-1
16977
1898
9881
2720
6153
-1
12505
6153
-1
16755
-1
-1
14888
8934
15502
10864
4052
16928
-1
10123
985
11444
-1
-1
18443
-1
-1
4976
1828
4198
12087
9701
18720
4976
-1
-1
11504
17925
770
12901
12901
5767
-1
-1
6743
9068
8745
1863
-1
7696
14663
7696
6915
14663
14663
6915
15993
3033
-1
12086
1714
5218
-1
-1
7696
15993
14663
16865
14800
13915
16865
-1
-1
18499
-1
-1
2948
6915
14884
19322
981
-1
16387
2820
18693
6039
14459
6915
6039
7696
3033
945
-1
-1
19771
6908
9851
14612
-1
4461
945
-1
-1
-1
-1
10110
1291
-1
19771
6908
9215
6908
6162
6162
6162
9700
-1
665
12394
-1
9700
2820
-1
-1
-1
-1
-1
11718
3283
9640
9640
2820
-1
17226
14663
-1
12101
-1
14459
19743
14620
18502
2820
-1
-1
8305
8305
15288
-1
15288
15680
-1
4329
-1
14273
-1
2454
-1
-1
6600
5844
430
5735
3006
5735
14273
2127
3286
-1
17052
-1
-1
3772
-1
3286
-1
7685
-1
11805
7666
-1
13218
10835
11759
9477
10552
15939
14129
430
-1
14273
430
3689
3689
17690
9440
17690
19461
19461
9440
9440
5527
9440
8449
15572
-1
16715
12974
13762
9440
-1
14860
11314
3689
-1
14459
3839
7334
3456
7066
3839
7334
15893
15893
18797
-1
2682
7334
6915
5740
5740
19542
7818
13796
3202
-1
11926
-1
-1
8379
-1
17675
18482
-1
-1
7966
13383
14459
-1
9336
992
15993
1981
702
6039
-1
8428
8252
-1
10204
2820
10986
6270
11210
-1
-1
11785
-1
-1
1376
8616
8616
2405
3639
3502
-1
3639
7487
10933
13541
-1
8616
-1
3508
4963
16008
16008
-1
15180
4010
-1
13478
3508
2038
16497
14520
18645
18645
-1
8143
6567
18232
4765
3749
16817
8616
-1
-1
11885
11785
8616
10448
10448
10448
1950
19619
-1
8246
-1
18087
12475
11164
-1
17191
3532
4392
4392
8947
7558
13292
1950
15932
12475
12475
13983
15854
4095
15662
-1
15854
327
8760
7376
15826
-1
4095
13541
-1
-1
905
18524
-1
7487
19811
13541
6085
1374
-1
17750
13541
11785
-1
7487
15970
17448
8616
7487
-1
13959
-1
7487
18567
12602
9535
1397
12602
19969
-1
19280
-1
9028
6488
1397
-1
-1
-1
19987
16186
5745
-1
9535
-1
12566
1397
6488
6488
18642
19816
19816
4358
19816
5499
11474
4935
864
-1
9211
5499
16495
1420
6673
1420
9277
6234
16719
4014
3395
3395
1725
-1
4169
14197
12602
2911
-1
5814
14197
6270
14516
-1
14516
-1
15762
-1
14658
13663
14008
12985
2401
14658
12422
14516
-1
14442
12157
-1
12157
12157
17818
17818
-1
-1
-1
-1
12422
-1
12422
14516
5989
9047
-1
-1
-1
6100
19037
-1
5634
5957
14128
5989
2818
15474
1034
-1
15474
15474
-1
1446
1441
1472
18454
11283
1034
-1
2513
5312
13006
11312
3552
14060
-1
18328
18328
44
-1
18159
5312
2817
-1
16508
4364
18027
16508
4594
4594
11006
3143
16508
7375
7375
-1
6026
-1
-1
955
-1
18570
13932
17244
-1
19148
-1
17780
13832
13932
7097
-1
5713
-1
7097
-1
-1
10093
9026
-1
5713
15123
7097
7097
11114
12560
12560
303
-1
303
5795
6854
-1
-1
6653
11114
2985
12236
14885
9556
19534
-1
12879
9556
17271
9507
15246
14885
15246
14885
2818
17422
65
17422
-1
-1
12235
13732
17480
19145
19145
16298
7754
2320
16557
16557
5734
16557
2320
3555
17551
17551
3493
2320
19444
9934
-1
-1
1869
18614
8375
213
213
13394
-1
15039
-1
1869
15039
-1
-1
13709
7248
9025
-1
17909
-1
10630
9025
7248
6626
6676
13670
13670
-1
-1
6626
13338
-1
13338
-1
10935
6676
-1
9007
-1
19274
-1
4664
5199
17095
-1
630
9153
1912
17095
9007
5199
-1
-1
12725
-1
18132
14104
9855
16023
8985
-1
-1
14104
5638
-1
14703
5638
9497
10372
9497
-1
-1
18951
-1
5093
15946
15946
728
17196
728
-1
5719
17196
16520
16137
19590
17196
10479
728
18567
-1
4568
4568
4568
-1
4568
9604
12846
-1
-1
4208
8571
4310
2406
11851
10183
-1
-1
14676
8341
5477
-1
14922
5477
7146
-1
8341
11851
-1
-1
-1
-1
-1
13108
14980
4766
4766
-1
6118
6118
9744
14408
14408
-1
12115
-1
5697
2201
14408
18777
-1
13434
19443
-1
6566
-1
6605
12115
16836
12240
18352
1351
-1
11042
-1
10929
10929
-1
13501
2104
-1
6566
19945
19945
-1
-1
14302
14408
6566
8777
-1
12446
9706
8777
15472
17724
4826
-1
-1
290
-1
13409
-1
1561
-1
17449
4615
-1
-1
15472
9809
12154
-1
-1
12154
12932
12675
12927
-1
-1
-1
16647
10112
16464
19764
7124
10112
-1
6566
2201
3245
8185
-1
-1
9578
-1
12115
2201
500
2201
-1
-1
-1
-1
-1
-1
-1
3055
-1
10733
2900
19965
582
4679
10658
-1
2721
-1
5435
14701
10733
16079
17577
2112
17928
17577
-1
12688
-1
-1
12688
16079
12745
-1
13616
12745
-1
950
-1
-1
3189
10733
777
16079
13782
16079
2201
1956
-1
17013
-1
-1
-1
14077
17312
1956
4015
14598
4015
-1
15649
-1
17013
-1
19914
-1
5086
1956
1956
500
-1
15988
15988
15988
10770
6644
1276
3623
-1
984
-1
984
-1
-1
984
7999
4078
4440
-1
14807
15115
14513
6566
-1
5697
500
-1
-1
18777
500
12077
12115
15256
18410
18410
16808
7932
14066
16071
16227
16227
16068
6817
14408
-1
11757
5843
965
8939
11813
-1
11813
18015
860
-1
7441
1094
9731
-1
-1
8939
11813
860
5843
860
3704
15101
15101
-1
-1
53
2925
18595
1784
19570
19072
12788
8939
-1
4189
4217
-1
860
860
-1
-1
16828
16828
-1
17535
4093
-1
-1
238
-1
2943
-1
-1
-1
-1
-1
2943
14581
-1
-1
16828
10699
13069
13920
9293
5281
5535
-1
-1
5535
19082
-1
-1
-1
14853
5281
5843
1493
17443
17443
10988
4447
18952
13455
394
-1
1229
860
-1
-1
6343
10185
-1
-1
860
16682
10185
8931
19545
860
584
-1
9374
-1
-1
9374
-1
-1
-1
-1
-1
12713
390
5206
-1
1906
17582
223
-1
17955
584
-1
-1
1018
7872
-1
1403
5567
1018
1834
17783
-1
-1
598
17955
9803
7214
3990
17955
584
17955
584
1834
-1
10584
-1
16861
10584
18142
-1
2293
-1
-1
2404
16861
11955
99
99
14241
99
14241
480
-1
-1
19593
-1
2369
10584
5167
-1
-1
9223
15519
-1
9223
18376
-1
-1
15519
5688
11534
-1
11747
-1
11747
2251
12683
12683
-1
-1
1022
14408
19729
19729
1727
10922
10922
18606
-1
-1
1548
15013
1520
-1
14353
17513
-1
2910
1093
-1
-1
4805
9732
14199
-1
15976
-1
7616
15864
-1
15864
-1
15978
-1
2853
4102
-1
8452
-1
17220
18606
10688
10688
-1
-1
-1
500
13550
500
14836
18705
8992
16726
-1
-1
16119
-1
8992
16119
-1
13568
2535
2535
4076
-1
15368
7509
16726
3020
3020
3020
853
-1
-1
7358
7358
2795
2415
7614
12937
-1
17527
2415
5224
5224
15668
12224
11223
7509
136
-1
136
12344
5441
5441
-1
12344
9758
4243
9758
5079
5441
5079
15369
19367
7462
-1
8511
-1
-1
-1
5441
-1
12826
12520
-1
12379
-1
-1
13022
-1
19371
-1
11979
12520
4543
4543
4629
-1
-1
4543
10082
12787
10082
-1
-1
136
7509
-1
-1
8992
136
1152
-1
-1
-1
5002
7509
-1
8992
7509
7492
10275
17136
11495
2954
10275
8618
3915
-1
-1
1534
11399
16606
19877
-1
3415
13634
3915
-1
14314
3576
14314
18453
14748
-1
14748
-1
6930
18453
2538
-1
-1
7998
1965
7998
8618
7691
8736
-1
-1
10275
-1
12873
10275
7492
-1
3915
14131
-1
5143
-1
13807
-1
-1
-1
13280
19523
-1
12012
19523
9431
4369
7273
4633
16363
-1
-1
14107
1392
5143
14131
16726
-1
8866
-1
12321
2058
2058
-1
19913
5417
-1
1531
8709
10270
10270
-1
2938
-1
151
136
-1
-1
-1
9001
-1
17738
747
-1
-1
7509
15107
14960
-1
9459
11678
17391
1190
-1
2021
-1
-1
-1
15217
-1
6577
2047
-1
7509
-1
4739
-1
10526
9719
-1
12703
-1
10227
12703
690
-1
-1
8158
5972
18815
12703
-1
-1
-1
1258
1258
17801
13031
3080
973
16043
14189
8398
690
11520
18634
-1
17102
18258
-1
-1
-1
17102
17102
16149
13201
-1
7055
18365
-1
2548
-1
14471
18815
-1
9986
12991
6471
690
2738
18815
18994
10227
13339
2981
2981
18586
5120
-1
18063
-1
11155
7473
-1
18063
18129
10245
-1
12806
10354
9207
2981
3856
-1
13363
7473
18129
18586
-1
2981
13031
284
11045
-1
2607
-1
-1
5295
284
284
13031
-1
4283
17048
9824
16473
-1
-1
19338
-1
5614
2905
-1
-1
-1
11007
9768
6850
6850
-1
4720
-1
10227
9734
9986
12406
17802
4698
4698
16361
1577
18289
18289
11344
12386
15208
12728
12728
-1
-1
-1
7434
-1
1745
-1
5612
-1
-1
14098
-1
12728
1745
4698
14691
9869
7905
19788
7905
11580
15053
-1
7541
7905
19485
1745
-1
-1
383
-1
-1
-1
14527
3011
9442
1577
16361
2373
12728
2373
1745
2675
2201
14206
9400
-1
-1
-1
17759
-1
11592
11609
11609
16602
9400
16602
-1
-1
-1
-1
8238
231
14786
-1
17324
17324
-1
-1
10360
17146
10360
10360
17387
3291
16320
-1
9615
2269
9980
-1
-1
9615
-1
-1
16320
3291
12115
-1
391
6197
-1
-1
14597
14408
3010
14431
5333
12921
-1
-1
4559
16295
17568
16295
-1
-1
8941
639
639
-1
2681
639
9335
19403
7446
16934
4241
19003
5300
16954
-1
16692
16692
-1
13342
13171
3016
-1
17359
17034
-1
13962
-1
-1
6566
6149
4830
-1
4830
10712
-1
-1
12115
-1
-1
-1
-1
-1
1670
500
-1
6541
19180
-1
2744
16319
2147
2147
6716
11921
4434
11921
11921
7947
6981
7947
-1
3329
3667
500
125
15561
6260
829
125
12106
10133
3792
14582
3792
7763
10133
12115
-1
-1
6722
6754
6722
-1
9453
19097
16303
18411
7852
2936
-1
-1
134
-1
17473
134
-1
18215
-1
16746
8829
16746
2853
-1
16713
3989
16713
3989
8943
13411
-1
4575
19848
11341
3624
13411
3624
12434
-1
6304
-1
7674
6304
10906
2867
6304
15669
7501
17167
-1
6304
420
-1
-1
12492
12434
1935
-1
1935
7555
1069
13978
1069
3112
-1
3112
-1
2289
-1
5620
18088
18088
-1
-1
18486
18088
18486
12434
-1
17465
-1
19056
601
252
-1
-1
19056
16740
3951
19606
19606
16740
17565
9113
13013
19941
17465
252
17825
19056
-1
-1
18283
17842
15241
17842
15241
9275
8967
19555
755
3604
-1
-1
14049
10591
16173
18486
6304
-1
-1
18819
6325
12492
-1
17560
5941
-1
-1
19809
2085
2085
-1
924
-1
-1
4643
-1
-1
19809
5211
3584
17887
-1
-1
157
-1
2085
-1
4643
19809
11120
-1
-1
6497
6497
-1
1141
15796
8873
-1
891
-1
15796
18390
2294
9362
-1
2210
13225
-1
3423
3423
18834
11120
827
18390
19044
924
19809
-1
18806
18421
9774
-1
10549
11998
11565
-1
-1
5760
5522
2200
11085
-1
2141
2141
16054
8711
8220
2200
5175
6912
10549
-1
9774
13772
-1
13772
-1
19921
3620
-1
14182
19202
19202
5929
19349
19356
15358
13968
-1
-1
12492
18523
1505
12492
12108
2178
-1
18088
14975
1442
1442
6385
-1
12434
7753
5414
-1
7093
6304
16878
-1
-1
12128
8022
3835
-1
6304
14016
-1
13370
18486
12553
13396
13490
13490
1626
-1
-1
-1
13396
11242
19956
5599
19956
13396
7517
7517
7517
5257
15654
413
11242
13396
7926
7926
4920
8271
19076
16325
1868
14369
14369
-1
7477
9226
4755
13652
13814
8424
15654
2977
9692
4158
-1
7728
11242
-1
9040
13396
-1
13396
13396
-1
3146
5262
6658
3146
11903
8433
17942
18214
7814
172
172
8536
172
8295
10349
10349
-1
13294
6658
13476
6658
6658
19263
10862
12098
10955
-1
10862
19263
4927
9648
1345
12098
12098
18361
-1
19102
19102
10890
-1
9559
19102
-1
8110
-1
17209
-1
-1
11242
-1
-1
11242
13490
15045
9302
15654
-1
-1
13396
8429
15654
12553
16933
-1
11097
19509
-1
-1
9937
9937
10958
12540
19509
11313
-1
8459
-1
18822
5778
-1
12421
12421
-1
16894
4953
1780
1780
1316
-1
7946
-1
684
6862
13026
7194
-1
684
12199
-1
-1
16852
-1
7279
15505
18744
7205
-1
1585
-1
6994
6994
19509
4953
4953
-1
19509
-1
2775
-1
-1
-1
-1
1991
-1
16872
6096
-1
6397
6096
-1
3338
18450
-1
3338
-1
2704
2704
-1
13199
10303
-1
2775
10777
1991
18088
1867
16940
4908
-1
1867
14897
-1
-1
14897
7100
16940
-1
19535
-1
3968
-1
13161
9423
19535
-1
13530
16275
6304
6456
-1
-1
7681
-1
15867
-1
5475
6616
7551
17726
8657
16266
-1
-1
8763
-1
-1
-1
5210
-1
8243
10162
7674
2230
-1
-1
1102
19077
19765
5149
14649
9180
15989
-1
11774
6304
17505
-1
3835
-1
12430
5643
-1
14515
6964
3416
5377
12276
6304
4449
8480
7972
18557
7972
12434
12470
-1
18088
-1
19622
6304
-1
18368
14133
-1
-1
-1
1044
17137
-1
-1
19051
16759
1044
18197
-1
-1
-1
-1
-1
14878
-1
1463
12322
39
-1
-1
12322
1044
7827
7827
2015
16931
16931
7827
2015
-1
5628
-1
13692
16931
13692
17452
-1
-1
7977
17137
19135
19051
-1
17137
-1
917
1044
-1
12322
1044
1044
3831
13217
-1
15336
1319
15336
16989
-1
-1
1823
5126
1319
7305
7305
-1
9945
638
6603
9945
7305
8695
-1
699
16989
15336
6282
-1
-1
3602
-1
-1
19006
8262
8262
17996
4033
-1
3602
15074
18197
-1
3664
10107
-1
16200
4872
4872
8793
-1
17137
17137
1044
-1
-1
1044
-1
-1
17137
12350
2175
19926
19051
-1
155
3316
-1
-1
6963
3316
13068
13068
14171
-1
-1
5091
694
-1
13140
-1
13140
19405
9176
18886
6963
-1
6963
13584
3316
13584
-1
-1
19208
19208
17001
9637
15792
6287
19932
2709
-1
1210
15792
5091
5288
1312
12815
11643
1312
-1
15275
-1
5091
6963
5091
3316
-1
4003
3316
7706
-1
2428
2428
7706
-1
-1
9152
13531
8953
-1
13531
7706
501
17602
-1
7930
19986
4677
2834
17067
-1
14828
17834
1650
7706
501
17854
-1
7706
-1
19933
-1
19933
-1
2661
-1
-1
13823
-1
17124
17124
12447
19933
2661
4975
16533
6983
7839
19216
4975
13497
8139
-1
325
13217
6657
-1
-1
6305
14253
16482
5790
-1
6717
11442
10821
-1
-1
10443
16286
13217
-1
-1
9754
-1
-1
10821
-1
-1
10306
4367
10821
-1
17129
-1
6377
-1
-1
13217
-1
16793
-1
6667
4408
1874
-1
-1
16451
286
1826
-1
16793
16793
5982
396
13701
-1
8759
-1
-1
13981
11625
-1
1874
1826
7427
2946
4634
3215
2946
10812
-1
10812
3215
11765
-1
7427
10870
18698
10870
16335
-1
-1
6666
5532
15291
4170
1630
1826
-1
16793
1826
1826
1826
-1
3453
-1
10861
10861
1372
12947
15715
-1
3453
-1
-1
3453
9979
14990
9979
-1
5815
9858
9979
344
-1
-1
335
1819
1372
1966
17496
344
15005
-1
17897
-1
-1
15005
17897
11913
19571
9795
-1
9558
15910
6547
-1
5055
4161
-1
3685
4161
15176
19449
13590
6667
-1
1456
4408
14205
-1
-1
-1
-1
16707
7169
1826
1874
-1
-1
-1
-1
14592
218
323
218
5673
323
14731
-1
14731
17697
3571
218
218
-1
5106
-1
4980
13688
323
17194
17194
218
-1
218
5673
12311
12241
11230
19821
-1
11230
15664
7790
11230
12051
12051
-1
152
6174
11230
9340
6174
12051
14921
14921
9107
-1
9349
1689
14921
7184
6184
6184
12241
6007
6007
323
323
-1
323
218
12241
15837
323
19382
809
18681
708
-1
708
18681
-1
16938
11577
9031
15187
18681
9003
18835
-1
-1
18835
2263
2552
9003
-1
818
-1
16086
-1
5200
18681
8471
-1
13445
-1
1460
11621
13445
-1
17389
17389
-1
1460
15121
7123
7294
7294
14755
7988
11858
17544
17544
17544
-1
19366
12095
10866
7123
8095
8696
7123
14592
-1
-1
8680
-1
375
-1
-1
6871
8971
-1
-1
-1
8680
8680
-1
17456
13484
-1
17014
8060
-1
14460
49
9234
-1
8680
3175
-1
375
13249
-1
11541
6367
17476
8598
-1
1504
-1
12243
15381
14035
-1
11541
8598
-1
-1
12165
-1
10297
16264
11138
-1
-1
-1
-1
11465
12353
8598
11541
5449
-1
5351
7553
-1
5449
5351
-1
18329
-1
12372
7521
9197
8197
5351
-1
9877
12747
12362
8913
9221
9877
1914
17948
-1
17948
-1
18848
5351
2691
5449
2691
8197
10595
8621
-1
8621
19666
16847
6879
13397
-1
12161
226
-1
8621
6879
4266
17397
6748
-1
-1
2599
-1
18852
16847
-1
19693
19666
10595
10595
18567
18296
13860
14919
14919
11732
11015
-1
3392
11096
-1
13860
2993
15035
-1
-1
10880
16775
-1
-1
-1
6680
5746
-1
13581
-1
-1
19687
15035
18567
5461
-1
11666
2868
17797
-1
16328
16328
5461
9678
-1
17976
5461
17976
738
9072
3855
18051
10220
13399
-1
3855
1014
1014
1014
2298
17199
-1
18107
11666
10696
-1
17976
19269
7088
-1
-1
9046
4493
6128
8844
-1
18356
9046
7908
18910
18910
-1
9121
18466
18910
-1
15588
18356
12537
13485
18356
2195
-1
18356
9934
4962
-1
8818
4962
15424
15424
17930
12214
-1
8818
9527
-1
2197
4701
-1
18212
8396
4962
3977
9512
-1
-1
12877
10281
-1
-1
10281
465
11330
13107
-1
13107
465
5700
16154
13107
-1
-1
18707
18707
11330
-1
12792
12222
926
2579
10963
-1
13776
1370
11330
-1
11011
15921
13650
18707
15921
12543
10668
809
-1
-1
5978
15917
15513
10826
-1
5271
-1
-1
-1
-1
17451
10826
10081
-1
18618
10177
17618
7863
4139
16290
-1
-1
19863
-1
14596
-1
5906
5906
15513
10417
4894
10417
11473
11722
11722
-1
2872
7590
5390
228
19868
6604
5528
6225
17820
-1
2245
-1
10417
5145
-1
-1
4877
-1
-1
-1
4528
2892
19739
5842
-1
5842
10043
-1
-1
9761
14769
-1
8138
18503
5842
1700
8601
10362
-1
19624
-1
-1
6950
13124
-1
5842
-1
529
4281
-1
19739
2892
18567
16202
216
4562
19670
10797
16202
216
-1
1104
-1
-1
4562
4562
19670
13545
12328
-1
14059
12328
12328
-1
13358
4562
-1
-1
216
269
16202
16202
9934
-1
11613
2447
2247
5577
2447
18351
9030
9030
-1
11613
10210
10210
7787
7656
18651
7656
8766
-1
19291
-1
-1
-1
447
8357
-1
7787
10511
10511
9673
18567
11862
-1
-1
-1
4316
4316
-1
-1
-1
-1
4316
4316
-1
16736
13443
-1
2202
-1
17430
19067
16359
18240
10993
10993
4043
-1
16596
9085
16596
-1
16102
4054
-1
-1
-1
18877
-1
-1
1899
11419
4959
403
6047
403
-1
15613
16364
-1
-1
-1
4054
18938
18186
4054
16596
-1
11419
6013
-1
-1
-1
10442
-1
13352
-1
-1
449
-1
-1
-1
7064
9961
6013
14167
19878
380
19524
380
15010
-1
-1
9149
5807
17253
9961
7064
17522
9961
1056
8365
3142
2667
-1
3887
14792
-1
-1
5888
18445
-1
3142
-1
9080
7276
-1
-1
-1
11581
3142
18316
19150
-1
19783
2667
2667
3142
2667
10296
15300
18766
10518
5053
-1
18766
15444
12698
9452
-1
166
-1
-1
-1
7374
10296
15300
10050
9210
1327
12650
12650
-1
-1
10050
8114
12094
-1
-1
-1
10518
10507
9798
10518
2334
6369
10296
18766
3699
-1
8968
-1
-1
3098
-1
17922
16580
8968
8495
-1
-1
4462
-1
3098
16580
3226
8968
-1
7506
-1
161
-1
7506
-1
13057
-1
21
10518
17755
17755
-1
17755
17379
-1
-1
4663
-1
15300
10296
14421
10518
15300
19057
2334
8219
-1
19625
10296
1270
-1
-1
-1
6266
19302
1270
6880
6266
-1
-1
2036
2814
326
1270
6266
-1
6217
6217
15186
-1
-1
10109
-1
-1
-1
17839
443
443
6266
-1
17232
12926
-1
-1
18727
-1
-1
15264
16440
8405
12717
6266
1270
6266
-1
-1
-1
6052
5099
18223
8567
18223
7713
16944
5099
11563
-1
15494
-1
15062
-1
-1
-1
16944
16183
-1
18223
-1
8567
13662
12670
18342
10012
13421
-1
15467
15522
8520
19936
10296
6408
8091
11669
16514
8346
15770
-1
7884
15770
10238
-1
8219
-1
-1
16988
8219
-1
9542
-1
18766
-1
11403
2334
2334
-1
13569
-1
-1
-1
10518
4663
8561
10518
10455
1943
3640
1943
-1
730
10455
1943
-1
-1
-1
17993
17993
-1
550
-1
18692
730
18692
-1
5359
5359
15026
2260
6738
-1
2583
2260
15380
15380
5769
-1
1943
-1
13283
13605
18692
-1
1943
3640
10455
730
12130
-1
13729
-1
13729
14292
-1
-1
988
6579
-1
6400
-1
19455
12924
7589
18012
13729
3764
13729
14292
-1
4776
2997
6996
13848
1004
14743
-1
-1
8682
10766
-1
2585
11026
10766
-1
10868
-1
730
-1
10528
730
-1
-1
-1
18144
10528
-1
18692
3866
-1
11679
-1
14370
17534
9607
-1
-1
11478
9607
6399
2685
19829
2685
2685
6926
-1
18795
794
6926
10291
10291
19311
8720
7870
-1
7136
14572
6046
7136
11745
3403
18257
273
18257
18864
-1
11386
10291
-1
17534
11679
6399
3403
6399
10291
15300
-1
-1
-1
7449
19068
5981
-1
-1
7449
17795
7973
7973
18977
-1
8674
7973
-1
19060
19060
-1
7449
-1
9272
1775
9272
2334
-1
-1
14775
-1
15410
14775
-1
-1
6428
-1
13588
2334
7594
7594
7594
-1
6726
5594
1947
-1
-1
-1
-1
9653
16880
8219
-1
3806
13661
14350
13661
16434
-1
-1
18766
2536
-1
-1
17849
12076
-1
6929
15300
12603
10665
2334
5537
19763
15300
4246
11687
-1
19646
5245
14498
-1
-1
4177
8697
10622
11974
-1
15181
19441
4035
3039
3652
421
14480
678
678
15300
-1
-1
2375
-1
-1
-1
18785
2118
9328
9328
-1
12807
-1
7618
19595
1779
2807
8791
13053
9328
11305
2616
9686
17255
2616
9328
8303
8576
-1
-1
-1
-1
17127
19972
2616
-1
10677
8067
-1
7646
4641
-1
2118
17255
-1
-1
-1
-1
19931
19931
-1
14116
18127
4082
15037
15482
-1
14555
6857
1156
14945
11060
9757
1156
17287
-1
1803
14555
11596
14116
13347
-1
5272
-1
-1
-1
9635
19735
16256
66
6592
8589
3030
-1
-1
-1
2909
-1
11128
-1
9328
9328
8258
-1
18785
-1
-1
18785
8723
10393
19805
-1
10393
2118
4860
3318
17508
-1
5114
12992
11037
19326
5650
11428
12992
19701
12992
5884
-1
3318
5884
5884
15105
3060
-1
5500
16346
-1
13192
11050
12288
3060
5500
-1
-1
-1
-1
12211
-1
-1
-1
17508
-1
12992
-1
12621
3325
17508
17508
5114
17255
-1
14158
2337
12737
13395
-1
1729
13395
13395
-1
12097
12097
13698
-1
-1
18405
-1
7847
12737
13419
12097
13419
11134
-1
5789
-1
5789
10378
12489
-1
11526
16172
-1
12008
1713
4848
10617
-1
7219
-1
1713
12807
4478
-1
18785
-1
17877
10393
10764
2118
7983
-1
10820
5346
-1
18912
17126
-1
-1
9255
-1
-1
-1
14209
1766
4350
-1
-1
-1
4086
-1
17255
-1
16300
-1
-1
-1
14539
16882
16882
12044
10721
14539
-1
-1
10854
19724
-1
-1
-1
10721
2699
19142
11404
3138
13437
3445
3445
13437
9820
6513
13295
15178
15148
9820
3445
5266
15318
10950
7513
13287
5266
-1
-1
13
13
-1
3138
11250
11404
3138
16882
16882
-1
19379
14512
-1
14512
-1
2837
-1
11274
13252
19379
12687
8442
11413
3001
2437
-1
1897
10375
11963
19379
6324
-1
8563
12687
-1
3138
-1
-1
-1
1389
8841
10320
17884
8852
19994
7784
15524
1393
8564
-1
46
5208
-1
5156
4955
-1
-1
9666
9666
-1
16882
9422
11315
10721
11250
-1
-1
-1
18590
15931
-1
14539
-1
7304
4261
11900
13631
8294
-1
457
-1
13523
8294
8294
18151
-1
17749
11
4261
19470
13631
4499
7006
13631
3868
8294
8294
3412
40
15299
-1
4331
114
-1
6529
3412
-1
-1
2922
8653
9710
8569
2524
16313
-1
8569
6171
-1
-1
8795
-1
4339
4515
8294
17545
6171
8412
-1
12864
-1
175
175
19976
175
-1
-1
7163
-1
-1
14609
5712
5379
-1
-1
16848
12939
-1
16848
4056
12201
-1
3398
5379
12201
-1
19976
8387
175
16652
9835
16652
-1
15438
1720
1938
15157
-1
1938
-1
1720
-1
12198
1506
-1
6445
-1
-1
18818
3573
16475
18389
18389
6424
18389
14739
14739
17015
18766
5491
8545
-1
-1
3319
614
5263
11538
7085
-1
-1
7085
10296
-1
12272
-1
-1
16565
3474
-1
-1
-1
10447
9662
-1
3025
1556
18031
-1
307
-1
307
18031
2951
-1
17657
704
18542
346
10945
15729
10945
15729
10715
10518
-1
-1
11116
19086
18762
4716
17414
17414
19314
-1
14405
17414
11571
11571
16252
12131
16561
-1
17846
17846
18008
9753
2307
2307
7388
2723
18998
9597
-1
10759
9597
7388
4159
-1
14150
16816
11360
11360
12072
19034
6031
-1
12072
12226
11298
-1
9794
-1
-1
2491
11298
-1
16949
16949
12618
5407
6770
-1
-1
-1
15982
12557
12557
19130
5078
10581
14335
11835
-1
11835
14988
16898
-1
3634
-1
4971
-1
491
2114
15898
14961
15092
3414
3414
-1
-1
-1
9411
-1
16898
16898
15145
19911
5805
19911
-1
9698
-1
7934
19799
19799
9403
-1
1408
-1
14379
-1
14034
18004
9403
3634
15898
16898
15898
-1
11340
10126
10126
11340
8205
12337
10134
10726
6264
8013
-1
12824
8751
-1
18218
-1
-1
1143
-1
11340
6264
7623
849
6049
-1
12508
6049
-1
11319
3197
6049
-1
-1
12508
11327
-1
11327
-1
15333
14379
-1
-1
8792
-1
2967
19149
-1
13504
9403
16053
9403
14379
3634
664
2013
-1
5677
6946
-1
7383
-1
1959
-1
-1
-1
-1
15338
4280
15338
15582
-1
-1
11675
15531
-1
19232
398
398
264
-1
9921
9921
3052
3052
-1
5436
11703
11703
-1
19038
3052
5314
10404
-1
-1
-1
4269
14259
10834
-1
14507
15598
9921
7435
964
9921
-1
7383
6946
16898
3435
19447
-1
-1
9943
-1
3586
-1
-1
1378
1378
5338
18165
5338
-1
649
8658
16842
6682
-1
-1
3435
4464
8658
9403
12999
17495
-1
18076
15938
7954
-1
3062
17454
-1
-1
15938
7954
-1
-1
10119
-1
14379
-1
-1
16898
14594
8026
18841
-1
-1
-1
-1
7649
7527
-1
3331
5877
-1
-1
19667
-1
12640
-1
15898
-1
19149
15898
17987
15556
15556
9458
8554
10452
6839
17650
7471
-1
7471
-1
19955
-1
14767
14283
3183
11339
7822
7822
2277
14238
14767
2126
18583
7471
14283
10051
2386
-1
-1
243
2029
19928
-1
18704
243
13982
3930
3675
2543
3675
-1
10928
16366
-1
15345
-1
6662
1717
-1
-1
-1
-1
-1
14767
14439
2386
-1
722
-1
-1
-1
16223
19867
-1
-1
722
722
2702
2702
14307
12138
16122
-1
1466
-1
3734
9517
13837
-1
14653
15174
-1
-1
8643
19631
296
-1
17358
-1
19690
19631
19631
-1
17464
8167
-1
12950
2277
15152
17847
-1
2386
15888
-1
195
17650
14767
18583
1186
13388
19215
4375
15760
14767
7471
14767
-1
7708
10810
4847
-1
-1
7574
16498
3896
10810
18229
9669
10264
10264
4708
15611
15611
17634
9716
-1
11589
-1
6259
9430
11589
11589
10810
-1
16077
11999
6167
16077
10026
-1
11999
17006
19597
12025
-1
5065
-1
336
5065
-1
8350
16133
7455
2328
11589
17866
7708
11589
18229
4847
-1
-1
485
-1
7190
-1
7190
7190
-1
-1
-1
-1
16605
18560
-1
-1
-1
13554
13554
-1
841
16605
-1
12323
9169
-1
18285
485
7190
3634
-1
-1
18779
15117
4371
10881
7218
14022
11631
11631
9202
12287
4371
11522
-1
3775
17488
3178
18493
15898
6058
6058
8669
-1
10132
-1
16898
-1
5013
16898
2751
-1
10374
15898
10878
-1
14710
7061
13181
4965
-1
-1
-1
-1
-1
2484
19149
-1
-1
12266
-1
-1
6549
6957
14379
-1
15354
9403
14266
-1
4565
16805
-1
3670
-1
10252
-1
7180
-1
6142
-1
14113
15450
3359
941
4742
-1
15491
-1
17705
-1
-1
-1
-1
-1
5274
19105
3223
15300
15660
-1
-1
-1
16056
-1
-1
16056
16668
16916
-1
-1
18176
-1
6689
-1
12646
13442
-1
-1
15399
12752
-1
-1
12752
5140
17633
17633
-1
-1
14838
15399
-1
17810
8557
-1
13644
15660
9427
13442
12477
13442
13442
13442
19089
16056
12646
15660
16056
18312
466
10191
19319
4230
6744
13995
-1
18312
466
-1
9912
16128
-1
-1
2123
19342
14330
-1
2400
4230
-1
19319
-1
-1
13986
18131
19408
-1
-1
14819
460
18131
13986
15660
1535
-1
13208
1535
15660
3733
2947
3733
15077
-1
10871
13442
-1
-1
-1
1761
16056
-1
13442
11543
12646
-1
2574
-1
-1
-1
14833
16655
16655
17923
6093
11602
16655
3484
12847
1940
-1
782
-1
14566
15527
-1
16655
-1
4079
4079
11512
11484
541
-1
7283
6067
-1
6198
540
1263
1263
-1
6067
9694
-1
11267
5195
11267
11540
17208
-1
3484
10937
16655
16655
16108
4079
11602
3484
17208
17208
6499
2253
-1
6694
3229
2253
17787
11078
3961
13636
13636
11411
2253
7504
5189
9605
3082
5189
7504
-1
-1
10255
-1
6499
3371
16708
4745
2574
15816
5104
17370
-1
12417
2961
12167
15376
15900
12167
-1
-1
17457
17457
9650
-1
11112
13307
9358
5891
940
19089
-1
1574
1574
12324
6335
10390
8189
-1
2574
-1
14373
-1
-1
19089
16056
15190
19668
9193
4681
1532
-1
-1
3220
13442
-1
16056
16056
16542
-1
18104
13866
-1
-1
1217
-1
2574
15593
18635
18742
18742
-1
-1
9811
-1
6422
4187
10423
17187
13610
6206
6422
11254
-1
-1
3366
17438
19127
3366
8145
2637
5796
3803
19659
5796
19659
5796
8464
6560
-1
-1
19355
6560
19355
-1
-1
13718
-1
-1
-1
9480
18256
11208
14969
11208
-1
493
-1
-1
4286
-1
-1
-1
-1
-1
8464
-1
-1
-1
13618
-1
-1
6844
2376
6194
18318
-1
13197
18326
16981
19669
4600
-1
12721
-1
12721
8268
3307
8268
-1
-1
3061
-1
948
-1
7332
7332
-1
-1
16651
19166
-1
17217
13726
-1
13726
16651
11397
18294
-1
-1
16479
19015
6092
17943
7823
5796
-1
124
1458
-1
-1
13618
-1
-1
-1
-1
16481
7439
7175
-1
6422
3985
6422
9811
8464
-1
9811
9592
-1
14125
7740
13827
14937
-1
-1
-1
9592
-1
17608
14125
5898
8125
16722
-1
5898
5898
19329
19329
-1
-1
5433
13254
7578
-1
15973
-1
13996
13996
-1
11570
13996
11570
11570
3252
1737
1878
8698
-1
13996
6551
9592
-1
2609
2445
14223
19541
18908
-1
14223
8224
15586
17858
18474
-1
14125
15973
15973
-1
7740
7740
8681
2694
2694
-1
12112
-1
-1
7963
12112
8051
-1
11156
-1
15953
7963
19205
19205
18209
-1
-1
14575
18209
18209
8051
-1
1066
12112
1706
-1
19205
7963
-1
12112
-1
5482
11263
6132
4574
11263
11263
-1
-1
-1
-1
4737
14260
-1
3196
3196
8390
18920
527
-1
15672
10140
-1
13546
1062
3196
6258
7910
-1
929
11777
12699
-1
3757
-1
-1
-1
6982
9645
-1
12748
-1
11777
-1
11777
11054
-1
10779
10779
17953
-1
8333
-1
-1
2986
11054
-1
11768
705
11054
-1
-1
-1
4053
3376
15879
10156
-1
-1
2621
-1
-1
4053
7643
4053
17365
-1
2487
9932
-1
4606
-1
2487
-1
15811
3290
-1
3510
-1
9932
9932
-1
1396
15078
14967
-1
-1
-1
2072
17141
2072
4890
-1
-1
1396
19345
14923
1473
14923
-1
-1
17576
-1
-1
-1
17314
-1
19345
5278
17314
13790
4466
16684
-1
564
564
564
11707
11707
564
5337
-1
16684
12975
8973
-1
-1
6953
16480
-1
9838
17502
16799
16799
333
-1
-1
-1
19197
9838
11911
18766
14801
14801
13517
4846
-1
9115
-1
14096
14096
9763
-1
14801
14801
884
884
19002
16418
16418
-1
47
4752
-1
17823
6455
19002
4752
15610
8219
-1
-1
8689
-1
18654
17636
8330
-1
-1
-1
-1
1462
13878
8923
8982
8982
12307
4714
-1
-1
-1
3572
3572
5050
11844
4714
8982
8982
14532
19838
19227
4321
5627
9163
15138
10459
15138
-1
2158
-1
9163
14532
9163
-1
1598
4357
15328
-1
15328
19828
-1
-1
-1
3193
3360
-1
8850
9831
15328
15253
4905
8328
4905
3157
-1
1188
4905
-1
3298
15964
-1
8328
16235
12686
8328
4905
17929
-1
14392
13215
16666
14392
12480
17409
-1
10432
7813
-1
13215
17409
-1
10296
6936
13153
17843
1249
-1
11177
1302
-1
-1
11457
9780
-1
13153
11036
11177
4466
-1
-1
-1
12982
15213
19364
15374
8045
18647
-1
14074
5804
18851
18851
9399
-1
-1
5236
15316
9399
9399
15316
5236
13373
-1
-1
2798
11447
6640
-1
4074
17434
-1
19567
13101
17434
5214
-1
7409
17151
6588
-1
7259
5214
-1
1964
-1
9747
17442
8915
13373
-1
5236
5236
13101
-1
-1
9399
-1
-1
-1
13681
-1
-1
5067
11046
-1
2052
1892
7344
-1
-1
-1
19259
13681
5067
5122
3241
5122
11468
3135
13278
5122
3241
11468
-1
6373
4521
-1
4521
17056
-1
1487
17769
9399
17434
-1
12539
6934
-1
6934
-1
13101
4948
3389
6934
-1
-1
-1
-1
-1
16530
18751
13025
18235
-1
-1
-1
16530
-1
14665
-1
-1
18824
11792
11792
19028
-1
-1
9859
13025
-1
18235
769
769
18759
8488
18701
769
13360
3673
769
-1
2657
3394
-1
10247
-1
3394
6166
6166
7463
6293
5292
18751
16277
17623
18235
-1
-1
-1
5236
16228
19482
6625
4566
-1
13005
-1
-1
16228
16228
-1
16874
-1
6498
6498
16228
5427
19482
-1
-1
4566
18183
4566
19777
18210
2221
7802
10380
7241
17273
18230
-1
19503
10380
17627
-1
-1
8810
8810
7428
9399
-1
1214
4260
6934
-1
6340
-1
17279
-1
11183
-1
-1
19567
-1
-1
-1
19567
-1
5236
-1
18659
14170
923
13101
3327
-1
15794
18343
14202
19567
-1
9088
5236
-1
16528
1881
5237
11600
16528
-1
-1
11600
7536
11600
-1
-1
-1
10035
11600
15223
10327
13707
11600
10327
10209
561
5669
561
5669
2146
-1
8546
19181
19098
4996
4850
12484
-1
12484
-1
14906
16528
-1
-1
10725
11600
-1
16528
2043
10725
6492
10719
-1
9208
7333
11578
4693
9208
15061
13804
11053
9721
-1
12593
4523
12593
-1
6492
9208
-1
-1
13378
381
-1
-1
5239
-1
17259
-1
13609
-1
13109
18997
-1
-1
18997
6906
18997
16528
-1
10725
-1
359
-1
16528
16383
-1
-1
1881
5237
5101
-1
-1
11600
2923
4902
-1
8821
4902
-1
-1
17374
4902
17374
11764
5531
-1
-1
9348
19817
-1
-1
-1
220
5188
18196
18196
4902
17374
-1
17302
-1
3847
15110
18315
9170
7265
-1
9170
16797
8786
3260
350
12493
12493
5994
-1
9070
8456
10905
-1
16390
4902
18196
18196
4902
16543
-1
-1
6728
-1
-1
12380
-1
-1
10001
-1
3606
12380
9292
10001
7114
7114
-1
7260
-1
8937
12380
-1
15554
-1
6728
-1
14227
14227
16941
16941
5236
-1
-1
496
2371
-1
5925
4759
513
513
8326
-1
5925
18656
-1
-1
18656
-1
15769
3864
8141
18175
4540
-1
2689
12778
-1
3945
13753
-1
7232
1677
13373
10449
19048
2082
5236
-1
8491
5542
-1
-1
3121
7127
7127
-1
-1
2716
18040
-1
-1
14331
7588
-1
5920
10071
16555
-1
2203
-1
-1
2508
15065
6934
18298
4233
19567
-1
17337
-1
-1
-1
8272
-1
9010
8211
5108
-1
19173
-1
5236
16670
16670
12961
-1
-1
-1
19460
7032
-1
18687
12961
19478
-1
12247
-1
19478
-1
-1
-1
-1
16511
-1
16511
16511
18112
-1
-1
-1
17610
821
821
18112
17610
17610
19806
6425
8106
16566
8106
19692
-1
627
14944
-1
1748
14944
6980
-1
12961
6296
11309
-1
7959
5260
-1
7959
6310
3278
5172
3278
-1
10173
6310
11616
3171
877
402
14749
-1
14749
15659
8368
-1
7959
6522
-1
8543
16511
-1
-1
3430
17200
7957
-1
-1
3430
17200
4373
3430
3430
14713
-1
14713
14713
10568
19539
8881
18123
18123
11000
11000
-1
16511
16511
14414
-1
11309
4590
12961
-1
-1
11309
-1
7314
-1
-1
13148
-1
-1
18780
4352
590
5098
590
6152
5098
6800
2774
4531
-1
-1
13148
6800
11063
11211
13846
13846
8336
11211
-1
15606
168
16141
11048
-1
-1
8336
13846
11211
5910
8817
11081
10332
8817
7314
6189
6189
18903
2757
17972
6800
7314
-1
13148
4352
-1
6735
-1
8951
3281
6735
-1
7120
6735
2696
6735
3281
6462
16299
6462
-1
6462
3281
-1
15674
19237
17939
8951
-1
17939
2578
-1
19998
3294
436
13499
972
18487
16443
18121
-1
3294
972
14944
-1
1145
12885
12885
7831
9401
12961
10589
-1
16511
-1
10403
-1
9502
-1
-1
11309
18046
5413
1277
-1
-1
13361
12961
-1
12961
135
18048
-1
9947
18048
-1
-1
-1
17573
1663
-1
-1
18048
7647
-1
-1
7647
5750
14752
-1
-1
3075
14752
9303
-1
-1
-1
7701
7701
-1
-1
13685
-1
16966
-1
5750
1299
-1
-1
12595
6852
10723
-1
-1
-1
-1
-1
-1
10033
17446
17446
-1
-1
12715
6645
1591
4276
11167
9303
-1
-1
3075
14752
7647
-1
10267
7647
-1
-1
-1
14420
14420
4642
7760
4642
-1
81
81
14420
18976
404
1406
2327
14095
4225
-1
-1
17207
14095
4642
14420
14420
-1
12572
12572
-1
3096
-1
5590
-1
16613
7718
-1
-1
19448
-1
-1
-1
17320
13714
18954
4122
15644
12626
-1
-1
12180
17229
12274
5750
5750
-1
-1
2735
7647
-1
3075
-1
-1
12590
-1
-1
-1
852
2204
2204
2204
12722
2397
-1
14844
2204
19062
8592
19062
18875
12186
9736
-1
12186
15730
-1
2776
13316
-1
14157
-1
18380
2204
1282
-1
7866
7866
11907
-1
2825
11907
3879
3879
11261
7866
-1
16798
11907
7436
8278
7091
8278
-1
14553
12722
10627
17915
-1
-1
8592
1282
16901
-1
-1
1282
-1
2204
6029
10234
2351
-1
-1
-1
2338
10234
19661
2416
-1
2351
10234
6029
6029
-1
953
-1
953
9845
12582
953
-1
-1
3457
-1
12464
4383
-1
-1
14661
10234
3697
18746
-1
14695
3697
12442
3697
10987
18869
15273
14695
-1
-1
3631
8198
4813
15568
8195
12369
-1
12369
12369
8195
13101
4186
8297
-1
7026
-1
15805
9299
-1
8454
-1
3188
-1
3155
19567
-1
16735
-1
8662
-1
1222
2923
-1
-1
9585
10893
12166
10893
9585
9585
16265
-1
18985
-1
17743
-1
11187
15603
6872
-1
2534
7096
-1
-1
15603
-1
-1
-1
7633
-1
11219
-1
-1
13101
190
5781
3130
-1
-1
-1
5919
10189
10189
5919
18264
-1
17105
1645
17105
2717
7424
9288
4363
-1
11456
9175
5173
8734
-1
19505
-1
5504
15057
18409
-1
18916
16614
8450
16614
18916
19567
19422
19422
19422
3427
17924
4491
19422
-1
8790
-1
10421
19719
10601
-1
7489
5236
-1
7877
288
7149
8707
-1
18054
288
14172
3537
14172
-1
14172
-1
14172
14556
15307
7826
15268
5162
-1
9847
17876
-1
4384
7911
4744
3744
15497
-1
18738
17494
5047
5047
14385
18738
12998
-1
-1
12998
5434
-1
-1
16500
-1
271
7382
180
16104
-1
180
-1
-1
7609
-1
12998
-1
5434
-1
-1
11824
9622
-1
10778
12624
12655
-1
14154
4991
-1
4991
4991
4991
2935
-1
7592
7592
7592
-1
17423
10453
2935
1662
-1
7382
-1
15395
1746
19129
10232
-1
-1
-1
19915
-1
-1
19915
-1
-1
13849
-1
14441
16529
-1
-1
10232
15775
1357
1357
1357
14339
-1
14269
14339
6690
6690
19750
8503
8503
1414
-1
12569
19750
-1
10422
16181
12899
8504
16601
16601
6635
-1
-1
-1
13296
12998
-1
7592
-1
-1
2935
17423
-1
1662
271
9410
-1
-1
7488
12998
-1
12038
-1
-1
19388
12900
-1
-1
-1
19388
8640
12038
12888
14256
14256
16773
-1
-1
-1
-1
-1
13927
-1
1767
8640
17393
153
-1
-1
19603
-1
-1
15158
12667
153
153
12900
-1
-1
-1
15677
8105
8105
10222
13927
-1
16431
8640
12038
12900
631
12900
8640
208
-1
208
13462
13462
2708
11808
15855
4239
13088
11808
-1
208
13462
19131
9606
-1
-1
15747
19131
5416
-1
13304
11264
9334
8057
5907
-1
11808
2742
13623
10530
10530
3000
19108
10785
4636
13059
10322
-1
13623
1149
19108
1662
18391
18391
9759
14289
14289
17423
1453
-1
1453
17423
4532
4532
-1
-1
-1
7382
6517
-1
5434
2935
-1
8203
19118
-1
271
1037
6475
-1
6079
5706
-1
9111
-1
-1
19501
4426
7592
-1
9491
-1
19975
-1
-1
13196
-1
4245
13196
9280
5995
2972
19737
2972
5995
13196
19605
1718
19792
-1
6395
19792
-1
6395
9280
5882
-1
-1
9023
2547
9248
4245
5394
-1
367
-1
-1
-1
-1
8704
8704
11124
11124
-1
19953
19953
14538
8625
-1
1905
9837
18095
8625
10631
-1
18460
11839
5995
19605
5995
19605
1718
4245
-1
5995
13196
17165
10346
10346
10346
-1
10346
-1
-1
-1
-1
10908
459
18100
17019
14123
10066
17019
17019
14252
9375
-1
-1
-1
-1
-1
10908
10346
-1
3192
1337
2183
-1
17784
19874
-1
-1
-1
-1
-1
1337
17784
-1
-1
16937
-1
4667
18537
-1
-1
-1
1718
10070
12036
-1
-1
5995
-1
1718
16627
-1
8441
9280
4245
4245
-1
5983
-1
-1
-1
10197
7514
-1
11216
7514
7514
-1
-1
-1
-1
2779
-1
-1
1005
-1
2044
-1
668
-1
1923
16351
6660
2779
6900
6900
10389
10197
17966
9704
17966
-1
2016
14622
14777
-1
-1
-1
14777
12144
17051
17966
17966
14622
13906
13906
-1
19479
14562
10389
7751
2779
9577
-1
-1
10389
-1
13880
-1
9977
1059
1797
6900
726
-1
1922
1922
2089
15782
-1
13787
17548
1922
4888
1922
15782
9076
17881
1919
12822
2962
12822
1647
12304
12304
16466
-1
-1
4888
4888
4888
1647
171
3960
171
5519
16617
171
8097
1001
1001
16975
-1
171
3960
14674
9899
-1
-1
18695
12767
5870
14354
-1
-1
4185
4185
3740
-1
-1
-1
15308
7964
7382
-1
11369
3100
-1
-1
5357
6972
-1
18234
1130
6972
-1
-1
11553
-1
13065
-1
963
17423
3877
456
12987
12998
-1
146
146
271
13934
13934
7592
-1
4001
-1
7592
-1
814
16405
12045
12045
-1
1854
7569
-1
-1
-1
-1
-1
10237
13653
-1
14930
13149
5318
-1
-1
2935
-1
18764
5618
5618
14509
-1
16927
10127
15319
-1
-1
-1
16595
-1
4037
10127
10127
14583
-1
18002
12538
14870
2168
14870
3597
13288
10249
3310
12185
4018
15319
-1
1026
-1
14280
-1
7076
387
-1
-1
5444
4822
-1
3711
3711
10127
-1
3147
9821
-1
4061
3491
-1
-1
4417
11515
4018
11950
11417
10537
11950
-1
4018
10127
8568
8
-1
102
13574
102
102
7742
4628
9956
10535
7811
7811
608
-1
9094
-1
3385
18275
15666
17779
8
6382
8
102
102
4018
990
6110
13702
-1
16900
10176
7317
-1
1110
-1
7613
-1
6110
13702
4018
9818
16236
-1
-1
-1
16236
-1
13359
9445
9445
-1
-1
-1
-1
4417
15319
5889
-1
15319
-1
2232
-1
15319
4417
10127
-1
5639
5639
-1
5639
-1
6543
16132
-1
-1
-1
17487
19862
6543
5639
5639
-1
-1
6360
9332
3646
3646
18643
6583
-1
-1
19862
-1
6157
6157
6543
17614
7781
-1
7989
8181
991
10475
-1
10475
16857
7989
7781
991
7109
7021
-1
-1
8275
9125
7109
2580
9327
14766
3035
17891
19862
8917
11770
19862
16132
-1
5639
11770
6157
9438
4669
9438
-1
-1
-1
15724
15724
-1
9438
32
17369
9438
9438
-1
9646
18336
-1
16637
8466
3243
10638
-1
-1
13578
15007
9438
4669
4669
-1
11336
-1
-1
-1
11336
15772
5410
-1
4783
12906
-1
17732
11170
11336
-1
-1
-1
3288
3288
5437
7607
11513
7607
7607
12009
4372
-1
11353
15206
-1
-1
-1
4018
-1
-1
-1
14583
4018
-1
-1
6970
-1
11950
1671
11950
4444
10645
-1
10127
-1
18403
18403
7072
3955
-1
2019
6170
3971
-1
4018
-1
18080
7043
10047
2311
-1
7285
10640
1215
10970
-1
2311
7285
-1
14730
17250
18915
10907
17973
5926
17250
15605
10969
18217
-1
13865
11727
15562
18080
18080
-1
2311
11727
19332
6780
-1
2655
5902
6780
6585
11016
-1
4402
7411
16779
6780
4871
-1
-1
-1
-1
15634
937
-1
904
-1
11816
-1
-1
7285
-1
-1
16903
-1
4428
8291
18320
18320
454
3287
6298
18320
8444
16467
18760
17519
10186
-1
3659
3287
18320
7478
2697
3169
-1
-1
19730
-1
2697
-1
-1
5308
16648
454
-1
3659
3659
3659
3287
11727
10265
13447
12004
-1
-1
12818
12818
651
-1
19450
-1
15707
4145
4928
4428
18102
17030
14277
-1
11423
14277
16024
2940
7267
-1
661
680
18080
-1
7043
18080
18080
13527
-1
-1
7043
-1
-1
-1
7285
17756
7285
7043
-1
11163
-1
15487
16599
-1
4819
16599
13556
5133
-1
-1
-1
13719
-1
16399
-1
848
11819
-1
1012
5977
17751
19126
8940
-1
14776
15487
4819
17135
-1
13839
1513
15487
422
8201
3498
1096
1096
422
-1
-1
3153
1096
3057
3057
-1
1572
11292
422
-1
3439
4743
8891
-1
13728
13728
10741
3249
-1
10860
19551
-1
16599
-1
17180
15487
4819
9182
6020
16599
18528
-1
-1
-1
19873
12308
12308
15109
1035
19873
6441
14169
18528
3257
7384
-1
3257
19515
7384
-1
-1
14611
-1
11633
-1
18528
18528
-1
14316
9188
19814
12050
-1
10539
10539
14654
18613
14654
18613
11608
-1
19814
3608
9188
19041
-1
19502
-1
-1
19502
10169
7563
-1
-1
11935
6133
-1
6441
8948
11633
9312
6133
19041
19041
-1
10557
-1
-1
4063
12030
-1
7571
7571
7503
4063
8129
-1
3365
1068
1068
4063
-1
-1
11316
-1
7442
12030
9122
17380
7454
13469
-1
1068
12030
1068
1483
1068
13713
-1
-1
-1
4619
15125
-1
10397
4619
15799
-1
15125
602
15125
5817
-1
4857
4326
204
7801
-1
-1
-1
14349
9250
9250
1068
-1
9878
4063
-1
12030
-1
1068
2920
12030
5426
5426
11121
11121
-1
3091
11446
-1
16248
-1
-1
3091
2377
13229
-1
-1
7894
-1
8805
10807
11121
-1
-1
18290
3091
-1
3091
11121
2377
11293
3275
3275
-1
-1
11651
1248
1269
3422
14110
17789
2870
4939
3275
16804
7024
15416
3422
-1
-1
-1
-1
-1
1611
4922
13229
-1
-1
15451
9056
8420
1540
2377
2377
5426
1280
17402
12237
16456
8610
1540
-1
-1
13368
16156
19607
19607
-1
-1
4234
-1
1661
17974
16156
13368
18442
13488
-1
-1
18442
-1
13213
4506
17053
16156
13368
-1
19607
13368
13368
2315
18239
16815
15248
16815
10980
-1
5724
-1
5724
10882
15248
-1
2315
9099
3203
15963
13349
15963
15863
-1
-1
18120
4506
10626
700
5207
-1
9505
-1
-1
16156
10788
1911
472
5207
13724
-1
16156
17484
7255
9907
-1
-1
7255
17484
-1
12542
-1
16214
2648
9562
7255
-1
6286
10717
3935
14046
13789
14638
-1
1528
-1
6265
-1
2648
9907
-1
3557
17727
-1
1433
15681
-1
-1
17673
8485
-1
2569
15681
17484
-1
-1
-1
-1
-1
14983
10972
10121
-1
9562
1697
18555
-1
-1
7101
-1
9907
12542
2648
9907
9907
2648
16663
19852
16338
16338
16756
-1
-1
12342
3495
1127
3495
19852
-1
19029
19029
-1
7669
8231
19029
11831
8903
18248
17189
5064
5911
19050
-1
3495
-1
12838
19852
-1
12135
16516
3279
-1
19500
18438
5270
3248
1265
2786
2419
6113
6113
8876
13001
-1
-1
354
19385
8876
-1
14261
-1
5183
-1
-1
5911
16663
15250
19852
-1
11831
16758
-1
-1
11831
19807
-1
19807
19807
19807
5765
5374
-1
-1
4308
4723
5151
6199
4722
11673
1498
-1
7448
-1
6117
-1
2727
8169
4722
4723
7351
6199
1976
19008
-1
17156
16997
1601
4340
3217
16997
15281
10512
6623
-1
16317
8383
7298
5556
8806
14000
-1
10157
8806
3512
-1
-1
11705
4722
-1
4723
-1
6199
12389
-1
-1
5556
4396
4722
4722
268
790
-1
-1
790
-1
-1
13035
-1
4430
16703
-1
17852
-1
2316
13825
-1
-1
-1
3648
5806
13035
-1
13035
12601
-1
790
790
13035
907
907
19885
-1
-1
11184
907
-1
12496
12496
19885
-1
907
907
19885
907
-1
-1
1298
6317
16909
2724
11424
1298
2316
-1
1
4740
-1
3654
6389
13825
13035
790
7552
13825
-1
13035
7552
10324
10324
15723
1771
6834
-1
-1
-1
19083
-1
14788
-1
6834
15723
-1
6327
13460
14236
2866
11546
5075
9612
17206
-1
-1
-1
-1
6834
10324
2832
-1
14910
14910
2510
-1
11983
-1
-1
-1
6143
-1
-1
11760
11760
-1
2539
2539
-1
-1
1078
9828
15883
-1
3255
5788
17990
8061
8061
19083
10525
15723
-1
-1
15883
-1
10324
2234
2234
289
-1
6805
8527
7585
18878
-1
14426
-1
-1
2234
17334
17334
10316
-1
4486
-1
17407
-1
7795
18874
12673
2234
-1
2234
17504
2234
-1
-1
-1
19623
10211
-1
15135
10211
6109
-1
4937
19623
7181
13135
10211
4016
19623
2067
2067
182
7792
-1
5003
5003
2842
12837
-1
-1
2299
2234
17504
2234
17504
12679
18193
18193
8638
-1
8638
19908
19908
8638
222
-1
-1
222
-1
-1
13034
10344
16765
-1
16415
-1
4906
2116
4906
-1
3763
16765
-1
10344
10344
6088
19908
-1
-1
1719
15031
10742
1672
12586
12657
12657
1114
-1
-1
-1
9196
7516
-1
6608
7516
4864
14902
7393
222
4377
-1
10146
16765
8638
11756
-1
10344
-1
19908
13253
5023
6088
9449
-1
9568
-1
13183
16331
18900
8009
-1
15914
-1
9449
-1
10037
-1
-1
-1
13510
19554
16929
16929
2100
-1
-1
15914
9449
14276
13183
221
-1
-1
6897
17475
9914
-1
221
16812
11365
10219
11365
5191
-1
9914
6897
5191
9568
5921
13703
3627
13703
-1
5921
9240
-1
116
-1
-1
15128
14276
13183
18900
18900
784
9568
14276
-1
14276
9365
17886
2062
9347
17886
17886
11464
3756
17886
17886
9365
10844
-1
6720
-1
-1
6720
3596
9257
4150
12514
-1
6967
-1
8613
5997
932
932
932
17171
-1
4472
10981
4472
17171
16502
11931
18307
2348
17171
-1
11359
-1
-1
17171
12940
2034
-1
15164
18662
9849
6008
4876
-1
14163
10420
2062
17886
-1
932
2062
9108
12035
932
3756
16826
7405
-1
4341
3890
16826
7405
4474
1321
7985
2509
-1
17958
7405
-1
14117
18292
17553
1326
10382
10382
18724
-1
18724
-1
-1
7405
19435
16826
7405
-1
588
12465
-1
-1
588
14894
-1
-1
15951
14014
-1
12006
4165
6114
19395
6114
-1
3615
3615
-1
-1
12126
-1
12126
15168
11255
-1
-1
574
17958
574
11501
15570
-1
2924
-1
1944
18219
4810
19348
18360
2924
-1
10413
1944
