14354
-1
11014
8331
22082
-1
25978
8331
6361
16564
-1
24476
25978
-1
8331
24476
8331
29458
-1
11724
28198
-1
11724
25978
-1
3636
2570
6337
-1
-1
3265
11014
23348
-1
14354
-1
4056
11177
9468
28218
28218
-1
-1
22500
14080
-1
-1
1426
21835
9468
4056
7255
-1
7837
-1
5777
16559
2871
7381
-1
6116
24476
20741
-1
20741
8363
-1
-1
-1
24476
20799
-1
-1
24797
26645
23348
24476
-1
-1
20605
22036
-1
2370
2370
-1
19464
-1
-1
17336
27150
20605
27150
17045
9449
8181
9449
802
532
4654
10565
10565
-1
12737
25865
29507
27150
1381
2370
18033
7116
27150
-1
-1
2370
16795
29800
29280
27929
11304
438
12798
16795
11157
18202
7848
15899
-1
26759
5968
23232
5968
-1
29800
19910
1490
23348
-1
20981
-1
11296
14563
14561
24466
-1
6906
6478
-1
21498
25164
25164
11016
11016
-1
-1
11014
3265
7794
292
-1
23564
-1
14306
3265
2912
26645
-1
-1
-1
3946
2637
29808
29126
-1
10915
8141
14444
23781
27131
23137
7570
7570
-1
14670
5972
21010
11699
5972
2369
27342
13322
-1
1336
13118
21020
3834
27474
13036
21020
19230
18329
5357
-1
25962
3231
27131
-1
3481
-1
26277
24986
27131
14444
23781
-1
12165
1952
-1
23065
27799
10249
24748
-1
1952
-1
21668
12573
7680
24617
21770
7560
12165
23437
1839
-1
24412
-1
17760
9660
4105
24500
5166
5166
1767
1767
-1
27311
23137
-1
23781
24986
-1
14444
14383
14670
14444
1336
23137
12716
14354
18562
4817
14582
-1
-1
617
-1
8103
18562
12086
12086
12973
-1
4534
4534
2231
18562
15486
5633
28166
-1
269
-1
28166
8922
8922
28166
28166
18019
1980
-1
23789
7009
-1
12604
20003
8103
21240
28309
15486
14582
8331
23744
23744
5073
7932
26363
17874
17874
-1
29454
26363
23744
752
27676
27676
-1
22426
-1
18971
-1
20262
29454
5588
17790
7716
22864
12488
12488
20714
21172
16830
-1
16830
3417
3417
11811
7357
7155
5321
3973
26099
24476
16115
16115
-1
7094
26645
-1
3265
986
-1
986
-1
3769
-1
24645
27912
8331
-1
-1
23348
28135
28135
-1
-1
14447
24476
14231
3742
4918
3742
1269
10744
1268
24476
4931
24649
22319
-1
22372
7118
5436
-1
5740
3265
14526
25975
3265
8863
3598
15866
20326
-1
-1
2591
8419
14943
16446
25146
24041
-1
18610
-1
10797
10506
-1
-1
-1
16841
11381
16608
-1
16841
27534
8283
18197
22829
9775
18197
21429
-1
1477
-1
2079
20326
25366
10506
20326
8419
15866
3254
3254
6242
-1
15760
6242
26022
6242
944
27695
18805
944
20950
-1
25515
-1
10799
26022
28274
-1
14009
17963
17963
23117
9142
1609
413
3598
6792
15520
6449
15520
20326
11762
8018
8419
10797
8419
25366
-1
-1
20326
29497
29365
10797
610
537
-1
17044
537
7806
5517
29871
688
29628
12848
9868
29628
4302
4302
688
-1
17044
2388
25818
18295
-1
16261
16313
7398
-1
27139
7567
17044
8211
9243
6318
26254
-1
6772
14818
12365
-1
688
18539
19833
8419
-1
12442
5120
-1
28145
3841
5120
22314
27117
27280
2501
10093
19197
2501
27280
28351
20471
-1
-1
5120
5000
-1
28407
12260
10870
5000
-1
29997
16886
-1
5000
2210
-1
13695
13695
21491
5182
-1
11181
1754
10506
-1
12220
13185
-1
3598
10506
9260
-1
28490
20326
1203
-1
-1
11533
799
16733
16733
17264
11750
3598
28141
14162
-1
26623
18043
8166
23807
26003
9474
8420
8420
26386
5201
25159
23807
9687
9687
26345
14093
3680
9474
23595
23807
14093
9474
8166
5540
11637
-1
6194
22385
5252
3562
18196
7592
9474
11476
11286
-1
18645
18645
-1
16265
-1
13073
-1
23807
8166
9474
10862
9474
863
863
4206
863
17522
29429
28704
4206
5176
-1
-1
-1
1902
1902
27554
863
17905
4206
27116
14093
12637
8766
25410
12397
-1
21293
2529
2529
14040
6540
29279
16734
16734
-1
21865
29405
29405
3507
-1
5309
21819
8166
9474
21699
-1
21819
23807
-1
23807
25159
5955
27155
12050
-1
17532
-1
1963
-1
28972
15270
-1
-1
-1
27685
28240
21896
11612
8941
29964
15270
17532
-1
3766
20480
24839
14916
20480
8690
4860
8690
23000
20480
25373
21565
3801
3801
14181
-1
22070
18274
132
-1
8824
27499
5955
11830
-1
15270
3877
25891
6301
22773
22773
-1
21218
25891
26245
22773
6301
16236
19751
5694
12095
5694
3868
-1
17254
25891
-1
3868
22773
3868
3868
20118
27749
24434
27573
818
7966
20118
26942
5065
13593
28437
8364
7966
-1
26595
17453
-1
14972
13083
24476
13339
25238
931
4307
11725
23663
23946
28078
-1
-1
5021
3735
3265
-1
23057
-1
9209
3265
25141
1070
3403
-1
4586
3403
-1
-1
5070
-1
5402
2060
16075
21373
28137
12758
16866
17460
20453
-1
20453
21895
-1
25902
26149
26149
-1
26149
14273
26836
12458
19820
9232
17990
17990
4779
9232
-1
1571
7784
7784
7784
-1
17539
-1
21643
17721
28112
-1
-1
28714
-1
13498
-1
24476
28404
28404
-1
20822
21245
3265
12942
12942
25467
12942
10798
11410
86
12279
10732
23024
20546
29485
20546
28880
6902
6009
24377
6905
6924
20557
26401
12347
28405
14988
24657
-1
24476
25728
15527
18262
9364
-1
24794
8331
10950
17082
7740
7740
13972
-1
7740
17082
-1
29838
11323
15313
7740
21843
943
26616
17082
17082
7740
5642
5642
17101
5642
7897
20689
5642
5642
10264
12615
14318
14318
-1
12615
840
6804
21812
-1
17082
10705
-1
7740
17082
9716
9716
25898
10620
12603
9716
11818
10445
8448
22805
2921
16072
19643
5440
5440
24401
-1
-1
-1
2921
4561
17082
-1
29759
12087
22867
24342
26195
28567
21746
18428
-1
17082
5944
23026
16100
15563
-1
-1
23219
7762
943
23562
12526
17082
-1
28992
16502
943
19278
23369
6806
-1
28500
28831
-1
7887
28765
9020
300
1022
28042
-1
23450
22547
8067
-1
4881
28500
1022
1022
2280
-1
22944
3176
11474
21326
-1
24274
10371
10830
24213
1022
-1
11561
6261
25839
22685
11561
21038
12757
11768
6089
27633
12333
2280
4775
1022
-1
19340
-1
10728
5558
29464
25711
-1
15390
21906
15390
22150
26720
23617
23617
15824
-1
-1
13370
11376
16622
15824
15390
10950
10890
28314
17749
15125
-1
23204
3443
4979
19377
22595
11679
24624
24624
26959
18185
-1
28503
6775
446
-1
10950
22574
22574
20571
20571
-1
10970
16502
22141
-1
23167
11925
11925
24968
17082
-1
8818
5164
-1
23748
29263
-1
1918
15793
7944
23748
908
908
23604
-1
7871
23960
23748
-1
908
-1
2094
908
1918
25268
13723
24170
19310
13749
4212
25268
29472
19310
13723
-1
13721
9685
9685
10195
-1
4543
-1
16320
22007
23748
16320
16320
10958
8953
17944
4794
-1
-1
9259
5829
-1
19876
19076
23873
12292
9826
25616
2167
-1
15460
-1
4794
-1
10958
19944
14636
19944
-1
-1
7818
4256
4256
14636
23774
1979
14636
21654
21028
4397
4397
21654
28670
22918
6174
-1
29263
-1
-1
-1
26906
16320
8681
-1
16320
16320
29263
14934
18555
17082
21530
22591
21530
-1
-1
20615
-1
11025
4897
21530
-1
19767
-1
-1
21530
13870
25999
28954
3831
29322
4897
359
17312
-1
330
-1
1238
26644
7290
7273
330
13940
-1
24039
7421
10366
3262
191
768
24801
28939
4897
21682
4897
13940
4897
29322
13994
84
13994
1961
-1
-1
17959
-1
-1
12060
5374
24902
28203
16391
28203
13298
13949
4444
16647
6298
19742
84
24902
84
4623
28798
23927
11611
-1
623
4026
6170
-1
7347
26564
4623
21082
17074
17074
20359
-1
29544
27334
7740
-1
27149
943
5117
20826
6939
2795
2795
22237
24405
-1
-1
-1
-1
-1
19502
-1
7089
6653
7047
24968
17596
27833
27565
-1
7740
-1
24968
25478
-1
24405
11961
4152
16618
12913
12913
28799
26349
24968
4497
-1
16502
1317
4131
10705
18407
15853
28525
23783
-1
-1
17082
16529
6203
6203
-1
20542
6467
4044
2425
-1
2425
18165
8418
20303
2425
18165
14119
5441
21998
9654
18165
-1
26341
18165
20303
11316
14207
20182
7301
2532
-1
5720
-1
14207
21800
-1
21800
16009
14780
12902
12902
16262
15555
15547
20303
8047
24696
26341
2425
23658
-1
2704
-1
-1
16846
4363
-1
23658
16122
13327
9608
28718
3102
13327
-1
-1
8078
23658
4729
29185
7928
3180
-1
21685
800
-1
-1
22868
24399
3180
1515
1515
-1
1515
15547
23673
3677
20303
12063
18188
4504
-1
-1
15547
-1
7907
895
26341
20146
-1
16262
4031
13103
27916
4031
14234
2067
-1
26946
24092
-1
3732
5365
19325
-1
-1
24092
4031
25528
11966
6508
13103
-1
6508
11765
7429
27988
-1
23273
23273
11765
22126
27988
6237
6237
-1
-1
6237
29282
2560
2314
26946
23073
21656
24092
6508
22863
-1
-1
24092
4224
24047
-1
3960
13678
-1
14842
23830
23830
3960
19126
8438
-1
-1
19126
-1
-1
26473
23329
12792
23830
24047
24047
-1
-1
25948
14785
16960
21720
17989
24290
-1
-1
26477
14785
16262
27201
4875
14417
-1
7268
18165
27840
16262
-1
8047
93
-1
19209
12771
-1
5559
-1
15547
-1
4769
15547
1885
11187
4137
4737
25873
11997
17818
-1
-1
15547
-1
11334
18165
22738
8384
-1
29480
8384
17178
22423
7973
23262
-1
2136
-1
732
-1
1634
18110
8471
18670
11049
11049
2136
9435
23764
23764
9369
3142
-1
10670
5388
655
-1
5388
8384
12485
12485
15223
20117
-1
12677
29480
-1
26061
9435
-1
-1
-1
29480
22672
9287
19782
-1
6654
13210
-1
22672
25302
14298
10955
2376
27480
27480
-1
9379
-1
7266
14298
11233
14298
25339
-1
16711
17681
7117
7117
-1
16288
-1
23268
6824
11337
7117
16288
16711
1543
374
8788
13112
17648
17473
-1
13288
8372
-1
8384
-1
-1
-1
9435
16711
-1
29480
4019
16004
5733
16711
9435
16686
27130
17741
18338
17741
16686
-1
29250
29250
8800
-1
27130
17741
-1
6495
14442
22534
24917
-1
1008
-1
22674
713
27130
27130
19063
2216
-1
17067
25964
9759
19138
4965
23752
4965
19138
24026
17067
16686
8040
26743
17468
27948
25181
8040
7547
13335
7547
11408
13668
12247
-1
-1
27130
5157
18589
2480
1229
20911
29688
16977
-1
-1
-1
-1
28609
4807
13609
15709
-1
27220
23877
5595
463
23877
16921
5827
14265
18479
16820
-1
16820
-1
7679
-1
26864
8182
16977
11014
23230
-1
24705
23127
16680
2825
18627
4380
23230
7831
24705
-1
-1
15335
21554
22983
19228
14731
3609
3609
11198
1466
11198
15379
-1
228
6264
-1
27895
10563
27187
27895
-1
-1
-1
21258
3771
8495
8495
10302
10302
9119
11342
17858
-1
19924
24523
-1
15562
8712
15653
9034
26645
2884
2884
-1
20232
27606
16387
28991
28991
26169
26378
24038
-1
1889
4907
7598
17217
1436
219
219
26422
7953
17995
-1
8751
24428
-1
505
505
505
22434
22434
22785
22433
27560
17479
-1
21219
27111
-1
17659
27213
17479
24476
-1
29227
-1
21660
-1
-1
29367
28599
4454
14354
4124
17951
27878
23500
2622
16569
18994
24403
7083
7083
-1
2722
2622
10299
2622
-1
4381
25560
-1
14485
4381
-1
14485
-1
16374
3265
-1
9875
9875
20521
20635
-1
8284
8706
-1
5926
23870
22185
8284
8284
24476
23772
20042
25635
-1
25484
224
23023
19239
-1
224
20042
29307
3265
7954
7954
-1
25759
21783
28558
28558
-1
-1
21783
26645
-1
17732
26372
14591
17732
-1
-1
20351
14591
-1
28289
14365
23088
25649
-1
-1
25649
15451
9806
52
-1
10389
24654
20237
13455
20237
16400
23203
29814
16400
8569
23203
23594
23594
20869
23203
5675
10474
16400
26645
782
21381
12101
14562
21381
10432
29387
21381
24096
978
12101
19337
15680
23184
-1
19337
23184
-1
26133
19139
13728
23184
15974
4632
-1
25306
24734
21856
21192
17702
23548
7422
9451
15104
25306
-1
21192
19968
12339
598
18929
-1
29289
21688
29289
27880
-1
14580
18929
-1
9783
-1
15303
15303
19553
19706
9783
10233
-1
15776
15776
7095
10573
20863
10233
25249
26876
5839
4072
-1
26876
-1
20820
-1
17765
-1
-1
3632
23917
23362
23362
1006
19706
24837
13479
15466
15243
3563
29757
19221
18386
-1
19221
7058
3800
29747
-1
28624
-1
20779
10916
28247
21625
8299
-1
19221
19221
20686
20686
14578
28844
18357
11743
26306
14588
-1
-1
16725
25574
-1
14026
9117
4621
27119
9783
25249
24837
9783
-1
9783
8583
20234
28816
3563
28098
6309
13598
22914
6309
-1
4227
11937
13598
16988
19844
6366
18683
19844
6366
23378
11754
5541
407
16988
22940
20984
2697
-1
-1
23279
27095
-1
5552
18590
-1
-1
12941
20947
20947
13101
21277
5174
23801
16988
16988
21040
20984
18778
8672
26391
8583
22274
-1
24644
18721
17236
5861
3304
2870
-1
15587
11733
27768
16782
-1
-1
6415
-1
17236
22274
17236
3304
15174
-1
23679
24673
605
23679
-1
3930
10450
27689
-1
15174
17136
3532
-1
10829
-1
8529
-1
22353
22353
-1
10233
-1
23631
4064
7071
-1
-1
17540
25249
-1
25249
-1
17458
25249
8735
25249
26288
3563
7466
25249
10551
-1
-1
14720
2275
29288
4756
10768
14878
2940
21108
18583
17274
12115
8355
2940
21108
3725
3725
17559
3725
15081
4109
10768
-1
8547
-1
-1
11208
6571
11208
29668
674
1590
29865
29073
9069
20473
-1
9069
-1
17487
20584
21504
6670
21108
10768
8355
8355
2940
14878
-1
8356
16682
-1
511
20754
26770
11757
21321
16644
-1
-1
29228
9922
29228
24200
17054
24427
-1
2479
-1
8356
18090
-1
8128
-1
8128
9017
26528
2647
19762
23715
1273
24379
12035
15818
19411
19411
7247
7247
26280
17903
2940
-1
12414
10081
1356
-1
13422
-1
10768
8355
14878
21108
14416
8355
-1
5009
8355
-1
18121
21555
14100
5360
6986
14100
11862
11550
24934
24823
-1
20755
18504
26661
-1
9970
14429
14100
18121
14100
29096
24216
9406
-1
9406
27267
9876
20020
-1
24216
26593
25080
17833
14743
4415
14743
14743
5751
7365
-1
26661
26661
26661
14100
25196
24934
26661
-1
7640
-1
7640
-1
4664
2598
24048
15859
22942
7640
7640
17079
12598
1534
16819
24084
-1
1303
1303
7640
1097
7640
4664
25249
13375
13375
19794
26397
3745
-1
25429
-1
13375
9534
10046
6619
15541
632
6713
-1
29893
12720
24837
2667
3563
17967
899
25416
25416
10719
554
16510
10719
470
11074
11032
16615
16615
27973
10237
15282
3563
8524
11774
-1
23932
14730
-1
14730
-1
-1
1542
-1
-1
-1
8986
-1
25249
25058
-1
25249
9863
19706
8825
6624
21143
21649
14248
11586
11586
25006
-1
22563
28976
14460
-1
2680
22020
24849
15303
10012
431
21553
27598
7971
27527
8111
-1
23294
-1
26744
26744
-1
16086
431
27488
29842
431
23294
16762
-1
-1
13032
20270
24653
27641
9163
-1
13032
2676
10867
10867
10867
10867
26704
8140
29741
431
10012
10012
16139
22207
22786
22800
15806
-1
16583
15806
16583
21256
41
10326
1733
1733
-1
14494
1427
19505
1427
4745
19179
24642
9139
-1
15806
9185
19765
18867
8777
195
-1
23027
-1
22834
5014
-1
5014
-1
5014
5178
15271
9967
27999
28118
13307
10012
12329
23294
702
23294
10012
-1
431
17843
16906
-1
16762
8868
8868
8868
7060
-1
21903
26056
19507
20149
-1
23967
22803
8868
18594
8612
14569
-1
1555
21903
14131
21903
19507
11568
16067
8030
16067
8738
8738
27002
16514
8738
8738
14315
18638
20338
14676
18638
10433
2325
18186
11224
2721
-1
19507
19507
21903
21903
14131
29615
-1
6921
4813
1090
1090
6921
-1
6253
6879
6921
1862
15643
8014
8014
29070
29070
6569
27813
2277
28642
-1
23708
23708
16836
21553
3053
28742
-1
28360
17953
15162
633
22516
-1
17871
3053
17953
-1
14085
28901
15149
22207
28097
12329
29542
22207
17882
-1
12329
-1
23294
24820
4039
21264
-1
22795
-1
-1
9246
1083
-1
23294
17909
-1
16858
-1
22207
-1
-1
-1
21259
3063
22452
8055
19455
3338
20433
3063
3063
16624
6703
1837
16624
10091
24475
25954
10475
9439
22452
-1
-1
20712
18871
10967
10967
-1
11166
18133
-1
5846
12156
-1
13878
13878
26026
3196
680
-1
11415
18758
-1
3063
22452
680
-1
9439
16352
29134
15977
18212
-1
18212
29134
7573
11499
6043
-1
6872
18212
13166
15110
13166
24082
641
641
27083
1861
-1
10690
22598
23067
18212
15977
23064
3790
3790
18057
17585
3790
3
17181
-1
18269
14029
15879
16352
19254
9154
16190
24625
-1
16352
18893
680
-1
3063
21674
10036
9439
22452
-1
9439
9439
19455
9439
9439
9783
-1
3245
1094
20654
1094
25763
27543
29705
23097
1094
27291
12241
18544
6097
16882
6097
3638
5662
4250
16881
3638
3295
29705
27291
3798
3798
25734
22169
9324
5797
614
24253
-1
27790
3798
26491
6811
-1
-1
15010
23895
24754
3062
3062
25807
7950
27984
8300
12241
12241
1094
-1
22793
27291
29910
29286
15297
11837
-1
311
4329
11335
29588
10811
15258
15297
4329
19707
29286
25610
26092
4761
10943
25610
311
8344
8344
311
12481
29596
4329
4329
29286
11878
21361
-1
25558
-1
6060
-1
4122
25315
-1
23979
726
6060
-1
12937
12937
24308
3590
22146
9783
25167
17658
-1
-1
787
17658
16566
17557
17557
4802
-1
14352
-1
-1
23675
10646
20549
10233
-1
26134
13020
26134
8583
-1
26701
26332
27891
-1
6204
-1
24485
2007
1235
21706
24485
19706
4596
4303
4303
11665
23394
4596
20868
-1
-1
17952
523
-1
20867
11746
14076
14076
-1
10
12963
25249
19583
-1
-1
3563
-1
19084
21581
27082
8379
-1
8379
-1
14132
17733
5690
-1
771
11840
4783
11840
4783
15559
11840
19966
-1
17503
12067
-1
25908
22425
1372
-1
17326
1783
-1
-1
13096
-1
16156
1173
20412
14192
-1
6382
14192
2568
15303
14657
18557
18557
14657
7062
14657
22989
23797
22989
7149
6157
13475
-1
432
23050
9700
13730
-1
19907
16600
18486
17193
17193
16600
6472
6256
-1
16600
4865
16600
8623
25000
29701
29701
18486
-1
18486
16600
17193
-1
9731
8334
9731
-1
17811
24069
27180
4315
10564
10564
24735
1404
4865
21924
5190
-1
6364
17193
24243
-1
9252
17193
23851
25334
12195
23851
28768
-1
26253
25334
25334
-1
-1
11301
13387
28252
7749
7856
2944
4348
15511
15511
24972
24972
14018
-1
1881
1881
-1
21751
21751
6267
14018
1510
26004
17767
9321
26004
3713
3713
-1
-1
-1
19012
16600
19608
17193
-1
17408
24243
15637
28555
-1
12893
13486
13486
3710
13486
13486
-1
19120
13522
21187
25185
3710
-1
16096
23344
6018
18349
6328
205
-1
28165
25185
3710
29095
-1
29095
-1
18761
26574
9153
29207
15426
662
28197
9943
23588
20226
25288
12751
13084
456
456
28165
3710
3710
13486
17832
15770
15488
25025
2559
20348
13625
13625
3234
19223
20348
-1
-1
3821
-1
-1
17302
29400
11882
29232
26736
2559
20348
14876
15488
5670
19011
6141
15408
15408
36
5844
36
26086
19011
27078
5670
9252
28023
27559
18597
28023
9506
23876
4865
-1
-1
16600
19975
28278
28278
10155
24326
16636
2956
17193
16600
28555
-1
-1
9780
21152
18486
22801
-1
-1
3208
27134
-1
-1
13310
2525
1656
9689
10891
-1
-1
28201
-1
1237
28201
23889
29066
-1
22286
4308
618
13002
-1
17799
22286
7456
19196
17597
28317
19196
17597
-1
-1
25481
25481
4649
10674
25481
17597
17462
17462
2603
4223
8442
27995
13865
28201
28201
19196
17597
17597
22286
25498
25235
3359
-1
11125
11060
2030
29528
1231
11484
2217
1206
11125
19395
17398
-1
3442
143
16149
3259
20047
-1
2030
2030
29528
1206
10027
15651
18362
16028
18362
18362
16028
11219
6311
21930
-1
7851
-1
17575
21811
-1
21811
15253
23757
27447
13380
8947
24562
10891
3359
10845
19196
10286
19196
-1
-1
15904
4035
8673
10845
-1
28555
14983
18461
-1
27756
6816
16512
-1
27423
24907
16512
16512
-1
-1
26451
26451
19123
13168
19545
19545
28442
-1
16512
4099
14983
16512
-1
13345
-1
-1
11324
1187
16907
-1
6764
-1
1242
1242
2496
2496
-1
21238
2496
10288
16022
18949
18949
27666
16512
27756
16512
27756
14983
16512
16512
22180
21861
18632
683
25450
11185
21861
5302
17234
5302
22259
11185
22180
21592
16183
-1
28313
-1
25264
-1
11174
-1
-1
3455
22180
11185
22180
20391
8980
6519
-1
5432
-1
8980
6519
-1
2236
8980
7841
14713
8980
8980
9519
8618
-1
10118
22962
10938
10118
9519
1279
18409
17668
-1
-1
9419
9752
-1
9752
28555
28014
-1
29431
12989
10344
10344
19698
19698
20026
4208
4208
13209
-1
5307
23245
20944
-1
23840
26289
10107
29736
15502
3420
5069
28555
1903
20977
-1
23319
7693
-1
-1
26792
3073
3073
17209
-1
16737
-1
14576
2092
-1
14966
11577
-1
-1
13157
28555
10782
4500
-1
8985
8985
25233
-1
27630
8454
12653
-1
15538
20420
1966
27630
27630
9218
-1
20404
14825
-1
27630
6536
27630
13698
12653
-1
18605
-1
6962
24239
9628
-1
25242
24737
4566
3647
3647
3647
-1
20808
15164
24796
14825
16780
12653
12653
5429
-1
27630
12653
2862
923
923
2288
23284
-1
20387
15663
9994
8498
2862
-1
25827
18322
25827
-1
26794
-1
13016
2862
17769
29690
17769
17769
-1
-1
14362
14362
20264
14362
6312
10713
19978
20264
26998
26998
6113
17651
-1
23197
17651
8263
25233
25281
5158
17331
15021
-1
20420
12653
-1
21585
-1
25233
-1
13698
-1
-1
25150
-1
6846
27630
3306
2164
-1
29498
11598
13853
22585
29498
12950
29498
20282
19960
-1
22754
20282
-1
-1
3302
3302
8798
29498
29498
2164
2164
20838
226
10838
15771
28
17272
-1
-1
14628
3275
22585
25874
10318
3088
-1
-1
3306
-1
7457
22151
20227
28476
12950
16327
29425
23718
3444
5614
3444
25372
-1
4512
11480
-1
20307
16440
4265
19681
11480
4512
4512
-1
17195
4144
2897
2897
14387
4585
-1
-1
3316
-1
-1
11480
4265
21840
27630
-1
27043
4295
24914
18637
28594
18637
2335
1640
-1
14190
2937
15674
15391
19682
18031
13499
18031
-1
-1
-1
1619
16281
-1
-1
13698
19735
10893
7
14952
19994
13698
22464
-1
-1
13698
1904
8243
23661
22086
13347
18137
14197
11582
25917
14226
14226
26767
7205
28640
-1
11728
24476
18335
24087
18335
7506
18335
24066
28395
1171
-1
17542
19551
26033
12943
11036
5327
-1
12315
23532
14925
17542
17744
17542
17542
19671
-1
17542
19720
8740
3272
1824
19720
25812
18343
1824
-1
-1
21742
1824
1509
-1
1509
5068
23915
23943
18602
-1
18602
19671
19919
2490
19671
24087
19671
17542
18335
18335
6021
-1
-1
18250
15290
29549
29549
-1
23405
6881
-1
9767
8651
26063
18250
-1
450
-1
9738
-1
26250
4388
23249
-1
9319
-1
9319
29549
9319
3974
-1
3974
-1
13807
5604
-1
15024
11777
-1
13807
-1
19672
1127
-1
-1
12623
14403
611
14403
12618
18977
19551
27529
24758
18335
11052
7810
22949
13428
4960
22302
-1
12584
29493
11888
17542
-1
619
-1
2061
27025
1391
24513
22682
27212
20142
-1
-1
25946
8245
29003
16979
27025
25178
25178
-1
187
11165
18754
-1
-1
21116
-1
10760
27025
16979
17140
1391
5410
29482
29482
14613
17239
9085
9183
9085
29259
16895
16895
8089
-1
10042
9085
-1
4376
14834
19451
29693
-1
6057
29447
-1
29447
27323
8064
5410
13147
26423
16979
16979
8826
-1
17140
791
-1
24188
19
-1
791
690
26680
26680
6984
7354
24188
24188
-1
27377
27236
11711
26639
27377
-1
2689
-1
3823
9291
17551
5027
24188
791
24188
10222
2202
2202
13811
19895
19895
3925
2202
21078
5939
-1
20974
20974
14047
13811
8288
14848
27729
-1
26454
27589
28648
19737
25469
3401
16436
-1
-1
12823
3401
13811
3401
8331
18431
18431
3328
23636
23636
-1
18431
-1
6282
19693
18431
7030
26775
7712
20745
20745
1156
-1
22667
20745
28540
18769
4155
-1
-1
-1
26775
26090
3328
28540
25436
7405
16289
-1
25436
590
15557
24664
9989
22271
25436
21411
-1
-1
23763
14288
7753
-1
23763
4107
11739
-1
9081
13100
26448
21411
949
25436
8605
20372
975
-1
8605
2711
3970
14511
9737
-1
975
8605
27228
-1
-1
2276
14349
-1
8605
21692
22621
2711
-1
-1
27228
27228
8331
21354
23005
21354
23504
-1
21354
-1
13291
7289
-1
-1
-1
21354
26673
2447
-1
25123
28764
13076
11639
12072
29467
-1
25653
-1
21354
-1
2447
4356
17191
6397
-1
3324
25522
10072
-1
16505
23800
-1
3324
23800
19726
-1
19726
7285
13152
10072
26327
26343
26343
-1
13476
12759
29415
15844
24263
24263
-1
-1
809
809
7980
7758
8771
29680
-1
26858
21114
7758
28411
7780
16347
676
2831
22709
-1
5137
2831
25003
13353
5666
-1
544
28411
7980
7780
8771
29680
12898
27114
3993
-1
-1
12898
17576
11062
15425
-1
12311
12898
4642
9786
-1
5265
5265
499
25751
27158
-1
26282
13732
4358
29927
3993
27158
23765
23765
18807
8653
18807
13802
3256
18807
-1
26956
21584
20331
20895
777
-1
-1
17083
-1
1761
19078
25246
-1
25192
18807
22420
26747
9341
21946
27635
27635
28696
22945
11069
2773
-1
17971
24277
11244
25022
14112
10444
2808
1443
11526
10120
4116
10965
5948
11712
10965
9842
9027
9027
24421
679
22945
679
-1
22945
-1
562
28276
25794
27016
27016
4168
18248
-1
-1
4168
18982
18982
6803
-1
21974
904
24692
8736
12016
3944
-1
23677
562
-1
27016
-1
562
18982
18982
1172
22251
22251
22251
3429
3429
1095
1095
28215
24285
15450
22251
17053
-1
4712
4712
1958
19000
14398
17053
-1
15639
25482
2279
569
1172
3429
14778
3429
19904
3265
9072
18292
24162
25291
153
9072
-1
5189
2286
28455
666
9072
2286
7214
7214
26304
1266
2576
12157
22771
24162
4922
24065
2173
15808
-1
7661
24162
7661
23348
-1
4989
28574
15456
-1
12224
1473
-1
15134
15134
27668
7292
-1
5356
15456
10920
-1
20013
21983
1316
-1
3082
5356
-1
12579
3642
5560
26366
-1
12715
27668
12224
-1
1245
21981
-1
1245
21560
4262
7479
-1
24431
6386
21981
1245
10361
18647
-1
4764
22322
17588
27986
1245
14677
-1
17588
7295
21981
-1
24476
12203
-1
-1
2220
24077
20345
23558
-1
8035
21612
-1
19010
24077
8317
8317
5313
7821
4528
8317
12472
-1
17007
-1
12858
24077
12203
27643
12203
6833
-1
6833
-1
-1
21871
15836
18061
25836
10874
-1
864
10273
28726
24079
5883
-1
18862
18862
24079
1849
6383
-1
6383
4402
6923
6833
10273
25836
10273
29275
28696
1913
1913
14672
26040
16850
9361
2602
2602
21519
27008
11969
16479
16479
8298
-1
16195
263
-1
8298
16479
6111
20736
11889
9701
16850
12566
13132
11969
6566
16850
23348
19902
-1
28173
-1
-1
5450
24119
-1
-1
8530
24573
19902
10924
5156
12752
28683
5032
27883
9092
27883
11758
4419
10987
16653
16588
29861
5450
11907
19902
19902
28173
8331
-1
7855
7855
16811
14867
-1
3799
6050
21255
28665
19918
7855
25617
15474
23777
3799
7855
257
-1
14269
-1
13098
2417
10008
23040
-1
13098
15686
17262
19766
4274
17262
17735
9228
-1
15686
20091
16203
15686
6050
18358
20954
13309
17766
11065
13759
11065
19341
16666
17766
-1
14734
-1
22051
19166
18358
18358
5395
5395
14647
14647
29336
27731
2847
-1
-1
29336
29336
20091
12129
19829
12400
-1
16457
14615
-1
1319
15686
23993
6050
13501
15686
-1
257
15686
6050
15686
18100
-1
12602
18100
12602
2118
-1
-1
12602
12602
-1
9224
-1
9224
9224
2375
21135
3106
15597
15597
21853
26579
26579
20356
22510
-1
20193
8856
-1
9189
13710
-1
19806
2484
3035
-1
12602
-1
13765
12602
-1
-1
20749
15597
27870
26193
25623
27870
13432
9332
-1
18551
27870
-1
14341
12079
15189
14341
19721
2878
25623
5478
27870
9332
5768
7855
13490
18779
-1
24773
-1
-1
19416
24729
-1
6371
24773
3961
18571
-1
20416
14687
257
5232
7194
11453
-1
19925
13306
257
19217
26481
-1
25761
3799
-1
11589
-1
257
9921
257
-1
7663
6050
-1
7855
8000
-1
8585
3738
11984
4791
4791
4791
-1
-1
19648
5643
5643
19184
4791
25349
28547
-1
23058
7949
2674
10418
15865
24007
19200
10418
5687
8249
476
5052
9681
7735
7735
12346
5687
29127
29127
8249
19262
12506
27064
-1
23439
1075
8167
29794
19764
-1
4758
4791
-1
-1
11984
10996
2778
-1
2778
2778
2778
17895
-1
17763
27778
-1
-1
29141
317
317
12118
12118
5628
5085
27865
7341
10996
18628
19184
-1
25834
15717
20698
4178
28440
-1
12168
26588
20600
23439
-1
4635
4635
4635
6139
5245
5245
13632
-1
4758
26113
10418
13150
11984
14495
11114
-1
-1
23439
24636
-1
23439
3799
4267
5501
13435
5501
24835
27848
1232
13435
12948
5501
20934
15758
20934
-1
-1
-1
5547
4267
4560
4267
6471
15932
16677
6471
21121
24920
12422
26950
20717
15932
13482
5547
16528
22561
-1
-1
11948
-1
8150
18115
18115
28775
28775
4267
-1
5501
5501
4267
11796
444
444
15617
1960
-1
29513
28094
444
22178
23099
8407
25871
15088
2857
2857
28784
2857
-1
9270
7835
23099
22178
23099
15686
-1
16258
2365
22666
18106
10213
4318
27317
2624
13161
669
20740
24080
27688
-1
-1
15596
15596
14615
5845
24650
257
24984
3146
3146
-1
19855
15686
9597
1153
14615
21775
8072
-1
10484
22219
5035
20878
-1
206
9575
14501
25645
3799
-1
21003
-1
-1
13560
16025
25736
2031
1877
6844
-1
22067
-1
18600
289
289
5480
27404
20064
14615
6486
-1
24670
15213
3640
-1
-1
25875
2451
-1
25761
13661
11709
5391
16226
28370
13320
16226
5488
18201
12056
-1
28370
-1
-1
261
25784
1239
-1
21789
19324
16226
23743
17840
2728
14287
14287
21164
20713
2728
-1
491
20979
-1
16303
11898
2728
19324
-1
12772
23734
26301
19324
2098
-1
-1
16226
12056
28370
19324
12300
12056
-1
9866
21105
-1
16815
22048
12229
10934
1334
-1
9161
22048
22048
2896
16208
-1
6192
13536
3019
2896
-1
15222
16815
12229
12229
22048
15874
16575
5858
29539
-1
1300
5782
1222
26996
2807
-1
27230
8914
8574
13097
15217
-1
-1
6786
2535
24832
15690
22613
28104
5138
14142
-1
-1
18657
11885
6689
6524
20221
19016
19016
16210
6558
27028
13690
20221
20221
-1
26856
28734
5812
7770
12211
3009
20789
15307
6524
6524
17430
20221
16005
12690
3871
20803
16515
29413
25204
751
16515
16005
-1
24842
851
-1
10552
10552
851
-1
-1
-1
17641
17430
-1
-1
29762
15007
20221
6524
22961
18340
-1
18908
16306
20446
767
7114
3689
18340
16306
-1
3002
28206
5864
23035
10135
17102
17102
22961
2416
285
16306
-1
2102
11779
20905
18546
24700
3143
11779
-1
12009
20427
27165
12768
24361
12768
15553
17761
4127
23049
15350
29044
19324
-1
28473
12056
8486
12216
17156
21344
9646
-1
-1
17686
1930
22155
23883
17686
27021
28370
6689
4114
12056
28756
8189
11980
8668
8668
29775
14479
23743
23251
16226
-1
11443
15754
14810
-1
26293
9269
20155
29807
2355
14810
-1
5475
-1
4535
6929
10425
10425
20865
16286
7672
14810
2355
1355
-1
3410
27200
628
28760
18318
23237
26168
8102
18318
20032
28472
26630
15298
14774
4162
21030
21030
-1
-1
-1
4220
282
-1
1355
2355
14810
14810
18297
7913
14217
12533
5602
4473
11521
4473
3415
22003
2880
5602
-1
3230
26618
19729
26618
7913
20650
20650
-1
12533
5576
5576
21196
14115
1412
14864
25637
8017
11041
1412
14864
-1
-1
18654
4008
14864
11041
15842
29804
26403
15842
28413
8627
11659
1512
1512
28637
-1
3838
-1
24335
25702
13753
-1
4362
2355
29055
-1
-1
14810
-1
14615
-1
188
-1
25219
9500
-1
14871
8593
-1
188
1472
188
-1
4819
4834
7417
247
14703
8097
28153
11412
-1
-1
3940
13913
22288
22288
9833
-1
-1
673
6622
11726
4507
26675
7583
6622
15299
22479
22479
9005
3690
13001
22903
14872
13913
6234
3052
3052
20096
27325
188
7389
3579
188
19359
20304
26938
1472
-1
12749
3382
7490
-1
-1
-1
22732
10682
3382
25154
5078
15572
19424
15362
-1
12172
22091
3385
16430
6373
18702
16439
23644
4939
5078
2221
13278
5078
3799
-1
-1
25746
-1
-1
29600
-1
17684
19449
18698
3692
-1
5922
-1
14039
-1
13687
10852
16931
18271
72
13687
6050
16898
22798
29568
14665
6269
19194
3743
20333
1177
29040
17716
9400
17716
19227
19709
-1
-1
13265
13265
8805
-1
24966
27058
15585
15585
1124
15049
7539
9631
1124
-1
19669
25897
25897
25911
19669
2915
-1
-1
27605
3007
10127
11719
27605
-1
13923
22239
-1
11656
6665
11656
21242
21599
-1
2749
18534
5581
12031
-1
15877
29460
26519
15877
4830
18612
10740
14049
4830
10740
25439
11556
1694
29129
-1
14103
22661
25439
-1
4221
17357
5264
7274
18434
8439
8439
23248
16885
23248
11359
17445
8312
-1
22341
19576
22341
17872
22341
6050
14542
28884
22015
-1
20898
-1
14542
-1
25186
25186
9972
23880
9385
25912
-1
-1
-1
-1
16443
20076
20076
20076
27968
20076
-1
4689
7922
7922
4520
4520
20330
5668
-1
22375
17010
4954
4425
-1
-1
27538
18411
22892
4954
7922
25646
-1
10482
-1
29603
17535
4325
17663
5093
24053
29603
20454
29998
-1
-1
25282
27627
19274
2505
-1
4520
-1
-1
7922
16821
13939
21777
13195
21777
13939
18092
556
11844
14415
-1
14804
-1
11513
-1
15170
27969
21777
-1
15170
21777
29244
29244
12274
1226
16368
14159
25262
12514
27811
27811
-1
16368
12514
7922
-1
29122
29122
16831
24564
18411
-1
7774
25926
29958
4446
5745
7922
-1
-1
22523
2036
4954
15812
18411
-1
14621
4520
7922
-1
11132
8733
11132
1664
20715
27963
27963
19463
28929
20715
10885
16552
14716
3197
29177
24102
367
-1
12160
20715
19463
20715
-1
6452
21607
16463
-1
13366
22419
190
12644
10188
22761
4292
27318
3511
15438
947
5567
6851
25072
11803
11803
28579
28579
19493
845
13594
11132
6452
11132
20715
8409
18715
-1
-1
17150
4901
646
3216
9601
20098
11375
646
6131
19169
4496
21186
25822
-1
-1
-1
27392
-1
-1
4901
16083
18411
27626
24515
10926
24515
24515
2460
-1
14572
-1
-1
14572
20692
23650
26745
-1
-1
-1
5542
5542
-1
1570
875
22606
22606
-1
27363
9013
26589
16527
729
18411
13374
9954
4954
18207
23511
10603
26030
-1
19235
27234
-1
20330
4520
7922
-1
3439
25719
25719
20565
10417
-1
24997
26503
22460
29256
20885
10417
22129
7098
4862
25367
25032
5095
-1
9150
3569
22129
20565
20565
-1
20565
3460
3460
6380
-1
1276
1276
6051
-1
-1
19784
11216
6503
23982
-1
25418
6503
11300
11300
7261
10370
7452
13079
11293
22129
28761
22129
13079
21781
28520
23131
14792
17369
28794
28226
25236
23131
29793
635
635
10985
14985
22936
-1
22936
25127
14595
-1
13841
29793
21781
10417
17783
5737
5737
20608
-1
3321
25805
25805
10643
4336
20009
11087
24767
6887
3072
-1
3072
17080
689
24261
-1
5496
7550
10777
20566
5095
23835
766
13079
17704
-1
-1
-1
13079
14465
23392
12348
9457
25289
9457
8951
11833
10294
1550
-1
-1
-1
10294
12061
7332
29994
-1
15522
12061
4249
12184
1283
23223
29686
11833
18579
10294
15367
15367
15367
8482
1995
18542
892
10790
3553
25428
15367
13582
-1
5927
-1
-1
10704
27044
10677
10677
15269
10294
10235
-1
18579
25289
4539
11833
26174
4520
4133
12642
-1
4133
7413
7067
25200
22010
22010
26506
-1
-1
25506
-1
-1
-1
7775
-1
9086
9086
13964
17555
1820
808
16355
23222
-1
25506
5148
24826
25200
19288
29937
-1
21948
23460
8397
13644
17481
12755
25136
12240
-1
29937
13644
18411
7516
25285
28114
-1
1459
28918
14520
4954
8559
4412
17313
4615
2473
24254
21535
21535
23790
1040
-1
23790
16500
-1
-1
14493
-1
30000
4520
417
16348
26233
417
9529
9529
7052
2866
2866
13975
10246
18411
25974
22909
17726
2270
2270
5919
2760
24987
6054
24987
-1
20028
13302
20028
18464
3232
22937
-1
1822
7922
18648
28928
4954
-1
15234
-1
25448
19186
642
9857
109
27747
-1
11517
11517
12385
8630
11517
16957
20949
25422
27846
11517
11517
-1
-1
11560
11924
18108
8539
29184
-1
23824
6583
11517
11517
16603
18355
902
-1
13402
11939
18355
1607
24078
-1
902
8721
902
-1
10162
21639
21639
-1
1335
4005
-1
2475
11517
-1
-1
7642
11517
20972
14991
20607
1049
1049
416
3759
21957
8255
-1
1049
20972
-1
-1
3356
15529
7561
8206
8206
-1
20972
6367
4438
16603
1625
18440
29224
16612
18440
20219
25074
13817
11742
-1
23907
10498
18440
21520
21520
16378
13494
-1
21520
10069
14522
28003
8415
-1
6988
5629
-1
12385
12385
-1
-1
12606
11517
16603
2475
16603
-1
-1
11352
22295
3538
22295
11838
3538
11352
14483
22295
11079
22295
7469
-1
21094
-1
21672
509
2428
20936
22295
14167
20555
9278
11838
11352
1346
-1
2935
13866
21953
6595
9890
10548
2935
7936
5188
25609
28161
28630
25697
3252
24472
21424
27489
27489
-1
23289
14724
22295
-1
11352
25609
22295
10437
12385
23153
13389
23153
8013
-1
2347
22017
23153
8013
19201
8013
19156
3183
10309
28723
-1
7854
28723
26396
26396
26396
-1
2846
8796
5930
23153
19156
3906
20052
9682
3906
-1
22632
9682
26180
25780
25780
11933
9131
20052
9682
26180
2475
1055
11064
9006
1742
-1
8630
12444
6738
1969
1708
27846
15611
10156
8630
16603
20196
8630
24306
-1
18759
12385
10567
23824
8217
7984
-1
-1
-1
-1
27826
27826
5523
12385
28035
-1
21482
12385
-1
12385
10293
1538
20831
1538
1538
24988
16234
19481
13671
-1
16240
20831
27341
6235
14653
6793
3574
6235
20816
-1
27355
-1
12478
27355
16240
1538
16466
13844
758
21515
5471
13844
18575
18575
16466
-1
-1
16466
13844
-1
14844
18016
15484
24763
-1
18016
2923
15652
23747
20831
9171
1538
5511
1538
28369
27355
14798
28369
28369
18009
28462
3244
28462
-1
23659
5015
22630
15849
12641
28462
-1
25109
18149
26706
20369
18631
15849
23383
28462
17618
13075
-1
12641
18907
3244
3244
28462
25717
5709
-1
3810
22948
5709
-1
-1
648
4495
9546
4934
25717
27355
-1
3920
-1
-1
10424
3920
14784
14855
11853
14855
16240
-1
-1
-1
12026
27355
8782
20831
20843
28369
24988
1538
-1
2063
24988
-1
20831
26577
10562
15038
28911
11073
6470
15038
15038
14053
14310
11073
4663
15811
9735
11073
16255
5789
25071
9311
4172
16407
16317
20862
15476
29071
23541
-1
-1
9735
15038
11073
6761
15614
21532
8917
16079
17088
15614
-1
1660
10844
-1
-1
12601
10844
12676
12676
-1
15020
420
1922
1685
2927
13470
5512
17987
3650
2434
21456
-1
20097
20097
-1
15038
20097
8260
-1
-1
18020
10827
25798
16470
4688
13273
24016
20887
19392
14222
4688
16470
4688
24121
-1
17496
-1
11633
26555
20857
24831
28002
26492
16470
4688
24081
5080
14665
21409
5941
21409
26774
26774
20165
1304
18821
18593
18593
-1
-1
-1
4018
20165
-1
17568
17568
18882
13130
6545
-1
20072
6545
7934
13130
6214
8068
13130
13130
14665
1810
23103
12447
12092
26472
24585
5219
5219
17376
2346
2421
4294
23103
-1
4435
28221
-1
26124
28298
21696
-1
1541
2652
15144
14926
4435
4435
4174
19102
24785
24785
12988
14379
24785
5990
-1
-1
10211
-1
-1
1495
-1
9253
1076
1848
17350
9403
14312
3087
14596
16965
16965
-1
25931
12590
25014
1848
1521
797
797
18934
16823
22443
4252
18122
24488
24488
7407
6948
6948
1521
15942
859
14615
-1
28826
-1
9143
16485
28021
23112
14992
343
9510
2029
196
26281
26281
953
26290
13858
2430
8490
17112
26825
-1
8557
13740
17986
953
6050
-1
22455
22371
-1
-1
14308
22455
-1
11988
11988
15514
14308
-1
257
11652
9795
1936
28678
24165
12620
-1
28065
-1
9880
-1
1615
25359
257
-1
28310
28669
14334
-1
28310
8940
223
1293
825
28310
24104
24104
7819
7819
8940
-1
4112
-1
-1
-1
9564
29691
-1
-1
29774
17632
9256
19543
-1
19543
257
6553
-1
4546
12868
6591
6686
18293
25745
22158
-1
9916
4546
911
20101
12788
10032
23272
11619
20538
1976
9582
14033
-1
29567
12788
11370
24224
10041
-1
19082
26474
10041
29633
465
29946
9851
24073
18643
9851
11693
24607
10041
24607
19559
23826
26189
13300
-1
1298
28037
5957
5957
-1
24834
5957
10396
23042
23042
8696
3625
20923
-1
26216
3625
2916
-1
21414
773
4440
28842
-1
20923
-1
-1
-1
22716
7958
19937
6432
14088
18361
20937
19881
19937
-1
-1
-1
19881
3446
17344
28677
11770
-1
9998
-1
-1
11313
25160
11566
-1
3446
11566
2620
8455
12548
3311
11671
-1
5433
17009
-1
2620
3311
29532
-1
6771
3452
-1
2620
2620
8455
-1
-1
10507
20589
25979
7000
16752
25680
-1
28613
8002
11860
11671
26251
6771
2620
12417
3311
12548
2620
8455
2620
9456
9456
5936
9456
5936
-1
20464
10080
-1
-1
23031
-1
9386
17151
15188
29663
23012
-1
9456
4778
29663
22911
4778
27613
27613
14260
21130
23590
4066
11402
10472
-1
27613
12416
12622
10148
6688
12967
3311
21124
14335
9398
27465
11671
8455
12548
-1
12548
6771
12548
-1
8455
11671
-1
11514
8455
-1
-1
13063
23311
27401
20845
15845
23311
23311
4580
384
29546
-1
22330
-1
9380
26973
27780
-1
12147
12022
23311
-1
-1
27056
24995
27222
24021
6972
27222
27056
-1
17996
5135
13549
24391
17617
5135
-1
15424
26166
-1
25957
13916
16251
-1
3139
-1
25385
12147
4327
-1
-1
19488
14139
25628
-1
27190
-1
12846
4327
22144
18886
2660
18642
2660
19161
5983
29124
14139
14139
19488
2038
4327
-1
19164
19164
-1
15378
24464
-1
-1
13294
29987
25419
24464
-1
3296
24723
13359
26920
-1
24723
-1
19265
-1
8455
22499
-1
16620
-1
-1
27701
3107
11671
23579
20828
-1
11535
20505
20505
3179
-1
5216
8169
-1
-1
12548
2620
28544
5481
17906
15187
12994
15214
11553
5415
19817
8886
12994
-1
27164
26572
1001
15498
8183
13115
-1
13115
6333
27164
11553
9718
22737
12317
-1
4104
21831
29599
-1
24687
-1
21831
-1
21831
13805
9718
-1
24982
6604
-1
11710
24982
4255
-1
-1
267
9094
15214
27164
9718
21368
27164
21368
5759
15722
9572
29123
21737
21737
-1
22852
5413
22957
9572
9399
16076
9399
2972
7813
-1
6332
4467
-1
9572
14779
15722
266
-1
266
4644
20153
-1
19406
20834
27304
27304
8801
28348
-1
22184
-1
3880
22107
9718
2133
7004
25191
5781
12256
6420
21368
11955
11553
23275
1764
21368
316
8313
-1
16805
8760
3573
17230
-1
3573
3573
-1
2093
2096
26970
17230
2315
-1
5872
5872
-1
8366
-1
13341
3573
-1
3573
23887
23887
3482
3482
6606
10189
10189
3482
-1
1369
-1
17724
17724
19034
-1
20375
26229
14970
24266
13930
15713
13541
12787
16914
16914
18559
18559
9347
9347
-1
-1
-1
-1
-1
5574
4630
20236
16756
4630
23922
-1
10720
29209
-1
10720
16756
7320
423
17713
18880
423
26925
-1
7211
28245
5574
25050
25050
25050
18040
-1
927
927
29640
-1
22830
22830
14297
-1
11841
9395
4012
27655
20043
11007
20043
-1
3277
-1
8455
12373
10839
13262
14723
9625
18327
-1
5253
23611
325
827
-1
19487
23144
-1
29891
-1
-1
-1
16155
9125
-1
19031
2289
5820
1798
-1
-1
23086
15576
23878
16081
19339
-1
10908
12310
7256
12310
-1
26870
426
13281
6707
21963
24612
6771
-1
27803
27803
25299
25299
23178
28224
-1
28224
11671
20175
12558
16787
12558
2527
23860
16379
16379
15706
27971
22172
6330
-1
16379
22172
28596
15911
6884
-1
17578
7081
3489
6934
18314
-1
13360
19492
19315
23039
7734
19866
-1
28861
27070
16727
22907
23039
16379
-1
18494
22628
25209
11956
9747
21704
21704
-1
-1
-1
13360
-1
13974
20960
16810
7445
-1
11135
7189
21624
20813
22488
20813
11448
24497
11135
13373
5019
7216
2818
4980
8038
8038
29182
-1
22526
11135
11135
6440
20678
4700
20678
23224
22554
7055
25092
12257
16427
-1
-1
4731
7809
6230
9316
11696
9091
9091
13192
-1
-1
4846
29135
2640
22172
14255
20960
12053
20960
24747
-1
2271
29328
13360
-1
13360
-1
13360
22172
22172
14418
-1
11675
14741
-1
11964
8257
20854
14979
25292
28782
22706
-1
25383
4972
8804
23286
-1
13784
17683
482
28782
14418
14418
-1
14412
804
19381
12464
824
14412
-1
3307
12949
-1
1727
824
824
-1
-1
-1
9409
9409
15220
-1
9290
10529
20445
-1
26712
25292
-1
25292
22706
24145
-1
11675
29888
17544
11675
26191
7265
-1
-1
5197
10305
20930
20930
20930
11562
29784
28412
29778
-1
6843
21768
-1
29778
24981
-1
-1
13944
17613
7265
29784
17613
10305
26191
13360
-1
-1
-1
23119
4836
6705
17960
15117
15117
19996
4268
4836
15261
27967
110
21603
13102
12852
16828
110
26710
-1
11123
-1
20882
-1
20518
23888
-1
12066
10972
10972
-1
7244
-1
22172
20960
-1
25298
23995
9108
7445
3501
29171
24075
22172
25393
13583
20960
22920
9750
-1
16794
-1
28641
-1
12982
17284
7776
11452
4567
-1
-1
26914
3515
25403
6829
16518
20966
10307
1595
18485
5283
8522
1554
28890
28890
12982
25403
13229
-1
-1
8613
16848
16723
29980
-1
29980
6900
8613
1078
-1
9212
10479
8154
1499
8645
-1
23693
28890
27904
8667
25403
27065
25403
23628
25403
17475
3963
10182
11829
-1
16437
26300
12754
1326
26300
21084
10182
26300
11829
17616
385
-1
17616
21628
24459
13694
3203
7601
1204
9076
11112
16052
3492
24833
-1
24955
3783
26781
16131
24716
24833
10422
-1
3783
6829
29717
19590
7807
7807
1517
-1
9586
13513
21115
9586
-1
3963
22331
-1
19839
25403
28890
25403
3963
6829
28890
28903
-1
7983
6829
3299
5290
19336
-1
19336
-1
7375
7375
16328
6922
13556
-1
23388
13917
13917
-1
-1
24369
27712
1928
24369
13917
-1
17654
18877
19336
23388
23388
23388
23989
6987
20855
-1
27750
16336
15673
-1
-1
333
-1
-1
-1
-1
26240
6433
6433
13289
22432
16646
5295
1483
23608
16185
-1
16761
23388
23388
13917
20655
23388
13917
13917
19336
-1
-1
17898
29509
-1
18132
-1
18102
27007
2594
17898
15327
625
7192
23898
5615
7326
21431
15327
18132
-1
6200
1802
26209
7038
-1
13312
22958
2620
-1
9101
25972
8758
17934
-1
15582
7572
21283
6555
-1
-1
-1
2634
506
17846
18795
8834
28467
22955
-1
6672
7162
18795
19483
9838
11800
25381
26522
25381
-1
-1
6771
25513
4752
18819
10214
12037
27693
3311
20296
22004
20296
-1
7253
7802
29995
25590
25861
4720
576
-1
-1
27604
26943
23848
-1
14374
-1
26943
14374
29404
27313
-1
16930
-1
-1
3286
27074
24566
20429
20606
3286
12548
-1
28856
24388
461
13936
12439
28856
13321
15165
28025
22814
13394
8069
28025
1253
-1
28210
19281
28210
25019
16574
8210
12548
27288
18790
23109
-1
-1
8713
10176
29879
9571
18743
9571
-1
19486
24533
17795
29879
15187
-1
2600
17754
12269
20809
17754
166
19498
-1
21229
-1
-1
9024
18529
-1
15360
7747
4366
18529
15360
16996
21136
17072
19374
17341
21136
19539
-1
26729
19539
2019
1488
-1
1029
19539
-1
-1
-1
28827
11116
174
-1
16205
-1
21179
6489
20385
19150
14788
15048
18572
17471
455
28666
796
18572
24933
17471
26975
23836
13785
18116
23836
-1
-1
9138
2949
24959
17471
17471
-1
25272
-1
1791
3695
29483
17283
12382
19837
28888
28888
26808
5304
-1
3380
20956
-1
-1
4522
23252
13488
-1
9138
7454
18572
25408
28394
25408
24959
4994
19234
4994
28896
-1
-1
4175
19234
15901
15901
27953
27953
21180
24556
19234
6727
20478
4994
15901
29789
4321
15901
29789
-1
17722
19512
14266
18360
11977
1746
11977
15373
17722
25406
29416
10902
10966
5553
-1
16030
29466
6069
-1
6244
-1
7454
17471
24959
13722
18572
3377
9138
-1
17471
25408
18572
8253
9138
-1
8173
15054
19397
2946
11458
22812
22884
22884
21821
15054
-1
1602
18780
-1
1602
-1
26800
18515
-1
22812
21821
29799
29799
22884
19791
6099
-1
12140
6099
-1
146
146
10851
10851
-1
15463
5211
22932
22932
14274
22932
-1
-1
8133
-1
-1
-1
372
2051
7614
18515
12748
21821
29799
-1
9421
-1
17471
20486
2963
-1
21466
25137
8179
12164
9808
11570
26496
21466
28028
10296
18021
-1
-1
11099
18021
20486
3853
-1
8360
22683
21466
20122
24733
20122
19959
9383
15603
-1
-1
-1
9903
19959
-1
12125
79
11985
9903
22391
24231
-1
-1
22684
20403
3633
16634
-1
20403
21295
9367
2326
10452
10452
26975
3788
17471
-1
17129
-1
25408
-1
12299
7454
14210
18661
16766
24959
7884
-1
11923
11923
-1
21526
21526
-1
298
-1
-1
15978
26322
21760
-1
12202
-1
4389
8242
4389
-1
-1
4389
2718
2718
8242
29139
12814
16719
25062
21210
25933
-1
17839
-1
-1
5521
25475
7201
20728
4389
21797
13477
485
5677
485
485
-1
18760
4706
5554
6185
22145
485
485
-1
10401
23489
20107
22579
3129
17667
23524
27491
18492
8242
18777
14491
5521
29139
-1
20728
18451
20508
19036
7228
6835
6835
20508
-1
29845
6835
6835
28855
15058
-1
15058
-1
8664
15058
-1
20440
7228
13509
5007
20508
-1
1739
5521
7755
7161
-1
23181
28447
-1
-1
-1
-1
22367
23181
-1
25735
5075
5075
-1
16632
12
565
12
565
29139
3226
13236
29255
17293
20728
20728
-1
5091
12609
28454
1415
644
-1
-1
17791
-1
8979
-1
18896
-1
25889
14324
18896
15370
19199
-1
18896
10557
11851
14531
29072
29072
16952
11163
21188
10925
15633
12801
15633
25889
15633
25889
2047
19758
15353
19758
19758
25293
25293
17170
12069
1071
28168
27636
-1
16722
620
8008
1829
365
8975
16216
21509
22093
25855
15633
29342
-1
-1
2555
10067
5575
18896
25889
-1
5671
4959
19071
19418
2881
4959
4691
12324
-1
28227
19225
-1
4959
-1
19520
-1
29180
2161
-1
23486
2161
-1
12703
19225
7524
-1
1927
-1
19071
21988
-1
21988
17599
6370
-1
12543
15207
-1
11070
-1
6370
4657
874
6370
-1
19121
29740
-1
-1
16757
29748
15497
25695
23019
21107
10572
3199
13761
9953
29616
24959
20255
20255
27832
-1
-1
7677
-1
14462
-1
15382
7454
18041
14473
-1
-1
4805
12903
5119
20293
20293
20293
20293
14361
25676
-1
23372
25676
6801
-1
6801
27443
10063
16939
4503
23518
-1
4950
4950
25408
28342
9138
-1
-1
9138
21410
16657
15395
25208
16097
3816
1696
10718
1696
-1
18438
-1
10911
7380
8278
898
11524
8278
8278
820
27684
26899
-1
21233
2104
25576
2104
25576
-1
27030
2104
26989
26989
296
4548
2104
4548
-1
18676
9220
24722
27399
14385
14385
2104
-1
21813
4548
4548
8239
-1
-1
2750
18890
14658
2750
9244
3475
-1
-1
20261
12777
14598
2750
28053
25930
14331
8903
9619
15788
-1
4157
21971
13771
10954
-1
4548
4548
4548
14191
25576
16050
2925
25921
24985
25921
25921
19564
18710
-1
-1
25921
24985
29245
25472
13074
8883
19930
12528
1751
24322
22386
-1
26351
24985
25921
25921
25921
16050
-1
22190
-1
12938
16370
3313
1539
7861
9111
19414
8193
4548
-1
29613
23698
29639
126
-1
-1
14191
17108
-1
20306
15202
13988
-1
20997
16993
-1
25576
-1
-1
-1
20932
16050
5646
4548
4548
5610
17678
-1
7731
21557
10209
8578
12660
17678
16191
25117
10209
7731
-1
17310
29440
11351
-1
13180
13724
13724
-1
-1
7731
1160
29992
10209
29992
17678
16364
19509
19939
28406
20019
19939
19939
19509
4857
13864
24473
-1
11035
19509
-1
22052
20361
-1
23018
4619
17242
18380
2057
11704
17242
-1
29992
23704
10209
29992
17678
10209
1894
29992
17956
17956
3948
25148
6305
3664
3083
1765
26315
27772
20859
7356
1717
21516
-1
19639
19639
20994
12406
19639
26312
-1
15691
15691
20691
4806
10803
3664
17992
6305
-1
3664
4548
5524
12277
9844
12277
12277
-1
6295
14515
410
410
9801
12277
12277
14486
19279
29190
-1
-1
20561
17777
-1
-1
17777
-1
26541
27507
-1
-1
2104
-1
-1
23298
-1
9816
2104
-1
2104
-1
15068
-1
-1
7541
4876
2009
27510
7496
-1
17307
-1
18181
-1
-1
16050
18382
-1
5466
2095
-1
-1
-1
16744
27507
-1
-1
14667
2492
24182
6400
25040
7962
22648
-1
11628
-1
6400
14714
24225
8905
-1
-1
18868
6400
-1
-1
6108
26835
25040
6400
6400
25040
816
22648
-1
-1
29181
960
3564
23036
29181
9945
-1
-1
17491
23036
5776
3564
29181
14667
990
6441
19513
19513
-1
11880
-1
19808
-1
11571
828
828
27384
14667
14667
27384
11628
-1
2730
14667
9473
-1
-1
9473
24633
4611
-1
-1
2571
5918
21041
26894
20447
128
8649
1143
8077
-1
128
27791
27791
-1
15294
9382
15294
9473
-1
9473
24633
26894
20447
29764
-1
-1
23327
12649
19160
23327
10791
-1
8031
28995
1768
20578
24912
24973
-1
10791
29764
-1
10624
8061
631
-1
21450
631
-1
8793
29290
29290
3539
8339
23729
25040
-1
-1
-1
14667
7147
19845
14667
-1
3440
3440
27723
27723
2951
25040
29261
-1
6731
1023
13628
17939
-1
-1
-1
3758
3758
-1
14286
1023
28280
26331
26331
26331
-1
3395
7305
17873
17873
-1
-1
11379
6731
28280
17049
-1
22232
23534
15839
1632
1632
15839
23753
9053
22634
18303
19594
22444
12046
15412
-1
13837
25060
-1
2883
-1
19387
16397
4259
-1
1311
1311
13628
6960
1692
8190
10149
12508
-1
1023
-1
17049
17049
4811
17049
20154
1023
1023
6233
6233
14768
-1
-1
3708
21634
-1
6233
8719
12239
5490
3708
7641
28733
1130
7641
21406
1213
16193
28922
21359
27853
-1
11038
6233
3708
11038
-1
12239
-1
-1
-1
24643
21976
6759
8652
-1
23621
24944
-1
27166
8652
6262
25521
897
-1
13797
-1
29936
29625
897
24411
23741
23239
6087
5518
6191
20426
6215
6233
6233
-1
-1
11038
3708
6233
843
27901
28531
7318
6708
-1
10657
20699
28531
539
24715
2149
-1
-1
-1
16522
7318
10657
1104
1321
1104
18256
1104
1104
9912
743
25347
20773
25347
13216
20699
23260
20699
16522
20699
17717
-1
20818
20818
-1
-1
26220
15954
22035
18552
20633
18427
24598
20818
-1
6494
6925
26570
-1
29061
-1
-1
25754
-1
21049
-1
16294
-1
10657
10657
10657
7512
-1
16522
-1
10657
-1
16522
-1
8964
27136
-1
27136
1254
-1
26148
12855
-1
6726
27136
-1
27324
16292
-1
-1
16292
16292
9037
26703
19763
-1
6726
27136
-1
27136
8964
27424
28271
21630
-1
29726
9748
29398
-1
20568
24544
21826
29788
21630
21826
18850
26843
-1
19546
5165
17694
26219
-1
19546
21847
21140
21140
-1
27136
19995
26619
8964
29925
23856
26955
6726
21673
13146
9728
6726
11369
26006
-1
11369
11567
-1
2584
26006
25463
11567
19037
11817
27444
10681
3361
11601
4867
-1
12331
19522
1659
14411
26006
11369
26690
26006
26690
11567
-1
22943
22943
26038
25497
23984
6930
23653
504
11551
22943
6930
6930
24314
8734
20357
24314
18899
8734
24728
2811
20294
15725
21761
-1
5878
11369
27109
-1
24728
24032
26006
-1
3333
14345
8638
21570
-1
12091
8638
-1
12354
10858
10020
16893
10858
-1
-1
10858
15728
21570
-1
-1
25195
5724
28585
9196
10858
29698
-1
8505
-1
15728
7536
15728
8638
10449
18788
391
20847
9788
-1
10449
5239
29866
16580
11242
20891
18788
18788
-1
18968
14024
-1
-1
22364
14524
25424
18968
13799
15843
19240
10858
26705
22116
18585
9802
-1
6499
5778
21570
12354
-1
10858
12354
-1
19701
13976
19701
28628
1163
28068
-1
8970
8970
3228
13976
23954
5186
29335
5186
-1
5186
29335
-1
-1
19258
23954
-1
28628
28628
15631
27378
-1
27378
21226
-1
11970
1115
1115
27378
6189
8999
11970
11970
2465
28628
3026
-1
-1
13516
7428
7428
12448
12448
13204
13204
21355
9739
23954
19701
-1
-1
28628
9964
19701
13976
23954
21886
21886
27828
-1
28293
-1
28767
18915
3233
4652
21942
27828
-1
-1
-1
12008
24113
23535
8432
17474
9779
4170
2144
6614
-1
-1
27828
-1
309
27828
27828
309
309
15252
12285
22159
27777
-1
25193
25193
25193
1098
1098
19834
6888
6888
19285
17131
10116
17131
-1
4676
21683
19285
-1
17907
24474
-1
24587
3982
23258
-1
26161
-1
23258
-1
8545
11275
26446
11275
-1
-1
-1
20629
11275
17569
16589
15867
26316
-1
-1
16561
12264
-1
-1
6610
-1
25981
27113
23313
11596
10899
28853
23313
11275
23313
11275
28320
13612
-1
16812
19552
11011
26685
13612
-1
-1
14552
-1
6004
14701
22808
26685
11275
29610
3808
15699
7408
15699
17890
23313
27509
-1
-1
-1
11466
9867
9867
23313
11275
23313
9867
11275
12403
-1
-1
15604
27867
15604
20694
1452
16554
1452
-1
13397
12451
1914
21262
12504
-1
25614
26571
2066
4048
4048
27867
6442
-1
17916
17916
-1
19584
1914
-1
4981
23589
-1
1895
3891
9438
-1
10485
29179
2994
29179
29260
4578
11555
1895
-1
1895
9023
14229
4603
3121
23773
5949
3121
6477
5723
3887
28914
24750
23662
21262
-1
-1
-1
13850
1914
13224
27867
15821
17127
-1
1914
8785
25597
11184
-1
-1
8785
2244
14887
25557
8462
4310
11184
25597
10499
5826
7460
-1
13792
-1
4798
24234
22263
-1
15487
-1
11184
9333
11184
-1
-1
-1
24706
-1
18726
6656
2186
-1
12131
17841
7169
6656
2186
2186
-1
-1
1589
8125
-1
1589
18325
4378
20900
-1
236
23345
-1
1561
26976
6012
5023
3520
8462
-1
21754
8462
25597
22710
8785
22362
-1
27473
2920
2920
-1
20229
24971
13125
18088
2920
26299
3004
8180
5938
5938
528
10011
26299
-1
10060
21417
20463
-1
8587
9516
3796
3796
-1
16411
-1
23497
27621
-1
17172
-1
27621
20108
25239
3092
2945
9659
5753
5753
19077
8272
8272
-1
-1
-1
238
8272
8272
-1
27076
-1
-1
10436
3796
18320
3796
11594
3796
-1
26299
2920
4471
18320
8875
335
22233
24851
15934
12959
25135
16598
15232
15934
335
12959
21778
14938
1612
27006
7069
1612
10872
25841
12120
22540
-1
11972
-1
21680
-1
20577
8050
28958
26437
28958
6544
6903
18814
48
7399
7399
18814
6903
-1
24764
15154
2336
2336
26669
11340
4078
15934
489
8477
10312
10312
26898
17510
17510
12959
12171
22734
12171
335
1931
19913
335
-1
5044
10166
-1
5044
21864
29050
17590
9819
-1
20920
-1
5722
-1
20206
3017
28387
3017
14353
20206
19269
7631
5958
-1
24209
2552
22670
20920
26756
29004
21362
9745
3060
18273
18763
10947
4739
29358
13954
13954
22878
16383
-1
13885
1513
13348
11081
-1
17842
9172
29661
16936
26807
16936
-1
-1
1812
5044
10166
10166
5044
10166
23375
10166
13647
11494
-1
27928
7526
28713
-1
1080
-1
23029
-1
25916
14899
11494
28713
22357
20908
9991
18699
5594
22357
14899
1703
1703
10532
28713
27928
14666
25916
14666
14666
11494
12564
17513
17513
28944
348
4390
26337
1492
17622
4390
4390
13751
12564
7526
13021
10141
19597
13021
2433
28092
2918
18848
1567
-1
18848
-1
-1
11494
6304
15211
16381
-1
11494
28713
-1
18667
-1
-1
21860
-1
18667
26105
-1
20210
-1
-1
3903
10062
18667
26105
24251
5385
23610
9892
21008
5385
22303
22279
-1
8370
19409
21860
11356
-1
21860
18667
9254
26854
9254
25661
26854
20308
21391
4169
9254
-1
9254
25661
