-1
2459
13047
11850
10756
-1
2987
22481
3015
490
-1
15313
-1
-1
17725
27067
28739
29701
27286
15064
-1
-1
9363
-1
18071
10248
26204
5096
5577
11824
8466
2665
24235
23697
16168
24511
10158
24936
2186
19077
735
14728
24268
-1
12693
21032
4934
4446
-1
11659
21524
6740
6988
16081
17190
15590
8135
445
10115
6623
14091
11846
-1
11207
-1
14600
24193
26845
5155
1692
8545
8702
-1
21850
11217
26568
-1
20901
-1
13876
2313
6675
26321
10354
-1
11111
22225
2722
25483
-1
11559
-1
15743
29729
17754
15068
508
-1
9991
23538
6608
18117
14421
10849
27214
13583
-1
12503
23831
29386
24533
12243
-1
21309
11386
18093
16828
-1
-1
6828
13143
18861
9290
-1
17621
-1
5441
19685
14688
-1
25537
14922
-1
-1
26123
19335
14141
28677
21319
-1
121
-1
28270
24300
21641
8582
57
29487
7710
18100
23949
1967
20169
29826
22782
9900
21451
4835
-1
-1
2659
1047
4267
18201
21772
10698
28472
5417
25650
3218
-1
3037
2810
11897
9266
-1
18529
13239
584
-1
656
-1
-1
6675
18293
13265
6465
1563
29173
16340
26427
22568
15493
711
10981
-1
8589
4397
-1
-1
11081
2022
23714
17924
19200
-1
20029
2609
-1
18684
22358
-1
5120
59
-1
7284
23148
29034
1693
6834
3589
-1
-1
17821
8703
15117
26921
10389
18170
6500
26817
16432
15511
18880
20659
-1
18452
-1
768
23064
11582
29804
18254
20601
12690
9372
25836
13050
28227
-1
6068
29025
18253
15709
5159
-1
11473
-1
-1
22337
29176
-1
23186
19293
5407
-1
3408
26871
4318
10728
-1
4515
20862
29637
3838
14067
12943
18221
25729
3186
21003
-1
4573
-1
26360
19693
-1
24540
7160
17263
20833
13305
13874
2022
-1
11289
-1
11043
-1
23698
16047
25926
25986
20287
20564
29144
6085
-1
1718
17413
17228
6130
-1
12819
19581
28675
28378
1101
-1
8037
8037
26097
14678
14287
14531
28746
17396
-1
10365
2012
22331
-1
23886
-1
14618
8111
-1
17507
-1
21854
24247
29299
3596
-1
58
22726
7213
11232
26430
13830
27335
1106
1211
5612
16586
26811
23741
9056
818
-1
10139
26617
-1
17426
18121
19525
2132
2426
2426
9216
4407
-1
13922
21139
10135
1179
7393
6553
24586
4913
8462
28806
5081
-1
18591
-1
14969
28299
28584
-1
-1
24244
12032
18351
1262
10089
29737
7789
55
21536
19749
13388
7322
2352
5743
25880
9281
4178
-1
28340
2037
22556
-1
22234
12475
-1
8471
21465
25561
-1
-1
17912
1205
29515
14005
8810
-1
9304
1579
5680
1906
-1
-1
15640
17820
25743
22404
17257
20483
13431
13205
444
300
14861
-1
-1
622
-1
8341
-1
16026
26020
-1
7327
22369
4321
13748
5097
25381
23084
-1
18527
14971
-1
2603
21026
2088
-1
23932
18702
11886
28372
9469
-1
2168
17506
-1
15515
-1
14572
5375
7180
2918
1501
4497
2088
7791
22369
1402
-1
1709
-1
27325
7602
25254
-1
20103
15120
21834
-1
22391
-1
17260
14817
29257
-1
20179
21191
-1
-1
2978
18538
15309
23352
20897
842
18619
28383
-1
23116
4787
23721
17068
26597
-1
7342
-1
2532
15752
27026
606
3899
12323
816
816
-1
17341
-1
-1
12374
-1
16653
-1
23653
12234
12374
9627
5261
24867
27705
-1
-1
570
21871
5799
26293
12716
21306
13577
-1
4875
17125
-1
8666
27426
3063
15335
11775
-1
-1
5299
-1
17108
-1
3782
11773
-1
9475
18989
3140
19899
7973
29254
13833
4440
14264
13181
5993
154
22879
-1
17280
8765
20807
3604
4488
-1
14610
7947
951
2531
5759
23681
13209
-1
16022
-1
8573
-1
-1
8573
-1
18548
-1
15406
-1
16251
3092
10345
10193
13477
13884
-1
1035
-1
27879
6719
15293
28727
-1
15507
26800
-1
15943
-1
-1
-1
14243
-1
-1
8535
3155
18999
23390
8563
26088
-1
10088
16695
4721
833
-1
4430
10482
-1
22998
-1
3899
20516
1148
27530
-1
-1
28897
18732
-1
26701
18297
13074
23550
24654
-1
-1
28003
11584
15955
-1
18176
9579
1778
1605
21220
5193
21959
898
-1
8631
22289
-1
19193
17711
-1
7718
700
2425
5890
2871
-1
10777
20885
17593
11483
10056
5469
-1
29375
-1
24163
25128
6165
-1
27607
15614
21726
13964
29106
20113
19940
28924
1048
-1
8029
16181
4877
25053
18387
20309
19246
20457
25053
8147
16337
-1
23700
-1
21015
16956
10035
23709
5787
27582
11126
9826
368
23979
4296
22625
6206
5753
28886
-1
10009
22414
2840
-1
24935
20629
10282
14203
4587
24830
13406
23944
14279
4678
-1
25065
10586
2715
12179
17671
1779
21973
26394
8303
13491
1686
10045
5682
5913
-1
7079
26933
-1
-1
-1
15484
18430
11249
12016
18188
-1
-1
18509
28598
11378
15291
10224
12886
20165
-1
7471
5451
24968
13399
18049
28513
-1
14871
22162
9692
1279
8539
18438
28878
-1
19157
2058
4902
10978
27043
4165
11543
23422
18659
6875
5466
10562
28387
19791
10381
24636
25194
4584
20165
25040
3493
22833
-1
17536
25412
21805
19012
6933
6559
-1
23420
28052
25784
20906
24896
12135
15662
23580
2436
21422
10134
-1
10359
-1
17936
4199
15362
-1
28709
26361
26318
9097
28871
-1
23736
25828
4768
-1
17432
26361
17432
13006
16857
15391
-1
-1
22298
9064
11131
28882
14518
-1
-1
9710
25975
-1
16469
11755
25392
9283
5470
20405
20700
14778
-1
16271
-1
25879
609
24095
-1
10429
18367
-1
29797
6109
10797
13478
20795
-1
-1
10866
2841
3085
6743
26930
-1
-1
-1
-1
-1
25620
13527
9113
11707
15356
15356
-1
15251
26160
20412
18250
-1
20311
18374
-1
16339
14582
-1
-1
-1
16339
-1
7019
26986
4833
19424
-1
12941
8249
-1
9541
5920
-1
3490
16651
2284
410
14967
-1
-1
15799
16191
15408
-1
3195
24141
690
2701
13247
16285
103
10197
20766
8492
860
22668
29270
20392
19971
5219
102
29320
13086
19563
1244
22764
2657
22989
7652
-1
23034
-1
7689
