The two houses farthest apart on Elm Street are
514 Elm Street and 1210 Elm Street
The two houses farthest apart on El Camino Real are
12 El Camino Real and 99999 El Camino Real
The two houses farthest apart on Broadway are
1 Broadway and 999999 Broadway
The two houses farthest apart on University Avenue are
414 University Avenue and 960 University Avenue
The two houses farthest apart on Copperas Cove are
1 Copperas Cove and 199 Copperas Cove
The two houses farthest apart on Great James Place are
2601 Great James Place and 755582 Great James Place
The two houses farthest apart on 9th Street are
22 9th Street and 415 9th Street
The two houses farthest apart on Tiny Blvd. are
1 Tiny Blvd. and 2 Tiny Blvd.
The two houses farthest apart on Great Big Honking Street are
1 Great Big Honking Street and 999999 Great Big Honking Street
The two houses farthest apart on Great Big Honking Avenue are
999997 Great Big Honking Avenue and 999998 Great Big Honking Avenue
