3296
3900
3786
2865
2672
4508
2864
2851
2715
2504
3883
3875
3274
2738
3545
1941
3684
2666
3811
2910
3137
4152
3471
1649
3389
2454
2636
2679
2692
2038
3003
3858
3014
3122
2759
2644
2803
2273
2891
2443
1998
3240
2891
2955
1736
2755
2540
2861
2940
2807
2916
3627
2401
3140
3376
2918
2251
3289
3180
3094
2885
3410
2867
3058
3337
3646
2206
2388
3322
3633
3759
3079
3219
3936
2002
2916
2514
2833
3240
2502
3067
3134
3336
2274
2719
2876
2367
3270
1982
2558
2861
2735
3354
2156
3151
2441
3004
2674
2609
2902
2409
3226
3142
2633
2665
2675
3402
3659
2775
3092
2707
2995
2934
3406
3038
2362
2876
2949
2452
3533
2844
3565
3554
2242
3165
3415
2914
3062
2573
2833
2480
2926
3546
2963
3482
2406
2530
3396
3002
2935
2239
2670
3256
2908
2472
2459
2836
3107
1868
2327
2847
3237
2939
3154
3027
4042
2760
2593
2467
2491
3351
2970
3143
2842
3045
2865
2175
3052
2929
3605
2827
2943
2944
2913
3644
2714
3497
2638
3474
2791
2799
2603
2505
2796
3529
3271
2567
2822
2410
3165
4311
2744
3225
3367
2381
2896
2618
3869
3899
3009
3273
2978
3280
3301
2910
2677
2652
3054
2752
4035
3313
3472
3355
2708
3364
2767
2434
2586
3390
3262
2907
3046
2442
2728
2845
2706
2863
2761
3014
2274
3663
3213
2318
2773
2880
3266
2394
2666
3425
2229
2790
2777
3637
2832
2585
2726
2830
3616
3225
2337
3103
3026
3712
3497
3693
3222
2160
3423
2445
3914
3590
3115
2967
2916
2404
2838
3154
3070
3134
3318
3202
2687
2610
3049
3531
2722
3290
3488
3116
3062
2804
2911
2100
2810
3584
3175
3851
2462
3273
2864
2845
3087
3091
3004
2408
3520
2561
3175
2981
3265
2284
2249
3227
3451
3690
3024
3328
3116
2720
2592
3057
2801
1964
2426
3119
2639
2920
2787
2279
1438
2775
3442
2891
2939
2320
3006
2282
1636
3523
2942
2698
3193
3183
4005
3089
4229
2695
2814
3674
2983
3061
3041
3895
1936
3941
4113
2721
2928
3165
2971
2383
2916
2595
2685
3493
3283
3449
3634
3307
1944
3855
2966
4193
2918
3270
3056
3530
2444
3705
3113
3600
3197
3626
2604
2252
3331
2680
3188
3232
3838
2966
2615
4020
3046
3355
2424
3343
2189
2317
2165
2631
3163
3503
2862
2184
3405
3063
2738
2759
2393
3099
2638
3776
3239
3396
1804
2282
2512
3717
2790
2941
3068
2632
2146
2637
2235
3209
1376
3074
3223
3273
3780
2173
1889
2363
3142
3108
2410
2776
2568
3203
2555
2301
2591
3384
3803
3681
3090
2069
3084
3015
2773
4058
3669
1875
3273
3685
3168
3676
3004
1736
2246
3524
2168
3048
2557
3177
3810
2702
3790
3448
2979
3026
2069
2654
3254
3532
3499
3011
2824
3233
2980
2267
2898
2799
2290
3139
2130
3025
3461
2447
3977
3606
3152
2834
2984
3355
2773
2994
2650
2636
2903
3575
2741
2355
3390
3662
2670
3146
2844
3496
4017
3221
3291
3549
3275
2707
3074
3336
3268
2427
4005
2401
3369
3035
2797
2575
3217
2777
2871
2023
3319
2954
2675
2104
2948
2922
3106
3786
2800
3181
3574
3026
3707
3793
2149
3274
2145
3348
3074
2505
3147
2950
3338
3203
2986
2972
3049
2528
2895
3331
3193
3548
3194
2308
3496
3510
2788
2803
3762
3765
3513
3355
2873
3573
2299
3220
2801
2923
3366
3127
2713
2470
2893
2639
2954
2665
3807
3145
3260
3746
3274
3485
2769
2753
3042
3178
3442
3075
2786
2732
3449
3008
2683
2999
3474
3945
3511
2322
3740
3084
3526
3327
3033
2431
2853
2684
3230
2099
3153
2695
2665
3603
3537
3181
3006
3623
3329
3292
3488
3190
3354
2983
4040
1849
2909
4474
3246
2442
2581
2743
3588
3260
2912
3090
3201
2540
3495
2782
3826
3250
2599
3609
2939
2057
3142
2977
2831
3311
2473
3077
3792
1838
3895
2794
3865
2890
2695
3128
3308
3467
2636
3480
3297
2921
2557
2672
3541
3282
2281
3417
3386
2865
3259
2902
3776
1299
3558
3164
3280
2587
2702
3952
3071
2852
2544
3370
1834
2719
3380
2511
4080
3079
2391
2444
3430
2969
3442
3364
2794
2819
2644
2429
2864
3047
2931
3246
4027
3172
3174
3498
3231
2400
2543
3876
2191
2737
3562
3343
1935
3458
2813
1859
4789
3552
3310
3278
3026
4403
3340
2597
2816
2532
4190
3028
3115
3080
2496
2956
2747
2968
3031
3581
2807
3226
3299
4052
3017
2959
3050
2920
2598
3577
3985
2762
2455
3055
2812
3483
3457
3376
3140
3272
2559
3299
3458
2336
3541
3369
3212
3144
2900
3118
3421
2392
2246
2695
3075
3152
2558
3414
1637
3004
2783
2455
4004
2242
2870
2681
3550
3851
3033
3082
3412
3211
2921
3018
3390
3357
1958
2311
2580
3181
3338
3577
3440
2796
2852
3464
3165
2599
3606
2719
3480
2715
3213
3415
3064
2562
3460
3078
1627
3179
2493
3869
3367
3133
3438
1972
2942
3132
2069
3195
4402
2783
3274
2691
2697
3009
2937
2916
2458
3472
4019
2925
2949
2564
3384
3257
3145
3159
2756
3466
3507
3337
3002
2994
3432
2891
3071
2507
3705
4159
2927
3330
2814
2937
2985
3036
3023
3031
3664
2700
3358
2838
2868
2979
2753
3406
3333
2495
1519
3500
2776
3261
3420
3133
2852
3386
2520
2243
3617
3509
2559
2567
2208
2403
2848
3324
2618
2144
3610
3297
3104
3170
4027
3412
3580
2539
4007
2683
3372
3078
3210
3289
2394
3021
2597
2915
2371
3607
3163
2801
2744
2616
2883
3803
3367
3122
2438
2893
2708
2569
3072
3435
3019
3381
1427
2867
3323
1631
3001
2831
3090
3234
2865
2276
3551
2351
2770
3470
3053
4389
3508
2658
2584
2562
2843
2685
2910
3219
3248
3415
3242
3644
3342
3029
2883
2786
3172
2207
4332
2246
1829
3563
2180
3105
3704
2255
3757
2859
3132
3664
3242
3209
1427
3095
2769
3953
4687
3859
2640
2098
2388
2892
2403
3270
3103
3011
2623
