56886
46666
61803
51664
86693
50780
67422
96652
77710
60039
109362
48400
70100
129987
49111
84967
107037
116144
144070
42529
58873
83607
98563
76499
66121
86888
42970
51187
66544
65381
45549
36307
75787
83364
51704
123106
69939
42971
114646
55540
97114
51338
41720
107371
55689
84101
82664
77592
66304
92103
49948
55435
102181
54411
52835
47212
93060
37525
58370
44010
72904
67608
81690
78885
35338
55884
54463
61245
54017
78545
50624
103062
27107
129252
48587
112294
52452
105380
52288
57119
51845
97965
57645
99215
82494
62237
51560
39524
87888
108612
107692
48845
98322
94905
97177
52085
83950
86574
67670
104726
66499
71765
56090
49761
60716
83741
45305
75920
111468
106161
95454
63724
67026
100311
29146
53054
53697
56632
92670
34229
40944
44715
45833
61775
69110
64067
70477
84298
84147
92783
101419
64558
69541
54404
106101
41847
52752
63879
62238
121971
44375
93804
56949
106484
56556
51855
45128
61799
44228
51540
60238
91564
81932
79901
60489
91567
88794
155162
44622
48240
46028
55907
58146
43153
87592
49964
51425
60548
69372
48349
92156
56797
66722
114112
53364
46410
74134
92427
106843
23150
59473
96832
56294
59398
45255
119327
74180
145401
44923
39743
39818
42318
50682
56665
103199
104147
100147
89238
86820
76346
85520
72291
55864
92667
16039
97273
104761
157410
56931
106945
128355
72819
18213
54664
132903
74190
105414
40350
112441
107411
66281
59825
62324
67678
65706
68279
87517
95267
108230
95615
87222
46055
55701
67950
118756
65722
89151
27902
46666
34421
39833
78820
52315
64960
41988
54805
74807
49444
39260
56563
56950
57506
77908
42316
40722
70878
50995
78979
100994
83611
30817
83751
41195
41216
74602
87845
41616
59594
82105
66927
110826
61358
105012
74737
151253
105232
60365
62657
60720
39506
60627
107061
40941
62248
85740
75823
104299
52616
138986
51965
37948
25714
87498
57717
60022
90989
112310
59158
72939
37548
73580
53696
92963
72456
97690
53323
67231
64890
26458
97081
28550
75924
29147
57928
74438
38570
101230
79251
39763
91474
54948
51614
63402
66578
41758
70036
109691
105251
48423
61501
45448
55776
86925
59458
5278
54705
55426
71405
125531
26508
36736
48816
93334
52255
77392
67526
36103
63024
56529
73070
101717
60489
65711
49977
51647
93075
50904
20663
62416
40911
58381
38032
108546
37277
47217
49467
32577
54348
98797
65018
47860
52081
60756
66871
65115
57493
59078
61532
59627
142372
110582
61965
113232
61222
85016
96967
52525
91518
68534
66619
50072
57189
19660
29101
75061
73638
82351
128507
120161
81483
98938
62045
75910
58043
59112
76256
33772
64279
74256
101623
110485
54254
50553
74541
65539
113007
33592
55315
57525
60572
56081
26058
52693
34741
62030
42435
87235
50486
66895
48734
61313
43305
42345
61112
99972
132672
64722
87834
59304
86451
137132
55666
63492
41232
53347
96760
67651
88636
132513
90766
54573
102148
29656
86051
41882
106418
67225
81491
130783
57410
80642
50920
68018
66519
81467
69515
60495
110111
103660
62634
80271
102193
115401
97616
42216
64446
41141
46935
66799
71148
52901
73685
22650
72576
59799
55761
88572
82525
50943
53633
47169
58758
63503
56835
93159
101656
67578
46059
47660
40200
