Data Set 1
Day 1 0, Day 2 0, Day 3 4, Day 4 4, Day 5 4
Data Set 2
Day 1 0, Day 2 0, Day 3 4, Day 4 8, Day 5 11, Day 6 13
Data Set 3
Day 1 0, Day 2 0, Day 3 4, Day 4 6, Day 5 9, Day 6 11, Day 7 16, Day 8 20, Day 9 23, Day 10 26
Data Set 4
Day 1 0, Day 2 0, Day 3 0, Day 4 0, Day 5 1, Day 6 1
Data Set 5
Day 1 0, Day 2 0, Day 3 5, Day 4 5, Day 5 5, Day 6 9, Day 7 14, Day 8 14, Day 9 14, Day 10 14
Data Set 6
Day 1 0, Day 2 0, Day 3 0, Day 4 1, Day 5 2, Day 6 3, Day 7 3, Day 8 3
Data Set 7
Day 1 0, Day 2 0, Day 3 0, Day 4 6, Day 5 7, Day 6 8, Day 7 17, Day 8 17, Day 9 17, Day 10 17
Data Set 8
Day 1 0, Day 2 0, Day 3 0, Day 4 0, Day 5 0, Day 6 0
Data Set 9
Day 1 0, Day 2 0, Day 3 7, Day 4 14, Day 5 22
Data Set 10
Day 1 0, Day 2 0, Day 3 12, Day 4 12, Day 5 12, Day 6 12, Day 7 12, Day 8 12
Data Set 11
Day 1 0, Day 2 0, Day 3 0, Day 4 0, Day 5 1, Day 6 1, Day 7 2, Day 8 2, Day 9 3, Day 10 3
