IX
XIX
DXXXII
CCXCIV
MMDXXI
LXV
CMLXXXV
MMDLXXI
MDLXXXVIII
MMCCXXX
MDCLXXXVII
MDCCXIV
MMCDXXXIII
MCML
MXXVI
MMDCL
DCCCXIX
MDCCXVII
MDCCCLVII
MDCCXXXV
MDLXXXIV
CXCII
MDCCLXXVI
MMDCCCLVI
LXI
MMDCCCXL
CMXCV
CXXIII
CLXXXII
MMCCLXXII
MMCMLVIII
MDCCLIV
CCLXXXIX
MDCC
MMDCVIII
MCCLVI
DCCLVI
MMDCLI
MMCCCI
MMDCCXIV
MCD
CCCLXXVI
MDCCXCIII
MMDCCIII
CDXIV
MCCCLVII
DXXXVI
MMCCII
CXXV
MDCCLXXXI
DCXXVIII
MDCCCVI
MCCXCVI
MCMLXXIII
MMCCXXVII
MMDLXIV
MCMLXXXVIII
MMCDXCII
MLXXXVIII
MCMIII
MLXXIX
DCCCLII
MMCMXCIII
MCCLXXXIV
DXVI
MDCCLI
MMCCCXCIV
DLXXVI
MCLIII
MCXLV
MMCDV
MMDVII
DCCV
DXCI
CDLXXII
LXIX
MDCCXCVIII
MCMXLIX
