2
4
4
5
9
8
8
9
32
16
14
14
14
16
16
29
18
19
20
21
22
29
24
29
29
29
28
29
30
32
32
0
35
35
41
41
38
39
41
41
77
45
44
45
46
48
48
59
51
51
54
53
54
56
56
59
58
59
77
61
65
64
64
65
67
67
71
70
70
71
77
75
75
75
76
77
141
79
81
81
84
83
84
86
86
87
135
91
91
91
92
106
95
95
96
102
99
99
100
102
102
106
106
106
106
135
116
109
111
111
113
113
115
115
116
125
118
119
125
123
122
123
125
125
135
127
128
129
135
135
135
135
135
135
141
138
138
139
140
141
157
144
144
150
147
147
150
149
150
157
153
153
154
157
156
157
0
162
160
162
162
189
164
167
166
167
169
169
188
172
172
188
174
188
177
177
178
179
183
181
182
183
188
185
188
187
188
189
0
192
192
193
195
195
212
197
204
199
200
201
204
203
204
207
206
207
212
209
211
211
212
0
214
218
218
217
218
219
222
221
222
0
224
225
0
227
228
231
231
231
0
233
0
235
0
0
