588707
-1
-1
-1
-1
-1
588707
188285
-1
935312
588707
-1
12627
-1
257796
-1
-1
12627
-1
575145
-1
257796
-1
184925
337744
588707
-1
-1
248893
399295
248893
-1
703940
-1
588707
273413
588707
12627
588707
-1
-1
594525
981850
630858
-1
715633
425035
423859
425035
-1
989630
-1
342949
425035
715633
141305
-1
380486
12627
-1
248893
-1
588707
908215
588707
-1
588707
779191
248893
-1
257796
-1
365901
-1
337744
895148
337744
-1
-1
916823
588707
-1
-1
188285
691827
380486
248893
423859
425035
715633
895148
337744
-1
623892
576428
588707
248893
425035
141305
715633
-1
469597
-1
423859
425035
208805
425035
715633
-1
905087
-1
257796
-1
-1
234999
-1
506724
12627
128797
-1
630858
600448
342822
600448
630858
981850
129010
564161
292534
564161
230385
-1
575145
-1
-1
-1
796143
-1
-1
-1
588707
652362
-1
398741
895148
615621
425035
-1
-1
774283
796143
465472
-1
-1
588707
-1
337744
925342
213514
703940
337744
560527
703940
-1
755669
927546
-1
588707
425035
230385
564161
129010
564161
755669
403783
682570
403783
586584
403783
973163
588707
506724
337744
141305
715633
83940
70000
798194
141305
600448
630858
981850
594525
554336
594525
75811
248893
977720
248893
925342
588707
-1
-1
588707
-1
423859
425035
337744
337744
184925
-1
594525
674347
594525
678904
600448
329057
912232
390886
912232
230385
259923
230385
564161
230385
564161
-1
980091
12627
879600
677060
868921
677060
935312
365083
823602
403783
383033
403783
297510
403783
755669
380486
349576
638286
-1
598051
-1
791463
212894
402635
930338
895148
337744
184925
816137
677060
879600
12627
-1
564161
706970
-1
137438
-1
251842
843185
-1
423859
-1
141305
-1
-1
564161
808014
564161
-1
75811
-1
65000
-1
248893
193154
549961
856894
594525
292534
564161
-1
715633
-1
455813
-1
895148
593451
895148
337744
184925
-1
215318
410115
499046
585532
791463
719247
362578
719247
791463
967223
465984
123757
-1
141305
856894
549961
193154
252106
-1
-1
727195
715633
-1
-1
425035
709431
425035
715633
763454
191911
292534
269761
292534
564161
181309
847786
300387
371349
200292
895148
799490
895148
139980
895148
480398
895148
243852
895148
337744
184925
-1
947286
-1
594525
380486
-1
908215
-1
292534
564161
129010
981850
588707
-1
652362
564161
164286
240913
562930
812342
562930
240913
292534
841416
292534
425035
865962
275687
12627
-1
803530
880550
803530
345876
803530
-1
588707
833121
588707
-1
455813
-1
292534
27816
141305
715633
12627
-1
533097
337744
917552
