588707
-1
-1
-1
-1
-1
588707
188285
-1
935312
588707
-1
12627
-1
257796
-1
-1
12627
-1
575145
-1
257796
-1
184925
337744
588707
-1
-1
248893
399295
248893
-1
703940
-1
588707
273413
588707
12627
588707
-1
-1
594525
981850
630858
-1
715633
425035
423859
425035
-1
989630
-1
342949
425035
715633
141305
-1
380486
12627
-1
248893
-1
588707
908215
588707
-1
588707
779191
248893
-1
257796
-1
365901
-1
337744
895148
337744
-1
-1
916823
588707
-1
-1
188285
691827
380486
248893
423859
425035
715633
895148
337744
-1
623892
576428
588707
248893
425035
141305
715633
-1
469597
-1
423859
425035
208805
425035
715633
-1
905087
-1
257796
-1
-1
234999
-1
506724
12627
128797
-1
630858
600448
342822
600448
630858
981850
129010
564161
292534
564161
230385
-1
575145
-1
-1
-1
796143
-1
-1
-1
588707
652362
-1
398741
895148
615621
425035
-1
-1
774283
796143
465472
-1
-1
588707
-1
337744
925342
213514
703940
337744
560527
703940
-1
755669
927546
-1
588707
425035
230385
564161
129010
564161
755669
403783
682570
403783
586584
403783
973163
588707
506724
337744
141305
715633
83940
70000
798194
141305
600448
630858
981850
594525
554336
594525
75811
248893
977720
248893
925342
588707
-1
-1
588707
-1
423859
425035
337744
337744
184925
-1
594525
674347
594525
678904
600448
329057
912232
390886
912232
230385
259923
230385
564161
230385
564161
-1
980091
12627
879600
677060
868921
677060
935312
365083
823602
403783
383033
403783
297510
403783
755669
380486
349576
638286
-1
598051
-1
791463
212894
402635
930338
895148
337744
184925
816137
677060
879600
12627
-1
564161
706970
-1
137438
-1
251842
843185
-1
423859
-1
141305
-1
-1
564161
808014
564161
-1
75811
-1
65000
-1
248893
193154
549961
856894
594525
292534
564161
-1
715633
-1
455813
-1
895148
593451
895148
337744
184925
-1
215318
410115
499046
585532
791463
719247
362578
719247
791463
967223
465984
123757
-1
141305
856894
549961
193154
252106
-1
-1
727195
715633
-1
-1
425035
709431
425035
715633
763454
191911
292534
269761
292534
564161
181309
847786
300387
371349
200292
895148
799490
895148
139980
895148
480398
895148
243852
895148
337744
184925
-1
947286
-1
594525
380486
-1
908215
-1
292534
564161
129010
981850
588707
-1
652362
564161
164286
240913
562930
812342
562930
240913
292534
841416
292534
425035
865962
275687
12627
-1
803530
880550
803530
345876
803530
-1
588707
833121
588707
-1
455813
-1
292534
27816
141305
715633
12627
-1
533097
337744
917552
894977
607836
894977
917552
459692
12627
396558
362578
719247
791463
583419
465984
176982
465984
967223
275687
-1
423859
-1
329057
193154
248893
-1
628575
408912
628575
-1
715633
908215
-1
-1
484099
-1
125605
761974
194973
672484
194973
761974
700078
895148
337744
683877
337744
700279
337744
530024
245404
-1
75811
450503
75811
133250
895148
403783
755669
-1
-1
857720
715633
123757
229787
51226
455813
-1
465984
215318
399977
215318
213514
379474
67242
379474
208805
541964
204657
541964
977720
715633
-1
248893
-1
493925
-1
562930
240913
164286
564161
129010
981850
855815
981850
202752
776918
737961
940022
498581
694821
193154
773346
247878
623892
-1
-1
32022
-1
588707
-1
540545
-1
208805
506347
816137
425035
588707
-1
724042
-1
715633
923688
674347
594525
816137
184925
895148
337744
87841
-1
598051
965212
598051
-1
447776
-1
419939
-1
683824
403783
472924
403783
19582
215525
715633
-1
715633
824810
403783
739654
403783
541964
592439
164286
373623
164286
834493
852771
-1
843351
833121
961439
833121
588707
-1
506724
-1
423859
425035
182950
216473
196946
304119
196946
977720
248893
465984
967223
855815
981850
594525
44683
594525
-1
942260
-1
217021
402635
724042
431226
724042
678904
594525
755669
-1
337744
184925
322337
773414
322337
700078
158418
700078
617030
191911
531371
191911
107091
44683
285591
380486
-1
323695
-1
208805
164286
564161
129010
380486
564161
72273
362530
72273
564161
129010
662825
877938
372282
729145
632542
729145
564161
811066
564161
44796
564161
564161
644315
465984
588707
981850
594525
364100
594525
-1
869696
921919
588707
-1
967223
791463
803530
-1
618346
479030
823602
564161
129010
981850
719247
701356
374448
740235
-1
791463
673379
727871
432571
803530
-1
715633
-1
792248
176982
465984
12627
907892
506724
-1
973280
-1
533583
19702
72273
564161
236576
564161
277940
230385
-1
234891
267757
234891
843351
-1
325922
598051
98241
588707
855815
898221
152258
985050
152258
564161
740843
967223
219360
719374
-1
-1
429440
-1
967223
415647
729145
380486
373032
200863
373032
423859
459692
917552
51226
674347
-1
337744
967223
791463
-1
699024
-1
711201
403783
213514
347595
213514
506347
208805
425035
715633
823602
365083
152258
898221
-1
914140
700078
792443
455813
706122
-1
564161
460186
365901
264729
-1
100629
702511
100629
-1
227919
-1
128963
-1
732987
582465
379474
669969
-1
716974
-1
275687
638685
939312
647287
939312
403783
755669
359185
271606
359185
755669
588078
-1
337744
461957
215318
-1
843351
192126
843351
-1
-1
-1
425035
403783
444745
151152
444745
413405
645110
413405
-1
380486
-1
-1
987961
-1
712308
890043
197307
403783
757334
425035
895148
-1
919464
-1
827867
-1
797666
857720
-1
738334
851893
-1
366631
337744
587786
337744
184925
981850
594525
459160
571826
560527
779191
373654
783732
19702
533583
834514
533583
764299
425035
955671
425035
975437
-1
597866
733156
337744
184925
575145
574197
575145
-1
281246
365981
719247
783732
373654
622303
586584
403783
461730
307782
402635
-1
678418
345977
-1
-1
51226
229787
980950
175805
980950
229787
269886
403783
191995
255715
184925
100629
528936
427882
232547
990287
232547
427882
208805
166301
425035
715633
-1
275647
184925
599042
184925
-1
469872
425035
230385
564161
240913
164286
213514
425035
564161
397713
236576
694202
-1
964372
12627
-1
757377
-1
133250
889533
672484
397713
564161
4524
733156
597866
-1
310810
-1
981850
594525
630858
981850
419939
191995
755669
-1
541964
694202
236576
564161
133250
196946
184925
632542
729145
-1
-1
460520
382160
460520
209455
513850
134681
513850
998602
572335
-1
594525
-1
239013
396397
337744
403783
755669
770805
-1
-1
576426
-1
846997
973280
-1
735898
976051
735898
888800
735898
815028
735898
-1
191867
190480
-1
541964
978562
588707
-1
632542
479030
288624
479030
618346
287606
779191
-1
865962
987244
865962
425035
715633
455813
-1
935312
-1
129010
184925
354006
184925
-1
857655
-1
100592
374448
588078
44683
594525
-1
476231
935312
-1
791463
322337
613441
322337
552311
638286
349576
325697
197307
-1
816137
673618
208281
184401
429440
-1
749145
-1
51226
229787
123757
-1
33772
-1
928499
-1
761974
248893
423859
403783
-1
180460
-1
898221
855815
719374
-1
588707
528936
731242
432571
75811
594525
-1
973280
-1
791908
919154
12627
-1
465984
46033
373405
-1
599189
-1
38104
193154
546910
651957
717256
575247
717256
367155
564161
499249
14267
964372
640518
-1
977720
865962
425035
273107
425035
715633
-1
141305
749145
551080
749145
-1
513839
42602
874856
42602
529019
42602
513839
193154
887108
700078
247504
700078
827413
173963
827413
683824
-1
598051
577935
673381
956080
419021
956080
757334
284343
757334
607505
29929
90843
617030
917552
-1
568721
724042
-1
574197
575145
-1
981850
191911
213514
-1
407810
-1
184925
-1
700078
761974
301407
761974
125605
155086
747999
763454
715633
-1
344725
91512
-1
523879
856894
652790
967223
838067
958963
838067
967223
-1
43798
179061
180643
179061
838067
479372
912937
479372
838067
-1
416385
373405
873672
373405
370872
479030
618346
977720
-1
987244
841899
394643
761974
125605
436976
150224
436976
125605
779191
588707
-1
615621
895148
337744
184925
-1
173706
889493
173706
713562
390485
713562
634617
713562
725658
713562
173706
455813
594525
275537
588707
-1
949144
419939
2853
419939
-1
694202
236576
575145
-1
464210
-1
565491
-1
551479
191911
468410
191911
763454
564161
129010
981850
594525
931929
553096
583148
460520
193154
248893
-1
792248
32493
792248
209455
752826
403783
925163
671495
953819
630858
413405
129010
981850
564161
594525
-1
838067
939131
838067
584969
398734
964258
484632
100891
899086
100891
724042
971513
143974
240913
-1
843351
-1
566196
-1
621216
215318
41880
648685
41880
127303
41880
292534
972731
621216
688068
621216
105805
284167
105805
621216
362582
917552
248893
-1
-1
540545
463063
547092
668291
977720
865962
425035
360966
310943
249802
310943
360966
425035
715633
465984
248368
129010
337744
184925
-1
403783
964372
564161
147295
564161
-1
180643
627682
264071
895148
622642
895148
-1
924613
-1
427882
813319
427882
127303
41880
981850
594525
-1
917920
694202
541964
245071
541964
696070
541964
-1
75811
337744
895148
396397
239013
-1
437005
326490
-1
141495
993193
365083
32493
761974
-1
-1
973280
73882
638286
409774
495521
193154
14463
533900
605889
715633
431490
715633
957068
715633
771807
143348
771807
912937
479372
838067
967223
791463
621216
575145
-1
602652
570525
602652
688861
602652
636703
602652
-1
-1
230385
664505
290623
446151
100891
484632
189688
396397
465358
529019
319283
757448
584324
162782
504275
162782
902558
715633
-1
365901
541964
772998
541964
479038
541964
308190
243852
529901
-1
412593
-1
-1
499046
410115
204455
275687
865962
504275
609327
48669
227919
582949
967223
791463
-1
983004
413405
444745
676353
444745
403783
273107
425035
715633
739654
403783
755669
65454
771807
204657
541964
598051
915594
157420
915594
598051
11962
715281
569623
12627
369149
425875
369149
196946
231159
742962
231159
513839
-1
184401
208281
932123
234088
355064
234088
70345
234088
777747
768464
403783
755669
347692
564161
715633
-1
838067
574197
575145
-1
234088
932123
617030
43125
60525
93665
768988
17873
719374
564161
588078
928499
916262
928499
312221
-1
137098
323695
981850
460945
934868
888388
929368
888388
934868
839690
366631
531355
366631
399355
123939
399355
366631
838067
12627
73785
12627
-1
797666
-1
270052
617030
700078
761974
376612
551280
376612
761974
731242
413405
444745
403783
947385
538270
101647
538270
947385
592888
947385
508588
564161
656306
775396
656306
564161
14304
959376
14304
-1
719933
-1
143251
-1
212894
14304
564161
588707
72273
796143
660723
796143
-1
588707
-1
100758
-1
-1
563213
269761
292534
330310
273259
330310
108515
234088
977720
715633
276348
715633
583349
210128
583349
227919
-1
-1
193154
229892
804543
349795
-1
508588
380978
382020
564161
129010
403783
919464
-1
425035
715633
703782
3897
423859
584324
208805
978007
208805
425035
715633
953131
594525
564161
9808
184925
963653
184925
543421
184925
-1
43798
432169
286117
-1
157295
-1
815028
57225
224989
325741
761974
269761
292534
814354
51770
477629
-1
459262
-1
789264
367602
234088
895356
403783
809680
594525
977720
285587
977720
371349
4524
564161
129010
234088
761974
588707
189881
288432
147295
439721
245404
403783
-1
636122
713916
905343
316484
905343
713916
361008
713916
615585
819867
14267
499249
137453
494866
137453
164286
564161
626052
312101
626052
564161
129010
895148
337744
184925
-1
713916
636122
137661
676353
51226
715633
273107
342315
830660
183897
369149
12627
-1
529019
438226
-1
585618
592888
947385
215318
977720
945175
977720
128276
-1
912769
294956
183897
830660
212073
803530
126737
686658
390886
814422
956609
488400
956609
814422
183562
928017
183562
249910
399661
587786
38104
269088
53190
-1
337287
967223
791463
337744
408912
628575
403783
928752
359120
365901
286117
362578
802675
362578
300869
14304
267757
234891
11962
248893
345876
290384
345876
-1
162633
-1
369149
215157
372282
564161
862529
551479
553285
583150
973280
-1
751195
-1
980950
229787
123757
465984
967223
290720
967223
719396
372282
172514
372282
877938
652362
583439
652362
588707
-1
290720
426380
290720
967223
791463
703940
588707
-1
569623
-1
967223
-1
245404
947385
403783
630436
267328
630436
292534
575145
-1
100758
674347
743735
715633
-1
300558
892246
117791
465984
97366
686171
97366
822034
97366
465984
173706
-1
575145
-1
337744
92962
337744
393520
129010
715633
117150
-1
891932
-1
713966
1052
25411
886725
25411
541887
25411
940783
380486
147659
652362
7838
715633
-1
12627
-1
564161
717256
374731
717256
916494
903247
916494
445134
617030
621216
936015
621216
879633
117150
4985
213514
460520
-1
-1
80545
708135
612356
600448
630858
26491
630858
857652
248893
-1
652790
856894
-1
-1
57188
-1
574520
207236
20958
533583
147659
380486
12627
196946
216473
334272
77512
907612
165931
399710
150301
345876
756424
325313
756424
345876
803530
38212
290266
330751
234088
932123
997797
130195
997797
12627
247878
773346
193477
773346
230385
749635
230385
564161
129010
439100
191911
763454
6006
763454
853795
763454
715633
-1
443255
-1
619124
311941
619124
337744
-1
993004
-1
365083
935312
706970
455813
-1
100891
497505
357375
825286
-1
105235
940336
-1
577935
451396
577935
967223
791463
-1
743691
129010
521572
129010
435693
374731
717256
674333
-1
178587
-1
262858
565491
316767
239013
622642
128582
652362
588707
617634
583349
893904
588707
444745
763454
746674
763454
715633
-1
904664
-1
221431
-1
564161
129010
981850
850101
408775
830591
460520
337744
309158
137125
934232
137125
337744
791929
934232
127303
231656
458304
-1
564161
129010
939496
640746
939496
58704
65872
58704
939496
670460
939496
129010
981850
894977
886507
373880
763454
429440
654406
429440
-1
55360
-1
530441
-1
12627
983345
191911
763454
72375
722348
72375
763454
715633
-1
914924
-1
761974
12627
409774
554336
763454
234088
932123
141015
588078
-1
595413
615585
713916
143848
129010
401000
129010
981850
594525
820181
342396
110519
656748
417118
888540
760632
965259
760632
77024
760632
761974
125605
867374
244624
892246
981999
892246
-1
184925
436888
784399
363089
75811
594525
958079
719374
910304
719374
396397
239013
380175
312221
928499
-1
411378
-1
620442
-1
413405
444745
567122
444745
403783
755669
364100
594525
930045
746674
230385
51401
175805
924244
890043
101208
890043
712308
-1
46099
-1
312221
928499
-1
-1
723623
-1
478252
736475
478252
-1
564161
715633
-1
838303
292534
278212
357003
148080
357003
557561
114542
816177
114542
557561
357003
805098
57895
660723
796143
437407
796143
594525
865962
263589
865962
136944
141305
944262
141305
715633
-1
638685
275687
865962
-1
743735
127303
715633
-1
754529
248893
360599
921271
360599
381885
451396
5357
540137
595914
848673
196946
216473
46033
9808
295898
379474
213514
688861
333986
931974
771807
861196
270902
404696
270902
516963
270902
381403
462432
80545
-1
129010
415009
255659
872431
755669
193154
731242
337287
-1
444657
144186
710018
144186
207009
287062
207009
248893
967223
791463
476231
-1
178266
-1
588707
-1
981850
816207
981850
152258
230385
507100
353430
507100
230385
47587
971575
-1
909376
877217
713916
636122
981850
-1
152258
-1
634936
251621
634936
912232
165547
142940
165547
630867
165547
764507
856894
549961
977720
479038
541964
403783
812342
510644
257796
158418
820181
306599
541964
792248
479372
173706
-1
999844
-1
20413
527206
311698
527206
338695
787412
338695
527206
51401
230385
126525
269744
588707
99580
744121
337744
635009
107854
782190
177453
958963
838067
856773
336397
799371
336397
191867
-1
359185
755669
746674
308827
746674
641852
333986
936669
333986
88081
333986
952950
756024
952950
333986
688861
455813
828200
455813
588707
365901
594413
365901
-1
786696
258803
859841
258803
947922
656236
-1
743300
208805
425035
127303
41880
215318
-1
275369
-1
573196
208805
425035
144186
444657
-1
820484
597866
166426
981008
984819
981008
166426
803569
843351
-1
340855
172254
269616
403783
479372
838067
311295
91512
857526
310250
92709
682570
178491
715633
330310
292534
564161
276348
287062
208805
425035
715633
-1
492249
173706
987961
588707
-1
841433
173909
841433
310554
895530
542702
426899
81237
644584
81237
337500
311941
619124
983345
-1
656306
634936
583522
373880
886507
894977
143974
885487
564161
681630
376612
761974
778717
660703
778717
46531
778717
343382
778717
377858
778717
477733
995384
638431
60791
972731
776496
342815
776496
972731
436401
972731
264729
365901
715633
487697
715633
455813
865962
375313
865962
713162
865962
425035
715633
-1
667779
51104
621216
-1
921919
12627
760949
117345
419339
117345
853689
117345
760949
52338
125605
-1
90959
746982
90959
594525
-1
715633
432169
43798
696558
337744
838067
588707
-1
560527
53190
423859
425035
715633
316767
-1
618497
573560
429440
129010
928752
403783
786696
-1
479030
618346
563213
-1
3491
332876
516155
332876
3491
316482
96675
936500
419939
948449
419939
564161
739636
174382
564161
129010
943223
-1
175763
-1
423859
54323
423859
667350
840935
91271
840935
68987
619124
582919
843262
582919
619124
822649
619124
-1
125920
67242
469222
67242
379474
213514
236576
-1
44683
594525
385706
448602
385706
594525
-1
11334
137371
715633
-1
715633
-1
507181
357003
652540
638065
652540
-1
893904
583349
763454
129010
981850
535543
981850
594525
691531
470871
470249
470871
691531
304990
332383
304990
700078
490135
537925
490135
345387
490135
700078
551536
458304
588707
389637
588707
-1
893904
616821
12627
-1
172128
297510
-1
-1
843351
-1
713403
-1
513399
-1
346354
699024
330751
290266
962174
174382
739636
564161
416385
-1
149329
148080
821674
148080
-1
-1
175235
638685
275687
602343
455813
674347
594525
655911
793855
5061
439227
-1
504275
162782
584324
757448
816207
981850
860341
981850
292534
328350
292534
750902
790095
750902
292534
929483
778717
761974
644350
225122
761974
340855
911800
340855
-1
897052
-1
598428
231159
379924
4524
715633
657936
-1
235538
856773
838067
551931
811857
551931
723657
290266
353651
967223
129010
30985
129010
630858
291391
630858
673276
568441
801382
136912
915636
65454
755669
-1
148232
-1
137125
309158
896055
309158
337744
611951
59140
611951
337744
611951
673935
630858
774283
-1
147908
582919
889861
582919
619124
-1
670626
403783
811383
850782
914140
-1
675042
857501
97366
12627
-1
657067
269761
934165
-1
900094
-1
675133
508588
371349
760949
439152
628575
912512
864881
182950
599236
143348
912232
947385
-1
-1
474981
-1
7492
-1
622260
-1
928499
16738
-1
803530
44796
564161
373623
715633
430313
963069
774283
-1
560545
-1
621216
986870
621216
597866
-1
215157
-1
-1
785702
337744
688861
332433
41880
215318
-1
760949
785314
760949
772184
715633
760949
971115
191048
971115
332835
744121
219088
886507
217768
52284
715633
-1
686545
799490
895148
925183
44796
763454
715633
34744
98077
199851
518821
977720
191911
181919
191911
838345
191911
460520
-1
955419
928868
12627
366421
-1
371270
39737
371270
-1
290375
718170
328557
718170
290375
204205
290375
-1
725120
292365
193477
773346
193154
248893
-1
642551
-1
129010
173765
129010
981850
469888
365083
176497
653833
196946
-1
92196
-1
728497
652790
-1
838067
329057
372282
877938
202765
755669
821205
755669
991391
14480
492960
-1
213991
462432
381403
270902
117345
760949
160063
760949
954542
760949
12627
-1
311298
895148
454146
895148
468626
594525
-1
-1
358997
126525
230385
480257
230385
774283
-1
667350
423859
425035
345876
803530
14463
184925
713966
307218
713966
-1
442988
-1
318337
782896
728296
425035
715633
-1
904957
619124
92962
337744
184925
594525
-1
715633
448630
790799
904957
490135
700078
761974
-1
359185
231092
359185
755669
44053
334838
44053
745221
717590
745221
337744
273413
588707
-1
819222
410412
819222
178587
740843
461710
455813
-1
193154
513839
-1
472514
67242
379474
213514
112262
715633
515201
812342
870941
812342
337853
-1
-1
582717
955557
582717
969216
425035
715633
997797
203797
172845
329947
172845
422863
172845
191911
763454
715633
746683
901660
746683
715633
541964
-1
9998
-1
92838
-1
91271
727195
505514
771872
83152
771872
505514
976950
125605
898221
855815
978562
938872
257796
-1
191867
54866
191867
420807
715633
-1
320379
-1
981850
594525
928499
828626
435792
209038
435792
520888
331253
636703
602652
253096
588078
755669
231544
794292
107985
-1
700078
523879
337744
-1
373294
728491
127303
41880
636703
328350
292534
760949
564161
925342
476997
925342
612271
804619
985852
715633
-1
292534
933938
230385
166301
80416
240913
164286
588707
-1
271606
359185
419721
141305
63429
180643
290192
180643
564161
798096
644870
366515
-1
337744
290266
973163
540545
91271
621216
641663
621216
-1
823602
292534
564161
804619
374731
763454
515937
763454
715633
122003
667395
822644
667395
122003
454280
122003
715633
198254
893669
939002
919154
91670
919154
375476
919154
184925
-1
564161
504275
162782
584324
757448
367602
181521
248893
-1
857532
-1
949265
559527
949265
-1
131142
-1
590520
544406
590520
364797
865962
425035
-1
41880
215318
32493
944262
141305
715633
506347
365901
142887
38711
142887
507181
87353
921626
87353
132008
87353
427882
922387
427882
563213
330747
476231
544614
184925
681783
184925
236846
91670
379474
729145
372282
126054
372282
992042
403499
200103
236521
300730
404996
935845
707332
935845
516155
332876
138887
332876
895148
337744
794283
710294
208805
669693
208805
236521
590520
27816
292534
481288
981850
594525
423149
594525
43798
-1
238399
-1
822640
588707
961000
267975
773988
267975
966575
129010
113363
469222
67242
594525
337744
329947
541964
57025
541964
396017
337287
-1
715633
981850
594525
322006
594525
-1
612931
755782
984819
896451
619124
-1
-1
602652
27816
292534
564161
129010
634936
-1
399710
733156
597866
-1
352200
414720
352200
688069
352200
425035
172128
5689
172128
-1
774283
141188
774283
12627
-1
147659
760632
637817
760632
888540
803530
718170
290375
365083
890043
594525
-1
924210
843351
856894
860934
856894
549961
715527
549961
588707
-1
744337
717725
235538
357003
278212
687168
379474
213514
990336
213514
925342
337744
143348
403783
533583
-1
31909
-1
264729
869674
264729
365901
-1
208281
673618
966191
743896
547775
743896
966191
-1
372282
298850
919723
298850
372282
712215
619934
712215
5960
342866
421931
342866
-1
-1
251223
742964
251223
41814
855815
138887
602652
-1
931929
257796
-1
350583
771872
865962
715633
-1
594413
426248
82626
513071
82626
426248
294209
979679
256545
979679
294209
571003
738334
-1
204617
-1
733156
138255
956287
935845
404996
372105
838067
12627
-1
972291
-1
228837
870994
316482
915594
103667
588707
330310
967130
330310
292534
855815
786195
136519
786195
257625
786195
855815
993246
855815
648404
634936
91512
96543
981008
712239
981008
166426
97366
457119
594525
986771
100083
986771
18899
836350
18899
575247
967223
791463
251223
180715
360279
275687
865962
425035
715633
-1
970829
928499
-1
-1
679888
-1
594525
606580
757334
-1
41535
396159
564161
463320
564161
129010
651281
4920
651281
564161
362760
715633
322511
283738
981850
888540
687542
594101
687542
888540
118897
888540
916494
990701
-1
505514
727195
743129
727195
588707
-1
-1
799147
761974
125605
335907
987961
455813
-1
213514
925342
769179
925342
337744
295075
625
295075
104521
295075
337744
20275
11962
87011
11962
675042
-1
921005
179061
952914
-1
337744
184925
109521
694202
236576
152137
214392
533583
-1
844999
-1
426380
290720
419339
787176
419339
771807
715633
538270
217859
156879
217859
-1
978003
723657
139354
723657
984353
723657
561400
635088
561400
723657
425035
96073
426164
96073
425035
-1
399661
760949
200591
871516
200591
760949
57587
564161
129010
129010
-1
447330
12627
-1
847786
724806
847786
949144
-1
161401
528936
823602
365083
935312
-1
108515
330310
292534
564161
427375
127303
41880
634936
564161
129010
981850
19702
638286
574520
541964
637079
303113
107985
651281
129010
981850
242400
981850
594525
785702
181661
667600
181661
785702
803530
-1
221129
455813
-1
-1
803529
594525
-1
879815
47103
879815
231055
958613
231055
879815
-1
425035
-1
816105
-1
989309
838067
270902
839817
270902
465984
803530
469597
407149
127495
393520
723279
393520
337744
476062
857532
-1
833121
588707
-1
541964
715633
-1
306547
-1
820181
594525
-1
58100
498271
700078
250741
700078
2013
658711
2013
594376
296209
594376
30985
877938
662825
12627
776496
-1
371349
229787
619124
-1
501455
-1
25981
594101
687542
889533
133250
75811
594525
668667
594525
715633
-1
843351
594848
235795
881278
213514
667395
51226
229787
771151
229787
257384
571734
99691
571734
768358
345876
803530
-1
908215
883185
210615
883185
981850
838067
-1
834825
458304
306803
458304
406494
65872
551536
700078
761974
66756
761974
952374
831208
952374
913849
980854
719094
599004
213514
925342
487915
777747
138887
332876
3491
236824
581340
236824
3491
-1
944262
124716
639923
124716
894977
917552
181657
708101
83671
65279
479030
308608
623502
32493
786195
197700
786195
245080
786195
855815
981850
594525
396271
594525
-1
940783
332876
195055
612931
498713
612931
657936
844789
657936
758009
657936
310943
210164
572816
210164
334838
184925
634423
184925
915062
184925
-1
328350
117536
16738
309149
533583
-1
279137
-1
403783
333986
786195
855815
162760
107985
164230
107985
865616
-1
168690
368282
777323
950769
777323
-1
273259
330310
700078
761974
-1
-1
436976
457232
436976
630858
981850
143348
-1
695339
14529
367519
127303
801382
75811
594525
439152
204349
541780
51401
40990
51401
227572
988441
234891
516155
-1
283263
905967
-1
438226
774816
55865
132008
87353
507181
-1
816105
-1
976876
778429
976876
-1
103553
-1
967223
791463
419939
-1
564161
108628
564161
129010
594525
981395
359997
981395
-1
630867
444745
231159
196946
12627
958963
378097
67066
-1
332614
-1
230304
166730
609355
166730
230304
699024
913849
332433
688861
602652
-1
700279
-1
419939
251113
299177
251113
612931
930086
612931
930045
393132
668809
393132
822206
404083
383841
404083
822206
208805
612931
637697
286978
637697
612931
245404
33359
300965
267098
37839
410412
75811
594525
589251
378231
398741
301540
179061
44683
760949
175732
156673
175732
884330
175732
667780
-1
404337
-1
-1
334327
157420
967223
288624
479030
715633
439852
151832
277940
733156
597866
743735
248893
370539
236576
936667
236576
564161
299177
479372
564161
830591
408775
-1
790824
682035
569623
495614
686233
495614
569623
-1
698743
358997
-1
180643
179061
900094
-1
-1
118897
888540
472924
308608
479030
771807
545213
805996
545213
771807
6033
771807
715633
-1
864705
64931
159011
221911
833611
221911
159011
179061
507100
942960
507100
162286
304799
162286
507100
599383
507100
230385
564161
423859
425035
843351
-1
787176
823433
787176
46033
-1
267992
-1
179061
192126
461612
135818
461612
686286
461612
713598
836516
855815
257796
-1
423859
508040
423859
731153
-1
715633
-1
425035
733156
597866
285995
597866
425045
230385
-1
178211
25331
773870
25331
798262
92838
298850
821186
298850
372282
588707
768358
724042
84412
736537
85291
190480
209013
332876
439473
470319
730944
470319
-1
735961
955608
986771
507100
519989
309149
634936
-1
856915
732172
359157
227572
590520
206895
20430
206895
590520
-1
796143
-1
443763
303113
637079
109145
69245
109145
637079
295153
36612
544590
92838
778717
761974
307511
583349
236607
583349
715633
-1
233915
-1
342866
5960
612600
337744
67242
499046
410115
667350
791463
925545
404335
925545
289423
153341
289423
925545
678506
1052
404083
822206
841392
822206
248893
978003
-1
894977
479683
865616
750902
267098
436976
125605
-1
292534
564161
107985
434281
539009
129010
981850
75811
594525
425035
275687
865962
791463
-1
85172
93679
719830
175732
67242
222661
67242
379474
213514
925342
337744
184925
175560
184925
-1
93307
-1
245473
112262
309158
337744
582058
251113
419939
772378
258014
772378
419939
-1
78207
451245
845465
451245
564161
129010
981850
-1
102374
588707
403783
172812
403783
-1
425035
715633
481698
149405
841086
113161
933028
113161
841086
856675
118619
703833
97045
703833
193154
392224
193154
479030
667102
256573
630858
741410
630858
981850
105235
-1
847426
299930
847426
3763
-1
588707
765748
426380
-1
5357
582717
739654
221911
469778
390485
435693
322269
435693
129010
541964
208805
425035
193154
248893
544924
248893
442712
248893
523954
94935
485661
445134
511510
937456
511510
636703
839817
145994
839817
778717
818949
672484
194973
715633
907193
846891
907193
117240
907193
391745
907193
41329
117240
907193
203051
597866
-1
317562
749211
612082
749211
43922
749211
467467
221911
981850
719247
-1
417825
-1
795902
-1
200292
371349
300387
983055
300387
635919
300387
652656
594525
110330
695248
917552
148892
479030
-1
366008
-1
617030
280111
363678
280111
350536
280111
949477
816177
-1
609355
844789
657936
-1
122847
-1
573492
-1
694202
373880
886507
894977
234088
932123
893669
713966
-1
-1
637166
-1
761974
125605
881225
396429
881225
885162
377681
707468
204704
915636
322269
435693
129010
981850
771807
236846
184925
263985
-1
715633
-1
169166
-1
570680
893669
769925
893669
403716
893669
460520
72775
182950
425035
715633
-1
257796
-1
564161
957068
411378
772261
474811
322006
594525
-1
423859
425035
108932
668667
594525
-1
338874
226281
338874
-1
308608
479030
128963
-1
-1
-1
600448
630858
291391
630858
981850
809137
981850
507197
47333
934868
63668
838067
273107
425035
755677
763454
120682
715633
67075
147295
564161
962249
425035
715633
-1
182950
426211
182950
425035
775895
425035
363173
700078
382020
900449
532826
900449
153164
300750
513144
141305
715633
51226
155847
670626
302529
219925
715633
887971
362865
887971
715633
-1
814354
865962
425035
75811
594525
-1
337744
184925
81955
369149
12627
891432
12627
479030
390485
660703
418962
184925
583522
709976
811989
709976
755669
345156
234891
772261
411378
637387
14304
564161
129010
981850
594525
715633
292534
522121
410412
819222
4524
715633
342949
824267
773181
824267
342949
-1
652164
817140
10821
251113
419939
273259
285501
429440
504275
184925
939131
17116
3897
703782
715633
43798
403783
755669
-1
273107
425035
-1
917552
292534
160447
837101
719374
598503
40234
598503
826717
-1
337744
184925
-1
733156
844789
27880
844789
51139
564161
690336
564161
527438
564161
587075
607134
-1
423859
432965
794499
432965
507181
-1
702311
-1
989630
-1
917603
-1
896165
-1
175805
980950
229787
590520
-1
715633
122435
609355
793409
668420
793409
609355
166730
184925
564161
373880
301963
-1
223272
925342
337744
184925
-1
215858
267757
154626
267757
948035
332876
699505
873871
168403
564161
612931
-1
403783
453133
893904
81244
42325
81244
738334
-1
855815
423859
704252
423859
425035
715633
-1
884488
368189
554336
594525
91512
344725
696558
695771
551121
558044
52338
760949
12627
-1
719247
791463
-1
213009
659876
213009
-1
564161
894326
252997
894326
422795
894326
564161
418431
564161
976476
564161
129010
632370
426248
-1
404083
-1
492592
176459
757334
637387
411378
836006
978076
836006
719374
236576
249910
183562
981008
166426
546910
193154
248893
-1
475995
444745
403783
755669
627682
180643
179061
884488
393904
884488
-1
789619
-1
882170
688523
983357
775830
928499
630858
759605
630858
647197
-1
500307
-1
335318
77983
637079
611951
337744
852897
337744
184925
757334
229787
-1
337744
72073
379474
-1
565491
943898
565491
21882
777299
21882
955419
888540
472514
549866
784728
507181
813319
685622
44297
72775
460520
-1
122682
-1
181309
465984
970134
99121
193154
745197
605294
165900
605294
745197
743896
966191
959358
36003
931405
78155
931405
36003
959358
590978
959358
77464
365901
98725
811990
854489
621216
-1
152169
-1
230385
26491
630858
981850
555439
981850
685838
981850
847786
365083
935312
423859
843588
359157
164657
861820
656236
513588
656236
947922
258803
786696
429440
791463
-1
43798
591356
987526
591356
-1
841086
303401
-1
293176
634458
411378
-1
486576
192355
193154
760949
981024
715633
-1
193154
248893
774283
191911
425035
715633
992042
372282
877938
175024
531093
161101
733156
273259
881936
472533
531895
45659
470871
80223
470871
760949
12627
272334
12627
359157
732172
560198
54481
263991
622211
140214
647392
474815
436976
125605
230385
117722
712964
878130
694275
27466
694275
878130
878629
685888
275353
872431
895148
261804
895148
337744
914092
337744
184925
-1
867810
-1
351099
686286
547312
9972
547312
695860
230385
797065
230385
564161
-1
6006
633264
359997
649134
-1
338760
-1
83993
131349
83993
-1
573598
869886
886507
945590
886507
733156
702074
-1
-1
603491
563213
82691
563213
-1
309267
693526
309267
783476
309267
932001
309267
-1
364000
928293
15108
928293
674347
607505
630858
208805
244579
755782
140369
-1
403783
755669
713916
636122
-1
-1
584969
889493
957596
380486
160841
948944
971115
760949
12627
141305
427330
895148
855815
231195
-1
-1
900449
261084
951021
393520
112475
393520
999413
322337
20406
575862
20406
694202
643269
175560
184925
-1
133069
-1
126493
-1
770805
100629
118897
888540
306270
888540
843028
888540
417118
656748
110519
907193
795146
907193
715633
936015
-1
778618
-1
888540
761974
403783
755669
-1
416697
374996
416697
292534
564161
9999
599201
612181
599201
9999
97696
9999
564161
114349
564161
971513
231389
147908
504275
564881
283263
777323
368282
168690
997797
932123
208281
673618
217523
465984
853845
234088
365026
91177
454799
773069
-1
684216
925647
684216
802121
380175
-1
707665
778717
761974
125605
-1
723907
171967
577217
171967
32016
758754
110519
342396
12627
444745
164735
444745
403783
886507
894977
963033
894977
668667
257796
41880
66514
814422
390886
865860
827037
865860
390886
912232
329057
600448
-1
193154
-1
552933
-1
515440
-1
642757
444657
-1
9236
644650
9236
-1
211338
947385
984435
786195
932123
986771
594525
564161
129010
617030
742633
999071
39762
773069
781816
-1
493925
-1
-1
243893
971782
103117
971782
260011
639172
594525
264558
594525
263630
594525
43798
-1
-1
141305
955557
582717
541182
582717
-1
501455
423859
717256
177399
794499
403783
546910
988485
546910
210661
208805
425035
715633
-1
508247
871670
967223
791463
-1
778717
197167
690894
686233
981850
94334
981850
785702
-1
625202
-1
133449
-1
373076
838067
967223
347723
297510
197307
-1
594525
696921
118897
98398
776686
98398
513839
334848
513839
180643
574520
267098
300965
294760
300965
762250
892067
762250
300965
426380
455067
426380
69817
619124
688069
683173
609355
918181
178211
-1
193443
-1
407647
337744
51423
981850
594525
236576
128963
-1
103667
560074
450409
560074
68170
415702
68170
560074
755669
-1
58032
-1
319283
302658
898156
755669
-1
5357
451396
577935
15376
-1
504920
755669
-1
900566
-1
196946
216473
182950
425035
715633
-1
928017
484089
817055
484089
390886
912232
184303
106679
394668
106679
644870
798096
721225
867622
602574
411378
746909
408120
762250
637079
44683
744043
322193
588707
460520
454593
245404
-1
239013
704822
322337
861820
965212
774283
-1
234891
610949
588593
141330
394719
506347
208805
564161
873849
564161
129010
981850
-1
632542
729145
372282
275647
125429
275647
-1
506724
-1
425035
67359
425035
81237
426899
542702
895530
160288
427882
742800
597866
-1
564106
-1
-1
425035
715633
398799
715633
-1
506724
588707
-1
762250
300965
949382
300965
15068
300965
757869
822891
98241
221911
993855
730944
470319
345876
239013
368202
342619
575145
564161
822814
662825
470319
215318
-1
252269
626052
895148
337744
-1
396017
818303
638639
996626
638639
379474
373520
379474
213514
319779
213514
895148
465984
243422
465984
967223
791463
-1
75766
860869
725120
865962
362582
621216
-1
574197
-1
8426
-1
479372
653031
482508
-1
902352
598503
109176
141742
109176
761425
172845
203797
997797
838067
13981
316902
365083
903396
148163
834493
360599
463321
100629
97366
99534
921626
284063
921626
87353
371270
-1
-1
358997
-1
129010
342949
529012
914127
-1
157111
750902
459675
769925
479038
951128
129010
66620
963293
417545
963293
579098
963293
66620
129010
441296
822640
263388
822640
588707
-1
26210
-1
760239
648366
352106
52381
352106
455233
561649
571451
275091
117345
910261
624161
425035
715633
-1
712964
334656
712964
117722
958772
794292
231544
755669
452511
68170
560074
827986
-1
31069
-1
709431
-1
685413
739939
685413
786696
411724
381293
715633
-1
141305
981395
800781
425035
-1
828312
314528
686525
314528
828312
-1
939733
746674
763454
73939
581827
883243
215318
-1
717256
651957
798096
236521
200103
602652
-1
691531
-1
621216
-1
80084
481698
955671
425035
113528
425035
908215
588707
-1
-1
65143
490799
757448
786900
962910
429440
-1
596585
351800
889850
351800
183671
855815
981850
256545
424105
157283
424105
944020
425035
715633
328876
-1
292534
715633
107985
342525
478033
771043
879815
2853
889533
969216
109344
173706
-1
880550
803530
74479
965212
798344
408570
798344
965212
283263
-1
-1
844789
251842
-1
300965
33359
174232
217033
174232
807864
274683
773181
436976
125605
-1
442740
260352
628797
260352
972731
138491
623530
310943
43866
145452
582717
585116
306916
585116
715633
-1
691793
-1
808206
707937
212894
379474
508588
981850
594525
-1
164286
270052
-1
258734
-1
380486
154626
267757
923792
673618
816137
184925
564161
972731
977720
564161
129010
981850
186399
640584
186399
813859
635088
-1
345876
879522
715633
-1
893669
843711
805270
843711
357720
831366
731389
14304
200645
14304
530856
14304
564161
-1
785702
-1
388228
399678
394668
106679
326862
279655
326862
527396
117345
760949
621517
998848
621517
342815
564881
129010
708493
820484
364723
820484
389467
223802
389467
820484
425035
932123
74552
932123
208281
673618
816137
75811
316015
647287
939312
308507
695441
957596
678384
685838
918968
311941
619124
404450
-1
795146
907193
715633
843351
-1
462357
333241
12021
333241
462357
981850
283979
981850
460520
881225
125605
-1
772213
791908
749211
975344
617145
975344
595854
109484
595854
673618
196946
451245
78207
-1
214883
834080
538789
451396
577935
598051
-1
903247
916494
544924
248893
652809
625202
963293
54428
963293
947423
947508
947423
963293
66620
129010
261389
690644
675042
771381
675042
107985
794292
231544
724042
-1
-1
542398
602652
290623
620734
549961
193154
248893
560866
-1
564161
594525
107985
886507
114349
669467
114349
731978
114349
821186
298850
439721
431966
-1
972480
-1
630858
424457
630858
981850
594525
943223
574197
180285
437005
-1
12627
83649
627263
915062
574695
915062
184925
108932
425035
715633
291223
286090
291223
786636
291223
582717
-1
742800
427882
528936
100629
822206
947922
258803
455813
855519
281480
855519
10956
855519
420285
532085
420285
855519
455813
-1
318876
59242
143251
-1
-1
108932
425035
985050
300372
-1
363307
25526
448527
692471
448527
25526
737309
125112
737309
348597
737309
917668
32829
313274
151585
755572
786195
527206
279947
916098
809680
871696
-1
168690
195626
168690
715633
-1
371349
300387
425035
744121
948021
744121
930338
72775
898837
564161
129010
83971
129010
771807
715633
404955
700078
968687
700078
178342
700078
370790
715633
461264
127303
133250
-1
748092
129010
332966
212894
594525
114542
557561
357003
787859
427882
528936
-1
328509
475373
6939
749145
588707
-1
894977
917552
337744
-1
434459
978572
-1
399355
366631
-1
755669
863841
755669
867810
444963
867810
114542
715323
-1
925342
337744
184925
733156
500636
733156
402635
35223
402635
212894
791463
981850
594525
-1
794292
564161
602529
564161
317853
195626
980828
698355
278166
382160
460520
855815
981850
594525
12265
247076
443255
-1
755669
856894
549961
193154
834564
855519
-1
37624
-1
315790
715633
-1
947385
-1
981850
560116
83712
316482
3491
-1
-1
795398
300449
33935
472514
708481
472514
-1
52648
254767
52648
129010
820614
129010
981850
933903
373623
164286
184172
564161
61647
898085
760632
276348
715633
-1
-1
-1
214392
646359
524359
646359
214392
290720
967223
460520
384278
564161
746674
763454
715633
-1
-1
822206
393132
930045
33772
935312
987831
523672
243852
375045
847786
588707
-1
287438
798352
-1
895148
333426
895148
337744
184925
408048
271076
408048
184925
-1
-1
564881
504275
162782
-1
393682
127303
124141
127303
760949
12627
485026
760949
12627
635084
273107
541182
582717
-1
143251
289515
833793
289515
143251
-1
964770
-1
69137
333986
728491
373294
760949
78022
154339
544984
154339
-1
981340
193154
833777
704822
479030
665898
-1
196946
216473
25331
178211
597866
-1
379474
213514
110330
109344
969216
275687
865962
229862
816207
435315
816207
101213
816207
981850
594525
304719
594525
12920
533552
652958
533552
12920
130564
284063
813725
284063
921626
830884
865962
-1
-1
20472
-1
594525
128963
-1
479030
618346
972606
154339
78022
760949
263744
193113
168536
193113
263744
657936
837878
270902
590520
164661
107985
551381
107985
432588
107985
865962
425035
231127
403783
875637
403783
374214
552933
309267
178569
329720
217442
810349
504067
773586
564161
129010
981850
845876
981850
602652
-1
546910
193154
389434
162782
258014
921919
803530
-1
342815
776496
972731
292534
376612
187785
376612
761974
125605
479938
125605
391745
163387
391745
69173
717933
558736
248893
-1
196946
745221
184408
745221
614006
340855
-1
751190
248893
-1
760949
12627
-1
995850
-1
232656
19702
533583
-1
594525
-1
978003
72994
981850
855815
425035
597866
-1
215318
-1
988485
379474
422315
191867
-1
732710
-1
231303
501676
215452
-1
840244
178216
184925
109176
26953
109176
105235
348413
105235
757532
105235
562930
967223
206410
967223
791463
116576
617224
116576
715633
967223
540545
217859
981850
465872
-1
749777
319653
346942
893975
581340
236824
281246
283263
603138
530540
683424
236576
564161
-1
508588
794333
924542
310732
924542
-1
-1
-1
458975
435573
719374
219360
997546
219360
967223
679148
575145
320379
963261
338317
963261
320379
575145
688068
42745
211936
175024
594525
444594
791463
-1
311501
507224
-1
112475
393520
337744
184925
-1
28984
776918
746587
568460
746587
482880
779116
623086
26273
-1
94935
361127
94935
404955
208281
673618
816137
97307
908215
588707
692306
588707
379474
936015
408020
485112
821186
425035
657067
425035
715633
263991
54481
560198
732172
231159
-1
713562
830229
882170
-1
435203
-1
760949
564161
870802
564161
812342
840110
620132
840110
812342
122435
715633
-1
433482
651555
263630
408120
746909
564161
129010
981850
594525
-1
588707
948195
588707
-1
398733
-1
551080
966684
410115
215318
-1
651572
-1
342866
379474
125920
-1
263120
322269
435693
114349
477627
114349
988485
297510
967130
715794
753031
792696
272616
792696
753031
582465
732987
512025
248893
-1
779116
482880
746587
370539
296049
370539
560161
189199
92384
425035
715633
-1
885192
661856
269587
-1
300848
-1
202875
-1
620442
578402
620442
-1
19702
399661
548847
399661
249910
150301
399710
302529
994850
230844
56049
230844
-1
12745
274181
534698
640518
91670
-1
379474
223196
879505
715633
958048
-1
-1
994114
-1
161401
-1
533583
-1
-1
871418
-1
173906
-1
387910
902008
634545
378718
637132
588707
-1
935845
39510
571734
166301
804619
198861
804619
409774
638286
349576
576977
349576
380486
325599
380486
-1
541780
582058
337744
698896
836006
-1
566417
25981
81244
494357
612421
211803
337744
184925
-1
67242
379474
213514
557561
357003
278212
492249
-1
637609
82626
460520
598763
638065
364413
638065
-1
420285
855519
455813
-1
849881
-1
-1
460379
798233
460379
552927
340382
316484
447401
802775
-1
567135
-1
894656
917966
981258
804993
981258
265372
981258
967223
273259
330310
292534
564161
511241
263744
402656
224928
908215
630858
643333
630858
981850
926436
981850
417191
7292
417191
594525
935751
162286
507100
967440
196946
-1
529019
865962
294209
-1
428518
93595
469597
-1
366731
592888
715633
-1
699985
986299
699985
33359
245404
773586
504067
810349
217442
329720
178569
758088
556271
519447
366631
998191
359137
461889
792248
223129
117345
760949
12627
257615
441266
257615
66937
634936
329947
141305
715633
-1
626229
252622
159011
508510
159011
64931
864705
-1
951128
276792
951128
479038
361734
545213
732566
442807
732566
292404
732566
912232
230947
333241
385458
134171
385458
634936
-1
889066
-1
300965
33359
300869
362578
100629
617224
605294
692306
588707
-1
108932
425035
419721
48734
292861
107985
220041
107985
622303
48734
419721
273169
676353
640584
186399
691834
201021
141305
715633
586994
715633
-1
992688
-1
636122
841433
173937
841433
-1
109148
624784
9998
732566
83649
763454
559476
615201
459262
298550
459262
615201
481938
615201
58436
-1
715633
537181
234933
537181
715633
75811
594525
-1
-1
439375
609520
439375
-1
866940
286606
981850
330310
889533
133250
75811
-1
594525
-1
798233
460379
-1
139432
282212
139432
-1
12627
582919
30061
583439
286090
239013
484983
551785
484983
116424
817132
795086
817132
-1
983345
755669
844033
755669
-1
379474
46173
379474
213514
488279
-1
90959
-1
293464
715633
-1
-1
866637
159421
369149
939733
-1
-1
712964
117722
305933
117722
230385
564161
801120
234088
646391
472924
391745
907193
715633
924542
841898
742800
427882
528936
100629
-1
310810
184925
-1
791463
998003
373405
46033
90423
276792
951128
58704
778886
-1
182360
-1
-1
101926
981850
261852
552933
-1
987361
-1
290192
307185
387282
307185
759017
212600
373477
212600
759017
307185
919434
307185
290192
180643
288841
180643
-1
208707
-1
328509
-1
892248
376612
-1
390582
826639
390582
-1
108055
-1
962910
786900
757448
319283
337744
208805
541000
898375
426248
970917
299177
162286
802659
755782
564881
504275
343577
314712
343577
172812
538270
866535
538270
947385
27072
735898
-1
861820
442315
795398
398316
413405
280111
617030
235538
-1
797666
337287
-1
813319
755717
289914
374032
289914
831154
342691
12627
-1
715633
401799
619228
401799
715633
-1
640584
805093
141305
715633
564881
394719
579947
394719
141330
588593
610949
9998
427330
145475
47587
618071
425035
621036
828200
889861
582919
352426
582919
41989
582919
619124
421119
549391
425035
600448
630858
267255
860469
175254
860469
267255
998299
267255
253096
602652
-1
451197
217523
755669
147827
337744
761974
125605
804993
363799
804993
981258
917966
894656
-1
713916
113363
75811
594525
377612
594525
-1
116937
162233
890043
58436
615201
144619
615201
559476
895148
-1
82626
246258
82626
564161
129010
910835
907178
910835
32833
477330
32833
193154
394624
193154
248893
491368
798352
287438
845755
287438
413405
936345
41880
337744
990287
232547
427882
450931
936015
403265
786195
983971
564161
379474
-1
500354
541338
500354
-1
143348
949382
695650
108628
564161
215859
131841
970832
131841
820181
-1
63865
75811
318253
78022
967223
791463
-1
588707
294760
300965
33359
300965
33359
838067
626319
838067
967223
791463
513313
324880
564161
822206
193154
657752
460520
750113
460520
817877
359120
858068
761750
579947
394719
908215
731958
838303
-1
-1
808048
794343
83940
715633
342815
217442
184408
745221
761974
947385
127578
404114
564161
184925
200591
275461
200591
760949
694202
582014
180643
179061
145452
43866
128649
43866
876092
571688
951128
479038
-1
388630
360145
189169
910137
189169
90959
-1
924571
-1
569198
619124
460520
-1
411863
188458
411863
93440
-1
843351
-1
876967
519303
82626
426248
481940
302223
481940
578996
481940
426248
594413
401933
410412
888923
498099
368202
39737
332876
116458
908215
588707
459071
52381
352106
648366
865962
425035
715633
776057
757532
385066
419939
698905
291223
715633
-1
622303
835783
622303
540137
176545
16534
225740
432965
219360
186076
290720
967223
371349
30985
689953
853157
916833
853157
268968
792669
864705
-1
541964
208805
425035
638286
827986
591356
771807
322337
184925
57225
385018
180342
385018
54323
443662
327802
337744
184925
-1
115663
210947
115663
935845
219360
753104
381240
963498
760949
31069
-1
579908
668667
342525
107985
794292
760949
114859
760949
325806
547989
325806
479683
311295
193154
630858
981850
589910
257108
-1
559575
802775
628995
802775
447401
877755
248107
877755
447401
48271
868656
507610
715106
569198
723657
551931
541014
56227
399661
87581
152258
898221
855815
67075
715633
964498
57640
184925
396558
563213
61356
421429
735898
-1
205839
656236
947922
360966
617030
419939
-1
32833
910835
553680
295770
922694
295770
857991
46324
969013
472954
207166
472954
256121
478997
805093
640584
406417
640584
902457
235795
594848
229787
162782
300387
947286
-1
421041
610178
421041
-1
11962
185915
11962
598051
124568
30985
-1
187984
-1
118467
-1
365901
387282
307185
397471
307185
290192
180643
179061
43798
758559
337744
842696
337744
129010
981850
-1
865340
677060
17208
677060
879600
12627
45119
12627
-1
820181
213514
379924
981850
278241
279655
253188
417460
896364
417460
494781
417460
639923
942702
599710
715633
-1
704252
885901
315182
127789
315182
426845
-1
715633
-1
33789
-1
436410
409677
465984
844789
688069
352200
-1
101996
777350
208805
582949
220653
-1
685490
-1
819579
127303
290375
-1
312284
-1
396676
215876
396676
317872
998315
317872
885441
317872
396676
298216
715633
359755
794292
976384
656869
884487
107917
286020
107917
884487
656869
313942
656869
828610
283242
605294
745197
-1
414232
113829
812342
562930
240913
164286
564161
-1
787859
605948
907193
-1
146137
-1
933825
40847
513285
743300
666043
425035
143035
608331
184925
-1
181309
564161
129010
763454
588593
548913
461612
947385
117345
760949
687866
865962
425035
661923
-1
874050
997797
932123
754529
-1
363738
626229
136843
558945
490135
700078
761974
450304
761974
791463
637079
269616
92011
269616
172254
340855
-1
943348
94567
731242
736090
680729
796143
731242
528936
24129
365650
449453
365650
933789
337744
329098
337744
184925
167347
609418
167347
776682
337744
667536
337744
859482
123304
602913
123304
859482
760949
159011
754690
637423
162286
817132
116424
912941
860869
75766
981850
724306
12627
746011
12627
-1
530184
812885
863120
812885
530184
122329
425035
715633
100592
384808
564161
396676
999423
396676
683003
5909
51226
294291
884012
294291
51226
663544
881295
328350
292534
912219
316767
565491
149405
481698
458842
481698
880962
481698
886871
101287
886871
481698
2013
150085
2013
675943
194621
760632
888540
372987
956520
372987
843185
599732
779029
599732
715633
450057
715633
-1
532745
-1
900449
-1
702730
114772
599104
801382
-1
743735
674347
962604
419946
181629
87353
760632
738875
529962
738875
777747
715794
967130
330310
292534
564161
844033
755669
-1
173947
-1
110245
266070
110245
472200
411167
763454
715633
-1
975604
315790
-1
451355
868656
48271
559575
-1
492787
-1
74018
594525
977720
248893
715106
507610
157535
507610
1052
733156
103800
312979
785702
373404
785702
-1
259217
798352
947423
492249
-1
679158
-1
892067
628995
802775
861196
921018
844999
561837
141527
200120
-1
987467
-1
158535
172607
376612
514506
376612
617992
376612
621216
543857
605294
745197
438882
745197
193154
52381
352106
455813
328830
455813
487366
455813
-1
981258
404339
179061
43798
-1
-1
694131
-1
451245
637387
325741
99746
359793
99746
325741
224989
799707
60571
917552
992346
374429
598070
745584
158418
771381
675042
792696
206756
792696
753031
715794
968960
706202
968960
715794
967130
830229
908546
830229
713562
773017
713562
891810
713562
81955
592815
81955
184925
-1
778717
750902
981258
917966
894656
448493
-1
879633
621216
476062
410115
-1
678692
143251
316482
-1
925456
509114
925456
190697
724196
190697
925456
394719
730215
394719
227728
394719
566196
-1
30985
129010
12627
575145
-1
267757
602652
542139
715633
87572
436976
799147
100535
337744
561400
723657
125805
916836
12627
231741
863747
231741
215189
446906
660703
182950
425035
381403
245809
381403
270902
861196
303974
895530
310554
580067
985932
972291
-1
809987
-1
715633
300177
715633
694479
388228
763454
715633
268925
252622
626229
981850
390582
-1
707145
-1
718156
219360
967223
216063
379474
255661
827264
564161
-1
667395
225122
841326
337744
191454
337744
281480
855519
455813
291391
691710
796862
723037
230385
538819
247676
538819
230385
-1
346942
319653
749777
22866
749777
-1
43354
499541
522446
760949
12627
-1
471445
-1
563213
-1
930716
-1
76579
-1
42602
720572
42602
325599
380486
385018
888540
417118
656748
110519
763454
-1
-1
322337
703904
528634
342866
722360
605948
897089
605948
129010
713916
636122
148080
731659
148080
232445
148080
357003
562171
357003
278212
292534
221911
342949
-1
295954
-1
741521
-1
890043
712308
241353
406549
819235
365083
881075
391548
759087
-1
464986
841301
740163
841301
464986
284063
51226
229787
368189
942653
578402
322337
385066
707652
385066
541964
199049
312979
962249
36069
962249
564161
508588
562173
633264
180643
722479
180643
670849
180643
109148
-1
342396
343187
152169
827621
508068
827621
152169
527206
628226
527206
855815
981850
594525
-1
-1
848862
14529
695339
-1
332724
499521
325697
349576
193799
594828
850848
594828
193799
349576
380486
-1
403783
755669
450540
583439
652362
337744
703909
40672
388630
-1
659876
264081
-1
652958
691855
652958
533552
880550
404955
715633
426380
290720
967223
551361
151431
551361
192103
904040
786195
666043
876593
666043
997225
679621
997225
666043
743300
-1
994101
-1
950381
652132
230844
482079
778717
-1
439183
-1
275590
230272
638431
995384
481938
615201
559476
763454
564161
-1
522446
499541
786195
855815
382020
380978
112262
498713
706970
465984
967223
791463
343702
791463
-1
791145
-1
469222
67242
865315
67242
379474
831208
952374
675042
436976
582395
436976
617224
116576
791463
112262
213514
925342
672484
194973
3491
-1
907892
626347
907892
40927
907892
136792
50457
165576
425035
715633
-1
10339
922610
776478
922610
605294
366675
264440
366675
605294
62217
142734
62217
605294
239937
889533
637931
807864
995799
807864
776978
807864
174232
457418
174232
289515
211118
953467
766419
328557
635180
854754
268024
427882
125605
412423
997876
412423
437469
893449
437469
412423
125605
33925
125605
-1
-1
166637
750902
907193
715633
421429
374731
431966
564161
129010
695437
410115
332876
3491
588078
867616
588078
125100
163808
651904
75811
594525
-1
126525
657452
101892
978889
-1
2462
-1
377251
803530
599143
803530
843351
889533
133250
913032
133250
660071
189881
889493
874525
373880
24166
191867
403783
920231
403783
255253
403783
-1
-1
300387
847786
988167
332876
3491
490570
149405
481698
-1
450540
666043
564161
939496
129010
484983
262990
563325
843351
560074
525596
-1
563985
-1
54428
75811
594525
541011
-1
455813
862591
123757
465984
634936
-1
430541
879633
621216
798584
225931
798584
376612
755469
795773
755469
118897
106450
632542
528392
131349
309064
131349
129010
981850
594525
-1
279396
723657
551931
838067
967223
928017
40391
618346
817339
174232
199727
231159
579098
134807
290375
715633
-1
712781
6939
475373
581475
64956
581475
621699
581475
955519
581475
395790
565491
740196
565491
-1
186865
129010
981850
594525
745197
193154
-1
44796
455813
-1
480441
90062
480441
97366
199727
42182
944262
907892
673851
298850
93705
298850
866298
925647
684216
724042
-1
-1
332385
-1
105235
-1
-1
715633
301173
715633
-1
910878
-1
101287
862732
999413
107341
999413
476062
-1
860934
856894
549961
575145
-1
365901
383969
913685
383969
365901
778429
976876
786195
855815
801382
410362
511510
445134
916494
717256
761414
129010
295075
760949
-1
925342
-1
341822
-1
182950
312520
13220
469222
636122
78019
915628
78019
256960
533583
-1
866118
-1
390886
651783
133062
337744
804619
769620
12627
-1
-1
188769
836861
777299
907193
309267
564161
505495
769019
-1
180674
-1
425035
249802
328509
905388
12627
895148
337744
921919
349791
69302
288085
41880
161610
494283
695698
494283
161610
501168
161610
404438
16738
928499
178211
700078
351427
173937
229787
684599
229787
920646
-1
177683
647721
931109
528936
143251
935312
-1
261795
121144
399710
581475
683424
997797
368621
997797
272060
544614
476231
-1
75811
594525
278212
292534
470319
439473
693927
978168
693927
394896
945568
546910
193154
370872
715633
245747
715633
921919
314392
921919
869696
384278
639208
888982
-1
332876
3491
441492
856894
42820
367836
511907
284556
499541
201176
936667
236576
977637
236576
616845
451778
616845
718567
331353
760632
888540
676752
759290
513839
796143
61555
-1
447657
-1
96376
-1
-1
977720
248893
599201
9999
-1
963254
107520
963254
745221
155945
749777
323274
749777
425035
772048
642994
772048
-1
199164
-1
362233
925342
158698
-1
835026
798489
456074
968960
269929
221363
269929
968960
816325
560422
188285
817842
465984
967223
174382
739636
427882
582100
427882
528936
215189
299784
528829
-1
259396
443255
-1
379010
787000
129010
419423
873971
419423
129010
31683
161401
639923
124716
703773
264729
230385
865962
358996
625052
358996
865962
564161
129010
981850
497062
715633
542139
628995
802775
212600
754529
408149
754529
378467
469888
981999
56531
981999
892246
300558
-1
-1
-1
892844
993004
-1
796143
816527
240913
164286
564161
-1
161610
829806
715633
-1
402176
33917
533552
12920
346223
51401
-1
516330
-1
909674
221053
909674
699985
-1
95001
307931
564161
129010
981850
208805
63551
208805
423859
425035
715633
630858
346942
283035
81779
250883
699219
190319
699219
250883
564161
942170
799099
567125
440527
567125
366654
315504
-1
594525
194109
339541
194109
594525
-1
333241
838729
333241
442315
492249
771807
715633
697897
627290
533583
-1
624161
910261
108628
436273
300387
820516
300387
65307
981850
594525
141305
969264
141305
715633
691793
-1
160458
-1
918427
645715
918427
598340
918427
765514
527339
765514
459359
801106
888237
133652
-1
598503
887286
637166
234933
913617
234933
537181
234891
491718
501574
476231
-1
582100
427882
528936
837151
549173
837151
949245
-1
802596
-1
972731
807070
972731
273627
484983
120896
484983
-1
981850
138935
311298
-1
463320
186899
463320
533900
14463
541633
100046
64747
-1
118983
859268
577935
598051
7292
460520
448525
27626
-1
273259
738875
760632
888540
733156
773729
876164
999873
425077
399661
754529
12627
-1
425035
376612
547001
376612
981850
741521
-1
704076
-1
204657
541964
751447
877449
745410
248893
-1
390886
337744
184925
998602
928640
423859
425035
197201
411378
146332
411378
598703
12920
570408
51263
462646
35030
654289
215452
193154
252997
445134
916494
506985
658494
506985
916494
325922
-1
107985
794292
231544
476231
472954
969013
521068
969013
46324
480905
46324
886507
637166
-1
466070
-1
564161
129010
981850
594525
319653
232996
613631
423859
425035
801671
-1
244198
582999
588707
177583
588707
396676
573492
-1
577482
693242
337744
184637
337744
924409
697007
338867
322337
714094
472954
650463
472954
630867
966138
564161
867790
102628
975640
102628
867790
564161
129010
981850
247826
981850
586694
981850
169759
981850
206425
317872
274213
227633
929372
227633
274213
411167
774283
744630
14463
193154
248893
78019
364830
780558
344014
780558
66791
780558
364830
78019
140875
129010
812342
383761
-1
444115
201886
444115
184925
925677
81237
426899
564161
129010
881225
136519
577935
598051
-1
702546
412332
395156
866535
587786
583148
299930
292534
564161
129010
757758
129010
981850
640746
690894
-1
923308
-1
621216
-1
928489
337744
374006
129010
981850
594525
971249
879039
192326
879039
971249
594525
877207
740288
877207
663596
404955
-1
382020
54951
950986
670626
460520
-1
223580
597866
805274
881633
870448
962249
656748
110519
342396
820181
88673
820181
594525
-1
348979
92011
269616
230385
24941
230385
637889
230385
443164
230385
-1
395963
133250
973194
133250
5960
838434
966000
133727
105363
623535
105363
427882
744834
506179
744834
630017
744834
427882
528936
100629
294736
100629
755854
986508
624031
271645
904983
500328
22803
823985
22803
568820
803530
-1
173889
981850
-1
228933
700120
849881
-1
551785
229892
193030
540021
403783
755669
623086
75811
594525
787859
61356
915594
171723
628448
689291
750113
460520
-1
956609
814422
460520
-1
930388
942960
507100
230385
798096
78318
425035
258933
498713
884330
175732
342396
820181
388059
617030
329947
107785
85170
730637
85170
107785
723277
816207
981850
746674
763454
715633
-1
-1
343577
504275
162782
584324
300750
680290
366421
633497
366421
917552
337744
184925
-1
519023
564161
129010
981850
964136
981850
594525
568268
-1
878872
-1
484089
928017
183562
797173
408120
203051
907193
715633
197201
633773
842561
633773
197201
57143
197201
425035
349969
425035
228841
236576
888540
-1
133069
-1
201646
30923
201646
129010
816422
279877
816422
17208
921572
423859
376612
16735
289368
564161
743883
455813
193154
707549
193154
248893
630858
981850
633882
981850
123757
410115
303986
410115
158523
737961
776918
935312
-1
594525
-1
656748
902120
656748
425035
715633
264729
337287
157052
337287
329443
425035
715633
289902
715633
-1
773586
750437
773586
962910
786900
757448
319283
529019
261609
76166
928868
908215
588707
289809
588707
-1
516507
560406
516507
399710
234933
385400
234933
675952
362865
544924
541964
278862
54323
450540
410587
450540
337744
184925
261486
389703
717256
971115
760949
227431
230385
564161
129010
-1
90602
810349
337853
812342
307185
538789
834080
928017
183562
889817
183562
656748
239937
-1
817339
594525
217859
981850
670643
649134
564881
504275
551150
431966
439721
147295
564161
129010
592352
129010
260226
200857
570965
60571
799707
224989
716601
224989
609418
282763
425035
755669
446742
755669
528936
-1
243555
-1
317853
564161
40452
756076
292534
177001
896233
224409
896233
41990
90585
481288
292534
541964
137978
675943
583194
745110
583194
785563
902777
785563
-1
928833
-1
619603
-1
951128
479038
541964
270288
541964
924618
404956
956080
567614
240786
997876
412423
290151
412423
125605
-1
350914
463169
350914
581475
-1
347807
686112
43422
686112
347807
76229
382020
380978
38208
235795
594848
843351
-1
582919
625725
-1
810349
217442
535962
217442
174428
217442
734202
360966
425035
947385
403783
755669
-1
608157
865962
715633
780133
29991
602652
-1
757611
-1
557561
219360
981850
594525
-1
148080
7838
470871
716597
470871
153010
499541
43354
615585
322006
786195
826854
892246
308898
892246
545213
234891
767187
779086
967801
779086
978168
865962
798096
373315
798096
325438
618346
-1
-1
427474
543496
804164
543496
427474
544590
36612
295153
609718
347421
803959
912232
329057
72970
506724
-1
956963
-1
129010
316482
841898
924542
848982
898966
848982
817339
618346
928714
437122
366410
437122
955733
-1
841086
827456
765097
827456
501165
827456
41398
746683
715633
673096
215452
855519
230385
898359
30309
898359
230385
337744
202765
525971
202765
524780
202765
877938
662825
129010
981850
371474
981850
564161
737692
630858
981850
-1
113233
-1
-1
656306
191980
656306
564161
129010
91512
952286
91512
455813
426211
-1
529019
42602
513839
891183
294823
555439
981395
135956
404955
831208
952374
388990
594525
594525
638286
379912
270902
939750
755669
213514
86683
297391
86683
176789
149021
246258
82626
426248
594413
8606
594413
557268
839690
934868
858746
292534
564161
129010
74004
129010
677040
129010
981850
549173
837151
528936
100629
426854
736271
426854
100629
-1
826717
268407
463592
268407
826717
191911
807479
191911
763454
715633
-1
273413
373477
212600
776256
212600
759017
307185
927726
203797
378718
-1
523954
248893
366631
79104
559666
917760
432965
423859
968903
404105
213991
-1
-1
309351
684790
222723
684790
956609
466632
588707
612931
679148
967223
-1
720080
745504
720080
-1
853118
839690
905234
966862
-1
300177
337676
300177
715633
402657
715633
-1
967130
453133
111419
843351
444745
379474
715633
-1
794109
-1
905594
126
905594
447776
-1
141305
412339
595671
412339
12627
700078
761974
125605
-1
502386
-1
716953
886507
172125
82691
532085
420285
997546
889493
173706
138491
455067
786500
476092
786500
455067
426380
756037
426380
344725
363208
693948
569623
515668
365901
52648
51226
259828
51226
772801
51226
714094
231741
706413
231741
949449
597866
998328
130195
997797
827264
819160
207572
247364
207572
700078
704263
120254
704263
700078
779696
700078
761974
-1
717256
651957
303964
651957
870329
257004
760949
-1
370790
432749
460520
701902
888540
252269
-1
425035
184925
719331
-1
391779
921050
286117
35223
317872
917552
652579
917552
337744
184925
815804
184925
-1
856894
549961
715633
734261
715633
782543
317872
998077
121184
998077
217501
998077
951128
511241
674347
741203
697248
741203
838067
443904
907745
193154
248893
877938
210918
822536
210918
2013
700078
486916
420247
486916
925379
998665
925379
274683
157295
144178
38311
560198
732172
507100
230385
294113
891481
508588
318694
508588
947385
-1
545213
501241
462183
501241
638492
175542
802775
822206
50677
822206
393132
252269
-1
739210
-1
107425
207880
107425
750902
292534
376592
90939
-1
651281
215616
564161
583349
715633
-1
288624
330310
292534
564161
129010
981850
594525
905537
332876
3491
966635
931086
966635
208495
994838
47449
994838
27463
470030
-1
102374
719094
392502
884037
-1
355961
-1
322596
888540
-1
-1
235795
40263
235795
510293
261765
510293
488732
215157
150475
163505
208805
9808
358414
9808
393790
82626
933587
82626
426248
755572
290375
187357
290375
-1
888540
276348
323749
276348
756668
598503
564161
129010
981850
788036
981850
594525
-1
856996
980550
275687
134859
755669
-1
816422
742129
482531
443663
89648
443663
98398
706122
661776
715633
666868
715633
-1
426899
542702
845233
560527
582919
22226
208805
425035
11770
425035
715633
-1
907152
267559
572929
956639
146332
-1
512247
964613
896676
964613
512247
788036
745583
407149
676566
407149
951128
615201
559476
763454
223043
46324
857991
564161
477629
51770
814354
292534
907193
715633
299298
715633
561234
715633
-1
786500
323695
332876
382096
261279
658899
547141
290562
547141
167309
360279
180715
504389
180715
924618
179763
924618
541964
715633
-1
879600
550326
705794
756401
276348
920231
403783
755669
-1
378064
-1
-1
718096
-1
341235
978181
40990
2853
419939
593490
419939
299284
436410
189199
325248
164505
242929
164505
407272
594525
39338
594525
-1
377681
228371
377681
885162
881225
125605
841899
-1
371349
300387
847786
181309
564161
129010
981850
489310
359185
755669
332876
499541
196946
196132
196946
798344
31612
798344
773339
798344
633039
