588707
-1
-1
-1
-1
-1
588707
188285
-1
935312
588707
-1
12627
-1
257796
-1
-1
12627
-1
575145
-1
257796
-1
184925
337744
588707
-1
-1
248893
399295
248893
-1
703940
-1
588707
273413
588707
12627
588707
-1
-1
594525
981850
630858
-1
715633
425035
423859
425035
-1
989630
-1
342949
425035
715633
141305
-1
380486
12627
-1
248893
-1
588707
908215
588707
-1
588707
779191
248893
-1
257796
-1
365901
-1
337744
895148
337744
-1
-1
916823
588707
-1
-1
188285
691827
380486
248893
423859
425035
715633
895148
337744
-1
623892
576428
588707
248893
425035
141305
715633
