-1
-1
-1
-1
-1
21560
-1
-1
-1
6264
-1
-1
-1
-1
-1
-1
-1
-1
-1
-1
-1
-1
-1
-1
-1
-1
-1
-1
-1
-1
-1
26169
-1
4497
-1
-1
-1
21825
-1
-1
-1
-1
-1
-1
-1
-1
-1
-1
-1
6458
-1
24341
17995
29263
-1
-1
10715
-1
1224
-1
25182
29308
11477
16493
-1
5902
5560
-1
23541
6597
17966
6188
-1
6264
-1
-1
-1
-1
-1
-1
-1
-1
21337
20268
20560
-1
6375
-1
29976
25359
-1
16290
-1
-1
-1
-1
-1
2562
13052
2925
6395
20378
16732
7891
10980
872
5754
15211
2345
9395
21353
23566
26367
-1
2562
3873
5353
25862
16590
24262
5529
13494
18735
9307
7407
26386
5314
3443
21310
26205
-1
11330
13822
11378
22459
5160
25342
19245
29638
23410
10343
1486
23875
12479
19806
7489
20088
24202
4801
11330
8596
5854
371
22983
19724
350
8876
19445
29470
996
7093
1891
18613
5384
23712
3892
8427
24028
22637
25462
2156
7093
20652
-1
18142
-1
28766
-1
-1
-1
-1
-1
29442
-1
7085
-1
22637
17893
22097
24693
6372
-1
-1
6296
-1
-1
10259
19104
4231
-1
-1
4890
14448
-1
10156
25337
-1
29147
-1
-1
-1
20378
9859
6857
7591
10347
-1
27266
335
13354
9431
-1
-1
26017
-1
-1
-1
19461
19727
27885
4123
17200
4425
22097
19461
14164
23566
20140
23803
910
28858
5197
17814
24285
4839
28240
318
4194
5829
6296
910
19845
1764
4796
11497
20655
1526
26738
17700
15065
29470
29908
25160
7348
6724
18164
-1
-1
-1
-1
26661
24028
-1
9236
19727
10597
335
25853
-1
-1
13822
15951
19104
-1
9590
1623
9274
9302
8712
22772
6905
27943
3734
15951
5658
22772
7118
6698
15742
20975
25975
13815
63
16687
2925
14919
9862
17887
23044
10555
26367
2925
-1
20053
28819
-1
10316
1767
24693
15029
6092
21930
26738
27609
6375
10555
25181
28592
1268
11768
9726
6395
23566
10580
26741
4835
21542
229
23883
13630
24202
15933
11403
7867
24715
6027
3443
28314
1764
16014
25342
3734
8128
9484
3662
11417
9383
28886
10644
3462
11496
13713
25587
5817
6857
27603
21505
28281
14989
3395
22459
7244
27355
17856
23410
1268
28518
25642
2219
10205
6191
7867
20652
6375
5754
15536
10259
9347
28110
8876
10553
10035
11364
4835
5529
1977
14143
17861
18032
6769
18834
-1
-1
-1
-1
-1
-1
-1
-1
-1
-1
4977
-1
-1
-1
11217
-1
13588
-1
-1
-1
-1
-1
-1
-1
-1
556
5698
-1
7469
-1
10662
13743
-1
-1
-1
24184
-1
27795
-1
-1
-1
-1
-1
-1
-1
29723
7590
6248
20801
-1
24287
8715
24543
-1
28312
-1
556
-1
-1
29719
-1
5361
25136
-1
2848
25087
13892
-1
-1
5361
-1
-1
-1
-1
-1
-1
-1
-1
3426
12197
6176
-1
11890
-1
12659
19075
12561
1171
-1
-1
9341
-1
-1
-1
-1
-1
20522
-1
19447
-1
5407
18206
3498
-1
3032
3519
-1
-1
14956
19447
-1
6217
22386
4998
19148
848
-1
21373
8499
25876
11128
25853
6908
20773
2588
1006
28618
10156
28172
17779
15438
1104
1027
9498
1663
23284
11417
22388
2156
9934
11933
1397
8968
16529
17931
10902
27142
18641
17312
21210
21322
2156
-1
14919
22278
872
-1
18206
5426
20343
23928
18142
16713
15213
10265
27817
17676
18696
-1
26900
19165
28792
3553
7316
4835
12509
304
16528
2619
11575
15893
16856
6248
9349
6905
20701
6769
15951
17856
16192
6485
23136
27763
15101
4194
12084
11745
7316
-1
-1
-1
28208
-1
19136
-1
-1
-1
-1
16750
-1
19136
23860
-1
-1
13089
-1
-1
-1
6905
6857
-1
3662
24801
-1
29554
-1
-1
-1
8689
-1
7316
29554
262
10725
-1
7407
22097
-1
2830
6423
11033
-1
4123
4953
14305
18330
2267
7407
-1
2839
16732
9674
6880
29970
28474
9718
872
18091
1769
-1
12050
20367
2112
11716
4123
14246
24541
23883
28314
26718
4194
24447
26661
13196
27901
23284
3544
5160
2722
9215
21542
4813
25853
3142
13815
27943
19238
18736
7041
4121
2925
21184
16962
15919
-1
-1
-1
-1
-1
10047
3010
-1
18328
6955
-1
18575
8143
5750
-1
-1
28557
21953
7856
6880
1764
-1
17701
26833
-1
8876
-1
16940
15933
27682
9302
3616
15445
2562
9578
12084
10141
13731
580
6905
5425
15372
28863
16678
15581
9726
4340
9590
5636
29500
17200
3550
-1
1397
-1
-1
13411
14055
9674
22526
28240
21072
13880
3627
11490
-1
10197
1486
5047
25526
28320
6264
28557
580
5658
4194
16687
26188
7389
1470
1590
12800
8968
6905
23566
10141
28518
23094
25938
18982
6027
910
10047
13479
5610
21825
4194
11768
22910
8797
5817
10920
6497
4953
9718
22546
20388
2522
26833
19799
17700
3076
6857
8797
1065
3662
11676
6373
8186
1924
14169
24977
22929
14430
24616
26730
14572
16713
25222
8128
1939
7389
7041
16529
9302
17721
25300
14989
15933
27411
4154
26188
4895
1939
23928
6375
28240
11961
5456
7693
11075
27045
795
19104
22566
24565
9674
10555
27266
9718
11769
10644
13354
19804
9862
3064
29308
10848
8376
12675
24693
17676
24679
28518
6375
4230
304
12015
2089
3841
14471
2345
20706
19804
25876
26686
20085
16962
10316
11942
10998
22158
11769
4648
18710
3076
5425
5613
580
19680
5849
-1
-1
-1
-1
-1
-1
-1
-1
-1
-1
-1
-1
-1
8563
-1
-1
-1
-1
-1
22987
-1
17324
-1
3505
-1
-1
-1
-1
25539
-1
8374
25159
18192
-1
-1
9335
-1
-1
-1
-1
-1
12834
-1
28955
7524
-1
-1
19683
-1
28995
-1
-1
17562
11230
28738
6603
-1
3141
-1
-1
7400
28995
-1
20734
-1
4973
-1
-1
-1
-1
14206
29415
11960
8234
-1
-1
18060
-1
14206
5020
11129
20842
-1
29074
20331
-1
-1
-1
-1
28158
-1
22257
-1
-1
24389
-1
-1
-1
-1
25783
17795
-1
25247
12164
27526
676
-1
-1
8613
18726
-1
24085
13365
15511
4209
944
20786
14392
11389
190
19406
4296
9936
17715
16812
1908
-1
24457
5585
-1
12907
23291
3141
24023
21467
11088
1760
18500
5787
19331
23496
12265
3800
19160
7364
6615
7259
24416
24345
21307
17801
27392
25068
29660
28018
5107
16979
9472
14206
28888
17715
7524
15356
21822
463
23517
5175
12898
14974
21164
-1
4973
15484
28760
22605
18012
8563
1648
29249
13433
29744
15349
15356
12394
23517
29503
17707
9339
8723
17591
19154
12709
13686
12667
168
3674
-1
-1
-1
-1
-1
-1
-1
-1
-1
-1
7247
-1
28183
-1
12724
10847
-1
-1
-1
-1
16575
-1
7079
-1
4086
14587
12907
1648
19154
22273
13649
14965
25655
-1
24117
27778
13766
22572
25752
24682
-1
23617
-1
-1
27595
7247
4086
-1
17801
800
8949
29735
19053
15017
25410
22521
25346
17111
11207
24862
25787
13309
5566
14800
691
22521
13580
23880
14175
18905
6699
3786
19331
11389
7624
2166
27882
5668
18726
16712
22034
9281
2709
2386
16786
14119
6840
1129
25839
19160
23536
8864
3505
16291
6443
28957
29307
-1
-1
26271
-1
2521
-1
-1
22379
-1
-1
19934
3262
2321
18289
-1
3865
-1
-1
27637
1555
23910
268
12759
3350
8425
11164
-1
26824
6244
268
15139
13197
13301
1648
1517
29485
24269
29918
28992
10415
12677
21307
28760
3191
3019
28955
24020
23152
1953
17476
14410
20961
29485
16531
190
18517
7245
-1
-1
-1
2648
23890
16812
20432
24085
26119
5725
11088
23137
20474
3191
29137
16575
25749
16624
4254
21417
8723
24389
16786
5197
26738
25478
23283
21982
4743
13970
25539
28760
16529
10343
21642
28960
11257
4123
3116
8596
4100
17616
5019
16910
10226
24732
17750
3502
24528
10798
17384
12438
9966
29490
2938
22825
29638
25077
19671
7003
26522
6840
9024
599
6086
29147
14919
11129
24262
24249
4796
7093
2112
6857
22888
-1
20706
28240
28314
8128
21770
22363
24759
25938
2806
14537
21121
7118
9434
23690
21164
21219
13347
585
1977
19309
17739
9859
9302
13880
18330
10841
3544
3382
7856
-1
-1
-1
-1
-1
-1
-1
-1
-1
-1
-1
-1
-1
-1
27870
-1
-1
-1
-1
-1
-1
-1
16006
1915
-1
-1
-1
-1
24134
23022
-1
-1
-1
-1
23022
-1
-1
22565
-1
-1
16317
-1
-1
-1
-1
-1
-1
8101
-1
18890
29493
10497
8872
-1
7703
-1
-1
-1
-1
4405
27683
16003
23443
-1
18838
14100
-1
17362
17756
14780
-1
17061
18541
19772
18651
6046
-1
20726
-1
2759
28139
-1
-1
-1
16514
20834
12451
-1
15470
1649
246
-1
8474
18838
15324
12678
-1
20660
-1
19105
-1
-1
-1
-1
-1
28278
-1
13740
-1
-1
-1
-1
-1
-1
2721
-1
-1
28218
-1
10067
13572
21611
3242
11433
18651
-1
3058
9024
13403
-1
20332
4810
1603
4154
27425
19105
22577
26332
17804
25908
13601
4953
318
19402
24526
11417
21495
8092
26250
-1
19445
16556
-1
21337
1856
3603
12479
12216
-1
28110
11485
27166
335
7693
19445
25337
2950
19035
23883
20652
-1
3873
7591
19309
11539
24134
1370
14417
10701
2487
6724
9274
27950
26614
7052
1526
20706
2487
19114
28274
11942
9433
27703
24304
19772
12693
12360
6724
20499
24685
14393
2722
17312
25581
108
11676
3487
23296
26386
18547
20834
8186
7157
10329
-1
-1
-1
-1
-1
-1
-1
-1
-1
-1
1746
12015
-1
-1
-1
2754
-1
-1
-1
-1
-1
-1
5029
-1
-1
-1
24154
22360
-1
-1
17926
-1
-1
-1
-1
25853
11182
7002
-1
18433
16899
9349
4911
-1
-1
28388
-1
-1
28377
-1
-1
-1
-1
2864
21012
16578
21337
11182
1774
6857
14037
-1
24262
16041
24665
21012
28240
20964
12895
25194
11417
6989
26180
15742
209
15700
5736
1049
4134
17895
23005
10433
21072
29911
22363
7867
5856
29490
11991
7316
2612
25897
25587
29746
10644
29308
4118
26623
27166
13479
7119
27411
318
5849
-1
-1
-1
12635
26522
10333
-1
1810
-1
26738
5823
-1
13678
12590
28233
9280
24502
6671
28233
-1
9590
-1
-1
3627
6296
5750
16091
24679
26398
371
5088
6376
18422
16940
9859
20606
3892
10477
18016
7002
6497
24242
15935
7118
-1
4404
1224
15429
26325
20606
996
3662
1481
4404
25058
8813
1450
17321
-1
15211
24028
5456
28592
17995
26980
11768
27885
20547
318
-1
22097
3443
28368
6219
27266
7481
11123
13051
21972
1065
5727
21825
25108
19165
16578
17721
6423
4230
13147
23416
10338
11769
1370
20460
23712
5190
25108
28593
26557
11716
15101
10095
26738
13105
14393
22772
29908
20320
26900
1397
585
8186
23928
25462
13934
8080
3395
371
2938
10841
26344
25754
6724
-1
10684
3378
22983
24028
28792
1325
5047
7693
26718
15742
25881
11378
-1
7489
8673
6814
-1
15698
1769
1891
3064
6894
4123
-1
7291
-1
13494
25881
22144
7093
5529
28377
29147
9248
27289
12675
11364
7118
29333
26833
7316
1481
10477
16828
21567
9226
22637
3961
-1
29333
19086
5560
3873
9726
26319
5658
25876
7675
25581
3306
24685
9248
-1
22144
27609
26661
63
5613
4121
17995
1891
23690
2115
27499
16108
20341
3378
25876
20085
12863
26522
14299
26557
28819
6597
2562
19461
9094
2864
3306
522
5075
18142
27132
4582
4346
19951
7442
21542
2219
749
22459
7844
25897
24879
15700
335
26648
24242
24616
522
10597
13347
15536
24502
22546
-1
20499
21600
22825
-1
3462
8143
22637
19225
24341
1924
21943
7316
10597
14989
-1
16962
21337
23094
1967
20975
8813
2089
14471
10851
14471
2458
795
2881
22546
14105
22658
29267
3892
25222
-1
18942
22658
5988
10156
29500
12551
27411
26386
13051
3395
1397
7844
19445
9349
8080
19245
26648
25337
28110
7093
6164
22983
28680
12590
1450
12551
23928
13479
16573
17701
-1
5101
2479
26205
21638
6724
5758
14919
15101
21825
15065
22658
6910
10228
22360
4118
1771
16290
26820
9484
19463
24202
24972
-1
23094
12479
20701
11925
4813
7809
16590
13880
3076
20367
21172
20085
5356
-1
-1
-1
-1
-1
-1
-1
-1
-1
-1
-1
-1
-1
-1
-1
19286
-1
-1
-1
-1
-1
-1
-1
-1
-1
-1
-1
-1
-1
17820
21656
-1
-1
10310
-1
1202
11159
8900
-1
16718
-1
-1
21741
-1
25312
77
-1
25116
-1
1393
-1
509
-1
4135
27063
13883
-1
14500
-1
22217
2126
21423
21102
-1
23573
-1
12261
16718
7328
15953
-1
8684
4954
-1
-1
3155
3980
4893
28812
2922
-1
-1
8509
-1
1036
-1
19545
-1
-1
-1
-1
-1
8705
-1
-1
-1
17797
28169
27692
23853
-1
-1
-1
-1
-1
9915
9760
-1
21937
2117
742
1120
16715
27727
-1
27576
23692
4135
2380
10301
-1
28733
3981
855
11141
18669
10000
9350
20000
8888
23722
27544
7069
-1
16718
-1
23029
16658
5378
111
11263
25633
21608
1358
27197
17945
19335
1534
23767
9048
23355
1534
28824
24916
14005
23573
26539
20166
26094
16512
25784
26539
27419
18352
15647
14367
29316
19064
10964
7904
29567
7722
27065
20594
17513
21937
4019
23741
23988
28463
28254
15303
17292
17463
15995
25633
22969
24142
22893
396
19556
10570
25697
-1
-1
-1
-1
-1
-1
-1
16583
-1
23988
-1
-1
-1
-1
28072
-1
-1
-1
28687
994
23336
28641
-1
-1
-1
-1
-1
-1
-1
-1
3622
29706
23336
18865
1155
-1
-1
29822
19914
17160
6145
9155
9375
18080
-1
-1
17810
23266
-1
-1
-1
-1
23166
8560
18439
14181
7514
20489
18439
18536
802
11773
4642
27173
19889
14367
7720
7838
1848
20489
11773
-1
17558
3726
13114
15388
24610
16735
23038
954
-1
808
17114
29662
23215
27800
16984
1580
7898
16141
9915
27800
12707
1881
27855
8705
2448
7774
19543
23573
13096
6152
256
18805
-1
9270
29925
29187
-1
-1
25941
14367
16390
15286
24087
-1
2448
6536
26891
17292
10457
1794
2138
23030
8460
20045
8502
17486
14852
-1
2874
17389
19010
4011
3980
23741
27197
5587
14644
15637
22947
1322
25138
25186
24908
2448
21818
8560
22007
14179
6716
8509
9367
11040
28370
9760
16289
28463
742
24669
24908
23215
1674
2482
8697
24461
791
29959
10933
11848
6152
7868
28157
21656
15734
658
1295
25384
9298
3390
18232
15770
10206
10933
16252
17866
5140
24232
19681
14431
26464
9187
16994
21258
5679
22201
19729
8836
26722
14900
23030
4035
18948
880
20592
13096
26187
22073
29914
4048
14606
19288
15099
15258
2697
21083
9538
29925
6716
1008
22820
13394
27161
8983
5587
23215
27173
12019
27536
9201
2727
6886
13720
-1
9201
19773
17846
2408
9482
9375
912
1358
3120
3509
28285
11773
8601
10673
22947
3543
1848
21759
23471
28141
-1
-1
-1
-1
-1
11829
-1
26474
-1
-1
-1
-1
9355
-1
-1
-1
14888
-1
-1
-1
-1
-1
15051
-1
-1
-1
13209
9321
-1
-1
-1
-1
25477
15057
4363
27175
-1
26474
2811
5943
-1
-1
3651
2760
-1
-1
-1
-1
-1
-1
-1
29088
17523
29088
-1
10250
24470
2706
9599
-1
16087
-1
29473
17090
-1
17090
-1
24470
8743
-1
16146
2174
-1
29127
28906
18786
-1
4276
-1
18242
19554
15317
11700
-1
-1
8743
23380
13707
6190
-1
5226
-1
10692
758
-1
20602
16566
25860
4980
8139
4348
11882
8815
-1
4929
-1
4929
-1
-1
-1
-1
17815
12641
-1
537
-1
-1
-1
-1
5226
3070
21889
21808
28821
-1
14979
17254
17523
10567
-1
-1
29261
-1
22030
4351
15321
20628
14358
15736
27208
20738
7890
7910
22539
-1
4859
1007
16008
213
28207
629
20125
-1
26706
19914
17523
6097
3065
25138
695
21507
15509
11263
11617
4636
1119
8901
18535
5417
23140
25906
982
1483
27417
8969
14644
29127
16536
14845
8899
3552
13393
17168
13257
14979
28254
23336
20592
19947
6226
6652
6098
27777
18990
5494
1358
18785
15652
10949
2559
18334
17269
7774
25879
24430
28127
11912
2396
1848
17160
855
27446
13618
13220
3423
7037
9298
7122
12743
9738
4112
3328
6703
13623
25703
-1
-1
-1
-1
-1
-1
-1
-1
-1
-1
-1
-1
-1
-1
8471
-1
-1
-1
-1
10315
-1
-1
1236
-1
22293
27614
-1
994
13530
-1
-1
25922
6820
-1
-1
26494
20934
-1
5312
2466
18411
6157
19438
-1
15286
-1
22990
1236
25138
-1
-1
-1
16735
-1
1220
-1
-1
-1
15225
5045
-1
23853
16583
15953
14181
-1
11160
3952
4438
5234
9350
6126
13255
5478
8460
6768
22952
-1
8372
20379
29706
23190
10944
18941
21989
25653
6527
912
8836
8460
23821
5378
13231
28641
2448
15734
23451
11244
10000
3708
10570
22996
7427
25310
23947
29289
20154
6527
-1
29706
-1
-1
5216
-1
4939
-1
-1
-1
4666
366
20810
6040
17416
23300
20565
8705
13470
27520
8509
29662
14422
18156
9240
29132
16289
21810
10943
13220
18948
18695
17623
14223
27536
8545
16367
6483
28375
13405
8502
27181
2206
18722
8502
29663
11000
29578
658
23190
17160
27491
29663
3423
23722
26094
15258
23463
-1
12457
11040
18766
25565
-1
-1
10069
28370
25531
11723
4317
7774
9534
28669
24908
4261
17810
14431
11908
18471
22820
6886
-1
18536
26671
25310
27544
24232
111
3766
21759
24860
10376
3328
12313
26722
2840
1741
19681
26059
16189
3911
4048
-1
23166
2269
802
27197
14600
6040
28117
2697
3745
12045
23166
10315
14902
27802
16658
1179
2161
3247
29959
13107
3022
1393
20846
7069
9375
19335
14005
23030
28812
28766
10402
2138
21818
5216
2466
28240
27282
11500
25384
15806
28812
17430
19556
27692
4183
5266
23030
25679
11645
23127
25590
1358
3046
22637
10069
25402
1741
15742
4154
28463
27388
2181
2938
26639
13089
12216
14179
25656
3395
15245
10347
3142
77
1604
7069
23284
977
25938
9226
1393
28592
9298
9307
-1
15065
6373
18834
9538
23934
14261
26980
29442
4648
25300
2925
16940
27603
21656
8503
19245
23928
2161
4835
10316
5443
10553
15742
15742
19245
1939
21638
2038
8900
25342
21505
12863
17721
26741
4293
24977
21690
25045
-1
-1
-1
-1
-1
-1
-1
-1
-1
-1
-1
-1
-1
-1
-1
-1
-1
-1
-1
-1
-1
-1
-1
-1
-1
11647
-1
-1
1668
27858
-1
-1
7523
-1
-1
-1
23197
20506
10562
15576
18616
-1
21917
-1
-1
-1
-1
18631
116
-1
7228
27482
7627
-1
2251
4714
18759
-1
11036
-1
3647
16671
-1
24684
-1
7485
-1
17796
24612
-1
-1
7261
24684
24843
28794
29796
18621
27858
-1
22722
16638
-1
22908
7791
10472
22908
-1
18367
12018
-1
-1
15970
29218
7795
-1
22722
-1
-1
9177
-1
10472
-1
13824
10405
-1
-1
-1
-1
9117
11661
22173
13848
24047
-1
29233
28166
-1
-1
11749
11551
-1
18014
24634
896
12673
-1
20133
-1
18631
29292
15015
20314
-1
-1
11749
21960
25045
3659
16886
3268
18107
23521
-1
23729
26088
13810
21477
19293
-1
27156
-1
13942
-1
19303
3831
7054
16152
1865
9519
7452
28912
23670
7784
5892
27368
1271
27697
16337
9997
3648
14759
17634
3063
6651
14166
22722
10598
23939
9529
13475
6002
6253
22018
28794
17714
14697
18259
18612
15728
6745
18894
26384
10472
21850
26381
3831
9856
16616
26485
4549
25823
13188
14087
14788
4486
22835
5688
10036
12059
23670
17046
24335
6058
10222
23099
21355
23841
21806
4117
6967
15275
7165
15092
-1
-1
-1
-1
-1
-1
-1
-1
-1
-1
-1
-1
-1
-1
-1
5901
-1
-1
7207
-1
-1
-1
-1
-1
-1
29243
-1
-1
-1
-1
28627
29803
4117
-1
-1
4486
9282
29803
27191
-1
-1
17534
6530
20336
28217
26436
4686
-1
28078
16562
17560
15145
-1
283
-1
19188
23694
26088
29443
-1
14873
29610
9400
28715
4725
27191
16174
25823
5071
3648
353
29391
11597
7605
18014
3063
12830
18008
-1
15391
22942
24887
24800
4673
21397
13824
4938
24618
29689
22557
9117
526
5688
21283
24010
10222
7457
8160
6357
27276
28918
1742
3997
8416
8870
28918
24306
11687
29901
24047
5535
17046
517
-1
2353
28711
9221
-1
7544
-1
-1
21664
21469
-1
-1
21127
29443
23962
-1
21713
-1
12468
11770
18612
12018
13213
11597
13484
29243
3429
1991
3264
23995
15917
22589
23099
4148
5963
29803
29143
25637
3934
19187
18350
4725
13806
29108
17046
7609
4673
26078
12453
29233
1657
23197
6498
22681
-1
1318
-1
7248
23670
25170
25949
23936
25985
6763
18775
16720
27555
24684
13909
21127
6061
13909
22468
19611
7605
5754
1092
24659
28673
1524
21448
27078
21129
17796
6054
11661
24183
12404
8210
18330
7449
4038
6399
8092
26017
5101
17739
9856
18799
21738
7317
25940
24328
12360
29147
27740
24438
3206
29911
28858
7078
1742
19951
27145
3837
25213
7591
2458
21900
18458
12360
5529
7856
9484
24782
20825
7085
18478
16530
3837
4801
17701
19516
3268
29442
20795
26661
13185
5055
8657
2925
20101
15029
1924
10036
13105
6033
29147
17589
4154
7523
10343
2795
996
4231
4194
4953
10321
8813
3010
4123
28794
27289
12125
4720
17616
8934
-1
-1
-1
-1
-1
-1
-1
-1
-1
-1
-1
14495
-1
20534
-1
-1
-1
-1
-1
-1
-1
-1
-1
-1
-1
-1
-1
-1
-1
-1
-1
17914
24962
-1
-1
5144
23811
23034
27123
-1
5770
705
25596
-1
-1
-1
27299
4718
17716
-1
-1
-1
-1
-1
20330
27838
9941
18040
8926
12293
1538
-1
26379
23413
-1
-1
17233
-1
13152
25014
24364
-1
24364
1759
28009
17716
-1
-1
14701
4936
-1
11327
1837
22239
7200
25708
20161
19850
-1
24325
28175
11457
26459
-1
29086
8481
27933
29883
20330
5847
23413
22697
27684
16490
-1
17716
-1
8169
-1
18375
-1
9766
-1
25900
-1
-1
-1
20557
23079
4103
-1
16914
12911
-1
27913
-1
21028
-1
-1
-1
4721
-1
26999
12765
-1
21078
2651
16043
7240
-1
22508
29658
10018
13412
17606
-1
16427
5025
11327
27684
29693
8967
22881
19264
28697
21840
24707
29883
13504
3529
29149
23278
18020
26367
5770
16856
9285
27676
2299
-1
4467
11874
18458
6457
318
-1
18020
304
7399
19119
15445
8476
13088
1199
13152
4500
19929
16940
19666
16428
8865
13185
6706
7194
5054
16918
23130
10998
5754
22363
10141
29424
17313
24001
16691
13147
10197
26205
24972
318
29639
3791
18848
25485
16519
26843
25342
28358
21542
29587
27447
1128
1764
22278
12216
15933
15581
24341
27763
16899
15536
18577
7244
1481
1590
19402
15536
229
26691
26718
10477
10644
8673
14572
2789
23803
15742
27885
18963
-1
-1
-1
-1
-1
-1
-1
-1
-1
-1
-1
-1
-1
1338
-1
-1
9402
-1
-1
-1
7843
26134
7355
22833
17751
-1
-1
-1
-1
-1
15587
6267
-1
-1
-1
10832
-1
-1
25954
24894
19309
27876
4508
19245
6413
10597
1590
18142
1481
22569
-1
-1
-1
-1
-1
-1
-1
28766
24471
28446
19114
-1
399
4600
-1
-1
7002
-1
3662
16899
-1
-1
-1
-1
15366
21650
20979
8211
27629
14393
7442
2325
-1
26017
14730
18202
10316
6191
18055
18252
16713
6989
1771
25269
19799
23875
26648
16194
3142
3402
10197
-1
22360
9274
2156
5426
9674
7407
7856
29953
19225
18863
9280
26741
29784
28446
19225
6092
22830
18982
12800
20367
17701
25300
26691
29554
28281
24262
17887
9347
-1
-1
17207
-1
-1
-1
22223
22929
-1
13016
11716
-1
-1
8186
795
29365
19799
26325
18328
1397
3670
24262
7041
28499
24693
5475
17589
27142
11059
-1
4118
23566
20706
26336
18164
-1
24001
29308
8340
18330
22929
22566
10684
25058
1705
4121
19340
19035
5252
2458
4635
11364
13708
8736
24262
1526
13934
16041
25667
2004
25581
22637
6956
6191
-1
27629
19662
26811
-1
18575
25862
18086
1977
8143
26325
9025
-1
17589
1486
8618
8618
26691
26188
22363
14919
21579
8920
522
23044
13176
20706
3841
14156
10156
11415
2458
6769
8673
4801
-1
2479
3670
7041
-1
24280
6662
23315
2156
23094
5075
24715
17263
24774
28281
24616
8673
27609
27266
16573
20124
27943
9694
7303
28075
9862
-1
6376
-1
6033
13052
27901
-1
20665
7118
29699
28281
-1
6690
16108
21417
10265
26
522
12590
19365
21505
29554
508
16899
28240
27266
14037
26347
9280
19845
28320
-1
-1
21949
13841
12216
17448
6989
15445
21417
16519
5975
22092
-1
2722
4890
20975
13176
6894
7085
26820
18613
10205
5529
1224
19806
8080
11497
8128
-1
29308
24693
25908
3378
840
17861
13841
28021
10841
24972
7553
21070
910
-1
7506
17893
6894
4458
27943
11745
25300
23822
25862
8894
24616
25160
17224
7693
1764
1397
21004
10545
23284
11059
24693
8340
3142
21221
3010
-1
-1
5988
1623
6296
25337
20088
1856
28240
14919
4154
27142
20232
2578
10364
3117
7291
-1
29365
2112
15102
18202
1486
6092
7442
18328
19119
12589
22360
5758
20706
14919
22526
10851
7591
14448
5750
6880
23875
8934
27411
20124
9383
3164
27039
1764
27869
21600
15933
9676
12675
2299
22097
7591
16962
22772
29490
19492
24693
24893
20499
187
11754
16624
9024
13912
28557
29500
121
17743
11030
3443
13105
2810
16713
7041
-1
9656
4720
2676
19162
-1
8884
25581
5849
5381
8813
9555
17373
27950
23416
16856
8820
7073
19119
22580
4839
1771
18032
2345
11123
28240
522
910
23290
14919
17814
-1
26336
13176
22097
23315
6955
19551
-1
28902
25862
16041
26386
1655
1705
23822
4293
23712
14613
10333
16856
229
16828
21552
13822
3487
461
8673
2123
-1
4123
4648
16940
-1
13052
-1
3487
11075
9395
-1
21505
29976
6800
-1
23712
19445
14164
11576
7812
1575
6769
3961
14386
3010
4123
14989
4346
2925
10226
2299
29746
-1
29774
5758
23094
8934
25058
-1
6375
25459
7316
7389
23712
-1
23934
-1
21353
15742
10321
8736
27447
12863
20705
27142
5727
6673
9718
26738
9694
22094
-1
25058
-1
25359
25462
2112
9307
-1
14448
1978
14919
21184
12360
10226
304
15102
20085
16177
580
11769
13708
25181
15029
8143
1315
373
17887
6188
6423
23749
15648
-1
25206
-1
17616
-1
13347
9219
13918
10684
20773
16940
2789
2089
13147
2938
9862
9561
13173
26077
20706
7303
15586
29490
29976
23636
13347
-1
872
10343
9383
9590
16578
13731
10716
21602
22251
7084
-1
-1
3010
3270
10265
23803
11576
1370
6955
28029
29746
14572
24502
8427
5928
29021
10156
3705
-1
28858
16578
14572
-1
2089
28849
10644
7157
-1
25587
9395
22637
12387
9726
8894
1526
27943
344
16290
22929
9590
6188
29911
27535
7348
27763
6857
24972
19245
29970
-1
25777
20706
18202
3417
5426
7002
592
16590
10553
13841
4839
9307
9366
4839
17263
19463
350
13755
15648
16025
29746
16732
18458
15700
3892
28377
5727
14143
16590
5928
20085
-1
12015
9434
22042
26900
6979
18164
-1
10715
3378
3417
27901
11415
-1
13105
24285
26336
4813
22825
19309
14156
14386
20773
13841
21004
8305
-1
-1
-1
17052
26017
26367
25781
11330
18328
-1
23342
26718
16041
5905
26648
28499
12589
16192
108
25662
27447
9215
26017
20124
3544
16678
10226
26741
-1
-1
-1
4890
21930
22296
25337
8359
17676
27901
-1
9307
28858
20655
10555
19273
5719
21638
4864
2562
16578
20964
9366
4163
27142
28281
9578
14730
28858
24122
-1
-1
-1
-1
-1
-1
-1
-1
-1
-1
-1
11816
-1
-1
23783
331
4631
-1
-1
-1
-1
-1
-1
-1
-1
-1
-1
7071
7071
27150
19629
-1
-1
-1
-1
-1
-1
22742
-1
-1
27894
13046
10641
11481
-1
-1
-1
-1
14718
27257
23905
10922
-1
29005
20031
-1
2026
4842
-1
17564
21281
-1
19496
-1
15866
16971
17933
331
23783
19480
9099
-1
23693
10922
-1
20405
11322
9261
3967
-1
14679
-1
27485
5543
-1
24748
17955
27634
-1
11266
11322
-1
14678
-1
-1
-1
-1
-1
-1
-1
-1
23321
24952
17196
12890
27246
14723
21510
19791
-1
-1
17196
15149
24494
-1
22727
-1
4539
12056
21016
7408
25029
14453
2955
10099
-1
8026
25801
7009
27894
394
20247
6941
24156
25779
16209
680
18813
18574
10096
13951
15502
14542
18574
-1
13775
14182
26330
12953
26390
1118
17276
17865
12940
23182
2190
11816
12923
2176
15425
26330
26940
20141
23937
23301
9261
28634
9881
19719
26056
26509
1584
20216
5463
26056
2883
5349
18864
23591
23330
4744
19333
26365
27246
29330
8270
23301
6212
9238
15760
5921
5694
13362
21557
20158
24748
8146
29620
26156
20953
21847
11072
19496
-1
-1
-1
-1
-1
-1
-1
3761
-1
-1
-1
-1
-1
-1
-1
-1
-1
-1
-1
17276
-1
-1
-1
27518
-1
21484
-1
-1
-1
18056
-1
23458
-1
-1
13759
14993
-1
13181
17935
28304
24822
-1
14016
2534
9509
-1
16382
24822
10781
3219
-1
6141
-1
27659
7105
21680
-1
6829
3188
23015
7342
14546
1859
26940
29452
25427
873
24642
3733
15880
14853
15425
8685
20755
15228
23591
2307
26091
5207
24628
29411
19480
3219
25038
7044
9933
28871
28292
28429
14473
9933
2176
20405
8209
19186
20247
3375
20427
447
25576
6966
13768
24697
27634
-1
15967
-1
1276
760
7171
29252
-1
23801
4979
10602
-1
29279
22674
2955
489
8282
18216
26056
4858
23179
20066
19730
9427
9411
18056
132
10161
6142
6764
29927
18515
12580
20899
11901
11111
9921
18286
8270
16483
16165
4084
29697
15667
29168
2661
4709
26480
-1
6512
21680
13968
1011
-1
10820
19343
11615
21212
18853
1818
16971
7733
18756
15104
7350
18675
22786
5565
10680
8769
7350
6829
7643
14577
21529
17933
19986
19807
16099
1849
28481
22945
21224
28292
19783
5794
15001
18341
1275
2307
6512
-1
26191
26480
10922
5
25267
873
25793
16269
8929
26746
17669
27370
7009
20207
17933
13951
11349
25706
25742
24510
24065
3316
15753
8973
20110
8720
27257
6468
5092
5276
20596
3914
23833
6990
2661
20187
21847
8685
6792
26480
29028
18056
13659
21517
12934
14528
23321
18000
3738
29158
22762
13940
28030
24347
4547
24654
11916
8511
29158
15623
-1
-1
-1
-1
-1
23904
-1
-1
-1
-1
-1
-1
-1
20931
17690
-1
22793
27343
-1
-1
-1
-1
-1
-1
-1
-1
-1
10346
1212
-1
-1
-1
29295
-1
-1
-1
-1
-1
-1
-1
-1
-1
-1
-1
2611
17539
-1
10181
9382
-1
-1
-1
12518
17455
-1
17998
-1
27139
-1
25562
17929
-1
-1
1476
12882
-1
-1
6601
21593
-1
2441
9406
8009
17620
9813
7522
2416
-1
5117
-1
-1
-1
-1
18116
-1
14292
-1
-1
-1
8421
4067
25380
27127
18893
22297
11836
-1
27926
-1
-1
-1
12011
-1
-1
-1
-1
-1
-1
-1
3391
15447
-1
27857
-1
28754
18649
7081
18846
-1
24517
-1
-1
22433
28754
9453
-1
20653
-1
-1
2416
7858
-1
6624
9881
29230
19632
14242
-1
14615
11167
-1
23759
9813
20794
19006
29447
10289
9935
-1
25463
8180
28030
17277
20425
20247
-1
14016
24423
1750
19285
1028
25751
-1
22510
23804
8594
25
12255
25946
3314
16500
11277
14967
14542
18649
14542
8009
-1
21131
8829
801
26652
25779
25931
2614
27762
3914
15760
29082
16759
29447
28685
19783
10781
1535
11845
8731
29559
18221
22523
1011
2026
6119
27894
17933
23532
26056
6553
20596
26111
28030
10864
10824
2955
817
26636
4352
20473
12163
14755
20066
-1
-1
-1
-1
-1
-1
-1
-1
-1
-1
-1
-1
10983
-1
-1
-1
-1
-1
23999
-1
-1
-1
-1
12346
-1
25685
-1
4186
-1
8829
29354
29804
-1
-1
19128
-1
15988
-1
14030
-1
26990
-1
5724
-1
14967
5077
19839
27245
16357
26774
15959
26940
8799
20066
-1
-1
28105
21088
-1
7796
-1
26136
12621
7241
6891
11298
-1
8270
1093
5694
949
5521
17428
-1
19013
12262
16422
15880
20885
12527
11371
-1
3314
15024
6292
23789
15675
12111
3669
11845
15796
29252
7408
22260
15024
10099
7071
64
19233
13181
19787
4224
13486
18662
2307
2052
3618
3381
7529
27762
-1
6025
-1
-1
-1
-1
25082
-1
9938
24967
-1
16357
15134
25634
10609
-1
-1
15960
9128
13867
949
24272
8270
4224
19005
-1
-1
21859
27581
22650
3697
2413
9670
16846
17865
2363
-1
1756
17669
2955
27905
27634
13579
9670
10099
5081
16846
3916
22650
17773
6417
16929
12890
18648
24494
-1
-1
-1
17935
23693
23851
12619
680
21796
25931
23015
1906
8511
-1
1083
22109
26112
6227
16749
16048
1616
26365
4127
14627
4552
1818
16230
17058
20069
-1
26580
16881
4866
-1
17564
13362
7408
13546
26580
20521
5321
14226
11615
24156
29411
6574
16012
11444
6315
2725
3675
26066
2255
22510
17515
680
-1
23783
17117
17253
26268
18662
3733
6119
9267
17865
6990
6940
11481
17669
7706
4017
19932
16017
24510
9146
20141
3282
29620
13366
20707
3618
19839
21506
-1
13486
17276
15659
12810
7089
18757
5708
22157
16267
14129
949
19006
25548
6227
25814
14720
27905
4967
13772
13968
25634
12719
19629
20216
12934
3813
2293
21270
14453
17474
6512
13181
19088
15972
8829
9933
24839
24748
2363
28634
15607
24563
13046
27370
15675
16657
25204
19005
13181
17196
21463
380
29236
21075
16846
17342
13236
6318
16846
7796
217
29252
9762
7132
7009
24651
23376
29717
6088
16269
447
20405
3679
3188
19033
29168
15300
29852
13579
27518
20196
14226
6588
20247
9881
19629
1298
9921
29279
11897
16382
25814
22662
-1
-1
-1
-1
-1
-1
-1
-1
21183
27151
-1
-1
-1
-1
-1
-1
14947
19361
-1
-1
-1
-1
22501
-1
5013
-1
12964
11875
20685
4700
10373
-1
-1
-1
-1
-1
26064
-1
22336
-1
-1
17697
20215
878
-1
21003
13851
27141
-1
-1
-1
-1
123
-1
-1
-1
24535
-1
-1
-1
27141
-1
-1
19640
12436
10585
-1
22524
-1
4349
22816
-1
1884
-1
-1
11423
10677
10585
13065
26109
-1
-1
-1
16773
26767
16211
22369
27731
-1
8621
20619
7082
20042
25157
8785
4027
3287
25712
-1
3023
13568
-1
-1
1136
22336
-1
1832
-1
-1
-1
-1
-1
-1
-1
-1
3763
-1
-1
13252
7701
-1
-1
3023
-1
24544
-1
-1
5931
12001
-1
28140
6681
-1
13955
28415
26826
17615
28140
4144
27348
20265
-1
15449
19585
-1
26767
7167
25105
11340
21022
27201
11655
19172
20466
15817
22862
14313
28247
15430
18732
10258
2421
13065
18768
166
8621
352
28590
5712
8741
28179
14313
11894
12924
16557
11192
20909
11192
19595
23269
9463
23292
28415
10374
5523
24165
2728
29960
8873
8541
26831
4700
20785
11986
20972
21706
10258
10482
22292
3814
7817
12088
25527
2845
7819
19595
29873
4576
24373
487
11793
27061
1153
17098
18215
1896
21003
22795
8204
19213
494
17271
545
1567
4614
14655
3051
-1
-1
-1
-1
-1
-1
-1
-1
14248
-1
-1
-1
-1
-1
-1
-1
-1
-1
-1
-1
-1
6034
-1
-1
12970
-1
-1
-1
-1
-1
-1
10978
1688
22213
24118
26549
-1
2800
-1
-1
-1
-1
1193
14161
6732
8726
2095
1964
1193
1688
-1
7419
4618
-1
6657
14869
19833
24314
-1
17881
5023
22181
1644
-1
4698
27140
16072
27286
3866
11320
24314
14053
3763
20597
17031
21458
11786
6870
20828
-1
11793
379
3187
29968
25527
8947
29728
26737
13769
22971
3650
14667
21211
1313
1422
24078
10978
1193
20215
15077
3814
7082
29828
11804
19456
11091
3562
7476
22156
7644
545
-1
9893
13769
11986
2692
24883
-1
-1
22181
16414
18618
-1
8630
5296
-1
4144
28327
-1
28179
-1
12924
17538
28891
19640
23176
26737
-1
17047
17033
3196
24475
15449
-1
28590
28134
23585
1884
8556
3294
25288
793
16193
3034
27842
29728
7467
19456
21839
14488
28273
5351
11014
17516
4817
3294
6598
10373
-1
12550
8995
4027
10458
6794
-1
19386
24314
21979
20615
19595
4888
17034
25509
26249
23877
13117
14725
10693
8083
3842
2003
19750
19386
29714
14947
10578
505
20296
27286
-1
8060
-1
9380
24628
10587
16211
11966
22510
24822
20536
13242
25105
29675
8287
3188
23766
28570
14863
1272
11452
27583
24065
14291
15380
23877
24855
1176
27236
13575
12129
20933
6473
29960
22462
29960
19128
19555
8452
2534
29236
24122
11540
17132
21529
16483
24895
6941
20885
26308
24874
8785
26940
21457
1259
20845
24697
24967
15203
15880
11371
25052
7733
21270
8639
11057
9304
4325
8929
12163
27150
2324
22762
12950
21796
23769
23179
8180
2837
27581
8925
7649
29592
24874
-1
2644
6980
-1
-1
-1
-1
-1
-1
-1
-1
-1
-1
-1
-1
-1
-1
-1
7461
-1
-1
1127
11212
2793
-1
-1
15997
26892
-1
-1
3410
-1
15561
12410
-1
-1
23401
14837
29871
22191
13345
-1
-1
-1
-1
24372
21547
17552
-1
22122
12288
-1
15561
-1
-1
21911
-1
6361
16667
16271
86
3149
22037
20465
28717
-1
-1
2616
27670
-1
7014
7043
9824
29439
-1
14033
25008
10465
19535
23968
5464
-1
5970
1944
12325
25780
28969
8447
-1
9476
14575
24334
7429
18432
15996
19381
11681
18886
19722
29430
25096
2821
22956
17444
8739
16827
-1
-1
28496
18829
21395
21820
18391
12469
-1
-1
-1
-1
-1
-1
18432
-1
-1
3365
-1
3149
26607
-1
27686
-1
-1
-1
3127
-1
14715
20274
25262
5502
13140
-1
-1
4819
12576
27791
1785
-1
11318
25842
2032
23551
29849
2049
23318
27897
12900
23790
7528
29833
11713
-1
14096
29782
20806
17839
28479
12288
7135
27427
23975
10781
23504
-1
16348
2879
14575
8270
-1
18960
15001
19186
9163
12288
16656
-1
12885
25163
17342
21418
17073
29782
19937
2026
20707
3295
14627
2041
1083
12410
28432
2633
2349
14546
10680
2026
9409
26815
6764
28481
9747
2456
20551
29847
19787
2912
29252
27150
-1
17669
25029
16734
9752
24960
24960
6790
19115
6617
3710
25110
1528
19233
23828
20953
4860
5677
13550
14723
29082
13584
666
6094
16324
10641
2571
16766
27967
18867
16410
16119
23851
14406
179
23217
21484
-1
-1
-1
-1
-1
-1
-1
-1
-1
-1
-1
-1
-1
-1
5702
-1
5656
-1
-1
-1
-1
24310
1364
15851
10639
-1
-1
-1
-1
10490
-1
-1
16944
16929
-1
16046
2897
6785
-1
-1
-1
5798
-1
-1
22348
5798
18944
-1
13311
-1
5439
873
6952
6785
-1
-1
-1
-1
15358
18286
12158
-1
9502
27652
21321
29620
13031
-1
15118
16382
-1
23826
10403
21768
13507
26879
6089
22807
6130
26237
11938
-1
12559
15975
10602
-1
28226
26238
13773
19233
15607
18221
26703
19333
8180
-1
12163
17150
16165
22948
21768
27785
879
17699
29852
5349
8244
12940
8829
17276
7604
28495
19719
11532
12527
6790
11444
26774
29452
10904
13031
6764
23057
26365
13828
-1
-1
26330
-1
-1
-1
2999
-1
-1
-1
17857
23458
-1
-1
-1
-1
5801
-1
20879
14524
-1
11215
-1
16119
27518
-1
26746
3460
10602
21281
-1
-1
19787
16099
19791
8019
21484
-1
4967
13659
4224
474
28438
-1
15675
16734
4552
14853
22438
18000
25742
24651
5011
24697
26799
14182
6025
24935
26815
22742
24494
3675
25779
23801
16012
12719
-1
-1
11003
13366
27504
11540
7342
19358
11520
26921
7341
24680
21529
5137
12810
6227
4224
24563
11615
5463
10763
27905
4084
5921
8044
1051
17150
3490
26774
28871
26357
3963
-1
3963
13968
13546
1859
2293
4216
4769
12359
1275
24640
20521
29349
14603
28429
-1
6141
8829
6475
28883
26111
26774
14627
2645
25634
25931
17829
19791
27518
27429
15967
21517
22529
15001
20196
3916
9261
23321
29850
3463
23301
26940
23138
20141
1462
-1
4769
-1
21075
2587
1051
27068
23828
6315
19992
22269
3201
1859
10691
24646
20031
27659
-1
27606
25779
12896
23789
12613
26921
13768
-1
-1
24646
15890
10691
29927
25062
5851
552
26602
3618
20054
17935
3314
1462
26855
15382
14144
18867
21270
11897
2581
24839
8026
27716
13917
7044
6056
11191
8019
-1
8973
16532
25931
-1
15012
10824
23777
7567
8180
7649
18492
28544
22157
23812
24510
13236
12201
3188
12158
12868
8270
-1
19006
12794
25576
5605
1051
12274
29655
10091
25794
2190
141
23015
23015
9261
8511
25
20755
9304
15134
6574
13948
26448
20247
11560
12619
19783
6256
5940
-1
16267
27470
21772
28762
16734
12868
16748
24960
19013
19629
28438
16230
-1
16749
3710
24590
10361
17955
19015
11191
14528
14806
6990
28634
22109
27905
23552
24048
20141
18675
28365
21318
11444
14453
3197
28440
28871
6846
3916
28762
26865
18648
-1
27762
4828
-1
5565
-1
1051
17276
2638
3219
29650
26597
16230
29236
3675
21459
12201
14524
12405
6574
1535
10824
26597
24697
5227
13768
15104
28
9938
6315
7649
5694
19699
3282
15149
23146
13557
24156
8282
14627
26480
17741
27288
5794
29997
28360
25793
29017
3761
2725
19699
-1
2363
6607
11897
2190
21598
7044
18515
27606
2614
11111
11105
2883
14718
24048
17276
18000
14603
29285
3226
20247
24040
24423
-1
16532
21506
-1
22635
4744
4709
11560
14542
13362
19343
20110
2725
-1
19088
14980
12794
25634
24423
12405
3679
16382
13772
3818
23138
23077
20031
11276
-1
-1
-1
-1
-1
-1
-1
21043
-1
-1
-1
-1
-1
13382
-1
-1
29332
-1
-1
-1
-1
-1
8695
-1
-1
-1
-1
24498
26495
-1
6330
-1
-1
22142
-1
14355
-1
-1
-1
-1
-1
-1
273
-1
-1
-1
11484
9782
1435
-1
-1
4892
23815
-1
27751
-1
14739
9573
25002
-1
12030
3665
22796
22703
7988
20919
-1
13108
1251
25962
4290
-1
8695
9782
7851
5508
19523
28082
3173
24889
27010
-1
9029
13495
-1
-1
21020
-1
6828
28102
15146
19544
-1
8043
14955
15130
15130
8237
-1
-1
-1
-1
-1
-1
-1
9180
22926
27663
-1
-1
-1
-1
-1
-1
15146
21492
-1
3447
134
-1
-1
-1
-1
24980
18837
8379
21492
22371
-1
7503
29189
1439
19962
1808
20888
21020
13563
16840
3769
-1
11484
7294
-1
11835
13495
24559
17625
8567
5916
7776
29769
28257
6482
1734
2605
13134
26534
22676
1889
14544
24621
26285
9782
29737
14544
26378
20584
21085
9287
25709
5120
24441
23917
24315
-1
2284
293
22875
17636
8557
10216
27533
1583
25504
24889
17803
26863
20214
16791
12665
14739
17466
10349
22866
1024
16310
4007
15556
2659
26857
7311
21020
15662
29286
19360
21151
5932
3173
13136
25273
27056
1489
22078
19317
20374
25792
25249
6432
114
10012
21999
360
17482
-1
-1
-1
-1
-1
-1
-1
-1
-1
-1
-1
-1
-1
20204
6824
-1
-1
-1
-1
-1
-1
14368
-1
3400
18778
23417
-1
-1
-1
16993
-1
2410
-1
-1
6802
22020
9797
23419
27564
7699
27821
6802
-1
19317
26481
27899
7841
920
15812
2412
18653
16520
5619
26121
25792
-1
17112
-1
-1
18123
18634
-1
6011
6442
23347
10523
29942
11239
9797
13888
28257
25074
5911
13946
9293
22054
18123
8335
20242
9607
26534
20724
20584
114
6822
26035
7432
26857
5231
17466
26624
10216
3131
17850
26983
29921
2576
13725
20993
25810
7699
27752
22481
11843
13108
26121
9707
20126
28551
2147
22515
16520
-1
-1
9293
-1
196
-1
5203
13725
5203
-1
29635
10216
22338
5247
3122
28903
149
5416
26079
20126
10443
8226
-1
-1
21161
17834
20776
1858
24763
12037
1929
23065
18945
3183
24441
18083
27056
21161
23347
23171
29703
15556
23561
7851
27751
17391
1803
18123
74
17482
29436
6586
5916
-1
-1
-1
27846
26396
3447
28102
11196
8781
25792
25002
26499
9873
17688
22490
17431
2601
13612
6390
18106
4690
28817
28966
20843
21744
1352
22371
2410
16301
23859
293
27875
4385
9736
3278
19208
16328
13076
28262
22543
21617
22490
20919
11994
7138
6482
27846
23347
11853
21253
4386
7699
17431
10145
25959
11835
8269
25792
13289
22938
25073
12037
23696
1349
4290
7311
2412
23309
24561
5562
3107
25339
18534
19122
25453
9736
23954
8036
11440
17543
15418
20208
9455
10695
25400
1737
25100
5231
25810
25405
1858
24441
15702
10732
15404
23419
25002
9600
26285
4754
17024
19042
17466
27056
17354
10019
1439
24621
26115
-1
-1
7556
11107
-1
-1
-1
-1
-1
-1
-1
-1
-1
1262
-1
19017
9273
-1
-1
-1
-1
-1
-1
15397
-1
-1
-1
11812
-1
-1
-1
28371
-1
18511
2726
-1
-1
-1
-1
-1
18511
28772
12014
-1
6659
-1
-1
-1
-1
-1
3605
-1
15743
3186
-1
-1
-1
-1
10043
18976
9652
-1
-1
15709
26054
10313
-1
16946
20401
16272
18440
25669
-1
-1
26280
2034
21553
20117
-1
2726
4436
-1
26834
23956
3658
16473
-1
16021
25838
18034
-1
3943
10194
12788
26696
5438
8098
21831
5401
-1
-1
24363
-1
3598
-1
17734
8464
27935
13969
6471
-1
-1
-1
-1
27587
19030
-1
-1
-1
10803
9748
-1
-1
14363
18873
-1
-1
13839
19367
27087
-1
2469
17665
-1
2731
9748
3716
-1
-1
10603
18774
-1
19706
-1
-1
10363
2915
8857
-1
11142
-1
-1
5026
26564
27587
20467
15642
27040
21176
-1
14322
11512
12028
29001
24363
20624
-1
5362
19943
20344
13164
13915
26385
-1
27573
20790
4128
16453
18204
18393
23399
11678
3250
23985
26564
-1
7601
9250
17299
622
196
19967
9600
275
5619
10088
26285
27543
24889
29737
27645
-1
22038
22121
25448
15058
46
20453
25912
2752
17187
10216
3091
8557
2775
25861
25407
28779
11107
22481
20913
10604
6104
6104
14050
2708
20935
14995
19246
12280
29436
29769
15451
12739
7504
6562
891
13491
19099
20888
14050
26876
23953
21163
10010
13660
24765
637
3735
10145
10895
-1
-1
-1
26760
-1
-1
-1
-1
-1
-1
8869
-1
-1
-1
-1
-1
-1
-1
-1
-1
6656
-1
-1
-1
25833
-1
-1
-1
-1
5533
-1
-1
25073
-1
-1
16319
16891
-1
4381
14241
18214
1015
-1
-1
14702
-1
-1
16479
14377
19316
20640
27414
-1
8112
1509
-1
-1
202
-1
24053
-1
9600
16305
6255
23272
-1
21163
7741
16034
28901
1734
741
20453
811
7776
25203
14934
-1
1660
22261
854
13790
8414
-1
10019
17549
3744
26395
2414
18561
23926
3278
24441
12612
14426
9630
9141
21732
-1
14421
26983
846
26378
12784
17520
1889
18566
15416
15754
26372
22849
17163
15146
18484
2185
7504
4386
25289
13791
17163
11654
24222
8450
28200
1406
20178
-1
-1
6317
2231
-1
-1
28236
20147
-1
6802
7109
13683
6824
-1
-1
28903
14254
-1
-1
-1
5247
28933
-1
17834
-1
5001
3183
15812
13495
36
18236
13935
4892
423
14401
20776
28300
-1
1916
26286
28624
17625
10019
21227
8450
20776
7879
11594
21794
20796
24626
23037
20993
22371
17925
22554
7242
21512
15820
18157
24222
-1
-1
-1
-1
-1
21742
20913
24765
14102
27328
25166
22481
22431
25989
26175
25273
18106
5396
4918
16802
23347
10349
23917
7988
1670
26153
18176
23148
22216
27533
21998
23272
10894
13485
29332
73
27010
19042
74
18534
12037
29575
18300
15662
13935
17240
7504
28116
24315
17163
7936
1495
20443
21945
23561
27665
28966
22676
12651
6400
27751
28901
20805
9736
14421
7432
22431
7242
14426
23073
10574
26322
22660
29703
21684
6390
7311
21015
17466
1489
18344
22766
2775
10966
7432
14359
275
22766
26624
3180
22703
20888
16983
25739
6390
11097
6802
27260
26069
14620
14401
28966
21550
21151
1804
18290
17024
139
21151
22442
24434
17336
13075
18634
22680
22232
22875
1889
5508
567
15459
14355
12529
11706
26864
15357
21707
2358
1489
73
15072
23574
3834
22875
7851
4918
-1
20556
3107
21085
15812
7395
12030
1814
-1
8237
26679
4690
19317
12138
2895
26320
13136
12985
24626
8834
9782
6143
8269
17803
293
19962
24826
26396
16081
9809
6824
17482
11440
2254
4131
29436
24487
16133
8399
4901
1596
24498
18987
3122
2231
22554
1734
20776
-1
-1
-1
-1
-1
-1
-1
-1
-1
-1
-1
-1
9199
-1
-1
29455
-1
-1
-1
-1
22502
-1
15272
-1
-1
-1
27118
-1
-1
5375
20710
4996
-1
-1
9658
-1
-1
8482
-1
28307
325
1974
14569
28307
27698
13431
-1
15600
2930
15680
8538
-1
-1
-1
-1
-1
-1
-1
14777
-1
4023
23800
-1
21041
18810
28400
14084
12776
12588
13129
-1
4633
1181
15860
27101
23104
-1
1586
-1
23548
4996
10891
12708
9438
-1
-1
16700
16358
-1
5129
11116
27878
18389
-1
3372
20335
-1
1068
17748
1294
-1
24246
1482
27960
20079
10063
12776
-1
-1
3610
26014
11943
7215
170
-1
-1
-1
9585
-1
-1
-1
22723
-1
29752
-1
7019
18921
5452
9299
22811
-1
12343
22370
22784
17054
-1
6710
25292
20729
12343
18661
16587
18462
-1
25486
25583
25292
20079
6121
2463
101
1301
-1
7661
23755
9754
18598
12831
297
25187
14777
15758
7719
18462
20891
21921
10269
8252
3968
19155
21509
3455
16155
29648
29450
7759
26565
15761
12343
269
1237
1980
18731
9585
9585
11720
3523
17130
1515
20988
19924
565
3339
577
8825
13431
28700
27213
456
3833
2686
26243
14777
8941
24761
19439
5957
5273
9722
10266
7833
23548
3441
3940
26253
13653
4394
17372
22811
14229
26264
21387
24804
7338
15272
1132
4812
22285
7422
21387
25887
1713
3298
14012
11943
27093
26342
18370
2006
23382
16700
26328
5450
28043
1254
20337
361
28977
24591
29215
8794
220
-1
-1
-1
-1
-1
-1
-1
-1
-1
-1
-1
-1
22755
5009
-1
-1
-1
7266
26083
-1
-1
-1
-1
1400
-1
-1
339
-1
-1
8066
-1
-1
17776
-1
-1
16368
-1
11561
-1
23754
25795
17769
22443
4499
25909
11409
26194
9773
1725
-1
1490
21113
1373
27444
-1
12735
18598
15174
1226
-1
29982
1827
12127
25738
24503
12127
8066
5843
25335
21358
6377
18762
7367
26533
25583
4169
28049
11185
2158
15699
1552
29355
12066
27367
13447
19113
23351
8549
1857
20722
25877
25730
18360
29975
23144
23754
9362
-1
16963
26337
9989
4812
11409
12343
28400
6551
26049
14505
11943
17424
1068
10294
20303
29045
6064
6235
28092
13251
28911
28050
4102
98
4633
-1
-1
-1
27768
17020
-1
13807
29227
18921
-1
-1
17791
-1
-1
5228
26318
11473
6861
24742
-1
29525
9001
24147
11288
9661
-1
18854
2086
12917
909
20668
16868
7527
2442
7735
18380
11223
5537
23209
10900
22599
5806
5111
7584
24137
7076
3677
11392
8790
7226
10831
14012
28865
15046
23209
25143
19975
3677
11672
28937
12615
101
25320
-1
2936
18650
7719
14777
1586
12098
24181
19112
1563
12588
29977
22208
23191
7019
12292
25875
14735
25951
12615
18389
3307
12380
18104
8794
14836
24994
19616
29327
29745
23878
20729
8722
13962
12301
29771
4010
9139
28049
15533
18483
26039
6551
7751
21262
18854
4812
4715
3372
6887
5212
17446
2885
25583
17492
19412
4933
18370
26666
4741
8660
26342
21675
6470
17127
7759
28340
11041
11079
16062
6710
11459
28516
17446
12720
4691
12708
3372
19689
9722
25887
9071
15466
22784
5957
10398
4051
7724
5547
11116
29708
15545
28937
28230
18762
21921
2085
24173
18527
10831
27565
18602
29525
23755
12720
17308
17746
28230
4354
18650
19924
23800
16862
26966
4916
11893
7455
4916
27213
2570
11672
-1
13962
25360
9699
23018
-1
-1
-1
-1
-1
-1
11168
-1
-1
-1
22992
11688
-1
-1
-1
-1
-1
-1
-1
-1
12202
19050
12813
-1
-1
-1
-1
17400
-1
550
14454
5690
26609
-1
-1
-1
-1
17315
21694
2530
12515
20645
-1
5422
-1
6472
24167
15210
10968
24770
429
3965
15457
-1
-1
13698
-1
-1
23642
7680
201
3941
-1
9558
16843
14409
25714
-1
8368
24597
-1
27599
19663
29579
-1
23642
26021
12470
27599
25771
1047
23642
5332
13667
14497
24847
28830
15322
26514
17069
28889
29863
23085
15455
13042
11735
24089
14201
13876
5779
5466
13538
28345
-1
10224
10968
11622
18681
222
10910
28889
24847
12625
9558
19642
9625
7906
21568
23703
4229
15457
29572
23085
8861
9089
-1
-1
17601
-1
-1
-1
-1
-1
-1
-1
-1
29576
-1
23575
29431
-1
5926
-1
19530
25379
-1
21568
17443
-1
10878
15457
6472
20537
17418
19431
9260
-1
20537
18708
14124
7680
-1
15089
12322
2179
18594
26681
3421
4905
21614
10979
5709
28827
27014
11662
1043
23572
27020
23535
17858
17383
23653
23642
24101
5221
28864
13254
29576
1222
22564
11735
-1
6472
2451
18708
17418
-1
4090
10910
-1
-1
12992
4090
9468
19920
3427
21694
12470
16050
17418
3338
17871
15426
862
1948
3606
28737
5488
9158
9778
23036
29576
7397
17209
20423
201
1263
18794
20803
20617
17017
23117
7964
13620
13667
16707
3308
28528
22992
2179
28128
24034
24366
12947
24474
15840
16104
7946
12259
11133
28789
21568
28938
29282
23117
22178
16196
26210
16196
15564
3563
23303
16683
27969
26086
27616
21316
19040
24533
7173
24194
26618
3909
23387
27920
27610
28916
5715
13667
27538
22080
16050
6231
579
3004
27811
2179
-1
-1
-1
-1
-1
-1
-1
-1
-1
-1
4110
-1
29469
-1
-1
-1
-1
8104
-1
25475
-1
-1
-1
17584
-1
-1
-1
-1
20922
-1
3469
9994
-1
-1
-1
-1
29192
-1
-1
-1
13253
14526
-1
4110
-1
-1
18130
27448
-1
-1
4237
-1
16325
-1
16325
-1
-1
6211
-1
-1
-1
-1
-1
-1
-1
-1
-1
-1
-1
-1
-1
-1
-1
-1
9742
10758
-1
-1
26457
-1
28950
-1
26457
22130
-1
-1
-1
-1
-1
2637
-1
-1
-1
17066
-1
8791
3988
16015
16015
-1
-1
24105
3230
-1
-1
-1
1950
-1
-1
5891
-1
27498
-1
-1
-1
-1
-1
2863
-1
8380
573
16015
-1
-1
19520
21813
-1
-1
25994
9649
-1
-1
-1
-1
-1
-1
-1
-1
-1
-1
-1
-1
-1
-1
-1
-1
12338
-1
-1
-1
11815
8652
-1
-1
-1
-1
-1
28064
-1
-1
-1
-1
-1
-1
-1
-1
-1
14880
-1
-1
-1
-1
-1
-1
-1
-1
-1
-1
-1
-1
10189
-1
-1
5746
16601
-1
-1
-1
-1
-1
177
-1
-1
-1
-1
-1
-1
9904
24063
-1
-1
-1
-1
-1
-1
-1
-1
-1
-1
-1
-1
14580
-1
-1
-1
-1
14321
-1
-1
19675
-1
-1
-1
28633
22880
-1
23609
-1
-1
20411
-1
-1
-1
-1
8683
27264
20595
26939
-1
-1
20819
-1
-1
-1
13690
20746
-1
-1
-1
-1
28101
-1
-1
11891
-1
-1
-1
-1
-1
-1
20562
-1
-1
-1
7519
7732
-1
-1
-1
-1
-1
-1
-1
20562
16663
-1
-1
-1
-1
-1
-1
-1
9918
-1
-1
-1
-1
-1
-1
-1
-1
-1
29191
-1
-1
15846
-1
-1
-1
13852
-1
18438
-1
-1
-1
-1
-1
25763
-1
-1
-1
-1
-1
27513
19993
-1
-1
-1
-1
-1
-1
-1
-1
-1
-1
-1
-1
25919
-1
15350
-1
28826
211
-1
-1
-1
-1
18211
-1
-1
10600
28987
-1
-1
-1
-1
-1
5365
-1
-1
-1
-1
-1
-1
-1
-1
-1
-1
-1
-1
3807
-1
-1
-1
-1
-1
-1
-1
-1
-1
-1
-1
-1
-1
-1
-1
-1
-1
20151
-1
-1
-1
-1
-1
-1
14466
5104
-1
-1
-1
-1
22474
-1
21256
-1
-1
2584
-1
-1
-1
15791
-1
-1
28653
-1
-1
11704
-1
-1
-1
9150
-1
-1
-1
-1
-1
-1
-1
-1
-1
-1
6619
-1
11858
-1
-1
-1
-1
-1
-1
-1
-1
-1
-1
20686
-1
-1
-1
-1
-1
-1
-1
26182
-1
-1
-1
-1
-1
-1
-1
-1
-1
-1
-1
-1
-1
-1
-1
-1
-1
-1
26674
-1
-1
28031
-1
23602
5707
-1
28031
11265
-1
-1
-1
-1
-1
-1
-1
-1
-1
-1
5552
-1
-1
-1
-1
-1
-1
-1
-1
-1
-1
-1
-1
-1
20965
-1
-1
-1
-1
-1
-1
-1
686
-1
-1
-1
11855
-1
13633
-1
-1
-1
-1
-1
-1
-1
-1
-1
-1
-1
10652
-1
-1
-1
3678
-1
-1
19224
-1
24433
-1
686
-1
-1
-1
-1
13062
4445
11850
-1
-1
-1
-1
-1
-1
13350
6321
-1
-1
-1
20528
-1
-1
-1
-1
-1
-1
-1
-1
27381
-1
-1
-1
-1
-1
-1
-1
-1
-1
-1
19003
-1
-1
26314
-1
-1
-1
-1
-1
-1
-1
-1
-1
-1
-1
-1
-1
-1
-1
-1
-1
-1
-1
-1
-1
-1
-1
-1
-1
-1
5225
-1
-1
6736
24297
23431
-1
-1
4613
-1
-1
-1
-1
-1
-1
-1
-1
-1
-1
-1
-1
12081
-1
-1
-1
-1
-1
-1
-1
17727
-1
-1
-1
-1
-1
-1
-1
-1
9492
-1
-1
-1
-1
-1
12795
8262
-1
-1
15042
25449
28204
-1
-1
-1
24490
-1
-1
3322
-1
1395
-1
-1
-1
-1
-1
-1
16080
26519
-1
-1
-1
20399
-1
-1
-1
-1
-1
-1
-1
-1
-1
-1
-1
-1
-1
3910
16251
-1
-1
-1
-1
-1
-1
-1
17902
-1
-1
26527
7690
10260
18529
-1
-1
-1
-1
-1
-1
-1
27086
-1
-1
-1
-1
-1
-1
-1
-1
-1
29262
-1
-1
-1
24749
28380
11515
-1
-1
-1
-1
-1
-1
-1
-1
-1
14484
-1
-1
-1
-1
1671
-1
-1
23193
-1
-1
-1
-1
15172
-1
-1
-1
-1
-1
18317
-1
-1
-1
-1
-1
-1
-1
-1
-1
-1
-1
-1
2533
-1
-1
27952
-1
-1
17249
7229
26615
15003
-1
-1
2346
-1
4987
-1
-1
5755
-1
-1
-1
-1
-1
11859
16060
-1
-1
-1
-1
-1
-1
-1
17685
-1
19971
-1
-1
-1
1106
12916
-1
-1
-1
-1
-1
-1
-1
-1
26429
5161
-1
-1
16195
-1
-1
-1
-1
-1
-1
-1
-1
-1
-1
-1
-1
-1
-1
-1
-1
-1
-1
-1
-1
13299
-1
-1
-1
-1
-1
-1
17550
28130
-1
15692
-1
20394
-1
-1
-1
-1
-1
-1
5890
-1
-1
-1
-1
-1
-1
4269
-1
-1
-1
-1
-1
18063
23160
-1
-1
-1
-1
-1
-1
-1
-1
25973
-1
-1
-1
-1
-1
-1
2195
-1
19467
-1
-1
-1
-1
-1
-1
26129
-1
-1
-1
-1
-1
-1
-1
-1
-1
-1
-1
-1
-1
-1
1703
-1
-1
26792
-1
-1
-1
-1
14585
-1
-1
9591
-1
-1
-1
-1
-1
-1
-1
18398
-1
11948
-1
-1
-1
-1
-1
-1
-1
-1
-1
-1
-1
-1
-1
-1
26466
-1
-1
8195
-1
-1
-1
-1
-1
-1
-1
-1
-1
-1
-1
-1
-1
-1
-1
-1
-1
-1
-1
-1
4504
-1
-1
5867
-1
-1
-1
-1
-1
-1
-1
-1
-1
-1
-1
-1
-1
-1
15328
-1
29023
7830
-1
22511
-1
4682
-1
-1
-1
-1
-1
-1
-1
29275
-1
-1
-1
-1
-1
-1
-1
-1
-1
-1
-1
-1
-1
-1
-1
-1
-1
-1
-1
-1
-1
-1
-1
-1
-1
-1
-1
-1
-1
-1
-1
-1
-1
-1
-1
-1
-1
12389
-1
-1
-1
-1
-1
16049
-1
-1
-1
26244
-1
-1
-1
-1
-1
-1
-1
29969
-1
-1
1419
14361
-1
-1
28834
-1
-1
-1
-1
-1
-1
-1
14214
12389
-1
-1
-1
-1
-1
-1
-1
-1
-1
29006
-1
-1
-1
-1
-1
-1
-1
-1
-1
-1
-1
-1
-1
-1
-1
2059
22791
-1
-1
-1
-1
16664
4707
2702
-1
-1
-1
-1
-1
-1
7289
-1
-1
-1
-1
21983
5202
23520
13102
-1
-1
-1
-1
-1
-1
-1
-1
-1
-1
-1
27468
12595
-1
20264
-1
-1
-1
-1
-1
10826
-1
29231
4214
-1
-1
-1
-1
-1
-1
-1
-1
-1
-1
5893
-1
-1
-1
-1
-1
-1
-1
-1
-1
-1
