945
688
1734
1734
44
2202
940
9
398
1470
587
2569
2392
1942
1820
57
1913
1127
1470
389
1013
365
1470
1470
1846
229
704
1428
1578
1578
668
668
372
301
1065
2089
2695
229
2728
508
1660
139
508
3
508
2838
387
2016
2326
1123
481
1011
2609
2254
688
1273
57
2710
365
365
1185
510
510
1781
1609
510
2673
2673
1662
1579
1814
706
474
2680
2733
933
452
1310
1317
176
660
1728
913
2422
2422
2673
2628
452
452
933
933
452
1582
1582
2204
1841
1502
1952
295
1321
2588
1533
1533
1813
1694
2531
1321
2588
2588
1841
1271
991
569
1271
121
2629
79
569
991
766
2196
365
606
945
161
1590
1588
1470
365
979
2071
57
2181
1116
1036
688
57
998
1146
83
887
1522
2322
688
1423
1423
733
344
949
2428
230
266
198
2100
1113
2108
329
2209
733
882
2707
2707
2836
1642
2707
89
2841
238
1530
1799
784
1722
1854
1348
230
2108
1505
1762
435
1996
18
607
1886
641
2823
1762
2078
1886
1546
2547
435
2585
2646
1519
2567
347
904
470
1292
1748
2083
1364
1364
430
2347
1338
493
1505
2675
1505
2034
625
1456
1483
2808
2162
397
1985
1985
262
2479
378
136
2770
1908
2395
136
2470
888
204
397
397
1918
2265
685
1692
1147
2063
2411
1692
687
2053
1384
346
2248
1516
2274
397
2215
2032
264
1768
1465
1828
2782
163
1203
1901
1768
1006
408
408
1177
17
1901
2614
645
1102
2734
2065
8
2208
2065
985
985
1154
2304
2065
2821
958
2317
852
2722
1964
294
659
1121
1110
1785
1236
1236
1707
2744
1021
1800
1304
1227
1461
1973
1051
