6254
6259
17682
16053
6259
10295
12583
6109
16407
16407
24858
21945
12704
7859
16074
26238
26807
8373
21832
6259
17869
13484
2353
19444
4745
9595
16880
9903
19618
9720
1562
5119
194
2502
6254
2089
730
15394
19389
21577
20895
24812
14851
14851
12792
26807
2353
18526
13484
22727
23778
7726
5320
17859
18607
1526
25747
20864
25747
5363
196
13282
1526
1526
7965
25593
25593
13525
4775
7965
7114
14285
1526
3946
20505
27688
26697
23079
27688
1298
28098
23461
9687
16761
12899
21531
16883
21282
7117
18399
16407
13277
25366
3075
20856
21162
23667
13484
19115
14269
19115
10371
22727
6254
16407
8251
16407
16407
24953
146
26859
2353
16407
11283
3686
3686
25229
19319
16656
9060
22985
25174
16559
16462
10073
6906
1514
23484
6916
20482
25969
11285
2321
3042
8443
3339
2321
9917
23484
28102
8178
20098
9930
244
6048
14315
18417
7348
11865
27880
8447
18509
14779
18509
17328
20527
10446
2122
2121
19319
14815
20252
3793
12577
1514
23484
238
14512
22063
2321
8178
23484
2321
21999
20067
960
19925
19925
19925
20883
24524
25843
6389
4264
25843
15655
12900
6676
15960
24808
14915
14915
22246
18730
18730
13760
23225
23225
1348
19925
14311
20067
15512
6254
2350
2350
1287
25761
19634
12464
12464
19504
24743
14481
6405
9423
1287
3715
4677
25493
8710
20842
7570
3110
6590
2558
16426
23536
13607
11058
13949
5905
13345
5980
21132
16418
16418
15666
20133
13484
16750
3259
21627
22687
12513
2353
6128
57
6409
2374
21199
22727
12823
8050
8050
25946
9614
22409
22727
5515
1105
19729
26294
27435
21664
16444
14808
7719
19614
8902
19658
16956
16956
16444
14403
15575
5893
15575
15547
14403
3267
7909
24083
20756
16957
20756
22361
16444
16956
5441
17525
21342
1962
21342
21342
13854
6891
1375
3201
21342
9397
16956
2883
21189
7215
28023
8606
12449
10722
20749
12474
28096
17172
19745
4295
24052
1002
22361
20756
16444
16413
17172
16444
7305
15426
20368
20907
20907
17767
14295
14295
20368
10780
8212
26853
26853
24518
15250
18657
27677
7577
2735
17062
17767
26761
9166
17809
349
5549
12322
12322
8992
425
6575
24026
24026
15719
2256
9934
15688
20462
25987
25159
20932
4013
26389
13190
2707
2707
21839
17689
20671
19767
9764
14667
25627
1211
1407
1113
9527
3818
8359
16956
16444
24322
5250
22361
994
5250
5250
19623
4972
12224
28100
22361
10006
9961
20534
22660
4819
25868
20534
4170
1284
5896
1486
18948
6015
6063
4170
28066
24176
21614
26192
18681
1146
24176
28066
7847
7772
27834
7313
1591
27832
4170
8809
6063
14906
6146
25458
26418
25458
5687
20105
21374
366
16970
27006
1003
19316
12429
19761
366
17006
5687
27586
24542
15998
9026
23780
9026
4407
1884
15295
23878
19433
20754
361
4349
10544
9961
24419
25509
15955
24838
10544
27435
12299
24663
23199
11100
24663
6950
16126
5420
8469
3929
21495
23199
8222
14122
14122
18610
3770
13805
22309
7749
18610
22309
10895
23199
5620
4290
8208
24510
1385
14204
16858
25344
12299
6950
2988
13616
26311
16197
8420
23407
13162
12705
16197
20950
7742
13616
8159
23581
12705
5904
6228
20028
11049
20371
20371
25212
2787
14110
27379
12506
11776
17806
10384
27435
10246
10246
27778
27778
23759
6254
8072
13061
15803
23436
7886
23436
26093
1754
24883
597
6816
2396
27295
21573
18055
18055
11895
11895
9080
6046
8510
23627
6046
27109
5670
3965
16407
23472
16297
8600
1509
57
25462
23659
23659
5875
5875
25738
963
9264
1181
25274
8918
57
14498
5861
18537
16770
22778
28042
14276
22801
57
9412
10518
14983
19913
6018
25310
6018
10702
27435
4030
25680
25680
18434
18434
16124
3609
27185
4364
17796
15826
6036
6024
1006
3059
7853
16165
7034
15768
4364
2434
2628
2434
15261
15081
6638
17659
13658
6118
8936
22618
5237
6118
25211
7034
19809
783
3314
24995
16027
19809
21813
24076
12670
5186
21483
9621
19656
9621
21813
26561
12
19999
18481
2183
21731
24051
19854
12430
18986
7670
5665
16653
4364
25245
6118
4364
6118
15858
21324
3781
16157
15186
20025
8318
3781
14246
8310
19788
12970
13637
3803
21905
17541
2604
10432
3195
2604
21957
19041
3115
18718
13859
21905
26614
16330
15737
8318
8318
986
27097
24440
24440
24440
21954
9751
21114
21030
5037
15959
1504
27202
19238
10747
24440
4094
4094
26861
15120
17988
3606
13357
13706
27097
23323
23323
2888
2888
18405
19405
21042
4364
6118
7588
25447
4364
5817
742
20848
13062
430
1041
6118
15464
14657
14657
16857
6118
11110
17597
24502
22001
26940
25485
11662
14986
3491
16040
26615
5270
14843
28009
24502
24502
14526
14526
27128
5478
15241
24773
22209
24773
15241
21375
24502
8109
24502
22001
11662
24357
9732
18814
6511
9732
18148
5721
27894
1185
5750
21173
5122
15692
4722
18148
14289
25485
15630
15403
26814
14114
26814
26814
24362
27291
28057
23052
16762
8175
16762
18384
22001
22001
17466
16762
12278
15241
15241
6118
4633
21008
9990
2629
9990
11982
26851
16562
1431
20843
7055
2571
9990
20979
19078
8575
18318
6202
19078
4425
19078
13744
1672
4633
5079
5079
7190
20979
9990
2717
26868
6419
9989
9989
10505
13765
16089
9989
18913
3164
13614
21424
23802
12864
22564
4669
21424
4364
24939
5819
5819
2174
24696
24696
8231
26253
26253
24939
1118
15197
5207
11762
8622
21390
8412
16857
10947
21936
502
19986
16857
18475
18475
18519
19895
9808
22728
1013
7637
16714
1357
11528
5907
20792
27097
111
22266
13465
6798
13499
4592
6099
26639
1972
4364
11607
19933
7219
18342
8036
4527
23205
11817
4527
14773
4553
19603
18342
8524
14773
8036
8036
15067
12742
24266
15067
1481
6112
22959
18959
6401
3973
23507
180
19174
25107
4527
27005
2884
22904
15883
1212
12236
21827
17381
26139
21761
26139
4077
8913
8913
3445
26368
1234
15409
22864
22864
22864
8460
10606
2176
21232
14854
27180
16929
5749
14773
20134
5790
20134
14730
18342
17150
14773
1235
27005
14093
28035
1004
16966
1004
1004
827
9981
16966
23788
28035
23335
15206
25580
2557
27959
21640
27462
16624
27793
21640
25580
23335
12507
22753
9192
9192
3533
10019
15266
15266
13509
23335
20134
12957
25019
10394
2864
14944
6879
10726
25468
413
22379
27164
20445
2713
15304
12957
10394
18364
12217
21195
13417
23000
10082
26098
24666
22851
22659
24148
19928
19172
5291
7534
20134
5439
27005
1235
12789
15275
27005
22773
27926
26153
23197
14125
26651
7046
15222
16509
5291
5291
7966
6254
20809
27878
8931
1548
27878
27878
27784
26067
26287
407
20881
10842
4137
201
7500
20619
7500
18775
12143
10407
24570
2083
1820
20333
16588
16588
18454
12253
13301
7173
19315
13301
12771
12475
4137
10122
10507
16812
12381
13088
14664
10122
12381
8479
24963
24732
26175
22826
24879
26066
28147
3634
22934
1461
20275
23299
1461
11536
20045
7269
22934
25442
17616
17854
6748
5891
11169
11949
4137
9456
24646
13301
13301
16202
201
26584
24646
23852
24711
13551
16747
13511
20413
24592
8557
18056
2172
5898
14032
20266
12499
8557
24592
26154
24592
25901
13317
8866
8866
19360
25864
16632
6597
24800
8330
7127
2013
14162
18569
24592
18983
1723
8232
21211
14091
15289
3653
17408
8584
4822
5576
4448
18422
14417
22326
26804
26804
11045
14734
19411
24994
14417
14417
10677
8429
18843
21645
8263
24302
11897
27630
1391
6039
9212
4575
4575
11901
377
15115
11338
21141
10655
377
12595
12595
3071
19849
14432
16015
27303
23692
1364
17893
17893
25438
4341
7304
17893
2189
2189
26133
17893
15244
19610
16960
4487
7043
19489
2368
2499
26005
6254
8655
23590
8655
21427
15479
18900
18900
8655
13140
22727
13446
3980
24930
14816
14816
8125
12984
3980
57
26902
26902
7381
20852
21289
2143
12447
26902
26180
58
4324
17148
4327
4327
4327
11083
1595
20489
57
22846
15756
3211
19558
27268
3105
15242
4684
3211
2678
22373
12009
12009
32
18741
20888
32
26677
26677
12504
9957
14234
24651
24229
13986
27653
6225
22727
18343
17347
18343
15648
1130
9144
1613
3245
18958
2814
9024
782
2814
2814
14412
14838
19334
19942
5239
15453
25625
22490
10365
16375
11016
6418
28022
16375
10620
3816
8000
2237
8000
8000
20564
10087
5187
2894
16408
4052
3474
6274
19516
13583
20092
818
18645
25984
4447
8255
21719
444
15239
13771
25984
21719
13577
3663
3663
18654
24781
24781
19050
3663
17441
12392
12392
17519
12261
17519
12261
21748
10325
6438
20957
12261
18259
13192
13922
21292
26765
11279
12855
10168
18365
19076
2688
2688
25538
11279
13297
27990
5606
25081
13766
10805
22287
6615
10920
24066
17954
18259
2688
4227
11299
11464
6284
23036
24261
10767
857
4273
24556
23455
18845
5717
4888
5538
4888
16855
27236
20617
23775
16598
16598
3410
708
18259
18423
17970
2688
25532
9601
8861
18259
5564
3576
7362
16387
8252
23133
3074
3054
8391
3054
360
7569
21445
19469
5564
360
199
199
248
27552
6076
4230
15594
25588
25588
1237
26707
5386
3698
3074
5564
24099
20553
15381
26900
20744
5673
10279
21601
24402
10279
10279
7164
2786
22072
23981
3975
17646
11033
27131
19215
4281
7275
5120
18910
2625
12955
8001
12294
18049
24066
25532
18259
2688
1745
15626
15626
83
14755
18259
8001
3761
22735
23723
10513
4150
9059
12534
25168
12534
12534
15273
15698
17933
3039
27556
15273
473
473
9247
8093
8093
26897
21662
11677
8767
5756
27751
2138
3729
13296
13296
12534
9135
8767
21363
16181
17129
16497
18172
3373
2538
10210
18758
10382
22668
11293
1207
17776
12932
16181
4371
15610
17165
1605
1605
20511
15260
4376
4234
26721
26095
18407
13296
7334
15112
12304
19368
4150
16599
12534
4150
27604
8767
11791
22021
1142
15145
25986
27816
26913
20581
2229
14241
6219
7900
17548
16642
16642
23948
22118
20738
11838
23948
1419
19718
17905
9205
26038
20958
8348
20736
16425
17005
11791
8933
3106
9954
6218
8950
5354
15981
8933
1887
4056
26184
22649
19671
9228
6218
11279
7422
20142
19493
3456
14054
4638
11780
20947
12342
27875
8299
4705
12062
12787
690
15216
11612
16584
16584
10539
1549
6050
12758
3384
12256
25355
16992
25532
11113
26577
11279
20362
20362
23414
25057
9365
18271
9365
10330
14167
18307
475
11981
6794
25532
1961
8001
10463
18259
7214
13238
7887
2139
20429
27274
25422
2612
20479
13378
15815
2612
2612
12960
12557
17175
6753
17728
355
23941
23941
15165
5406
6363
16243
26981
3473
12927
2612
23599
25863
27963
27989
9017
7163
13237
27989
23941
5696
10550
3171
19789
5696
21597
17059
23967
18503
24931
4155
995
18503
5156
607
513
18245
3632
3709
5156
27621
14411
2612
23127
13237
11900
25985
6910
26421
5733
4858
7653
2612
23941
19098
6148
18740
25350
5013
7085
15366
18740
16222
28060
16078
26715
24104
18740
14154
23939
19464
27888
10770
19464
26374
23939
27888
631
26272
21971
24138
26986
4595
6555
2032
15859
23941
17773
20497
4546
22136
10092
18085
25678
21093
9154
25332
4546
25678
21093
21093
21093
11000
23241
16884
6976
9251
26515
10786
2945
7325
9251
11000
26684
24145
24223
12663
27021
23020
5322
26818
18107
18107
3530
26421
10329
6648
8738
21841
13665
9791
26421
19046
27989
24920
2681
24084
27989
11719
590
20596
11208
20658
4821
20649
5206
930
10128
18272
10914
26385
22196
6449
20604
20658
20658
18272
21621
4830
12515
21283
24937
8392
7100
17268
19417
18878
18272
1490
20649
13204
15461
14698
21621
21304
10128
8815
6287
22324
24428
24428
7903
16778
3539
23294
18728
21986
6862
9871
22324
6287
24428
22871
4177
3399
8581
15699
20953
23947
8581
23947
27446
18743
1384
17382
20604
19020
13056
21621
18272
21621
4252
8331
2744
6619
172
11506
8298
7016
5153
2607
2607
21620
5336
26658
11179
28045
8298
12677
2354
23391
25233
11506
18380
8298
18149
18230
9091
7845
27656
24759
13338
9091
1204
7845
15393
26258
2901
84
11020
14984
22138
11490
5336
5737
5336
17797
5336
8298
27516
80
5917
28053
13134
18469
3009
18823
23085
23085
26362
11104
6550
6456
6456
27516
18746
14835
27516
12127
12127
5471
5433
15079
19383
9801
12127
14127
14127
11552
26938
17299
2252
10438
15339
15326
26018
24526
1307
26018
8001
2498
22398
13480
24066
20179
2389
24841
12678
18463
21590
18463
4611
10608
876
512
4611
15624
18468
25254
21023
9739
21678
16561
10130
10130
21373
12047
15035
3739
1488
21922
18217
25532
11098
26201
9747
27750
22617
27750
20518
27750
26729
6608
19520
3704
25532
7406
20450
1563
4216
2853
11172
26296
19548
11172
13786
20441
11068
11068
20441
14905
4116
14905
22319
10373
10373
9360
20656
5182
25000
8607
13712
11836
17101
2921
14601
6825
16897
18817
15282
26026
11078
24595
17101
9671
11508
1337
24581
24940
11015
9671
14333
7583
7011
9050
9050
19693
19693
22717
6825
11819
26042
21387
11819
5633
10310
9094
14105
4528
15379
15379
24162
6201
11819
5633
5633
15807
5994
19851
7666
7646
9502
11207
6037
27165
26220
12470
7597
6022
12470
8025
2921
6825
6825
2921
22909
24604
14892
18849
26924
14354
20124
20876
15528
20876
10665
14645
6674
21759
10665
746
21759
24493
6586
12402
14123
7609
24867
21759
7925
11342
4127
18926
26924
12497
3230
26924
14354
26788
19089
1925
7318
12315
13153
19089
21280
23638
21985
3160
8438
4837
23541
14979
24033
9549
9549
23638
21985
10802
10034
8421
10802
27983
3625
13486
17146
25443
1993
6488
10433
6825
11231
23222
11617
18418
402
4667
16807
1978
11760
18052
7761
26935
27829
21407
43
25718
7124
19842
26026
23383
18028
25722
25154
8576
13544
7551
12063
13544
12063
22376
10357
849
10721
9629
22376
19280
1176
1176
15877
17774
15370
20490
19280
20360
19853
27401
6591
27152
1727
25722
17908
13544
8240
13544
16266
16475
21191
9043
19496
16087
16829
8478
21191
20866
8239
11788
601
601
21191
16475
23742
23742
25263
5080
6980
4590
8230
308
14500
8019
16977
16977
12995
14820
3553
3722
6810
1981
11476
11621
2574
7551
12199
6170
7551
7551
15944
8240
12063
21214
23925
9854
21108
11351
24882
3881
12611
11808
12611
5229
16909
1009
24882
9854
24882
23925
7951
27301
9920
13550
11450
15029
669
25681
25681
671
5443
14179
6395
25300
24882
23925
4703
11265
11265
27829
23685
20336
20336
8100
25668
14561
7573
6359
23159
1643
11350
9157
9157
21599
3742
3742
16443
6665
7794
5820
9650
9411
20699
4088
6665
22717
2994
2994
22425
1634
27829
20786
16552
20786
10998
462
26826
7740
5106
10354
25250
22056
1851
20697
11001
18378
14061
8322
6628
24695
10730
15027
8025
23007
8926
22434
7494
16199
7516
8025
22430
22430
22657
9540
698
13497
19635
8068
16641
16511
20582
19514
21087
8025
17630
5308
2333
3755
906
12138
10878
5705
28089
5705
18956
19266
1710
17444
5308
17444
6165
18088
20606
6758
1083
8466
7161
25405
3587
22808
5308
8196
10878
22907
10878
17403
25938
504
23296
27721
27066
1129
6272
8796
3362
16985
10811
2572
10962
13334
5863
7684
9902
6377
22423
5173
17855
3185
26836
16294
4890
27788
13091
193
19097
19097
193
24494
13863
3755
12425
7147
15371
10878
5308
6397
17444
20372
25757
22551
3422
19970
18415
18415
25208
18415
18415
23886
16149
5235
11116
5235
13393
4223
14343
5753
18415
25334
10173
17477
17477
11242
3341
18415
17331
10896
17331
24652
26320
27031
18415
19970
5753
768
7128
2553
8508
16149
22032
22032
22390
21554
22032
15072
22390
7751
22390
22032
13591
14164
26458
14699
6774
22032
24240
20587
20587
22390
10323
27472
4565
23786
23786
27879
20902
21543
2364
10878
10152
4522
13132
24884
18865
8539
22359
582
17286
17840
7648
16930
10592
17444
17630
5308
3755
8273
3951
27561
3509
26401
15309
1331
7248
23147
6902
3509
4506
1308
6523
8781
1308
10143
9769
6523
2240
1308
1859
14194
3175
10516
15586
15050
2240
11194
19270
23037
23037
27936
23248
27936
18432
22588
27936
25257
2240
26047
26047
28025
27085
747
20349
23424
18386
20349
26766
27814
7628
20520
23539
20520
22701
16352
14928
913
3366
17810
17810
18102
9894
16093
9623
9623
20520
3366
13590
1308
14722
2519
10488
6583
19985
6583
14722
4313
3692
17097
12213
14308
12213
16446
16980
20349
25227
2240
18960
2240
15879
23037
11194
7356
20349
19998
20349
20140
23037
19712
19712
11859
11859
12609
13957
9276
9276
22950
16832
5470
23708
19699
14102
1014
25472
4276
11012
24454
20560
4923
4610
24454
27017
20394
21991
7436
7436
26681
23081
23081
13783
24478
9276
7065
19995
19954
12489
13862
4236
17943
20764
4276
9276
4682
4156
24734
14596
24096
1737
12461
1104
19067
19959
18745
19067
27037
5132
4151
26777
12287
12287
22533
6952
21210
25961
12729
958
6952
25961
27111
596
2061
14135
24957
11184
11184
27618
15509
5640
2331
3177
18362
3177
1485
13650
19053
18464
11260
8766
18736
22438
14520
22438
218
1890
3177
3177
23998
13623
1485
8766
18162
22962
5476
18162
27211
16715
7803
16715
4901
5071
15890
5967
2796
7744
639
1994
14415
7744
18162
24904
12993
22280
713
11515
10085
24415
24415
15863
227
14759
27703
3057
2296
3183
26708
9628
5933
11272
22280
11531
10085
5955
9969
15383
15383
27309
9969
10053
9985
11724
4131
9908
21340
21340
10755
11101
12126
6098
11724
20375
16701
25179
21855
17379
17379
27861
16763
11942
7652
14299
11942
11942
17379
26596
28141
26596
5089
11942
26450
7917
7917
11942
14770
6174
10478
23719
6174
6787
18440
21897
13823
22940
7629
27118
27118
21797
10305
24731
6174
18146
27039
23719
8293
8293
3139
9511
24061
16867
3806
25975
5312
17600
8889
20292
10272
27007
18677
20292
25192
25192
24306
6052
4655
1017
17118
16261
24545
17118
24736
20182
21567
26693
16261
26283
17049
18854
23374
23374
23413
23663
14007
2560
20669
15082
23542
8652
14976
17198
3229
24969
8740
4301
6928
24999
6566
23644
11545
9716
12783
164
9162
23542
17198
27098
12321
19301
18966
5681
27098
21713
14761
23327
27098
27098
10596
10596
10596
2088
25402
25062
21135
27098
21200
21135
21135
19301
8532
8532
15958
25743
7335
17065
25743
24218
26030
7603
25943
8492
26885
8532
1802
19299
14439
24091
25743
8532
2223
8532
24669
23516
27566
4221
3028
21610
11562
7052
24702
