-1
-1
-1
-1
-1
-1
-1
-1
-1
-1
-1
-1
-1
-1
-1
-1
-1
18420
-1
-1
-1
7875
-1
-1
11008
20558
-1
-1
11495
26345
-1
-1
19373
-1
-1
-1
-1
16858
-1
21397
3973
-1
-1
-1
-1
-1
28551
-1
5521
-1
-1
3604
25213
-1
26947
14607
-1
-1
29883
3516
-1
554
-1
-1
23762
6976
1640
4578
27847
-1
27578
24898
27525
27707
755
-1
4746
-1
8406
17450
-1
21018
2134
9737
21218
13210
19001
-1
22534
25596
-1
6132
593
2448
29600
-1
-1
-1
-1
-1
-1
11020
-1
-1
2400
10015
8624
17645
-1
-1
16426
20845
474
29084
-1
-1
17538
-1
27728
-1
957
-1
-1
10903
23215
18958
27997
12804
10766
11485
14346
29266
1682
19986
3311
7570
19250
11281
19914
14609
18224
16773
19274
4691
20512
-1
18388
2989
5138
27445
5477
3792
21431
16049
16190
29421
15407
16369
14314
27968
23613
1679
27020
7104
6792
25636
11044
28742
-1
23049
9140
27782
19656
24696
2134
22446
16436
22229
21188
27157
2915
3136
20284
15773
3300
16781
19166
21422
3204
8917
13923
3365
13408
918
7403
3979
11688
580
25253
13976
6430
24724
1856
6476
22328
3590
10403
10438
29149
12548
25404
20500
29776
19491
13878
4108
15326
24231
-1
-1
-1
-1
-1
-1
-1
-1
-1
-1
-1
-1
-1
-1
-1
513
18530
-1
-1
5936
-1
-1
-1
-1
-1
-1
19717
26900
14300
-1
14391
5495
-1
29509
-1
5048
25467
17160
-1
29679
-1
464
-1
17004
18390
-1
6190
11172
-1
-1
2019
-1
-1
1505
8054
-1
-1
-1
21519
7944
3580
29826
25306
29535
19543
18247
27320
19013
18577
3060
4210
17133
15429
12213
-1
22996
8696
4973
19632
21780
25032
13778
11762
10966
28413
4774
10574
15168
13866
24890
29921
2890
5583
28278
22529
13625
28472
20711
22454
27329
25562
19292
24428
27810
10965
27411
14053
24411
14473
19297
-1
-1
5861
-1
-1
23451
12571
-1
19468
11744
7529
-1
26604
-1
17925
9683
8594
24512
8139
22672
28947
4022
14763
-1
7529
-1
18161
15954
-1
16919
4856
13641
8576
5305
10704
9851
18661
11374
11385
15825
5393
5652
12145
7636
513
21523
2978
1657
303
20513
475
13681
8583
15413
29949
3134
7096
15825
1965
5393
-1
3031
22689
9801
20022
16716
22971
15535
-1
3842
29974
24591
7105
22614
228
25144
11787
24273
16229
4467
-1
27440
17340
4931
14481
3109
8804
3413
15825
4556
19506
13142
2716
534
-1
3996
28258
10437
6060
10101
12343
3516
22931
18365
8832
17347
8063
27735
12207
13827
29804
6223
17636
12879
6677
24949
812
7837
2536
446
6617
17833
14506
14021
27484
18115
20768
24957
16385
24890
1484
29912
2226
24233
22497
15853
21569
9133
19548
19632
2486
20873
79
13190
7078
24918
25861
17871
22926
564
15383
9636
647
5319
22879
15927
18776
9090
418
11411
17115
1781
-1
-1
-1
-1
-1
-1
-1
-1
-1
-1
56
-1
-1
13642
-1
-1
-1
-1
23373
-1
-1
-1
1680
-1
-1
-1
-1
17644
13301
9989
-1
27941
12893
684
16445
20934
-1
-1
-1
29119
-1
-1
-1
-1
9571
22123
1680
-1
2885
18159
-1
5131
-1
-1
-1
62
-1
10875
-1
5581
-1
19471
7628
24535
11714
-1
-1
22544
16696
8504
13102
-1
-1
3929
-1
3436
-1
29120
17025
11320
-1
-1
27533
21426
27850
26745
27726
-1
-1
25866
25398
8167
21683
10417
2855
14267
22796
799
10242
-1
21446
21492
24517
13126
25522
9605
25524
24878
26077
12937
-1
-1
-1
23547
-1
-1
19804
23995
-1
-1
-1
103
-1
-1
6286
-1
-1
13278
21809
18649
7113
17463
-1
2407
1977
-1
25492
25100
4109
5112
20053
11628
18712
-1
-1
-1
25108
22730
11465
-1
1358
-1
2822
7363
6937
-1
27407
25627
3913
21123
25849
24312
-1
21873
-1
12812
28236
17034
-1
22309
27758
11265
-1
10652
17532
28802
2304
-1
5436
19643
25373
13787
4380
3722
10190
15548
15769
8156
3001
16824
15123
-1
16637
2233
-1
18142
17419
-1
5899
2880
7765
11603
10154
-1
-1
22226
692
4998
758
26758
21189
-1
26310
10995
8148
7426
22626
1078
9336
21334
2015
24490
29031
11658
-1
13192
9886
14238
22777
-1
3407
14755
18398
3953
19271
13243
24130
-1
9746
13824
4317
548
657
5062
28580
-1
-1
-1
-1
-1
-1
-1
-1
-1
-1
-1
-1
-1
-1
-1
-1
8587
-1
-1
-1
-1
-1
-1
-1
6886
-1
10343
-1
-1
-1
-1
-1
-1
16577
-1
27188
14031
20808
-1
-1
22185
2809
-1
15884
-1
29326
-1
22121
1548
-1
13937
2282
-1
-1
-1
-1
-1
27529
-1
23960
-1
-1
-1
-1
-1
20099
-1
-1
13438
117
-1
-1
-1
660
14512
29816
-1
-1
-1
-1
-1
25181
18820
-1
-1
-1
-1
18022
-1
-1
3972
8332
-1
-1
-1
14139
-1
-1
-1
-1
-1
-1
-1
7468
-1
28132
22178
-1
-1
9127
-1
-1
20682
5553
28281
4589
-1
-1
-1
5010
3992
-1
-1
-1
-1
-1
-1
-1
-1
-1
-1
-1
-1
-1
-1
-1
-1
-1
-1
-1
-1
-1
-1
14389
19750
-1
19261
-1
-1
-1
-1
-1
-1
-1
-1
26278
-1
3530
27748
-1
-1
-1
-1
9966
-1
-1
-1
26569
-1
26585
-1
-1
-1
-1
-1
-1
-1
-1
-1
5489
29748
-1
-1
-1
-1
-1
-1
-1
-1
-1
-1
-1
21324
-1
-1
-1
-1
-1
-1
-1
-1
-1
-1
-1
-1
-1
-1
-1
-1
-1
-1
-1
-1
-1
-1
-1
-1
-1
-1
-1
-1
-1
-1
-1
-1
-1
-1
-1
-1
-1
-1
-1
-1
-1
-1
-1
-1
-1
-1
-1
-1
-1
-1
-1
-1
-1
-1
-1
-1
-1
-1
-1
-1
-1
-1
-1
-1
-1
-1
-1
-1
-1
-1
-1
-1
