 1234567
1OOOOOOO
2OOOOOOO
3OOOOOOO
4OOOBOOO
5OOOBOOO
6RRRRBOO
RED WINS
 1234567
1OOOOOOO
2OOOOOOO
3OOOOOOR
4OOOOORR
5OOOBRRB
6OOORBBB
RED WINS
 1234567
1OOOOOOO
2OOOOOOO
3OOOOOOO
4RBRBRBR
5BRBRBRB
6RBRBRBR
NO WINNER YET
 1234567
1OOOOOOO
2OOOOOOO
3OOOOOOB
4OOOOOOB
5OOROOOB
6ORRROOB
BLACK WINS
 1234567
1OOOOOOO
2OOOOOOO
3OOOOOOO
4OOOOOOO
5OOOOOOO
6OOOOORO
NO WINNER YET
 1234567
1OOOROOO
2OOOROOO
3OOOBOOO
4OOOROOO
5BBBBOOO
6RBRROOO
BLACK WINS
 1234567
1OOOOOOO
2OOOOOOR
3OOOOORB
4OOOBRRR
5OOORBBB
6OOOBRBR
RED WINS
 1234567
1OBOOROO
2OBBOROO
3ORRBROO
4OBBRBOO
5ORBRROO
6OBRBBOR
BLACK WINS
 1234567
1OORROOR
2BBBBOOB
3BRRROOR
4RBBBRRB
5RRRBBBR
6RBBRRBB
BLACK WINS
