527
4
4
5
8
7
8
12
10
12
12
91
14
19
16
19
19
19
22
21
22
26
24
26
26
91
91
30
30
72
32
33
36
36
36
45
38
39
41
41
45
44
44
45
72
47
51
49
50
51
54
53
54
60
57
57
60
60
60
72
62
63
66
66
66
70
69
69
70
72
72
91
77
75
77
77
91
79
80
85
85
83
84
85
91
87
88
90
90
91
195
110
94
98
96
98
98
105
100
105
105
105
104
105
110
110
110
110
110
130
112
113
114
118
116
117
118
130
120
126
122
124
124
126
126
130
130
129
130
159
133
133
140
135
139
139
139
139
140
143
143
143
159
145
159
147
151
149
151
151
159
153
158
155
156
158
158
159
195
161
163
163
195
165
167
167
171
171
170
171
194
173
174
186
179
179
179
179
183
181
182
183
186
185
186
194
194
189
190
192
192
194
194
195
527
207
198
199
207
207
202
204
204
207
206
207
223
209
212
211
212
215
215
215
222
219
218
219
221
221
222
223
259
225
226
259
236
233
230
231
233
233
236
236
236
245
238
240
240
241
245
244
244
245
259
247
251
249
251
251
259
254
254
259
259
257
259
259
427
261
297
264
264
273
266
273
268
273
270
273
272
273
278
276
276
278
278
285
284
284
283
283
284
285
297
287
297
289
290
297
293
293
295
295
297
297
305
299
301
301
305
305
305
305
358
307
310
310
310
312
312
321
314
321
319
317
319
319
321
321
327
327
327
327
326
327
344
329
330
332
332
333
335
335
343
343
341
339
341
341
343
343
344
358
346
358
348
350
350
351
358
358
354
357
357
357
358
427
360
366
362
366
365
365
366
369
368
369
384
371
373
373
384
376
376
384
379
379
384
381
382
384
384
427
424
388
388
392
392
391
392
401
394
395
401
397
401
399
400
401
424
404
404
412
408
408
408
411
411
411
412
424
415
415
424
417
418
424
420
422
422
424
424
427
426
427
442
429
430
442
432
442
434
442
436
442
441
439
441
441
442
527
444
527
447
447
448
475
463
451
453
453
463
455
463
458
458
463
460
461
463
463
465
465
475
469
469
469
470
475
472
473
475
475
484
477
478
479
482
481
482
484
484
527
487
487
489
489
492
492
492
506
506
495
497
497
506
499
506
501
504
504
504
506
506
527
508
510
510
527
512
513
514
517
516
517
527
527
522
522
522
524
524
527
526
527
537
529
530
532
532
533
537
536
536
537
0
540
540
543
542
543
560
548
548
548
548
556
554
552
552
553
554
556
556
560
558
560
560
594
562
567
566
565
566
567
568
588
571
571
580
573
574
580
578
577
578
580
580
584
584
584
584
588
588
588
588
594
591
591
594
593
594
673
602
602
598
602
600
602
602
634
606
606
606
634
608
610
610
613
612
613
617
615
616
617
627
620
620
627
622
627
627
627
626
627
634
629
634
631
633
633
634
657
640
637
640
639
640
657
645
645
645
645
650
647
650
650
650
657
657
654
654
655
657
657
673
659
663
663
663
663
670
665
666
667
670
670
670
673
673
673
0
675
676
679
679
679
705
682
682
693
693
686
686
687
689
689
693
691
693
693
705
695
697
697
705
699
701
701
705
703
704
705
760
707
708
711
711
711
726
721
714
721
721
718
718
719
720
721
726
725
724
725
726
760
728
729
743
743
732
733
739
739
736
738
738
739
743
743
742
743
753
745
748
747
748
751
751
751
753
753
758
758
756
758
758
760
760
763
762
763
0
767
767
767
773
770
770
771
773
773
781
775
779
778
778
779
781
781
858
783
858
785
810
787
795
790
790
795
795
795
794
795
810
798
798
801
801
801
810
805
805
805
806
810
808
810
810
813
813
813
829
815
820
817
820
820
820
821
829
826
825
825
826
827
829
829
841
832
832
836
836
836
836
841
841
841
841
841
858
844
844
854
854
849
849
849
854
851
852
853
854
858
856
858
858
0
861
861
862
863
865
865
867
867
902
876
876
871
872
876
874
875
876
877
893
879
886
881
882
883
886
885
886
893
891
891
891
891
893
893
900
895
897
897
900
899
900
902
902
944
906
906
906
920
908
917
910
911
915
915
915
915
917
917
920
919
920
942
922
927
924
927
926
927
942
929
934
934
934
934
934
942
937
937
938
942
940
942
942
944
944
972
946
955
948
949
952
951
952
955
954
955
972
958
958
972
962
962
962
964
964
967
966
967
972
972
970
971
972
0
976
976
976
980
978
980
980
0
984
983
984
992
987
987
989
989
992
992
992
993
1000
995
1000
997
998
1000
1000
0
