97852
7399
95456
76122
98585
84873
50418
23708
32374
97268
60037
85015
3702
13403
42876
3925
38267
33287
5451
57911
90607
33682
8698
97839
36248
11619
7719
56511
19074
83668
41017
36718
8527
21948
8926
8708
34434
6678
14995
51935
76952
32502
1238
37789
46352
58373
5193
41382
34026
95468
25908
10736
61183
42517
51881
37838
30908
12238
63380
82026
56579
24259
40334
11854
9304
8533
86525
46553
49324
32735
19098
54409
25995
28519
13054
8943
10303
74938
53418
89887
22058
26648
36916
75780
2268
11109
10771
27557
1156
50341
53069
85263
42783
95309
98809
98865
9617
58881
71915
29369
32165
34081
4907
1560
43004
20040
54774
69590
63509
231
40608
1302
34826
78395
88192
40190
56248
99627
17245
571
48799
37005
30097
19222
70163
35840
41266
70794
17955
27576
42724
76575
31672
21673
12461
51141
93357
4408
24144
64929
79055
68051
99404
41128
95115
42426
25548
98044
1940
13804
41471
76948
26057
58885
25469
95655
63316
93377
26221
24366
74140
33536
83534
3358
79650
44129
76739
27741
2650
22729
6631
32579
99162
24908
46491
22197
41878
7530
20646
89596
65547
42438
24851
19472
55803
10190
77237
98355
76910
52576
8962
72514
77950
8589
74301
24874
15309
22635
18107
74491
78185
1018
1454
56549
76341
16746
3634
3795
53606
33879
11616
4543
54859
41425
61184
60258
46478
58491
48898
9208
18942
40503
22328
21835
11640
37366
4992
45569
34354
40260
59167
947
99133
37726
54587
2896
75148
58295
37676
60605
4737
64211
36885
35277
2751
29324
60472
99287
14638
5915
74422
15006
36169
41396
3985
10994
3593
779
12006
50826
10521
7781
41984
19223
34013
10261
26069
22968
48916
99493
17316
21833
63004
43661
79669
35415
20743
26928
16096
63780
31091
4042
49852
76983
29380
59690
13489
29254
11304
5587
33210
56955
33527
33149
28356
37823
12517
4207
95491
63643
96777
20017
76261
93212
25935
72157
7032
23782
95867
61911
25978
31505
84963
37180
4851
49374
13954
10520
69224
30901
6588
77523
22647
3019
2969
21609
26514
64
8681
23778
42144
624
71089
12669
96956
35027
4169
52734
21871
42862
98418
2405
39198
41003
19037
53889
49417
53409
35367
98337
63587
9332
43171
18753
32244
44671
43121
47644
52325
97588
54300
39865
13772
25102
97887
6341
75255
80075
30037
1451
61903
13439
6180
53014
30949
64849
13636
1030
41367
12841
82191
34249
12655
40306
6690
2557
4728
68179
6961
2094
40088
6241
49850
41696
68875
96601
35125
3208
12654
22357
97896
24969
64117
20524
3021
24131
17422
36244
18232
34507
24043
67925
60772
29613
37191
97888
6606
97348
7264
50316
49534
22666
38499
43228
21503
32527
60588
95355
11808
7734
22745
78743
7482
21943
6383
69114
92321
63222
48705
7696
65378
22051
23603
52995
73214
59578
17255
14354
78979
42530
95533
39814
39225
24226
97325
68194
87532
21331
38706
96263
75596
23135
74407
61333
5566
61825
94428
44817
69005
79423
14691
92575
8987
23201
22603
98294
8107
38734
60152
13985
9822
40373
98803
30905
80303
26880
73411
8291
66650
57865
27926
94985
86938
96744
25072
17334
65285
92647
24989
96987
47244
60916
53503
11773
47591
28892
72935
48433
7278
94214
45363
69512
15580
25962
58452
29708
13102
99992
14694
33148
28153
49256
30009
32285
63935
41990
40132
68369
22577
24917
46719
28455
54865
10016
39471
55749
18451
14695
75912
5772
65399
113
7559
49709
21965
80631
7392
77866
44125
38147
62624
45604
85449
55733
67323
2427
94753
73155
611
97394
31257
29328
34872
71065
2632
13838
14248
56019
99584
29038
26324
73276
19919
30071
82302
62175
6376
32655
6635
11751
17032
65756
26243
75959
8567
47735
31321
35135
23059
42124
77479
63920
99922
2586
96756
97053
43665
77131
4462
41684
55213
55670
41216
20706
45923
64057
28650
68046
85749
97776
71510
81683
65410
20364
8196
37853
37795
70471
72976
49357
24938
55711
26400
53509
34118
24036
13859
49520
71498
95593
19916
4429
58382
14715
21869
85923
24293
61985
76056
44276
63352
75362
92154
6769
15474
29430
91841
31574
12317
50807
5881
67833
15346
11693
66025
40733
62964
34446
40794
31040
24883
40368
98435
6249
98943
18348
41004
41259
97260
2423
16866
29017
38826
78798
56343
22803
64181
4756
11957
18457
9667
25197
37395
51162
3439
71507
29858
28079
95397
4464
7010
19932
99705
40596
77676
17719
35958
51536
98118
17011
32960
55709
23749
29531
2156
56895
1505
2138
22740
95259
73081
73002
7593
25502
38502
19959
54572
2225
65408
25212
31734
32403
12947
8302
98538
66272
18018
95632
8946
76660
41772
16673
63102
20656
62363
3277
6499
42477
77184
29865
97837
61297
20896
54771
57140
68021
63470
71068
34462
20218
13908
96835
21380
54585
75501
95624
60004
543
80895
67403
41885
13914
26946
10109
16732
16817
2738
68341
75130
13461
22061
1239
35352
53222
38346
12898
98396
22817
68789
4578
65841
29866
3551
32582
96780
26600
74397
12102
9818
51794
25816
26836
71722
50131
39266
19413
36510
19554
42500
29891
97248
29266
7817
66144
14878
21570
5087
58053
32684
62867
2487
8724
7197
46295
9164
29616
2365
23320
64241
31893
43100
43406
14221
27235
64968
28384
46800
13335
32475
34481
80308
62598
76885
20783
9646
42980
41533
59526
8217
61372
36652
94070
14693
49231
6901
9169
79031
40281
59600
84552
53080
98867
31854
56225
51250
40267
59679
95976
97606
72081
12333
79367
21251
43970
56597
17984
68777
70349
30579
31643
28296
8984
22826
32094
72124
91671
55339
64244
59849
665
31016
4654
26045
73118
65659
17887
54367
8971
74256
50798
7316
47293
39480
19500
31402
11609
16238
23950
13717
89593
64731
83825
3036
14001
63783
2128
68166
99008
59922
9588
6858
1769
32343
47919
23897
45572
76114
72550
9594
25131
72120
15541
83860
42436
95735
3135
9114
6879
54913
21290
50146
57719
16154
99068
5994
43032
7332
22772
22595
59851
43360
47577
23096
80489
1696
35121
27680
97453
58211
28773
37547
37887
95532
25233
69778
3033
27560
53557
10184
51556
55167
14226
10329
1771
8169
5249
72329
52254
31985
27219
30336
96774
13874
61220
52281
80304
49721
69017
11217
95386
45372
29395
63196
4241
22646
55242
99020
77172
12911
4831
26374
12386
97270
20997
27492
4487
1725
74621
12633
9179
36493
97003
9241
18464
27277
60512
74789
81195
54744
28551
69789
1139
38091
9461
2030
58731
59152
23075
6211
13269
23133
5761
62797
3616
24723
45
35289
16062
8354
91788
41299
3447
35775
58155
22804
33695
17430
32531
3182
45121
53990
49838
52303
2264
64928
25830
16733
17189
8851
59713
45684
441
97890
76269
79514
28417
30203
87347
23432
14812
37900
2595
89444
33493
96577
70073
74689
32366
58835
7756
41904
71581
8584
44749
50523
14122
95458
36431
31899
33403
66357
43189
2697
74390
28591
10512
67343
1967
99831
35394
95110
53206
80378
30395
58934
32454
28548
48783
23400
9570
36864
69948
8135
68605
11567
27793
32705
7190
65495
77749
96943
37807
66658
41741
63507
15374
6147
56758
65268
13626
38152
67321
43436
65930
97511
37694
5199
21522
41301
59165
49266
47930
19684
43392
9863
26771
26333
15282
418
38687
26594
35350
27582
13008
96050
71637
34532
66091
24257
26188
54968
29742
51294
99455
47380
19284
22181
30193
37831
11711
20049
76092
76498
31842
78750
8677
22681
8379
29737
51943
66775
7137
22995
77638
27376
94433
66884
78279
37898
90554
8218
25916
49983
55297
24798
22375
48052
87833
14980
52466
15453
43114
72001
9294
28884
33970
21116
66772
17965
36720
99936
45630
97879
10989
42107
28890
34815
78760
46865
20046
24176
76169
8165
12723
85072
42610
74074
99587
29933
57158
54037
56691
33844
92808
97644
9416
32924
47296
6465
15306
39928
12523
19778
62615
26999
24518
29200
27367
58619
13116
68116
77116
30939
20235
67357
34099
27186
55293
59003
80401
31476
38299
9186
16963
4380
33603
40989
15521
25377
67896
4053
55245
67941
57005
84637
25986
64338
78007
33083
65881
76245
80803
49872
41927
45153
7442
36998
32113
57599
23341
93093
17666
53547
3696
30569
22599
99219
9063
32350
56045
43034
40361
98904
72446
41304
9945
98084
24585
10170
67543
24181
64261
28567
19531
93171
47024
68717
81304
71519
66644
2293
29213
27890
21723
30985
42886
10486
63837
16121
20452
19551
43482
99807
75486
29285
40493
11140
83567
97799
29067
31929
38540
6930
41806
72781
15066
577
50894
27632
67643
37855
61406
56763
73126
99269
41546
65323
61351
80981
11031
40121
9355
96304
99126
31391
34178
98939
9895
15820
8290
29987
18446
29343
96089
88669
92488
63122
40070
18842
25857
5024
47936
19238
84755
42167
64506
95785
43508
16028
98745
95167
68026
44339
88445
15086
40840
67757
73554
27736
18395
28777
9475
26787
34985
29086
48268
29804
43857
64471
1418
71104
22057
25503
25285
56283
77346
27823
30493
48416
27961
19586
10959
20961
29839
50954
10142
7497
8580
48479
15711
76909
21064
44349
35193
2592
79169
61797
56430
75458
85677
1966
99022
1320
30916
95096
27957
54793
39456
35742
15921
28647
13151
54475
6759
75460
4228
21160
88079
10965
18786
38295
1467
89080
96151
59530
16198
6392
35627
33971
6818
7997
45174
81975
26503
17925
26364
99499
8882
32073
61176
51944
88029
42350
79525
12562
11503
3556
63538
81167
75541
96674
58320
36641
11917
25054
95217
66169
96185
17860
11626
41312
19156
96585
70446
30042
54691
449
24778
79899
22157
42984
18957
48023
267
91148
13798
98081
8250
20510
42272
96984
27099
22276
4280
42670
3350
43303
26459
37551
49521
32177
14136
46366
43183
38303
19595
40441
27301
10255
17231
9301
41825
3006
41203
97341
24711
52282
12
21507
59616
18313
38524
38553
19249
95050
88474
48676
43061
38349
7957
13139
35391
42921
6849
35137
79407
17607
67792
96509
84749
3004
87435
15417
95822
66785
97077
64648
32058
6222
39987
18756
26340
52095
54226
9092
46627
5094
6029
45597
40357
14650
57248
46185
72436
42964
73229
14956
25424
14787
30472
33687
41900
72912
14958
39659
33936
95580
31775
68308
48528
1215
72387
77611
88172
37712
30359
19716
34056
73098
71580
25110
7806
6570
2674
22992
96655
89271
44495
9334
7974
75427
1622
51139
62748
37086
32505
3347
27646
62168
55554
39848
48002
12602
17893
99668
70175
10259
37805
95492
39714
9370
50071
79874
44750
89927
35074
20486
21359
54068
7505
19898
53218
4873
82966
48103
8644
39731
69748
29796
66342
3705
20607
87913
12915
95827
19840
73143
71958
5111
40541
61178
30189
67217
72314
67421
96413
5845
88549
50337
95790
12417
26658
78548
12095
62682
52614
10278
83457
40894
70927
3359
52588
29772
24386
21094
98945
7329
43674
5535
4882
29576
11961
10725
42969
79714
84268
15676
6868
34833
71472
17253
26853
16801
37046
14459
51706
26927
12378
1952
13091
6740
18857
56912
56329
51708
42458
20262
94058
43182
94659
77514
6694
66127
77823
74567
50444
6714
95102
20824
54411
98123
9939
6771
96061
17792
44899
2000
38313
71701
63431
25871
25718
11325
10344
71182
14060
74212
73530
58824
73102
9721
23625
65263
96404
98358
39670
31099
38833
76076
14320
2649
36806
7162
70310
67528
95487
4696
96108
36763
2800
34017
73935
53095
25356
95525
72642
76037
67418
84039
28662
22210
39057
41443
96532
30635
69562
58628
3153
81281
43132
3080
8771
44338
76291
28852
57010
75312
64674
19594
61168
8604
16550
58303
80758
61855
33473
27607
29504
2747
87874
20625
5237
12146
21496
19042
38603
4026
95932
39239
32473
10049
97047
48649
5822
39414
143
73869
94133
37606
42192
30352
42951
21656
97508
3038
8242
8996
55472
41306
71458
19674
7852
74610
24299
96174
6225
25326
23899
70874
7951
68720
30706
26589
44462
87791
45736
71409
18036
20521
24361
18475
96923
37624
99029
66686
3313
10084
6389
14952
21452
88674
69534
37275
55907
13541
22476
27744
28454
1358
99016
1123
495
27323
96229
2567
7250
75571
7343
35619
9868
60555
16761
29499
41208
26578
40867
58288
26842
5636
62896
40696
68243
75470
64976
67640
65562
38366
6823
65058
19546
95018
76997
67141
79092
1243
46172
29489
46360
23455
11531
58076
37484
97390
43620
89586
98650
88891
9476
52398
12765
50578
31018
30028
43962
24430
45402
95577
12536
37044
10254
54220
27539
43718
41694
42009
21117
52348
99710
38483
38056
13696
55667
29374
17363
85136
63053
99376
18890
8951
23332
20022
54977
16518
18206
61371
36557
58205
16282
19119
99894
9949
9929
11416
24885
15875
64235
72648
72306
30216
96074
4608
50033
80355
2510
72350
2366
64743
9433
39944
32201
12799
62416
59301
96160
30957
16168
78944
33759
11572
39696
10492
71438
76621
51642
18004
54721
98529
31891
55419
40997
54158
4697
13674
47344
5686
74871
24460
35077
44513
4012
96683
72809
68357
2917
74324
63026
27066
49916
44730
60867
78133
7635
55186
66937
63434
22878
39655
99284
8522
57864
61807
98714
30496
27912
37309
25468
90296
6251
99827
35393
20496
68064
52803
3952
68125
2478
25196
12433
32190
184
32157
42464
7960
32001
65153
56505
50438
22888
29709
3405
17855
16527
26337
96963
28426
35784
42247
20988
23109
75197
18129
30033
1874
1632
2274
38369
37702
20171
68959
75320
42687
51978
7513
6615
1522
97261
71973
19191
72117
56169
99918
16587
17621
25675
1083
10982
41436
37327
22004
58523
72331
38118
54396
11148
54338
10568
32464
72513
74522
25352
12277
22884
33841
73456
47219
64339
96869
18185
4946
95681
98666
45492
25019
64488
9792
25834
19373
92799
51755
38149
96988
34793
27014
7341
35014
68679
31527
95788
98918
9394
75238
2849
30026
84787
9842
48386
14674
40080
30372
70938
34482
7772
14678
45865
19384
26790
24496
32872
6488
65281
76849
20034
23807
20188
71050
8796
78431
15226
43072
22747
9759
44921
24924
16900
51321
8767
10314
80550
11669
15265
99073
3801
15037
98303
11963
28240
95998
76778
28538
19520
28994
8931
22881
31714
26478
96220
75722
78041
23927
40181
41912
58946
1609
6954
74194
57775
4784
7268
47670
45922
26449
15687
64494
3050
7203
32376
89454
61841
8544
8779
21265
24791
58341
21679
76234
1272
62775
58750
15456
31884
4164
67647
38072
11168
8975
46122
20967
74411
2220
55042
43238
26940
1260
38043
97132
13242
11250
28981
42667
71656
10810
34228
49944
3371
63669
5318
57443
76105
5449
99344
32125
7022
18055
3466
3531
27867
29391
47606
6141
11139
65563
7318
38856
39030
69543
38682
21438
64835
48304
95054
2347
45049
98729
48119
78684
10573
39348
61441
98531
52765
22249
61314
15274
68399
34850
1063
10885
1495
40987
79322
21099
7973
81423
39165
30964
67266
95970
32858
34630
1929
25505
57356
11451
36312
6459
64432
23847
35944
16049
97397
27536
55675
48736
68787
64255
18086
40802
69768
20303
34817
15098
7550
22481
73256
4235
9458
59199
40250
63070
35250
39786
99558
32617
99107
77751
54408
40743
2381
7138
5507
26129
66264
95021
19031
24412
17428
1669
54704
18041
88879
52660
19189
13063
99348
97817
69669
4021
41713
12850
37443
61811
19182
19708
10396
42586
36180
76306
30179
28096
85893
52066
35174
20518
69071
97757
56979
94882
81780
1129
23530
9556
56185
13060
35311
15513
8068
80088
34160
7700
63377
26595
25443
8616
44866
82909
2728
34814
58310
40100
75042
98262
42505
21035
40510
65222
60290
20906
20956
41793
22567
51100
28827
44101
36006
7172
94990
19852
8854
18639
99650
22550
2994
47426
45134
36463
66504
61531
77737
68732
19350
79455
51912
39746
25435
59413
65011
6578
24847
16239
61546
15796
40348
96936
589
67205
74849
32398
13906
42993
3442
73959
55657
25818
96302
13807
75085
43764
2764
15782
19059
26832
36494
43937
19682
5588
42197
74467
95009
12429
53013
39111
11305
9930
62725
7394
42181
53665
34870
2273
10717
48608
18613
95192
7878
26500
8299
78107
13279
588
2352
97590
29942
22037
25096
3378
10848
4794
10075
15225
61352
72746
34122
38307
84046
30299
22221
66891
41217
30606
14746
27126
80694
2813
98652
28377
97983
20978
87480
56978
39807
40010
32082
9265
6199
1690
44177
10038
36263
21880
96982
19735
81175
17723
11041
39675
12825
64267
58701
17302
18500
9136
89176
30926
3597
96922
91973
28594
72691
65988
26778
72811
6396
99011
58200
11540
55762
6304
36499
8466
77682
10334
34461
21815
68622
6013
19724
6512
9665
47740
96071
6370
12172
11289
18399
88383
11949
2226
44351
74447
44380
46186
45512
43166
20160
31525
893
31358
88129
60026
3406
34192
31264
78935
52918
22140
28836
51695
36511
60724
4527
33935
28751
5269
87625
99912
854
42918
35992
39001
38775
3243
11767
99789
23516
18287
39256
95159
71533
56256
69591
8566
74638
39436
98212
10816
18913
12307
25045
26170
39200
68352
19133
96558
28629
10984
36628
34924
96845
98219
34727
23853
99509
59409
16615
66935
70453
99542
28772
62200
46066
10878
66282
40292
5319
75627
7557
35540
53614
78084
18790
26483
81042
38551
15061
72540
27080
37076
43332
37421
42943
61217
96446
5213
15100
24717
96624
75559
9504
40476
52649
67659
55270
16799
71062
77595
48456
3073
99104
55511
9871
67915
28506
6503
7678
13718
98937
35831
42013
56352
475
2933
97017
24044
25522
11078
33889
80900
38391
6502
7758
71669
23503
46734
5306
35035
19130
40165
49462
21118
12347
64834
98796
35073
17583
18996
74619
27670
95507
43573
45148
74696
25397
62825
31122
45768
10377
55987
4856
16113
34770
44145
10798
32656
45048
81100
24773
44717
4325
30723
34152
52276
51781
33966
31611
94001
25763
15180
2585
97381
38811
96368
67119
33141
33042
22403
28645
27493
85049
15468
53290
28108
40352
30783
61402
20174
4063
28284
7213
98173
73245
14642
41037
48612
4418
53599
2448
62348
62432
97314
36635
33254
19021
24048
5628
38059
21650
95113
20436
48428
4644
81246
20237
58665
22500
28339
19433
19835
99795
42527
17768
8488
43019
45870
31784
79253
16698
6275
10561
5598
36075
67334
95095
7723
64103
85148
5264
99640
52908
1464
86255
62174
21105
18888
15816
43646
2529
11740
54217
16791
71366
2420
41892
22854
21612
1181
30090
25378
99888
99005
71569
23571
80385
32405
71916
25499
80718
37866
48767
9707
21947
73356
25368
1577
36992
17045
19274
92319
1910
62687
54270
62429
97052
25672
28262
36018
20498
34721
27139
56331
8402
51591
53330
61392
64871
63084
36138
27357
29808
5485
90865
71290
78712
24971
16199
75804
34173
18749
28354
44060
8872
80618
41099
6698
85795
35458
36178
98516
98470
21974
44898
8663
67616
80829
12336
43344
30511
4771
11302
67099
34607
8016
17476
7439
42320
29177
19902
97805
16032
31418
19268
48113
95613
61740
2852
24340
34125
12626
25969
31216
32642
65479
86468
50032
72235
26177
98590
43464
6891
2568
5980
36844
92509
70612
97821
13904
24331
73393
70594
23243
11030
2991
68326
37047
34379
10031
24125
9316
15397
60320
456
7904
46889
68045
26847
50372
49114
97925
60988
38359
54543
38767
32222
98026
40118
96334
46729
67169
96370
67842
45688
13276
80964
45145
35763
17281
1590
8243
18768
67105
28921
69895
84582
64924
52184
28361
42894
38568
17588
63322
42394
3018
99616
20358
23935
22477
37961
21433
30158
11113
63134
99693
10097
99839
10508
2750
45993
11887
51228
12041
40439
48408
7426
22453
42008
31211
30826
14910
31597
12264
5565
65713
9237
74007
34503
77159
26627
69303
66809
51384
76546
42564
8783
79628
96210
13795
55693
97028
1691
43069
48128
58423
35060
10485
67592
98092
86319
33376
29376
58849
43247
70242
70831
20938
96424
21912
95280
10036
28028
44456
50745
64819
4425
26631
72480
28741
95044
77332
80097
8852
37239
43873
39611
24199
34583
80405
65772
49230
369
4936
33607
54822
5573
97240
81094
12735
5176
25156
5812
66470
41504
8472
15287
14748
95019
60750
80451
42326
97985
69212
93248
96979
87668
59956
57642
30308
28743
5780
78197
4322
34679
47368
21781
8414
41974
27689
18968
95454
23067
74853
66619
78478
17520
44104
96436
85421
13075
16194
72423
13742
65520
80316
2277
8138
27353
42037
72311
19370
37485
98400
8551
69650
31246
42637
92495
96164
60323
29817
32349
69593
99379
16447
6982
34777
51609
7360
42091
79624
58993
59399
67177
85583
71093
99265
28988
33928
24840
58741
52004
78837
50454
21008
6688
29084
32378
23335
45838
34729
11761
8446
60633
29333
75646
72495
838
20472
77363
96218
10962
56167
90861
58406
75636
39401
95891
70371
29174
84200
7750
60247
95166
7233
68271
18068
21316
35108
10715
7695
73257
65635
1102
26024
41544
34317
56879
99609
9365
53633
91583
62146
89232
9096
55451
4328
3009
13106
57240
36734
60292
80377
4158
71422
38041
60895
66497
3122
42758
56611
39161
36795
48809
32417
9748
96039
49680
14853
45217
54448
77043
9739
26287
26334
67716
21550
37150
11476
13387
72171
75081
34455
11774
78082
68199
51204
42201
27252
19033
18751
4781
26647
73246
11819
49851
95857
67476
17825
36771
99343
76388
19918
55401
6320
35383
73788
78535
40433
98407
12892
38660
68330
2779
51558
61476
98717
29346
21882
96103
16876
52920
10911
36836
72158
13694
8239
2076
30194
28117
12216
22159
63810
63345
64996
14273
1152
95116
3287
34697
46693
21425
99239
51438
6441
39638
4366
77524
16064
63207
17130
23127
67308
10763
54258
2217
95384
68542
90609
37272
67250
60466
78862
35530
27085
41852
70658
88725
2760
54205
30209
97471
15740
56032
34205
27663
14818
66393
73162
76950
4092
21306
41919
32547
38460
95423
30401
36382
69044
38159
6731
21197
59697
60529
74889
87
12444
53935
82986
99152
14306
18595
66532
58352
13799
28792
492
67258
29423
26148
5051
74127
20822
20558
51709
60205
75566
29246
53166
52688
5651
60387
27239
8747
11422
11352
16303
55764
15079
34197
81731
38104
3542
11468
32781
18951
76851
33089
16481
14373
31244
33309
67873
79395
90047
30894
13487
29745
84627
46384
61449
14795
29079
12482
11317
26441
64634
9111
51641
23617
69446
95604
69492
35686
69250
16918
49823
36880
97564
63484
62258
14235
14793
96965
60887
69384
86120
53748
4439
17455
2141
54652
48328
72849
4382
58106
56867
9046
70424
97594
17408
72234
63870
31373
99051
6563
44945
58564
25039
97252
14668
54589
11175
63064
26229
9226
48885
56652
2267
20300
75545
66627
32650
28918
35599
26780
29780
23969
69199
3796
9470
91559
15497
23078
33736
33478
19183
29016
80901
66130
7672
29689
18037
71527
42261
42830
99753
39118
23758
44851
61187
23106
71593
13803
5019
19280
42397
49949
66418
3116
26614
31958
33051
23849
97135
64106
28346
85760
46801
42803
29355
38103
79114
53683
80056
79160
30968
64798
19243
96753
60147
41755
12244
42154
11012
32678
61742
96493
95084
74987
95878
33798
38434
63851
25821
33834
30791
80610
66089
51074
22914
11690
72512
32416
45036
27060
19212
99396
3028
46604
46068
62242
14255
25252
3962
53203
52146
56650
40519
1719
15382
66516
28835
66406
398
78226
97936
62941
5027
51048
46065
10583
77136
7484
22985
63032
34877
41573
41778
6494
38247
41790
33932
25848
19312
40780
24923
40496
2826
69227
50410
77754
24716
70261
12674
13599
8048
79648
37306
74340
53980
19996
79768
81307
617
20589
3308
59377
99892
12962
43818
19426
28749
8982
60550
4353
2848
7358
86412
25075
81154
75421
95837
31618
42481
1801
57657
66691
92272
1946
53843
44770
99635
14792
4673
625
28740
437
34962
29770
27501
307
36348
11676
40434
16545
36298
21319
41351
82271
5367
67703
73547
49769
47911
3402
81787
41100
75187
27545
3758
90636
60361
44781
27801
33364
468
9059
19583
65349
58813
62960
2890
39972
23973
96586
66034
66949
15173
35927
2443
5410
11696
60653
98627
1316
71223
24652
73115
22381
76220
50614
45094
63444
12556
11263
6427
18097
11810
752
84893
5133
30374
2805
96211
18909
55053
24051
84398
17473
55739
96881
38512
3454
54863
44657
17531
17915
50002
61227
38879
26938
52979
36017
18414
60273
57119
48643
8316
27944
37032
31290
5638
11862
22721
59894
14019
96437
62762
99680
71400
28488
900
25391
52357
64221
23495
95310
23481
1355
47741
6041
56837
28754
97565
14009
32800
96119
63287
57613
72758
46633
41102
22850
77764
26653
98474
64214
50287
36812
96548
2634
21692
25333
24651
14164
28440
95620
5938
56323
12292
5148
3732
15191
73519
37568
8828
69728
6974
96527
70705
73405
39691
73543
84724
2555
54118
12355
56481
64348
17922
5092
11994
33595
37963
97571
78079
76526
50866
64523
21076
26896
32638
52021
33150
25297
419
40028
29608
94351
28974
75296
41242
37834
66363
57114
4215
35040
7286
4984
34370
96221
95988
10233
23352
69308
79805
9622
22002
3724
29641
52488
37844
10869
66799
17196
70041
78503
34522
2603
38906
9172
62061
26372
63100
95006
42215
41207
14815
12044
52129
35037
5713
36404
2409
15741
64842
38076
104
52237
12647
99734
38033
23154
19457
66154
36539
29473
37781
5538
59821
7541
49327
33865
95629
93489
26829
52585
75401
24160
39158
10629
98385
15051
40495
49942
78559
22242
44706
10348
79665
36372
96351
24718
36363
39074
11334
96292
19753
67197
87187
95488
18837
11259
33758
18281
6682
47187
39310
49440
44430
98050
1149
10604
91217
46757
27003
5559
9070
8768
6240
47342
6923
20567
27592
21901
68500
23673
1809
93982
17063
78416
36338
18375
30656
46179
29170
10065
62485
33033
33407
48686
63069
24897
24397
38712
58699
42459
37382
98660
25589
15409
60530
49464
65157
5434
67906
95366
17418
54186
6641
57925
7443
8140
71007
3877
18523
46690
4477
10460
40613
16368
96727
14949
15536
41315
55908
54365
26718
33550
781
10500
36187
6245
19578
20653
54148
53687
38430
35665
97141
8906
22436
95466
25140
10363
68757
71918
69042
2435
18976
65320
98334
71126
16951
3338
13384
26844
32691
25296
13764
37554
18462
49101
20680
39087
73223
52748
22469
4041
23911
2006
5453
13204
53596
65449
33503
28391
66467
64209
12640
23276
64395
11885
5372
95099
38634
41941
2104
11444
34836
80424
24083
486
30921
33755
95108
76277
72245
3515
2908
23163
12250
12061
95874
39222
74231
41605
32284
68580
73390
40198
72747
7646
80461
95302
8957
10735
6767
46772
35280
80382
96031
30539
42482
74160
47068
15392
69340
79971
81374
32192
30682
76926
12964
92003
40008
56299
2614
24401
41895
33028
74997
30375
17892
77683
23624
7728
95347
71755
57812
40724
23601
1955
93566
31713
37654
41735
11192
17796
44951
75330
59082
17206
18372
51151
21812
38132
56852
48314
30032
39241
72121
3671
86926
58392
36329
56457
73589
11050
23638
76397
60499
78715
13223
99482
46271
96554
40283
57531
73648
55168
59329
11002
74176
39995
50475
17935
26584
72180
86571
91705
48211
66396
71209
2982
10778
46781
65210
10672
32975
96668
18019
16027
40770
9444
63408
71106
76428
41514
95336
18715
79062
97751
63827
32411
43667
69570
1172
19588
57753
76640
54469
37739
39073
47786
3426
67894
98444
16222
20855
31768
25983
50120
13250
36792
71214
41358
95537
10159
68242
68688
73522
41254
27901
88046
11291
79810
96051
31149
28031
1561
23745
28367
62732
35347
27044
76264
13312
97245
6882
41210
49965
40482
78542
25020
27181
7650
39424
49716
45408
66664
50474
29424
63815
2553
64310
34190
24394
80570
78843
26726
47002
48249
7204
37773
42217
14925
76299
15730
36454
42706
43144
23032
25067
63876
24566
21211
15746
34235
50244
22657
56547
27611
23184
96417
6323
16843
68890
59725
8749
84084
80283
35749
8806
16363
13313
33926
72748
12651
28913
43438
57460
80777
42817
19649
4182
88807
33948
88601
399
93410
19946
30940
43176
12162
98570
1053
43666
16970
47763
17744
99955
45216
111
8784
45783
2844
49136
95092
3543
70859
19050
32620
69240
5645
17111
4484
99670
16672
77972
70226
12563
77334
24079
91066
21646
16741
29122
657
55601
64227
81
34239
35658
5103
30593
12149
8656
4032
12470
96286
67025
65638
39178
79596
19922
75532
64203
97670
19102
98805
12270
24755
96419
86488
27432
2704
21271
24269
29926
35379
28398
24866
62438
97246
28955
16025
70118
44933
424
22841
35088
26732
23588
80969
4268
42198
99989
3757
38224
27553
31513
71555
48106
57824
54057
77399
33714
32302
41715
38441
681
40033
47503
10786
10570
58384
51899
75603
56131
3379
6040
80851
42858
97510
28881
66146
46736
89967
77375
17150
72115
80855
30585
16231
41543
35672
22570
7503
40451
58955
73110
17410
80282
10708
71914
6706
20748
56260
21613
1789
43138
95161
27428
80368
22685
64891
19846
52706
27883
3276
3364
2049
11929
33272
73207
62091
30830
4730
16646
76667
78461
96451
36719
13866
26122
38240
18474
26965
8610
65347
13130
9603
51484
30748
63688
21127
36399
31625
96775
28769
47546
6282
21367
24820
57476
2948
57394
6216
24682
16617
97224
39229
41614
37303
8411
68392
36272
66811
96084
29445
28748
12161
38732
68280
14329
16
7221
29436
39027
24920
73870
8761
27870
99658
15808
11366
95329
75525
68766
34290
15500
41784
10438
64830
6286
595
5672
39331
94587
33378
49554
95359
24870
60518
65422
34285
11268
47512
2317
24822
49233
376
99023
80676
76686
28352
18485
26636
71226
46131
1236
84747
2613
68036
22848
35150
66109
28615
53091
91535
21356
74708
18158
45514
2970
48625
47990
315
81896
25167
30049
27026
9593
65794
22337
65380
40432
23669
56405
63245
66137
1713
33517
65838
52073
74591
61792
20860
65059
65824
34517
7161
20365
98678
99443
99036
18772
953
18868
55388
52599
33008
53279
1516
37685
36409
99121
20560
16382
24277
69383
28770
17806
27192
70149
89970
9602
13811
56284
95195
75478
87146
1122
77141
45482
35324
10292
66603
32419
35586
67332
17207
22232
2239
10474
94865
25070
79523
41678
44782
44662
226
12546
14911
63891
18445
30552
34540
73523
26327
30694
77419
90984
72584
96834
13576
65217
9020
38797
19215
12704
45321
39296
36233
27935
9669
39175
54459
99417
48837
17210
2473
41068
60371
68148
35260
38436
36778
46081
49080
62849
72267
12465
25419
41876
52642
11841
9691
23956
50999
74658
46307
49450
6781
26991
33753
84742
96816
8197
38479
53461
35317
29867
49001
60096
25801
80877
95014
42289
21926
40464
38254
17767
39405
9149
9926
6471
42743
95920
44788
10627
35654
58790
17807
18785
99091
57726
57836
26325
13161
60007
38770
15258
17669
42012
240
29895
94863
29357
25990
57742
79547
48752
99832
95866
60439
19122
70218
66656
77941
60348
63389
39232
40332
41580
78539
27264
58113
23350
65812
24865
17100
62808
55777
4572
9568
23213
8341
46061
27098
24808
27925
35339
6244
30127
84404
26427
1883
2093
51493
65131
15360
72901
13581
81014
1046
65026
41683
2845
17277
42203
30515
19209
16101
67664
81217
98426
20307
30906
74842
38137
53522
80710
15728
28546
7984
20865
64570
13371
12019
96278
15629
19584
38965
62272
38699
48393
55067
52149
28271
39754
59586
27315
21810
22660
37669
99589
26590
20929
32704
39365
24399
75054
74081
20574
1620
54184
7354
53052
4991
43786
64560
16899
21102
43226
88320
8150
61961
41468
1788
33368
54141
89489
17724
6405
22470
3970
15695
9372
7683
65810
23884
39164
56047
53690
9213
9142
48695
95462
96388
34706
74680
57495
39971
16465
15263
76100
28737
46756
31045
26929
21669
32477
24217
16612
18719
67859
53005
24514
216
4573
29253
25017
76061
48669
14714
77484
60460
35820
15259
25560
20181
77736
22269
99112
56642
33630
14289
34068
23693
60899
31205
38762
88734
63183
67518
31679
24109
18221
24315
17511
47752
