1746
2171
127
1648
3233
1366
2084
3542
779
910
2557
1382
2530
1213
8199
1464
366
3162
3743
1573
2055
413
438
7713
4007
417
9600
6180
3547
676
741
1344
620
786
1163
3123
1386
2547
143
4062
3152
1926
1137
3360
1556
3180
344
3876
1068
2810
2888
9940
1412
3898
3319
9777
2791
749
698
1203
1158
7268
2141
7640
442
6148
1672
8417
1937
257
812
558
1757
5861
9833
1396
953
3503
2825
1157
521
1001
767
4725
1176
857
7264
132
373
7487
9891
187
1334
430
2794
2858
654
1295
9587
3863
1045
1384
44
3077
5111
2482
1949
403
2500
40
333
800
8674
542
2540
3632
2795
7327
1977
1821
826
414
3793
295
3390
359
2173
527
9863
1595
1052
642
2446
8041
1061
670
459
1679
3312
2945
3128
1948
577
159
1822
461
1860
1900
614
1439
924
703
912
1081
2305
2096
30
2779
1274
440
9965
1843
1128
2400
536
985
2983
824
5419
2070
3039
3802
1085
3742
387
815
200
1538
182
9047
8159
7055
665
7872
52
2364
1792
5100
2384
7597
2916
9039
3916
2689
2101
107
2075
3289
1206
5567
1624
3957
8802
158
968
7090
5928
7951
2180
2047
1388
169
160
7194
2309
1514
6121
544
1350
2287
2114
1002
1867
1726
60
1728
876
1012
922
262
1174
7125
2639
1585
886
1676
1076
1804
1272
9742
669
3073
287
1159
7854
99
648
3365
1500
1506
3955
299
3740
1610
2874
2803
553
904
9980
2444
249
640
2239
589
1453
1245
8107
9985
1677
1084
192
246
592
9888
1326
2748
2828
1554
294
1997
2057
598
2581
328
606
892
1465
3210
2808
261
1579
2723
2939
1221
19
8351
3474
3792
5599
569
2575
3768
1982
5694
42
3204
2403
3033
8536
6394
1380
5980
1108
1354
3261
1378
6886
9973
684
1433
8
1023
364
3074
2383
1296
1322
1559
293
1259
399
3252
2262
2840
2437
1824
3869
4703
1285
1708
940
5244
3120
1902
919
2026
1618
619
802
9662
2089
1014
949
772
2799
7303
1574
3847
662
998
3434
1864
9998
1088
1490
1600
1230
1091
1806
1089
1387
1844
8788
2898
1960
3090
1138
1287
817
1130
1353
7892
155
2039
1325
8255
825
1819
4824
1634
213
468
80
3599
1582
3909
6075
1993
3038
1330
1348
221
292
226
1441
7243
2601
4723
3071
1543
3520
190
1365
3024
1410
3105
3432
376
5253
91
424
7178
1286
1799
2987
3787
3415
1445
3370
3410
3525
9785
9700
1594
1848
6932
573
174
209
3470
1787
8558
2290
978
352
3136
3363
2899
1407
140
1362
2043
3299
3943
92
2850
3274
2493
2418
405
872
5329
2467
2385
2764
2990
84
1192
875
1893
3889
9984
1750
2198
533
9994
6887
3930
537
1803
1168
1671
9578
2499
3449
2024
2128
1051
1185
1581
3166
2159
2875
488
557
2610
2248
7982
235
1924
651
225
7703
1836
3712
2126
1333
7886
1201
6780
593
3101
4025
7894
1759
1881
3680
1952
2205
1065
2950
8465
1005
9894
5763
1443
1231
759
3282
197
2593
1343
2158
1705
3338
2363
989
2768
8757
7223
2349
206
342
2190
2034
5172
9976
2565
450
2398
2652
3127
1620
285
165
517
2975
4318
609
3288
7470
239
3206
1805
1914
1953
1288
74
1399
217
1687
603
186
48
2027
623
3001
3498
611
696
2655
3296
1829
1767
1973
473
793
746
1564
5591
840
1963
3928
1008
1083
4621
2059
1424
1284
754
3066
1813
931
3519
3185
2672
3884
9862
3936
3273
740
369
1521
9336
5506
2479
5531
1918
2056
964
124
2982
560
7618
2178
8169
3310
2445
1856
1095
1116
1003
3107
3749
453
5633
2150
2063
9975
586
959
613
6251
1413
500
1430
3806
752
8762
324
2065
1376
3826
1886
4897
1480
1755
899
1820
1197
6483
7027
271
156
2483
87
3858
3407
818
1507
9783
3496
955
9201
4275
1301
6038
2317
3505
2404
3007
1959
7153
1182
960
3417
1517
2428
1552
3554
1494
2906
2870
1073
7131
9444
181
3164
5798
2463
391
621
992
341
2142
3808
1707
726
3427
207
2550
1525
3771
2306
2060
6889
9299
1438
148
3277
7373
2332
3414
9544
3883
9854
1372
914
3626
531
520
950
556
575
1234
2301
1193
1175
5732
837
3776
137
176
1801
3702
360
1763
2147
1280
6406
3241
823
4973
879
1205
3187
3617
1837
6786
478
470
1352
9991
9971
1442
781
270
3687
1515
172
1656
1906
821
3935
505
14
3908
1475
1229
774
2416
8048
3926
357
847
146
5074
3215
790
2127
1578
475
1208
3669
5839
9983
1903
8626
4964
1504
4281
7939
1772
2538
3280
770
3784
5311
761
1006
1908
2864
3258
6067
5619
3426
2168
2470
1408
1768
33
388
117
3719
7355
6704
1212
2421
3781
1655
1601
7842
1444
2494
2747
1440
8588
201
841
1125
3872
3418
1704
350
2376
395
2222
509
1007
887
547
149
830
232
429
911
1299
762
868
519
1144
1783
4565
20
3545
9573
400
1010
7457
1838
1714
412
1558
1575
9524
1037
9474
3306
4681
1367
1135
8837
855
406
1059
3829
454
1470
433
2197
4815
2134
1250
1397
2257
1638
3849
3866
2515
2611
3693
6799
843
6720
3062
97
2885
6878
5420
1067
1032
3661
906
980
451
3191
709
1049
3199
380
3443
2937
576
142
9900
3651
3238
1815
1308
1291
222
507
1740
252
439
1751
2922
1931
166
1905
8527
3807
2148
958
9982
361
1534
1971
3268
3623
1591
1872
1940
242
3061
1621
2083
6913
4727
673
5181
2415
2703
3455
1363
2568
1846
2424
552
2514
1778
445
2194
1190
425
1668
4541
379
3332
528
118
827
9927
9827
2844
3836
266
3917
1999
512
2270
1961
3458
1629
408
1029
3326
2833
3790
1717
1539
686
2895
1934
3665
2291
3189
788
320
2997
1637
791
5351
2548
1498
152
1666
602
5438
1214
2103
3515
1537
1177
5320
8565
8595
9993
1072
2826
5513
8729
2175
2884
3596
3355
9545
993
456
9380
5713
2555
9999
3556
3015
2449
6116
1070
7609
1724
6866
2167
1375
643
1909
286
3193
5611
3325
2080
3102
3864
1617
2475
3635
214
580
3508
8622
7783
795
2388
3249
1545
7205
618
355
3915
5527
65
9324
2674
574
1241
2469
1278
3523
1044
171
3641
3354
196
1738
2249
466
501
1802
1590
1401
71
6454
668
2465
1178
3411
3056
656
939
3552
2271
3145
3725
3751
2569
316
981
657
367
2292
64
428
563
3157
9981
1929
1615
1849
549
8022
1693
608
9302
929
125
6239
1369
2959
8376
219
3291
1216
3095
1646
1077
1106
661
5083
4788
5684
7746
431
1391
8613
2925
4381
4167
280
1657
1398
2901
1340
4455
5649
5870
3879
583
1531
1467
3284
23
8397
7653
1526
1270
1769
1785
2408
1058
3346
2396
2373
4693
2549
4649
463
7891
5654
1209
8567
1729
2386
1619
5005
2962
870
2350
3125
2931
3272
2859
1733
1814
3130
250
600
9883
687
508
2866
7978
3078
1204
7905
3565
2367
212
2389
1300
1983
1970
7083
458
307
3344
1114
180
1183
5017
2387
1699
3230
173
1222
467
6700
5092
28
3478
1166
9919
5293
4216
1808
1644
1013
4570
3165
1996
2453
9228
2737
616
418
211
1701
420
5716
2209
729
2900
1405
1223
545
2536
863
1857
1863
1040
2627
3317
2787
1912
2255
1256
678
1468
3789
2016
1566
2594
3794
3657
11
1980
2327
2365
994
784
7563
3642
3065
4
1289
2814
4588
2322
1989
8890
2546
1427
6219
477
2523
2571
446
1162
5032
279
2650
8007
3733
2912
8348
384
3380
6771
4265
5769
3200
76
8331
9774
3436
7923
917
6170
2797
2005
1434
6014
1347
3396
7994
1024
6254
1950
3295
3384
1653
6386
1198
8124
7808
1636
1587
834
272
9120
3951
1665
1030
2735
6158
1941
7637
1452
1227
969
889
2653
83
9704
6729
1392
3499
3447
4991
1331
1858
3453
66
321
2412
540
62
1246
6639
1797
3186
1355
8577
2
2675
6385
1255
1165
189
3227
3197
5252
4324
1357
515
1834
647
4937
1148
2695
8544
194
3382
5558
5596
43
1816
2988
310
631
928
69
6629
7097
2561
1910
1650
2078
5995
2539
2635
5358
4941
1764
9989
894
1761
3834
5094
690
3079
610
289
1243
3000
3778
730
3159
541
9924
948
1673
6940
3682
5145
1432
977
8811
2254
111
1323
1459
1320
3510
502
1645
2100
2346
503
1654
2560
5840
1476
6542
2195
218
1670
3045
956
5759
1038
1302
733
2626
1713
273
9189
1790
1414
5375
1861
2464
3880
1882
2081
4390
2391
1489
615
2102
1031
974
7569
1170
4400
1236
6793
3730
6722
2709
632
6707
2164
6553
1258
995
3512
1631
6342
9370
1530
4782
464
5608
1669
449
5402
3098
3548
2003
504
3133
2250
2053
751
3540
1026
3175
4462
1129
2801
1456
1071
3604
3476
9811
8508
3445
409
5271
1481
378
1041
3907
393
2663
771
3026
6645
2123
3664
1346
4994
734
3652
1883
617
866
2699
674
2512
3448
233
1933
1349
1851
3774
4805
8323
8319
2600
2865
1718
5441
1047
6731
970
903
1478
585
4037
9389
3593
6989
9619
1572
8769
1474
5230
2342
325
2331
3744
971
7861
1592
1503
2086
3563
2289
1492
7106
4047
1766
1466
2528
3686
3391
1087
1833
525
309
1242
426
1381
4140
4413
7836
1025
2256
3366
3958
4396
1361
1744
652
635
773
9776
1079
1777
4755
1716
8809
6761
314
2324
655
1565
2118
2907
2487
4892
2066
81
9340
1488
2338
2968
7289
3461
3621
4319
2953
1880
1683
3708
667
121
1780
1377
10000
1107
8993
7801
330
77
926
170
2621
3582
1282
2798
3129
161
3340
3874
1279
2765
775
2679
6521
8338
2471
1314
1809
3662
1063
1149
2192
113
1461
1109
2067
637
79
358
389
1760
6464
2129
1796
3250
8024
3947
2278
9992
1892
1840
2017
3229
1888
1964
5534
2781
1075
5387
936
6227
2749
7244
3320
1935
3094
51
2151
8664
7417
2857
1283
867
1133
3676
3529
908
2352
1239
4199
7762
8863
46
1568
3672
3349
6918
7259
3475
2230
8143
1260
1118
3663
322
2409
2328
601
8314
2405
1497
1518
1684
3801
1237
402
392
1529
568
5055
1317
8654
629
7337
179
123
4904
3463
8416
6649
2986
4944
457
6018
1873
59
8466
1570
3799
4635
3144
490
7568
6125
3925
1694
5257
3339
3020
2558
2714
1267
9063
6767
327
304
3856
1211
1501
2269
3160
1416
8214
3147
8374
5821
719
1680
3100
3327
3543
2004
2813
1368
2641
1103
3896
6159
3131
1484
1688
1689
237
9046
2093
3195
942
2427
68
3779
8707
5557
567
5316
7798
7772
1735
5945
6855
3070
3452
7122
3938
3462
267
2587
3688
4555
183
1228
694
3108
1156
7935
2462
5122
1127
8716
486
7984
9377
2131
1754
1496
2701
1897
1244
1722
3616
2452
1890
7889
1917
710
153
1583
278
2489
2193
518
375
3137
794
348
167
764
1479
6538
2942
3423
2273
6558
3017
9077
3570
3025
3786
4858
2668
8684
119
1104
782
5944
2028
3177
1446
452
965
1944
9972
94
3019
4557
133
9010
4848
4829
5150
3832
2693
685
1607
3228
3337
6626
1511
2522
5867
1939
3533
339
204
115
5048
2169
8969
2211
5435
1145
251
913
9415
2883
9693
5457
3549
1825
5487
154
3767
1812
3972
3906
4193
9294
5719
1074
1660
3639
3046
2739
3300
5989
2280
3196
229
2756
3397
2563
2294
268
745
871
9059
1907
13
3374
3161
2941
1894
4083
61
1647
1146
3357
3796
3089
1555
4447
3088
984
1360
1281
