20786
43851
40407
37298
35279
3717
21095
39207
39292
47811
21470
48239
36635
16618
32294
29356
6178
16952
3550
29697
30793
10627
39347
15779
6998
46626
15441
30482
22611
7602
12283
25059
26220
44507
8259
13440
25710
36538
28067
34319
36172
3392
42045
13156
10809
30319
19732
1858
17943
40161
3739
29267
21748
16245
4746
10876
16692
45312
7345
12071
15244
40803
26340
43411
44407
3324
46630
15771
11012
33634
22507
14231
32724
24720
49251
16944
47063
39862
30175
7658
35246
30765
29148
6601
1174
48624
13297
8373
7073
47138
36994
37820
17646
23391
25923
15540
2592
23066
310
28887
26754
14449
12817
12792
26458
33777
27279
46767
24147
39206
25078
18628
19399
11500
14155
33551
8098
19805
49707
10950
23244
32258
42597
1901
40199
31074
23516
25543
14228
40291
20334
40464
29992
12105
25980
20275
36615
12298
5545
9332
598
14685
14219
15798
18105
10112
47998
10161
36031
47693
746
49294
39610
20243
7577
13648
49063
20344
39246
4883
47401
10540
8923
9494
9198
47272
7557
16840
1615
43260
2659
1128
22959
42873
16009
38778
13431
5304
38689
33482
4046
37089
3468
17697
11001
16430
14905
14721
13178
12649
28209
38398
24091
2053
19290
35495
17312
5992
19198
1055
47076
33162
24678
33844
9945
3969
15495
22781
43079
3399
26942
36138
873
12916
5192
42361
30435
44486
18739
19206
6593
46592
43373
41072
30623
49003
2724
30968
42001
21976
22165
12495
41369
10547
35430
17117
41643
11225
19413
28210
42735
15785
29849
36534
18694
27050
44301
2562
10864
20179
46298
2525
14306
49908
29088
11164
6028
34674
38861
41370
36888
1225
48855
29020
35645
49709
26313
25978
37132
19299
44714
44086
38241
34364
23792
4636
21104
42745
26650
40971
6008
13166
18637
19612
38862
24372
17159
47430
22669
24026
46217
6827
637
34234
30753
12375
35538
30786
41631
26883
29660
27846
7593
33466
32095
39736
22684
41712
11586
12202
20029
38089
11840
46225
11206
2664
21391
46746
246
39043
45023
33608
8636
525
1590
30421
8454
2593
25278
47511
10393
43749
42886
6039
42663
7301
544
47687
39503
13015
20866
38049
38872
29201
30746
44612
14357
22137
2373
6863
28691
28851
40933
23489
32463
35624
9655
32341
45425
3483
33090
33866
9549
48185
43803
28637
26303
22745
47760
26496
4712
15649
42846
39908
3358
653
37144
40523
40360
11615
10508
25474
20622
48389
44865
22952
9725
46210
3461
21034
33009
31561
48758
48890
45806
26624
15748
47374
24813
10136
13104
9712
40269
27606
47039
38247
7343
47183
23
45107
47180
3395
16208
5894
11990
27708
37917
4567
44659
18368
40427
41879
48426
20673
18551
13643
5282
10977
20441
46051
12809
44512
14477
41530
11688
13622
14658
14809
44375
13192
13127
33282
24596
15330
37650
38444
35072
4536
18532
7317
33042
29000
32436
1261
32072
8437
23785
7611
8577
32270
44387
44816
48509
49575
44911
23781
37697
19877
42825
7057
20012
26692
46794
14963
11837
1411
3679
10965
34940
22392
5285
25597
39162
34699
45906
35778
34018
14343
10458
34293
11490
44413
43244
39534
19540
32993
28645
19670
19809
20456
18296
37893
31392
33583
6789
9899
36055
34256
40950
335
17585
47484
44334
33800
24676
15003
12008
11260
39181
6951
16191
41625
27110
8969
19329
32958
42123
10118
19250
4388
8705
23406
41452
3101
13921
27771
41060
19361
35337
94
24509
39064
17754
1103
49240
4346
8876
33841
1919
31703
43531
1132
39744
1720
5410
18818
46577
41088
14162
11009
37260
27582
10487
19673
30449
49680
28086
158
26830
44311
23077
31683
33972
47817
33885
25858
45733
28654
48569
33650
28135
24413
31130
40380
7822
7507
17420
11432
33921
33071
9441
32982
27218
33804
2553
30804
7323
1951
48843
11265
48368
22970
24646
32645
32878
21311
46584
15744
18358
21085
44974
33693
10068
3553
37636
25320
45302
33956
3624
23370
16987
34644
21936
11802
12648
1529
530
19037
43533
13980
17152
883
43737
1441
12108
22543
45295
8975
709
37514
16262
35862
16323
2215
19519
6055
18103
25113
14016
44765
36093
4960
37601
21753
47519
37283
16037
48218
19155
16694
18795
9194
48095
14719
45550
24916
30742
7669
42689
41139
9392
14966
46681
12111
48053
26665
33771
10815
32250
44992
7964
31141
30320
3497
26454
26277
20408
16454
4888
14861
19450
32763
29643
10287
29580
5114
27093
37818
11654
30190
26215
29440
10669
3574
45848
40862
34997
6879
18608
511
1171
20201
48399
649
35578
26793
15559
39102
23337
8698
20393
12960
6391
15160
8619
22482
15324
34512
36787
6434
40165
40300
1021
8285
34914
26999
3307
36052
12753
40658
33654
41752
13009
2291
17187
26540
27547
43606
11337
3978
8617
25252
5516
45018
30323
2518
47396
19761
28287
8356
25047
26637
33995
35440
24863
3995
47075
22615
46249
5125
5427
23841
28021
7674
7133
46288
27276
696
30686
12650
30944
13851
33124
11888
8097
33107
9404
47282
18841
2969
47736
47636
23985
37533
34189
13282
25061
27242
44609
16668
7372
29654
27694
2611
5101
42519
41714
28927
11068
49701
39911
46465
49509
19044
18291
45808
12297
12858
49922
23236
12382
23668
17612
46108
26335
38212
17407
45254
5819
21548
24002
21837
37235
25954
25349
18416
26622
8362
40228
37979
9409
28314
21584
3853
1617
4126
45024
5158
35663
35618
23547
44257
12900
38048
25992
34194
5692
4812
26862
32096
36861
10079
43872
10202
33236
16457
33335
12212
45633
30530
26440
35458
42660
5372
48875
37430
21192
23567
34344
32406
19688
9470
37821
6231
11268
18572
2822
11870
12125
42794
17940
7023
23307
24120
2526
5286
33483
14432
42008
42809
42228
33557
38460
47436
31983
13486
32913
43661
33566
36115
36170
26132
43575
7463
4616
15850
2145
48172
20666
16443
49877
33568
19483
28371
43197
16926
36745
5980
23912
21281
14108
28070
8427
25609
49068
43379
24048
13855
31984
15936
47661
49217
40324
48658
47874
27390
14681
42028
27917
23326
17190
568
19537
23429
37230
15491
49302
11011
20032
19387
17563
47648
3453
42359
21383
1043
32767
34396
459
1467
21241
39691
8365
21763
44030
13388
26616
10673
44214
12519
36791
20976
14717
2729
30307
10683
5761
29491
17404
44689
32287
32851
16908
44510
13844
30760
23123
25087
39116
37764
39618
30372
1814
24786
17321
27930
29478
28598
32508
35017
1904
25430
9085
30577
30034
31333
14541
44563
11288
37654
41900
39791
11033
14377
7630
74
17502
38301
11157
3760
33782
48789
26619
25043
43248
46076
18990
608
35238
49227
2148
16902
42427
5242
21602
5598
18330
33301
38589
22940
25663
19225
40808
35750
41446
15087
11885
3742
48558
40431
45264
38615
17011
31778
18333
10083
20913
28242
40957
24001
7980
26660
28066
34493
26473
23018
49443
30608
24643
46749
8233
40441
25549
41597
33985
13438
32650
46246
14534
32108
12807
32871
26117
9679
25650
4375
840
10191
49330
13184
9915
30619
41338
5712
27112
49676
2313
2485
14103
25841
3666
14248
10317
15504
5995
33000
30455
40831
47167
11015
17765
16052
25465
23361
42
38276
13195
26172
33295
22542
1582
35953
24996
29079
12544
29345
5653
38226
17844
48960
4847
14865
37082
10953
21910
10820
3323
33416
21448
33855
15276
7604
49350
44029
22895
29482
44988
29831
5486
36064
30926
44195
47537
4451
6208
1288
41724
43914
18962
35728
20022
20761
32497
20230
44063
38959
19549
2402
25376
14445
44337
19888
33304
38644
15187
18278
49322
13982
2522
3564
24402
13890
36231
32115
44104
37992
33251
22043
30638
10831
39507
21960
10531
21242
33997
37143
30249
8683
68
32545
17055
16303
33166
19216
46967
30309
46895
21874
13887
22979
30582
27137
48235
41175
21210
11797
26705
23924
34444
5028
30153
10692
10804
49948
16886
23036
14770
1418
10707
34140
26679
23080
6172
26971
18801
15444
5225
38903
34357
31100
25073
36755
18036
24738
7807
44054
19667
24622
31469
7040
41505
6004
3050
21673
15089
25592
49254
31602
48391
21969
30958
7764
8341
33725
14851
33890
22272
16579
15409
30803
37059
31299
40358
45610
26004
45127
1379
18964
384
27340
40595
13240
49153
5913
2063
25540
19627
1303
18820
23963
16502
33699
39522
46124
35252
48991
41588
14354
23232
48906
5702
8898
8384
30410
48327
4352
15877
15934
10369
15297
9466
10138
49762
6323
42221
17367
3457
3767
10729
43718
33798
23920
1825
43377
9193
21843
16990
31934
32748
22691
25030
45385
45669
17905
1869
44638
17588
23043
34411
17936
42460
15429
42292
19786
21106
43403
3543
41179
2719
26909
21953
25522
42152
9089
12073
23876
44784
33464
49158
39844
49826
638
13463
36551
17020
40689
46159
35242
31750
34628
47433
10480
25141
39686
30952
16521
45324
25473
40871
13036
25342
42120
14637
11382
1314
6926
32015
31018
10632
41274
13575
24884
4472
29166
30979
10558
17074
35991
12724
49345
19267
46160
42007
16830
27216
42135
19173
44953
8458
41135
45407
37870
40476
40710
2709
41973
26297
40137
18843
23509
19463
21844
11726
43876
43636
34784
47842
32104
28505
43013
13224
42305
28875
22355
3686
42619
12744
28781
12950
43505
5920
19164
28176
10776
1563
35741
6147
16795
8337
30013
3763
4144
14946
17994
24645
19710
20206
32737
12299
36335
12117
9199
21547
6962
45422
17831
12591
28570
26355
27200
46069
42949
7289
35617
7814
9962
15
26845
34742
29251
28063
25210
49275
26267
17467
5716
9601
20311
20492
22077
36318
46971
40541
45726
39971
39857
39837
1392
38472
29866
42281
37177
49715
45954
9659
37627
1506
11804
12488
44999
33115
43959
14090
26187
47753
10785
10422
21313
33106
49308
20308
22443
37017
38797
38018
28723
62
7959
40433
46926
11439
16847
37146
29389
44781
44026
23747
29687
24034
11065
39617
26062
31716
10944
12903
37231
47826
29374
49597
25771
6477
6825
26981
14735
49269
12468
12170
9934
32323
41286
43961
1896
5300
9131
41401
23806
29665
528
11742
14274
44541
32274
15021
14894
32617
6319
24274
42432
31154
11608
44948
23369
31761
5750
24316
8564
35363
16643
23625
48580
11750
9500
18062
41561
48428
47920
40519
25233
24367
8205
17365
34044
50
32546
19425
30454
10099
11876
29522
11409
27370
27341
33703
4956
30177
17744
30866
24382
4269
44372
5134
2516
35151
15793
28864
42197
40238
31560
13964
1754
1320
46351
42378
2378
48744
48347
21468
35555
36261
48663
14519
35573
43855
3419
47799
30624
15433
33567
31585
30685
9483
7922
49695
17736
34881
2199
31580
9929
28350
45625
2960
46442
25051
27183
20431
10054
10105
644
22630
37859
48978
29686
42788
38844
2050
4143
23777
15979
46039
11784
26127
34831
46557
19754
38551
8539
10315
21697
18156
25854
8538
49229
41578
22964
49216
35727
3712
32022
42187
5352
39506
46834
26547
28748
14704
21115
33360
49471
1725
24192
10537
30262
9547
1068
39685
47190
16959
4078
24885
17342
5090
18719
23623
16916
13077
1205
19379
44735
17626
27884
3797
16497
47404
20502
22433
25881
35444
22558
34259
39834
14479
28859
42620
46983
35570
9325
8668
10488
19687
23092
28164
21665
19759
3216
38963
22871
46305
11293
47634
40211
4037
22026
25029
48882
5487
14697
26349
18413
15767
34267
2181
21581
5197
17771
39193
38649
1083
24088
13293
19171
6478
48438
15488
879
10791
17638
36978
34366
45969
10203
48787
18527
39621
23122
14147
46604
7193
20424
44910
12120
40958
47507
17827
19353
16248
28118
36656
31519
40559
38779
18566
49051
37750
10697
39059
21937
35836
40071
7949
7614
8764
48091
44576
5958
15645
24378
13564
17619
9713
10686
22785
19584
42768
22314
12942
23577
39311
32975
18336
3272
38624
39805
31665
40589
21209
16935
5825
39277
9452
21973
5093
4992
16580
33398
34
48153
4579
24567
47780
212
45562
43818
34270
15710
43733
27528
23532
295
6817
10225
32021
2419
28228
35660
12416
8711
33766
37168
48553
44174
21332
35131
4757
2219
42932
35820
16412
18129
1793
37975
49312
40388
47674
2910
358
35298
35877
34729
29932
46896
8681
33411
13746
33220
21677
48795
17382
4644
23195
7547
19093
26959
45584
17785
21480
15279
33996
23502
17113
31428
19235
23469
12625
7932
20832
11194
17766
33
42013
25008
4662
38090
7119
32660
19381
18607
37313
46911
14048
36283
6938
41798
1013
30914
37095
45723
13669
32800
16255
28473
2623
20967
487
9660
10917
29193
1101
3887
2517
6503
14821
41317
34201
25176
14146
16458
8687
41085
29802
47324
38943
32297
46406
9020
853
6851
23850
41387
16672
13874
3109
38168
588
1964
34781
44578
31236
9477
35100
22268
3299
2191
9126
17620
27094
49844
12644
3726
12754
5573
25615
21099
6001
44644
32899
22267
46110
24809
4369
37244
45362
37166
15989
44416
7911
9895
30121
31929
49540
47837
29648
36151
964
31987
70
4214
43211
47084
47042
17491
20037
25796
7648
14173
7617
42959
3048
22770
16266
11119
38774
2205
17257
26747
11095
4610
17249
35668
48140
4099
39382
41793
46360
25337
13190
7141
25658
5799
17042
33971
15011
23673
42744
17409
19170
46996
24930
36540
28659
30541
37629
403
39965
14940
32295
48317
29111
22509
7536
34999
18049
43165
33299
3178
13864
26961
7217
40058
28028
38230
15164
47862
28391
32868
12191
40970
38031
23163
19448
42968
30098
41723
40683
41235
30611
16253
33083
35473
2893
38289
45032
42397
30441
26028
12446
10095
46221
2803
41953
844
29158
14468
40220
12305
40409
13121
47534
45843
15022
10016
38927
6102
48839
1799
9274
10107
1218
36257
13670
31940
27017
35055
23904
2237
18711
13869
2521
37033
7020
5265
47657
33118
44497
21489
41385
33571
20753
42589
24063
49820
9699
48252
13726
2052
49589
23699
19870
32965
5889
19366
49366
38675
16031
20869
20990
38116
46730
27428
47216
16961
14886
48135
42760
39136
32416
22256
27729
32152
23147
1352
19784
20404
45146
33003
12576
6345
46763
42635
44278
13607
9272
34269
24581
30610
14919
33218
22373
14421
28211
18957
30724
9814
1623
37193
44695
14551
32223
2264
12658
48450
43224
30286
3340
42393
33741
4749
38658
43715
16426
32325
45430
28571
6201
16744
29349
35817
610
13965
23500
1624
44905
40105
36788
15845
515
3181
31564
33594
22621
2894
49081
47258
37676
41871
8607
39552
40623
47242
34362
8794
16842
18402
44396
20185
41409
702
35214
13533
38140
20003
13361
31420
14141
40549
25510
49271
3862
20364
28082
33355
6758
3925
9391
37189
30023
36122
34472
5704
4694
44078
44757
27871
10688
45739
23467
16703
752
7251
48331
9212
41521
5398
25886
11140
37543
919
34443
32238
38856
46894
21342
8012
1210
24456
40666
48998
20853
38619
42730
45544
1157
38497
13429
16636
20696
37990
40500
10677
45967
19949
20280
22263
37248
18781
40908
23208
25076
47707
35047
42006
41284
36179
43261
18000
9367
36489
19103
23486
38123
49055
44121
22922
15917
42890
2118
38951
27764
39748
29988
41960
37605
10968
38396
12842
40847
23097
14374
47922
32604
19605
46134
48388
20373
35765
17893
35644
22554
14482
7825
10383
35039
7501
10302
35385
13549
40281
21138
36782
47204
26123
6824
22273
25236
19574
785
5661
1581
15960
18663
26841
12353
29501
44167
26373
38515
15580
43029
22821
38669
47864
19843
13734
6458
35250
33287
27489
47421
2497
27036
9406
39869
27856
29706
28672
3322
32498
29410
47055
770
23576
36928
25460
6507
1149
23064
48546
14163
39620
16823
17937
29358
39498
45444
22567
26509
34272
23880
1162
11606
20968
42031
1877
1532
38837
24162
3092
23179
41603
43390
8942
1457
32973
9255
30194
9881
41841
42991
6042
17295
47080
1924
390
6589
45586
46100
30647
32696
46093
22614
678
18437
46639
18289
5947
4493
4939
6308
7258
18622
45376
44247
1253
16571
2364
18106
23188
30108
42141
36430
4393
38285
48460
25669
44271
32330
8927
47163
15192
19042
35721
27824
191
45761
38265
44357
18672
6298
35587
33724
47410
26829
6806
36039
49608
39892
11423
2401
13661
27989
8721
27569
33022
41002
23670
6381
10628
20089
5154
14013
30302
450
17871
19257
22013
41154
39307
15014
15674
45209
22547
29435
25891
1383
1939
3861
39453
38867
25491
9914
6356
40775
15256
5785
16768
6599
31648
10133
25145
40872
11795
49710
27942
29935
41759
1282
41748
14765
36931
4042
9897
14891
38659
33356
48869
7963
5215
21854
11600
7770
839
32888
3469
9805
40206
2055
28055
47150
32290
3646
44580
13728
15978
16801
13763
1880
25602
31473
26529
35256
28738
43942
5024
14927
38950
49409
41211
49349
38364
31430
5942
8835
41240
46181
24092
19082
32407
6838
28564
25444
4226
8541
13823
9652
1708
17483
43536
43188
32616
34154
26700
17438
45403
13841
23286
6996
42297
45409
43693
34880
29038
17123
27596
31135
10854
20518
10750
44704
31858
39959
30065
19697
5256
47129
29752
902
31044
22812
26784
36175
12327
10855
25095
13235
41483
15449
8133
10801
48588
28900
25729
18312
5974
7222
21669
10925
361
34570
35579
49441
28855
8141
14167
15879
19635
42588
178
44037
30491
9658
14984
44340
12595
7374
31911
29826
43220
48491
22478
33027
5668
28795
13647
8624
35760
37678
2590
45824
16991
49394
12412
11064
34660
14415
6033
38393
18883
27755
24163
20872
31530
6907
25372
12070
11167
10239
36654
36697
12524
18995
31094
24969
37507
13485
46534
9981
22363
8102
43018
29426
42923
11620
4784
40109
31512
9535
15582
42217
15670
13988
26113
6346
28448
32350
9027
23145
818
33689
1019
33372
15727
38063
2259
25187
47784
22763
34377
18180
12689
30514
18326
4349
38848
39086
20205
7509
47152
17884
20672
27804
48511
17098
747
15360
599
42549
2898
42948
14159
25781
44411
1297
3046
1677
8514
45781
25027
36582
43120
17906
40348
34693
31165
47394
16373
48838
26586
40253
21517
40878
30252
39358
43566
34894
7205
38348
40701
16354
49718
44941
22457
15173
9331
8368
39268
36905
38724
30665
25388
5380
10672
41226
33727
36529
25765
38293
3761
35552
17734
27020
34083
18774
16167
11143
21376
42778
24702
38134
36624
9555
33435
1730
19614
24110
44089
17352
49191
19025
22917
2876
44820
39982
44157
36536
45476
48412
21637
2151
7012
8247
18910
7284
38291
20644
28858
1779
23757
10243
31775
26160
19318
38533
7394
46302
42271
36945
48937
25455
6324
36329
27389
49672
19261
23484
7395
30112
36310
4230
48699
41502
36767
12788
46011
36384
10842
47186
46761
23600
12357
22795
20141
11072
48416
5536
9850
27808
6528
10300
42625
31211
9650
47292
9184
7947
35729
42918
42272
23024
34488
31892
41906
26963
46109
13975
30097
39973
35566
44208
14614
14591
9118
44062
108
4364
28878
15255
35371
15126
2892
27998
21500
8496
7264
19144
24719
20715
12806
18516
19950
5087
5407
33446
5527
30025
41595
34349
22037
29033
43008
48979
4704
40289
9105
34893
12081
28657
31042
5126
33938
28862
18842
42772
43319
29382
40142
620
27268
42192
6469
17126
23083
30167
44894
2129
38148
39713
34890
9176
31429
6992
26657
5047
36372
22579
27949
39420
21035
44628
40781
22996
17137
40527
24031
3186
9390
30208
10462
45644
41436
17203
16519
32673
46561
24406
35994
11550
45896
47821
3824
36530
2753
28296
35391
14740
14579
37500
3891
30913
39829
1054
26896
41123
29492
27152
39274
7486
32823
15059
25925
19893
28671
1004
15166
26099
18399
21082
3471
24981
38681
33618
43450
25839
39385
8236
30527
42694
8494
25265
46853
11125
37785
14583
24957
27959
29048
26037
39436
28594
12443
26834
2631
20503
5018
46399
6971
1023
45950
45949
33669
24338
11512
5433
34199
6557
29090
29372
20138
3950
17104
39902
8522
7940
32874
48158
40667
22480
15430
28593
38332
36515
45868
11021
31664
32051
49655
16699
32940
12533
39979
6405
13318
2023
20772
209
48475
45571
7967
31796
29278
2936
8600
43251
22726
5861
34672
12910
35826
5012
47285
14834
47554
49750
6368
4194
7923
40730
1916
271
46046
47506
21577
6132
2901
12386
40600
47941
42304
16067
46409
24929
34641
6205
4665
27899
37551
13400
10468
11049
36324
29451
33210
42725
49448
11692
38650
43782
4136
49748
24816
34068
29906
34789
41584
37006
42318
39108
46095
39258
523
20991
22957
39404
39730
23048
38238
28351
23719
49059
39357
6444
40697
11526
24972
30475
44839
29668
13776
31200
11945
32969
22190
42513
28561
17051
11106
2125
3943
42317
7930
43227
5417
47019
8981
23283
39017
44380
7003
31180
12904
47007
31755
7103
20852
35237
26298
31352
28258
26612
46451
12368
24439
33080
4490
15478
45156
17299
28329
45560
5708
6644
31596
19815
41784
12655
35725
49423
13325
29794
18692
30603
40793
4499
34245
15706
42195
23085
6978
32687
10626
35379
42528
12245
48010
45138
33599
40493
48529
320
38920
18489
32706
10455
28819
21464
32606
12269
37498
441
26604
23993
11833
29871
17960
25999
17558
29815
9948
2766
817
33711
38633
37008
27513
22960
15130
5218
34451
25345
40829
40638
20216
11538
14914
39177
26369
7879
40175
6697
44538
22339
13909
31171
45447
42941
24268
11446
19648
25152
36633
43477
3588
27795
36249
14952
20000
13316
331
36629
47733
534
49670
42687
39866
10761
11211
2606
1917
4478
17087
49879
45001
34588
15830
5493
15065
41746
27987
34604
13277
11524
8163
36446
32889
40282
32772
19377
21273
33815
20017
281
5446
5581
29130
6074
14774
25378
49205
18068
31448
17228
18115
45060
20895
7868
28339
13112
40665
24853
26124
1060
8342
4732
10318
4018
10399
1168
15984
32781
34141
42905
39764
6392
17894
48968
48237
10278
3902
35450
5189
34694
35631
30437
27875
36606
17443
24864
36862
41137
44115
21222
43589
16549
41473
18815
48696
28436
34919
6311
33217
9463
37399
12743
40452
39051
9356
26643
2565
48435
18760
15339
195
15787
19320
27984
30169
15839
37245
20263
44641
10742
33641
45482
47287
11662
21247
32524
10284
22479
48988
3770
1839
29969
1535
41273
47172
12762
22890
19408
32271
36124
46272
10496
46755
15667
20980
45399
24278
981
37717
32340
41791
7224
28462
42560
37252
3208
43860
7246
46568
31377
17798
23556
4323
2860
43132
33312
41140
42426
40242
35386
36626
6886
16546
23016
9949
20744
20020
44199
21259
9220
12920
23275
14249
16574
36195
7992
46750
22606
16704
36587
36561
40901
6588
44943
40792
37188
21888
48996
28667
35065
30630
48108
36051
25050
47893
42391
20134
36311
26071
44926
13978
37787
19730
40219
45746
23256
46030
38355
11472
31515
14433
14496
2304
37127
38781
47164
11291
41036
47049
3331
4905
30918
26750
46956
777
17883
22255
11798
7953
15870
10353
16018
13391
10956
34618
31278
19846
39917
41612
2456
30158
1285
14671
27369
36456
16965
17823
31272
1267
39681
41585
8357
37405
15334
20519
1053
18440
8866
22609
38382
6955
14448
14859
32372
11486
47418
42151
32640
17497
44569
20625
12606
40067
30617
34798
6830
10215
2459
2328
46733
18099
25402
13546
41600
921
28474
15171
14276
14260
38562
34720
21472
9950
25315
1445
28912
46079
44511
40809
31421
10102
12673
27208
30165
28355
9779
18084
46689
33577
3987
37221
15108
28464
21839
45805
45058
43146
5911
25883
25408
12472
14582
33928
10702
6015
14618
29819
11356
25417
6440
25323
36217
5791
2985
9064
39919
17537
11503
17614
43325
14001
20422
47939
7265
32663
16758
11817
34071
11290
26842
42312
35143
37419
10206
31961
15019
9221
44764
29488
40387
18023
32074
20167
3425
46176
2312
39910
41987
35229
38371
35392
21326
39261
25024
23213
20759
14978
26057
40846
5301
46802
8010
44448
34640
12530
17148
37980
40430
33307
20483
29859
11058
37897
23390
34138
3711
6981
16441
43657
12316
19709
45652
9854
6884
36066
38229
20978
30210
21064
7049
15496
29287
17712
39425
28843
46345
12065
29967
4854
38507
20630
32549
37321
45481
40837
17769
12535
7403
3164
13895
48394
48633
38487
5909
42369
13908
45538
19282
47199
4210
12705
37307
12023
3900
16326
8443
38069
47688
38445
11869
42108
42779
24919
32992
3750
12912
40881
34240
27444
38001
47381
39389
34345
25418
19640
3682
33546
24390
35954
32520
27114
33702
3209
1927
31631
27483
49426
17235
10908
17461
2576
14504
20663
47208
11456
24465
4030
39725
11996
32389
43442
19337
30917
24927
35580
10806
49945
32686
49635
33842
11276
9242
35941
8105
49697
21232
41447
10816
11123
32849
31781
37355
14720
11790
41019
23372
11648
41670
1842
30715
43057
38707
11984
2628
12727
9294
7898
24810
26901
798
9476
46125
45458
17867
21054
23554
37021
29216
22496
47284
1442
43579
49010
8986
11988
21927
21157
45048
8696
14643
32273
38131
15988
19880
7279
2190
16507
39667
48801
23707
43997
807
18889
22710
45199
40035
29498
5434
35045
5919
46509
2281
48924
23181
35029
29990
25271
13090
28872
32671
40265
3537
17756
13870
24265
26770
19980
33918
926
35393
4945
8699
38788
23650
38956
12784
25636
39423
40998
29641
26068
29373
43530
12063
10803
10431
3932
34650
34045
30334
36786
43497
27124
39329
21904
33245
40822
46318
30939
20093
22379
27768
37961
21542
48654
1953
43880
40099
21924
40292
15914
18123
19554
22610
36768
40313
45742
43618
6730
37761
23479
2569
37224
48782
46153
10372
26429
33278
2390
5449
42116
17788
19557
17898
7213
19360
45489
14649
42119
30094
23249
32680
32178
16278
44097
15415
15450
4319
24023
25346
13246
4521
11778
7228
27307
34233
26811
43977
3346
46417
14752
889
18901
49605
42262
31159
34069
30682
23564
5998
47134
21443
2337
16017
37680
24620
30255
40625
4707
46400
19009
908
7260
41878
30343
20584
35708
43276
48246
6624
18642
41389
11686
13352
10434
25810
4787
49809
8077
19307
34522
22731
10629
7178
20220
14580
20266
34813
30106
19641
10769
42278
42202
49447
15216
30172
27382
42466
38411
21987
46745
3008
49381
41582
43591
15193
3161
27332
28260
3628
42657
41850
17256
15274
35004
48335
48828
40456
31086
47356
38751
11073
33276
29186
36729
37895
25583
13775
2788
27391
11251
19369
41975
11112
44200
17455
44243
33874
23373
11016
13806
658
29480
36127
17208
24681
39632
16721
17641
24654
43609
42542
36524
46423
25013
10476
8840
9004
35758
20897
34541
23057
11527
13271
26506
8537
27223
11057
23367
33339
12457
27234
46847
24030
20458
23817
24412
31600
635
2164
1962
46785
39182
12713
31301
36316
17151
49187
33770
24818
8640
45366
19644
7884
31951
3019
49045
37677
24320
31291
6057
43295
46525
43527
13491
30429
4708
22686
33266
30278
37443
43764
36963
45034
31919
5219
8957
47896
21061
43324
49134
16597
7029
19478
3647
46244
41825
10398
7632
6651
45705
46371
25191
13678
26023
39439
3636
40438
45714
24279
26398
46644
27490
3060
42931
17470
22869
36519
41697
26386
31537
45979
9427
9776
45519
13827
5296
3132
6166
23752
4118
28997
2694
46024
12949
47231
39623
43539
17138
41591
8594
12038
10690
29557
46542
15551
27842
36035
47557
21077
18650
1180
7752
47773
7269
45727
22005
42771
9927
6893
11708
28346
24993
45965
13136
7233
12873
47261
46662
1139
17843
6188
7280
23165
31296
48768
33681
2137
48781
24212
2484
15085
31908
2884
34554
17105
7325
49026
35843
10971
29004
33674
7885
16867
41190
48609
19731
40319
30373
34278
47761
22105
27026
33802
49923
38122
48745
20235
45056
33539
48585
21334
2196
38864
41777
41981
36777
14223
16623
21267
42087
42439
3429
28666
25648
19599
31689
17026
14585
27245
10978
1405
13821
32077
1062
18927
49777
28776
40631
29782
1635
16325
22889
46041
30452
30825
1332
28237
34871
7132
12465
17973
19801
48414
39422
25438
9394
49568
1182
39897
19903
8110
17266
25169
4379
22780
20065
11034
4320
44220
17022
32402
18028
17592
14197
45291
46560
49293
3626
2789
16765
27401
17422
10826
46147
39642
24655
42520
1355
45931
16131
20805
37201
1827
19349
6703
38685
13752
39961
44346
25993
5823
42863
16388
17732
39541
31391
18175
37539
47226
40648
5903
43250
32856
10445
38352
7842
36891
767
39651
40386
18559
11422
40676
40618
15886
39374
29938
34249
46770
3472
32698
23864
49828
24245
31241
32066
45580
45416
20762
20704
13070
13578
5501
27402
42385
33084
24794
11461
34906
32100
20935
8560
14061
43586
39931
43816
33719
38745
23748
46366
28995
12380
22605
11424
20834
36641
38522
12104
4779
37838
15516
14761
11931
15343
9474
35718
13840
14803
5008
16402
31055
25828
47845
26763
36543
49372
22302
30983
48642
46597
35406
20231
21290
18048
46234
7305
28097
12148
49768
17520
36
10140
38893
26184
43312
34576
7933
23612
34950
40672
34952
14483
36358
593
39328
39885
42994
21007
41310
42582
15225
37425
27838
42811
36566
34355
48272
35088
9968
48310
12561
34485
4844
13001
14210
5489
18290
6547
40478
26159
33050
47886
20971
40083
31957
40447
5412
2086
25306
26711
6521
10764
23203
36060
36403
11122
8284
16061
3622
40533
12525
18188
40864
44370
30136
42289
39594
14279
49623
27717
44556
4286
34707
974
35198
38016
35290
25217
38917
47979
9258
19623
30266
31379
1015
19955
3584
34899
5456
44874
24709
7965
22400
46204
28732
5737
16483
24514
42132
9980
29943
29750
15359
13340
28829
3386
24462
17076
4552
35705
29718
20007
21184
21890
2968
37681
36985
28437
30574
7072
4884
23644
13935
17571
625
33388
30739
39579
13152
36578
7535
29549
23538
20997
31084
40333
31052
38590
41648
40376
31588
9724
37434
28914
45509
48856
11985
1477
23871
24670
22771
20958
44489
33710
17730
37981
16400
16512
22404
35736
19195
49618
7431
39585
24760
9005
16933
36986
13011
5971
27290
24792
28482
20045
43917
4562
40578
8086
3143
38552
27574
41681
10577
11995
30125
11341
28190
31918
29966
37546
43314
17890
300
17102
8441
15406
25098
6705
37296
17335
20265
22973
23010
931
47831
9583
36081
26717
42336
23059
30622
12288
39324
41204
32260
6133
2442
44240
15182
11698
2285
34599
21123
9324
42267
42889
9599
48387
45636
11191
29453
29975
2961
46358
33082
45114
49432
49341
25956
44961
29982
32691
20419
18418
28158
34807
35961
1619
35554
32715
39345
20559
4225
7298
48039
2954
810
30861
20558
15799
44291
32375
35751
29360
7936
2445
26982
41857
17185
7644
32303
688
10321
34667
27335
12832
47053
24185
7609
344
40761
44775
42828
37402
49637
39547
6276
36950
16536
11390
46449
22073
21118
20522
35345
36838
36136
32448
35556
26194
11946
44147
13111
37832
13640
34012
45065
898
12003
26542
284
36356
14030
36546
10923
41325
21458
18991
8928
45318
29277
42893
28327
46392
4548
40830
20128
42241
47987
27913
31718
32835
28896
24525
32755
42485
11874
41290
44663
9743
43353
7954
25921
38949
8806
12215
12039
7812
44432
1542
45151
36396
2500
20489
45265
33017
18408
23890
7498
36308
27305
34077
26014
23603
822
25579
49756
8884
28951
41842
1554
20646
32807
40231
44622
44852
5534
2651
5245
8207
19848
1429
18271
3116
19696
43551
28673
8715
17684
36295
34405
1199
2564
2410
18132
6647
8921
14054
9640
40564
25724
48103
24870
24521
43230
6973
4396
18726
39611
18710
38425
47786
8887
20809
6179
33498
46799
25303
33452
45745
8122
447
7080
38300
26725
38727
22830
29142
46003
1548
6621
6271
19976
7439
21028
9729
8239
41263
16761
48913
13146
48321
18868
8659
16969
23397
23184
19046
15250
1797
18504
42136
44305
31358
20508
7203
49066
40834
41673
31586
11270
18113
12183
44201
15932
15477
14536
274
41540
3632
