464
81990
2257
3065
34006
2726
49741
16224
90333
8104
4301
6256
7713
10314
512
3473
2645
9366
4326
3314
1769
7363
10125
5821
10270
4016
3544
2279
5327
1097
316
7102
6298
8051
4143
97792
14675
423
2190
62996
93480
22482
95622
37587
1476
92472
8465
10421
8484
430
3577
61744
10691
571
4752
7433
3204
5163
1889
9175
10607
5301
3300
7340
627
6346
15402
9588
93977
3938
5651
5105
5746
18561
2911
2755
33828
6767
82453
2412
79810
92819
9256
6642
10350
3799
4553
2132
33379
137
10818
3524
1566
1359
6829
1175
66
8281
4567
37082
58408
3213
1111
2677
4289
75482
28823
13031
7166
2967
6399
8834
12622
1092
2890
78013
4110
6516
10753
55585
19865
9912
4935
4540
93027
36051
30299
429
66930
4817
76508
301
6427
71083
4742
56948
3734
19707
3834
2531
9502
5538
2041
66836
83958
3352
754
22688
28278
3675
1677
2345
5444
3700
1136
2035
1363
9391
2550
1913
26555
1624
8004
3248
451
3477
4970
4324
31785
4051
1493
3120
9345
6015
1806
8003
27742
27963
1560
8412
10829
9979
3136
5235
1132
4713
83663
937
4061
6772
5630
7059
1032
2483
1615
453
6754
268
9653
19822
247
3090
5411
2326
792
4112
4334
4920
4003
10211
31413
853
6207
1241
6009
36382
3755
3108
14966
8991
2320
1951
2396
8249
7951
9961
505
88088
4290
10161
7768
6849
5133
75144
9039
45472
2698
1050
37333
307
3428
4244
10564
9820
21793
13928
5030
38146
4786
76432
391
10807
6307
357
5714
1811
7289
4747
9871
3222
99596
38462
3870
112
10450
623
1125
387
3027
4849
95139
3774
5368
3905
1611
2051
88246
7666
3298
26946
3640
40910
4306
5306
4698
2553
2727
4524
9594
10020
3654
8828
5316
9784
10263
14
59368
8169
4227
2359
4381
3270
1925
4388
8389
18417
9485
97644
8138
9868
80694
2339
4048
7223
39578
9634
10308
2750
40645
60111
1836
2681
7183
8397
3007
1979
5837
2400
52688
9427
2202
73451
14977
78554
8902
3543
5656
1540
9798
17005
4571
8918
8034
4471
3741
5776
6856
4353
5022
3390
3218
6566
2829
444
10750
8005
56405
6063
3404
82491
572
5424
88885
46486
51496
80879
4068
12652
7227
34096
2461
4283
9535
5340
86283
82565
243
25415
3707
7462
872
9585
51936
6101
4622
79250
4797
4983
2830
2946
234
1478
71116
31942
6366
4076
4207
17
4121
8666
1816
2372
36161
8292
3017
8555
6874
6728
3048
4520
4573
2067
4508
4393
64374
69760
1424
5366
6577
5158
1216
8817
15973
930
2511
17595
57662
9054
2568
265
2313
4022
7177
2647
5703
2252
8405
1196
1449
2806
3180
65205
5365
2011
2129
4017
2725
7231
6245
2175
9393
14136
5676
74961
25296
96
9793
4523
587
1537
4664
9507
64817
1082
122
4755
950
2778
7761
1768
2934
3914
5189
497
8471
2906
32832
4257
1763
6119
44301
7537
88895
10759
9896
66856
862
77367
856
5035
7136
566
7135
794
1296
10766
75628
3035
2877
1013
190
8229
64912
645
44117
56924
45876
740
6193
2006
47207
79279
3077
1574
2316
9926
6981
745
2775
10772
5428
784
3910
99997
8806
4668
10571
4410
569
2054
1299
84475
3644
263
1683
6726
58321
10847
66869
705
4038
3507
9615
7597
5281
2799
215
603
9748
4484
3753
13492
4863
7662
9411
2900
971
2530
2551
3199
5318
26002
2505
2371
39846
3992
8747
2268
4847
55144
3530
2859
75361
1256
5170
9182
9946
7883
1810
3963
34068
2515
405
1372
26006
8337
7159
8675
679
1700
9106
10226
7315
11
305
5064
7107
18641
80830
10486
6360
34602
494
98277
3723
1153
5141
7138
17887
73265
76024
8694
4881
6515
1134
10302
57602
70004
3703
54558
4239
41664
91854
76946
3250
10574
2834
21577
578
2763
5255
7189
142
1520
5578
7058
1741
57799
5218
79644
4059
7574
84512
3156
5361
2392
7804
6203
7262
3796
31705
3956
1472
2174
3832
6669
9548
89685
4834
7024
10528
1263
1538
3680
10600
7712
52
3211
1846
3155
7609
4304
10277
6513
3651
1655
1648
640
9071
55146
80338
7613
54574
9073
75505
4739
5125
4186
9623
1034
2323
75058
5467
8268
3899
3169
1532
56813
6192
2662
1336
4544
2419
3340
8161
34043
7481
5169
767
1479
1308
7069
1338
11983
47377
3075
3265
80114
88083
6542
3765
5095
3394
6824
634
18313
19661
1749
1620
4473
7387
1307
10467
10315
95038
1643
6949
10017
6357
10684
554
244
8022
5931
4751
166
2405
5036
4593
51838
2653
99995
2901
3826
1129
8761
2969
7419
1232
2068
1917
2071
9147
969
3368
4129
2209
832
3788
5956
6833
3901
667
650
83047
2666
2916
982
4507
599
4534
65670
6528
4308
8244
9190
314
9283
3953
4569
2786
4659
919
1722
746
5042
5698
3517
66900
805
90483
2902
3852
801
3883
8860
9707
2
6234
25562
2665
4449
545
2042
8143
83428
5997
5025
6661
1021
5089
1546
38567
4600
3325
49775
2793
445
8856
673
8243
854
12517
78485
3560
3236
685
59917
4773
3111
2024
6106
37909
2489
10199
9714
2462
973
35848
2145
5086
1963
2949
4683
2053
3895
8935
74698
1350
13754
10358
93128
1536
2885
6407
5894
75767
5831
1972
3104
6236
10003
2086
4493
4980
88763
435
57422
1283
3429
6390
37306
9208
7936
4314
3678
976
5671
4201
4406
7374
4803
4815
1658
6520
90158
1172
3858
63
2690
97380
3360
93
35402
5332
52459
3393
1390
5258
97984
557
7756
2920
1841
5070
98161
3961
9752
992
3708
8854
33467
6852
9933
1906
8507
2143
170
7275
7332
8078
10097
45448
58766
9488
7215
56903
81421
62267
3091
2976
5342
97774
4320
5270
2700
1732
72733
96233
1100
10506
8762
3460
3255
89429
61656
36917
2363
8259
426
3944
3468
1165
5099
2876
49461
1961
97361
9595
2592
27248
83662
6114
82904
4130
23805
10747
1418
3492
8387
4695
160
666
29186
4925
59
2509
79183
2282
10786
4083
7539
2459
1791
727
27077
9360
8196
5048
7112
1698
46004
73413
1880
68705
7508
7144
4204
2497
132
91289
1570
80965
7810
7603
7083
8386
6005
4132
33243
5049
9754
7484
3537
3055
24359
10059
8723
1094
93112
5373
9822
8343
2450
3280
2701
1948
5019
36303
1549
56679
6436
904
3123
71844
34621
7072
1939
1007
986
3157
127
1317
12065
3568
16893
5732
3615
14567
10635
1254
10397
332
4927
41973
1293
9587
3874
81642
3425
3099
3828
755
5310
4181
68309
89719
8360
47125
9193
3232
6478
51736
810
40446
2169
53963
2836
9343
99
5003
2454
28386
9223
5278
2646
74
4191
15
2819
10732
747
5994
66098
37009
10089
6424
6335
8431
72001
49234
45704
54188
4045
6003
1729
1446
69735
4162
7444
3109
8124
4065
5443
4699
10177
46055
1952
4099
5338
3801
9117
6131
4407
2607
2189
64803
2744
9684
1639
32682
39380
1345
4969
2742
7886
9893
68820
3803
9242
325
1679
4278
1450
379
2269
2406
8464
4911
2325
3500
72911
4813
4409
5887
89233
91947
47774
1181
2548
7791
2368
4346
1596
38
7764
4285
4127
20650
7789
59547
2431
9307
48997
24071
49974
1719
2233
10999
51373
473
10224
10234
6997
1240
55533
2857
32
4350
5959
9332
6771
1780
5065
67313
2639
84858
56687
6846
85995
86233
5173
7390
88471
3022
4197
870
4253
48518
16929
55456
82858
73776
62657
8109
70306
6380
4357
35050
12128
3291
5851
7564
36275
50
7528
336
10721
13160
56761
41487
72173
4735
7689
10794
2870
10520
3545
87304
4749
10281
2170
42112
9563
5611
1269
1411
7840
6306
6532
2797
2223
4149
1625
2355
1597
62505
3596
7167
7176
2602
3306
25384
41599
5690
1193
56432
29104
6773
9943
8378
3896
6883
37
8350
27171
1029
389
4577
3817
80474
89314
10836
15745
158
2823
34341
10790
9134
85170
96587
1986
3515
5153
12819
8859
561
1858
4139
7968
3333
5597
1727
7212
5892
2591
1794
74113
60658
9062
7234
8233
8335
911
43491
4526
4438
40636
3254
2766
978
2117
903
3791
4311
3367
5237
6428
25288
63292
3070
19916
6731
4474
42645
3024
482
10624
76454
10679
71817
4057
18556
5417
2980
4115
3063
4412
54527
8406
54605
6831
23848
10409
3292
54
2917
79814
4005
82471
9416
4154
1820
5728
8715
66418
880
2670
1667
385
4993
1756
36039
1439
297
5012
2018
1622
7345
10473
55602
1893
31617
1711
10779
614
21033
8098
95378
3161
76020
4958
1673
2814
7534
3848
5178
74532
1558
6663
2047
1030
6384
7378
9241
2864
3758
10009
10827
2970
3949
1191
9462
7706
2038
374
52335
4919
1279
8604
3763
103
4180
2498
71275
2554
8310
10088
7448
4704
8924
3943
4555
10596
7896
5912
6000
4674
2040
717
26097
10516
60108
86805
8121
6205
10514
61848
1947
7366
4943
99191
31959
10063
43752
58723
4605
892
1041
8142
8606
1410
2606
42763
3391
53549
73638
3152
2361
4568
1463
36464
2364
3694
58568
4080
4712
6252
93362
159
4750
6699
2919
3830
8995
90190
135
9315
8777
5756
816
2112
7175
51083
8193
1016
10646
2464
456
9764
81208
45560
85808
76884
4519
10007
8182
99994
2387
3485
5324
7910
329
3216
3602
4403
415
4034
9028
124
1988
71044
312
6341
4377
1556
4333
2925
5300
284
3878
34872
7519
6422
43064
7871
51367
84566
343
4828
1534
6382
20979
88437
5113
10084
2447
5431
250
15269
2259
10076
1650
10784
9103
99543
9930
5517
4733
6536
8045
1619
1767
66867
97515
949
2629
345
2991
3748
2500
29323
10618
148
2167
2964
4404
3562
34897
4959
704
29049
1977
2427
2127
496
7351
10589
2383
3768
8662
3189
6294
40458
4584
7441
89866
2623
3548
4939
3539
5297
6452
4339
1333
2931
2545
3538
4951
8540
2385
479
6273
41626
1250
8467
6904
2513
2328
10225
57565
3183
5148
958
2990
15243
6868
10305
6045
52712
6897
70692
5085
7113
3554
3217
3414
27780
6943
2098
1513
450
3461
3565
3118
49281
7788
4990
6048
17714
9970
8516
823
23743
2336
70283
90124
54816
2306
4361
91448
4391
6845
91987
7264
5107
2305
73749
7548
125
89832
5362
51294
10311
2019
85675
26827
865
948
212
4336
155
2848
3888
2566
8007
10257
3410
7755
3839
4066
6552
9659
8019
81002
636
34391
2809
7958
2353
3244
275
5075
4588
9776
67918
84822
5905
8346
78437
9995
4730
35411
5400
4224
3044
47478
4426
2739
6937
4415
147
6667
93623
34319
944
69012
2062
54215
8684
2156
354
487
10804
9282
638
10347
99162
4760
10392
5412
10846
9024
1281
5990
83106
59564
2733
8183
83764
5530
1487
55767
52343
537
3951
2953
660
10068
10367
10185
5328
7447
9457
98959
1217
91601
79037
3948
5261
20516
32372
3570
56305
3006
2124
8643
40399
3991
5291
1457
66096
10678
4512
7250
2617
3366
335
71112
3908
4158
17654
4176
8874
1714
3688
3116
1271
10472
8287
3686
4225
19533
1285
274
7257
2538
7005
8636
49111
5503
2575
84570
78492
7882
83017
10231
5569
7972
2523
3728
5592
1321
7708
38703
8518
5231
56840
2603
8886
140
2402
2543
5232
2559
57470
4848
11003
30309
72887
3082
60101
76
81770
4637
17287
46858
5421
92099
84700
2679
2196
997
5219
763
96919
2452
4454
9331
1823
3418
7811
8290
76376
98148
1286
1203
89323
63575
5966
64234
3140
4538
1147
2624
4726
79965
7642
4649
30494
8639
5032
4886
61786
25738
3412
2277
10440
10395
5305
2165
56660
4429
49024
84216
33327
8712
6264
10175
1490
4646
96303
1362
3289
29795
8072
5980
5226
83113
9323
10202
1400
2445
369
1282
3282
419
2850
1305
5136
4806
10171
9801
2403
94923
1786
4196
4545
3083
42303
1220
7179
3632
688
78672
3889
93650
925
4298
1078
57595
772
625
68377
859
30428
7721
5339
4946
4374
9183
6497
62328
10683
4914
24303
4570
1614
28509
89590
12538
4986
60938
59016
1931
61917
4679
8306
8858
4383
3693
18411
9737
8686
84234
14274
8821
9328
59281
9399
2632
3509
1385
2172
8295
31772
6619
10158
7504
69473
1746
6685
26193
5475
1968
5583
5701
38872
4581
10306
549
6970
2715
9886
2045
2892
14637
81612
7216
7545
836
5535
1936
2522
8515
8194
1845
7668
126
2989
1460
15016
66825
26167
10644
6539
1531
1935
3147
593
6603
536
97519
41730
847
7937
2179
1773
2113
8905
3138
77843
2583
87095
9932
47408
7571
6210
4518
3600
37887
4364
41853
76825
87727
8602
19773
5555
6703
3028
82436
4601
53393
1148
9712
16162
5477
1098
1427
8010
1497
89793
95282
51615
81231
5511
2373
18857
8216
55957
641
6432
1440
92802
797
40493
9370
341
1190
1757
4088
3345
78531
9070
2988
38631
3441
145
1252
1607
410
8265
5879
1918
9146
83132
1682
4725
9230
4013
1980
4609
317
2414
69890
3822
6389
40018
10107
1762
9612
42702
2783
9928
5282
3001
6924
8932
3369
100
20908
59178
96697
8754
3744
376
568
396
43872
6821
76652
84383
35800
5694
89377
5794
83295
2000
683
2409
58105
12801
9478
1117
179
2212
851
1404
18704
2712
28816
60115
5591
85218
1441
157
76642
6202
57895
1053
3540
80783
10072
4300
10645
1192
8559
64092
3489
466
37368
756
5168
5858
45434
2862
1265
7671
10363
8588
9921
6902
5307
33418
3455
99047
6199
41268
54100
35330
207
4621
36886
6469
3446
4160
95498
9309
38109
2526
7344
68569
8120
37088
79391
9001
760
6724
1408
2010
7602
6903
1461
2794
741
3983
4900
3653
4469
6361
2294
849
58822
98536
11475
446
3804
51513
6368
7946
77
7854
2728
47760
89537
1195
9495
9809
2147
52158
8855
9641
68747
3725
4179
5850
69279
7551
78937
3141
93402
2787
45470
5410
7999
8628
36265
1946
490
8179
12990
6760
46122
62964
5827
2682
80369
4899
6945
9425
9938
68632
3979
4669
1785
8709
3695
282
3920
4497
6894
2260
615
91620
5864
10730
65366
9876
12206
3336
3452
1142
37654
10434
6933
3263
63451
3144
75416
3359
9150
39000
7404
199
1776
10466
9312
4617
3857
3053
49
10455
2767
6689
8021
6589
4178
16764
2162
9628
25081
4086
1046
41533
78697
3821
8473
86997
500
2867
40255
4840
1808
2023
5062
27804
2781
5092
5762
10545
8603
5101
3665
5266
8590
281
7648
59628
7398
8375
362
10674
4079
4460
2703
1468
1848
5674
3726
2026
4120
5358
66726
2837
4378
3188
7927
111
5138
40257
2652
5084
2351
4580
50093
92060
7631
4957
540
8238
3372
5023
3785
64565
3313
5476
93151
2056
11772
10494
44912
4723
8890
9621
5601
10201
3809
38227
4635
6266
4511
10728
10237
2731
1872
28503
631
8352
1395
90771
9408
8601
33573
9371
3598
4450
73097
79864
5020
3506
50856
6476
6204
68504
3068
1177
62347
8485
817
4423
44173
51217
1253
5284
10757
5001
3419
3433
3112
8795
29940
92321
43505
6487
27834
56177
9365
73785
76230
1535
8774
6985
320
3648
411
32279
7033
80899
49084
22285
51293
4687
912
73520
5102
3806
5996
4731
77164
3495
6466
6751
3098
2411
35572
4031
4985
31866
31
4496
3436
43605
3572
7314
1828
5567
41
73237
4720
10213
4118
1587
4371
56302
84
1161
7122
49030
1970
3203
9219
4123
25222
6808
25740
99332
4727
22750
8885
71620
83348
2030
2369
5992
942
682
4307
240
3173
4094
9461
9281
808
5534
8167
10686
2227
3434
47
3247
41725
8554
5183
10585
4209
730
7787
4896
8705
2780
7445
40443
10598
5225
6395
542
3158
2615
5336
8808
3820
788
7614
4799
2366
4590
1553
7271
31969
58258
5350
1826
5098
9614
13628
56170
483
2771
3872
77392
5014
36271
9894
9639
85347
7313
3049
67497
3011
10399
2960
94124
36694
515
91
3976
2518
1245
3074
9740
9454
2827
6112
6598
93558
6853
5635
5073
10537
10091
81686
2381
36772
2266
2882
255
4299
1678
6007
10316
47208
1433
2357
8031
9044
97852
93432
98272
1429
11001
7850
4161
1392
3052
4399
8622
1701
5481
5599
66604
4516
2284
66395
70106
8132
5018
7157
1805
4501
9694
8841
286
4211
98079
3626
2275
5253
1876
3921
6337
9945
47287
1788
7754
73750
4785
73900
2173
43901
57943
3616
6633
4216
1652
94731
10813
6857
8888
75253
8325
1637
2759
4509
8218
4703
10345
86342
2855
3534
25062
2398
4442
2245
16637
59881
10631
90553
8170
6168
6884
4448
3488
9762
440
3769
10709
51006
657
61038
28124
33000
33945
5733
6215
42070
4890
6610
73650
39266
319
1827
9971
19805
37971
4047
5010
6201
2374
58589
41866
58517
2365
3085
1378
5117
1278
36094
5849
39434
5805
4671
6460
1135
35401
5724
45693
4430
9033
52297
2043
4238
49258
6634
2722
251
6867
10116
9958
15069
11311
181
9440
54921
7311
10156
62067
71998
62170
774
5791
23
6092
91572
97632
8433
5921
850
3241
3226
2784
4152
87394
4689
6887
9442
2782
977
9313
3487
23222
692
3094
5379
2360
4073
4172
89249
2868
2430
31085
416
40276
2123
49839
4195
1095
85440
3864
62438
5236
8527
1851
9387
8396
4106
7368
70238
5395
1904
151
3535
4736
4405
54572
256
10414
10806
56108
10722
7326
4103
216
24781
4839
607
5740
4081
9794
6538
2650
2063
28911
3643
37124
2572
68137
1839
58075
2790
4273
6775
8542
8864
79996
2293
35604
79845
59811
3954
39336
2243
8131
2702
867
8498
92641
24932
3097
9064
1626
647
8247
7079
6194
1414
2087
5595
10309
630
2831
8640
6412
53091
25564
4175
4457
6060
283
1527
3469
6637
80927
8156
4157
43923
6938
8796
10588
7509
10030
49792
3702
996
3178
3512
4432
3550
5692
2609
6692
39296
595
1168
9038
8275
2095
2183
7379
1229
91305
6994
96363
8868
10430
8438
92293
9436
1943
6402
1401
1438
98618
6396
6342
66857
67304
3732
2270
9547
895
7939
43276
27278
12010
1435
35101
43229
8322
7864
4164
7330
2317
5118
7843
23116
54908
4387
95332
8717
2597
1387
16045
1075
10142
2163
1202
3479
4214
811
10240
8819
9753
7070
17648
42463
7025
54459
5847
608
53
1244
633
5302
7584
5197
54634
4242
2332
10280
12348
734
4546
8176
6595
96265
375
91136
7709
50506
7235
616
41237
10004
3879
10710
18557
5455
92296
994
1600
3793
3637
10404
4539
3484
1582
2655
21320
10641
9919
20733
10322
10139
4416
5355
5869
8331
5037
1141
44444
49133
5761
1471
7701
60750
25290
4205
8475
96157
91781
6230
90807
2492
3037
5408
21896
3130
698
2898
3810
1268
5551
9584
7098
16562
5382
668
60206
6944
10655
3566
4062
643
8530
1337
47905
1781
3676
8441
34173
4556
2287
4206
7832
4483
4037
7891
8446
9972
2688
4745
3625
2961
85959
6847
7801
8063
3750
6278
5660
2349
3310
16108
58556
93814
38115
1087
72436
897
2391
2537
5863
1207
75735
9224
10459
9406
2720
1887
18276
9159
23102
89809
4198
475
582
7966
6723
91554
5200
7101
926
9110
2618
8419
752
1494
75710
57002
1592
74890
47117
9811
13390
3086
92159
10157
14252
2752
5839
43768
4513
28451
1509
8583
7604
2841
20274
118
20307
6445
90309
10300
6959
4549
38372
2417
2072
3860
875
53712
40739
44399
7482
39860
4644
35226
65
96649
19556
2249
46202
1742
17366
3802
2074
6367
2963
33217
1930
9139
6827
1895
83568
6333
1458
68274
1821
8398
380
8786
96117
5447
9058
59613
10235
9206
6657
7195
1104
51832
4587
16389
2258
64008
12442
1368
2482
2343
14260
14288
57248
97
1369
9041
3311
3020
28
2344
3663
8674
6832
5013
97646
5886
946
261
8029
5932
6083
9665
96083
91552
1491
45714
7928
1859
5290
47967
5525
3482
9089
48778
576
2118
56596
1048
4977
6615
17095
42334
3003
26368
3264
8736
28380
2491
96039
46913
366
84297
4531
2224
7226
5402
7397
1019
72505
58
8420
1022
1517
1259
3913
1316
96546
6393
8704
37016
6875
29053
1270
171
64485
9690
1675
10491
8690
5458
655
3381
6559
2851
82468
1277
2109
4317
670
5043
48879
86191
5240
98205
686
3727
22280
1760
23588
10706
4029
1335
1777
9525
881
9378
85547
10789
8384
8700
9403
5072
1572
3026
8483
8616
3239
543
2974
9566
2446
4035
10575
3079
96337
5844
25886
57812
59693
3148
34454
2671
3351
5114
57389
10149
259
96404
9486
64695
1006
3181
4665
9326
4804
313
825
1151
2756
4362
3172
8944
79985
4020
5160
2774
87900
5653
10012
5967
87168
99815
91166
7114
10833
9671
344
2205
3361
23497
3046
3451
4625
5171
3713
46736
19151
4236
1966
671
10693
6104
38835
9026
66419
2810
69914
45533
8166
3041
3656
10327
4503
5836
838
10210
10675
2596
68054
8226
10337
26859
3364
3296
4119
573
4064
7676
3977
30894
8883
10625
5406
2561
76477
89904
15621
96273
55043
463
10558
9685
4978
1367
3285
5130
9311
1297
6654
2424
3115
1869
4441
2582
3059
3588
16
2808
4619
4778
3127
1751
46199
40740
8750
89611
24008
69761
4706
9636
97390
75195
4640
87546
3341
3110
22386
4562
44274
934
1539
94367
2304
539
24435
3225
10304
3355
4155
10451
3054
35985
6567
3304
393
4348
1054
5112
25807
5738
5397
2114
1784
3287
5669
67085
91303
7060
8925
1740
46928
8130
43302
1568
17962
16328
6697
9559
8568
18
10028
48864
8134
3174
5972
31717
89116
54599
3623
2678
4027
13162
67347
2546
48326
5224
83879
85067
59376
519
62567
1052
1318
44981
2348
41617
4696
2453
84341
3812
9474
1014
81663
85
8093
8848
55881
5252
1569
8872
6129
90606
88585
1868
93821
956
3096
4876
25284
2947
10131
5898
3305
10602
62004
706
5214
5710
10524
7026
150
15725
65667
8699
87860
77657
54604
7128
8333
11194
7623
6403
2139
25891
8658
5271
53373
8714
49053
79096
3730
5414
8442
29926
448
96870
6465
1163
3175
89426
72046
2768
51806
67733
7825
3505
6155
19023
7109
2616
1666
5727
1380
77495
66682
5045
9993
25663
25682
10357
31974
7184
1926
86998
9522
5916
4765
5325
5812
73302
3527
9358
24046
1284
6076
1506
5922
15056
278
5381
7476
2922
9447
4111
28248
77204
80974
8534
87167
5884
4694
73349
3645
3646
7677
4279
3038
98969
9262
9325
23080
10538
1323
3549
2267
33168
3377
6929
8266
8046
67750
4948
1674
29220
7693
1929
36062
6302
34528
38817
5985
3964
2220
7019
3275
9692
25868
6349
4113
40057
229
78519
58795
176
4284
9987
56345
6025
7540
98833
4807
712
7629
1483
9267
1815
29832
4385
19265
11451
10633
1670
27339
51619
10692
1325
8444
8596
99288
8781
1304
30951
42466
89344
19858
1026
30082
1356
3165
49360
1610
62792
4564
114
4418
90463
10005
2501
6823
4937
4673
95454
1062
2103
2928
10036
9956
1417
2621
2907
9523
8815
4830
918
3288
2135
2694
46129
85566
93488
6735
11607
1898
43574
1721
41994
3335
9418
29517
4728
62285
93592
2480
720
4955
49225
10745
6766
10372
1197
6888
9967
3252
4541
4075
9112
74167
32205
609
3942
221
89916
10664
6499
70630
11956
12417
3229
3102
8599
404
3442
2695
21698
9791
6918
20881
7807
12330
5649
51649
27064
46818
2337
8582
4332
525
30099
4685
7991
5799
17919
8960
7824
4960
6125
5659
33962
1221
9145
1771
6644
4855
23981
400
5705
4994
3982
7056
90527
9543
4612
882
761
9288
97986
89289
2517
35323
7053
3142
6980
4784
22635
27582
9536
7730
31796
1005
77408
7652
9954
4428
39569
7361
26084
9570
6170
10816
5453
8044
905
4021
10666
55625
9832
5426
2811
10174
5055
1973
5828
7045
2847
5420
29427
10536
10762
9432
31285
97112
5179
1189
19127
61581
1126
95020
9721
29582
4861
10475
5268
8979
9529
3114
10726
4212
9274
9232
85742
10187
54450
7115
1391
210
5040
7350
2211
9699
5047
3334
10275
8136
4137
2849
10292
48278
4217
3712
6211
2214
586
25285
501
4702
54439
3440
1864
4989
9780
80046
4576
68419
91958
12951
3790
9469
6490
6569
2161
7816
63380
8578
73702
5461
10562
3246
5203
5675
1143
4995
29665
6352
6891
79374
1079
97061
7976
60430
4796
2770
177
1695
153
514
3437
1360
27007
24762
77129
4414
3256
10134
4369
4467
84769
3019
83763
93384
70382
7246
4887
6370
74618
5188
50394
54714
87
4372
1443
39644
2878
10763
1890
252
8873
2235
7954
565
23041
3089
41825
4368
8411
758
93439
4636
1169
5433
4515
4220
29080
4984
368
59708
81426
6310
58167
10521
1246
386
2312
10207
4046
7514
5201
39018
1174
62109
78404
25840
84612
68930
79964
81135
2149
8033
82742
9890
93721
6947
3997
5824
6470
5814
16023
26984
1522
8262
56865
9539
41560
67074
20750
9304
16069
9949
3504
4594
1109
6150
14103
6488
6664
2839
1703
2631
87287
8545
2570
15012
611
77927
5273
296
5948
5392
107
5707
7919
98997
2791
7295
8008
2661
99018
2954
4757
1072
4327
7029
4827
8783
1629
1758
18027
4359
4241
6859
54740
9985
799
4019
5641
9810
3294
3073
69840
3928
82778
2120
3918
33060
86549
7745
7068
45788
9019
47837
4148
5687
144
7964
1647
81828
1474
6686
8070
5215
93397
5309
795
7252
58599
69375
4479
12279
1295
2340
10386
6711
4574
5872
3411
793
8751
7497
6008
22925
1266
8085
2469
8982
548
437
2748
226
5419
6540
2301
4200
39359
3662
53065
1139
29622
93304
119
3080
14052
3166
19927
33248
10055
5150
9135
94460
8792
3056
9704
1059
4302
1199
5147
3887
9040
42686
25021
9635
4558
1403
2614
5247
10687
26965
35941
1853
7214
5871
3668
271
2942
7796
3611
9136
3856
49052
59562
53457
612
3354
8313
8548
59014
83189
4530
6544
38323
39219
1128
1528
76719
8986
1218
914
1911
7553
2077
4654
10632
66666
4768
520
57928
4425
8468
4380
3036
39344
5027
662
10274
1561
8351
45460
1223
74958
40877
9490
1656
779
9060
1923
61574
73939
7316
7994
10384
3838
8936
4004
32492
10507
9441
23337
4183
4783
4763
51387
7784
4208
48557
99993
3274
7869
3371
10995
48258
2638
6344
3573
812
95013
5326
11533
91750
67774
8245
97558
75187
1798
5808
9293
532
44809
89283
62609
3576
231
65703
4269
19329
4163
4966
57
2448
2171
5448
2732
7013
3516
583
10366
42893
10842
62761
25387
5811
75449
62540
7437
9663
67188
26066
1489
10764
8117
44470
6906
8550
8981
5430
52356
9470
6229
51556
85718
30840
947
4228
7876
92325
4875
5334
15430
6850
4297
26032
10454
6955
10265
23096
8318
5523
3825
8319
9850
20537
1347
7819
51560
4267
6953
4678
4036
10823
7174
4575
1557
3641
2792
13048
2009
2613
99989
10522
34730
10652
7293
5652
42162
67473
8391
65259
5222
9334
8215
29396
1257
36937
9453
6662
699
7221
2818
1230
8778
3775
1884
3396
16445
10034
6587
22388
7554
14891
1431
72471
24859
584
2758
8595
3877
702
77968
45325
431
28757
2660
2401
23870
1604
71386
4844
4006
63356
10344
99988
63181
93596
2106
66312
10661
3472
4744
4879
9654
193
1919
3303
392
9238
64312
80493
5896
9338
8916
4
618
3227
5699
35883
76141
5949
9655
4527
73125
51128
5333
73360
8020
4962
10113
57970
3308
76700
550
31993
8853
39104
97793
21696
789
79805
11771
4347
7451
7765
4589
6640
3129
4309
7466
13379
8652
67465
3039
187
6486
37791
1379
2738
629
562
78945
64246
72914
9097
4854
7786
8207
3683
7963
7934
2828
60548
10286
9154
8812
6794
6334
2802
8625
6385
378
10190
7320
8113
3884
3569
47682
42
25641
9116
70828
8056
2869
8221
27447
3926
5151
9944
535
97716
9807
2576
2136
6871
8026
61578
6233
27981
51919
1875
1247
2044
51461
9834
4109
4502
88004
3045
5765
7150
2736
6375
9047
1985
3941
1361
684
5742
39908
975
4436
43052
47850
9789
1430
5259
46248
8537
4133
70549
9156
7833
10126
99008
19006
3520
9029
1863
2188
52730
8851
5260
983
34848
60649
10637
4366
3579
327
3556
4862
56816
5682
5057
55241
736
6922
2331
5079
7369
6784
10503
76778
10639
6117
1484
589
6530
8807
3453
38823
6447
6391
5061
3267
8002
3163
438
88103
9099
42902
10638
5187
457
3797
8323
10592
5011
94584
1300
7766
7940
10556
3972
10194
66144
2231
62922
46727
10677
3420
1085
33905
10754
57826
6006
4754
6882
83654
24851
8246
1349
8941
2957
55762
9131
1273
19890
9077
1857
9680
18493
6081
8793
81758
8917
44747
2746
3958
1992
9295
715
58299
1364
96155
3532
9837
7191
12029
2217
1313
1983
2813
4788
7416
83679
3945
1381
225
3819
5176
3423
1133
30010
798
9600
3478
8843
89515
46634
3699
66932
9638
3691
7169
1870
8011
32282
13700
9452
302
26766
42540
3209
37527
84452
4325
1914
28493
6636
2719
1464
76189
71468
18470
83832
12256
4631
45518
38971
54544
2111
87145
1725
71554
83978
4482
9948
4620
8073
3150
783
776
30820
3930
99433
10042
9974
69358
2300
10511
10781
649
4888
384
9534
3717
5097
840
3551
37450
65587
659
4247
3153
43785
99999
9415
50459
7356
11053
91273
82888
10798
33944
47500
10484
941
1817
10295
687
78427
5076
1344
10767
20899
3031
1239
23249
2536
8326
95
1327
8845
69326
5960
8417
6458
2586
28897
84223
605
1645
18577
79161
9835
5713
10895
273
852
3490
66750
9716
4651
8670
6776
6864
5134
860
5755
71002
8551
7290
204
8957
13713
45577
7278
71427
6495
9
36988
239
5769
4024
93578
5440
214
7076
1928
775
10481
3975
3835
82702
2896
81233
2627
38729
8416
32570
5315
1818
2463
56915
813
15150
5287
9201
3564
2442
90279
1352
3514
3154
39638
4092
6717
14856
11464
24
59193
8403
4756
1932
9002
22749
5230
10320
10681
69649
88798
29365
38135
4822
10349
19103
2008
6067
52516
2457
1908
55089
2881
9755
22332
21216
10595
96353
9007
3893
6327
92348
86202
69750
31992
7240
46034
9137
43081
2479
64
13534
485
1905
23465
3283
9086
55669
14428
8630
2648
9081
5646
5793
7165
1237
24176
3962
1201
3000
94976
53552
68366
81240
5212
5248
7815
73460
4638
4146
1183
7473
6607
75551
46230
69369
57744
82
4492
28192
6421
2496
2711
2271
2812
38925
3754
6464
2983
11527
3882
33592
40052
5177
9854
10100
762
9344
10398
2195
64807
34487
253
13349
2154
70051
