70 175 25.11 overweight
68 105 15.97 underweight
63 110 19.49 normal
60 130 25.39 overweight
65 130 21.63 normal
68 115 17.49 underweight
66 120 19.37 normal
61 170 32.12 obese
72 125 16.95 underweight
64 135 23.17 normal
70 140 20.09 normal
68 145 22.05 normal
72 175 23.73 normal
66 100 16.14 underweight
60 105 20.51 normal
70 110 15.78 underweight
62 115 21.03 normal
60 120 23.44 normal
66 125 20.18 normal
70 135 19.37 normal
64 140 24.03 normal
60 145 28.32 overweight
66 150 24.21 normal
62 155 28.35 overweight
70 160 22.96 normal
64 165 28.32 overweight
72 130 17.63 underweight
72 135 18.31 underweight
72 140 18.99 normal
66 145 23.40 normal
68 150 22.81 normal
70 155 22.24 normal
72 160 21.70 normal
72 165 22.38 normal
70 170 24.39 normal
72 175 23.73 normal
64 180 30.90 obese
64 185 31.75 obese
70 190 27.26 overweight
70 195 27.98 overweight
70 200 28.70 overweight
60 205 40.04 obese
62 210 38.41 obese
62 215 39.32 obese
44 total students surveyed
15.91% underweight
52.27% normal
18.18% overweight
13.64% obese
