******
******
**  **
******
******

aaaaaaa
aaaaaaa	
aa   aa
aa   aa
aa   aa
aa   aa
aa   aa
aaaaaaa
aaaaaaa

%%%%%%%%%%%%%%%%%%%
%%%%%%%%%%%%%%%%%%%
%%               %%
%%               %%
%%               %%
%%               %%
%%               %%
%%               %%
%%               %%
%%               %%
%%               %%
%%               %%
%%               %%
%%               %%
%%               %%
%%               %%
%%               %%
%%%%%%%%%%%%%%%%%%%
%%%%%%%%%%%%%%%%%%%

^^^^^
^^^^^
^^ ^^
^^ ^^
^^^^^
^^^^^

&&&&&&&&&&
&&&&&&&&&&
&&      &&
&&      &&
&&      &&
&&      &&
&&      &&
&&      &&
&&&&&&&&&&
&&&&&&&&&&
