IIR  LII
II RL II
II LR II
IIL  RII
II    II

IXIR        LIXI
IXI R      L IXI
IXI  R    L  IXI
IXI   R  L   IXI
IXI    RL    IXI
IXI    LR    IXI
IXI   L  R   IXI
IXI  L    R  IXI

IR   LI
I R L I
I  S  I
I L R I
IL   RI
I     I

IR    LI
I R  L I
I  RL  I
I  LR  I
I L  R I
IL    RI

IXXIR     LIXXI
IXXI R   L IXXI
IXXI  R L  IXXI
IXXI   S   IXXI

IIR LII
II S II
IIL RII

IIR    LII
II R  L II
II  RL  II
II  LR  II

IXIR   LIXI
IXI R L IXI
IXI  S  IXI

IXXIR LIXXI
IXXI S IXXI
IXXIL RIXXI
IXXI   IXXI
IXXI   IXXI

IXXIR   LIXXI
IXXI R L IXXI
IXXI  S  IXXI
IXXI L R IXXI
IXXIL   RIXXI

IXXXISIXXXI
IXXXI IXXXI
IXXXI IXXXI

IXXIR  LIXXI
IXXI RL IXXI
IXXI LR IXXI
IXXIL  RIXXI

IR   LI
I R L I
I  S  I
I L R I
IL   RI

IIR      LII
II R    L II
II  R  L  II
II   RL   II
II   LR   II
II  L  R  II
