black-kitty blue-kitty orange-kitty
black-kitty blue-kitty white-kitty
black-kitty orange-kitty white-kitty
blue-kitty orange-kitty white-kitty

clarissa fluffy harley lucy maya mojo reena scarecrow simba tiger

carno ethel-cat
carno paintjob
carno reinma
carno spot
carno venmo
ethel-cat paintjob
ethel-cat reinma
ethel-cat spot
ethel-cat venmo
paintjob reinma
paintjob spot
paintjob venmo
reinma spot
reinma venmo
spot venmo

austin carina daley doc jazz
austin carina daley doc sneezy
austin carina daley doc squirrel
austin carina daley doc suzy
austin carina daley jazz sneezy
austin carina daley jazz squirrel
austin carina daley jazz suzy
austin carina daley sneezy squirrel
austin carina daley sneezy suzy
austin carina daley squirrel suzy
austin carina doc jazz sneezy
austin carina doc jazz squirrel
austin carina doc jazz suzy
austin carina doc sneezy squirrel
austin carina doc sneezy suzy
austin carina doc squirrel suzy
austin carina jazz sneezy squirrel
austin carina jazz sneezy suzy
austin carina jazz squirrel suzy
austin carina sneezy squirrel suzy
austin daley doc jazz sneezy
austin daley doc jazz squirrel
austin daley doc jazz suzy
austin daley doc sneezy squirrel
austin daley doc sneezy suzy
austin daley doc squirrel suzy
austin daley jazz sneezy squirrel
austin daley jazz sneezy suzy
austin daley jazz squirrel suzy
austin daley sneezy squirrel suzy
austin doc jazz sneezy squirrel
austin doc jazz sneezy suzy
austin doc jazz squirrel suzy
austin doc sneezy squirrel suzy
austin jazz sneezy squirrel suzy
carina daley doc jazz sneezy
carina daley doc jazz squirrel
carina daley doc jazz suzy
carina daley doc sneezy squirrel
carina daley doc sneezy suzy
carina daley doc squirrel suzy
carina daley jazz sneezy squirrel
carina daley jazz sneezy suzy
carina daley jazz squirrel suzy
carina daley sneezy squirrel suzy
carina doc jazz sneezy squirrel
carina doc jazz sneezy suzy
carina doc jazz squirrel suzy
carina doc sneezy squirrel suzy
carina jazz sneezy squirrel suzy
daley doc jazz sneezy squirrel
daley doc jazz sneezy suzy
daley doc jazz squirrel suzy
daley doc sneezy squirrel suzy
daley jazz sneezy squirrel suzy
doc jazz sneezy squirrel suzy

a

a
b

a
b
c
d
e
f

a b c

w x y
w x z
w y z
x y z

a b c d e
a b c d f
a b c d g
a b c e f
a b c e g
a b c f g
a b d e f
a b d e g
a b d f g
a b e f g
a c d e f
a c d e g
a c d f g
a c e f g
a d e f g
b c d e f
b c d e g
b c d f g
b c e f g
b d e f g
c d e f g

a b c d e f g h
a b c d e f g i
a b c d e f g j
a b c d e f h i
a b c d e f h j
a b c d e f i j
a b c d e g h i
a b c d e g h j
a b c d e g i j
a b c d e h i j
a b c d f g h i
a b c d f g h j
a b c d f g i j
a b c d f h i j
a b c d g h i j
a b c e f g h i
a b c e f g h j
a b c e f g i j
a b c e f h i j
a b c e g h i j
a b c f g h i j
a b d e f g h i
a b d e f g h j
a b d e f g i j
a b d e f h i j
a b d e g h i j
a b d f g h i j
a b e f g h i j
a c d e f g h i
a c d e f g h j
a c d e f g i j
a c d e f h i j
a c d e g h i j
a c d f g h i j
a c e f g h i j
a d e f g h i j
b c d e f g h i
b c d e f g h j
b c d e f g i j
b c d e f h i j
b c d e g h i j
b c d f g h i j
b c e f g h i j
b d e f g h i j
c d e f g h i j
